000 (10042642.000.000) 08/09 16:17:27 Job submitted from host: <10.5.0.46:9618?addrs=10.5.0.46-9618&noUDP&sock=2497_a07a_3>
...
001 (10042642.000.000) 08/09 16:17:51 Job executing on host: <10.5.214.36:9618?addrs=10.5.214.36-9618+[--1]-9618&noUDP&sock=2546_ec36_3>
...
006 (10042642.000.000) 08/09 16:18:00 Image size of job updated: 11828
	8  -  MemoryUsage of job (MB)
	7484  -  ResidentSetSize of job (KB)
...
006 (10042642.000.000) 08/09 16:28:01 Image size of job updated: 11844
	8  -  MemoryUsage of job (MB)
	7484  -  ResidentSetSize of job (KB)
...
006 (10042642.000.000) 08/09 16:33:01 Image size of job updated: 11892
	8  -  MemoryUsage of job (MB)
	7484  -  ResidentSetSize of job (KB)
...
006 (10042642.000.000) 08/09 16:38:27 Image size of job updated: 11916
	8  -  MemoryUsage of job (MB)
	7484  -  ResidentSetSize of job (KB)
...
006 (10042642.000.000) 08/09 16:43:02 Image size of job updated: 11960
	8  -  MemoryUsage of job (MB)
	7516  -  ResidentSetSize of job (KB)
...
006 (10042642.000.000) 08/09 17:03:04 Image size of job updated: 11992
	8  -  MemoryUsage of job (MB)
	7516  -  ResidentSetSize of job (KB)
...
006 (10042642.000.000) 08/09 17:23:06 Image size of job updated: 12020
	8  -  MemoryUsage of job (MB)
	7544  -  ResidentSetSize of job (KB)
...
006 (10042642.000.000) 08/09 17:58:09 Image size of job updated: 12020
	8  -  MemoryUsage of job (MB)
	7560  -  ResidentSetSize of job (KB)
...
006 (10042642.000.000) 08/09 18:08:10 Image size of job updated: 12020
	8  -  MemoryUsage of job (MB)
	7732  -  ResidentSetSize of job (KB)
...
006 (10042642.000.000) 08/09 18:24:12 Image size of job updated: 143644
	8  -  MemoryUsage of job (MB)
	7732  -  ResidentSetSize of job (KB)
...
005 (10042642.000.000) 08/09 18:24:12 Job terminated.
	(1) Normal termination (return value 0)
		Usr 0 02:04:55, Sys 0 00:00:31  -  Run Remote Usage
		Usr 0 00:00:00, Sys 0 00:00:00  -  Run Local Usage
		Usr 0 02:04:55, Sys 0 00:00:31  -  Total Remote Usage
		Usr 0 00:00:00, Sys 0 00:00:00  -  Total Local Usage
	0  -  Run Bytes Sent By Job
	0  -  Run Bytes Received By Job
	0  -  Total Bytes Sent By Job
	0  -  Total Bytes Received By Job
	Partitionable Resources :    Usage  Request Allocated
	   Cpus                 :                 1         1
	   Disk (KB)            :        5        5   1508644
	   Memory (MB)          :        8        1         1
...
