000 (10042581.000.000) 08/09 16:16:20 Job submitted from host: <10.5.0.46:9618?addrs=10.5.0.46-9618&noUDP&sock=2497_a07a_3>
...
001 (10042581.000.000) 08/09 16:16:51 Job executing on host: <10.5.160.228:9618?addrs=10.5.160.228-9618+[--1]-9618&noUDP&sock=2547_9bce_3>
...
006 (10042581.000.000) 08/09 16:16:59 Image size of job updated: 11756
	8  -  MemoryUsage of job (MB)
	7412  -  ResidentSetSize of job (KB)
...
006 (10042581.000.000) 08/09 16:21:59 Image size of job updated: 11880
	8  -  MemoryUsage of job (MB)
	7448  -  ResidentSetSize of job (KB)
...
006 (10042581.000.000) 08/09 16:27:00 Image size of job updated: 11944
	8  -  MemoryUsage of job (MB)
	7480  -  ResidentSetSize of job (KB)
...
006 (10042581.000.000) 08/09 16:42:02 Image size of job updated: 12004
	8  -  MemoryUsage of job (MB)
	7528  -  ResidentSetSize of job (KB)
...
006 (10042581.000.000) 08/09 17:02:04 Image size of job updated: 12084
	8  -  MemoryUsage of job (MB)
	7608  -  ResidentSetSize of job (KB)
...
005 (10042581.000.000) 08/09 18:24:07 Job terminated.
	(1) Normal termination (return value 0)
		Usr 0 02:05:47, Sys 0 00:00:24  -  Run Remote Usage
		Usr 0 00:00:00, Sys 0 00:00:00  -  Run Local Usage
		Usr 0 02:05:47, Sys 0 00:00:24  -  Total Remote Usage
		Usr 0 00:00:00, Sys 0 00:00:00  -  Total Local Usage
	0  -  Run Bytes Sent By Job
	0  -  Run Bytes Received By Job
	0  -  Total Bytes Sent By Job
	0  -  Total Bytes Received By Job
	Partitionable Resources :    Usage  Request Allocated
	   Cpus                 :                 1         1
	   Disk (KB)            :        5        5   1508653
	   Memory (MB)          :        8        1         1
...
