000 (10042197.000.000) 08/09 16:09:29 Job submitted from host: <10.5.0.46:9618?addrs=10.5.0.46-9618&noUDP&sock=2497_a07a_3>
...
001 (10042197.000.000) 08/09 16:09:45 Job executing on host: <10.5.155.44:9618?addrs=10.5.155.44-9618+[--1]-9618&noUDP&sock=2546_ec36_3>
...
006 (10042197.000.000) 08/09 16:09:53 Image size of job updated: 13184
	8  -  MemoryUsage of job (MB)
	7484  -  ResidentSetSize of job (KB)
...
006 (10042197.000.000) 08/09 16:14:53 Image size of job updated: 13236
	8  -  MemoryUsage of job (MB)
	7484  -  ResidentSetSize of job (KB)
...
006 (10042197.000.000) 08/09 16:24:54 Image size of job updated: 13276
	8  -  MemoryUsage of job (MB)
	7580  -  ResidentSetSize of job (KB)
...
006 (10042197.000.000) 08/09 16:34:55 Image size of job updated: 13312
	8  -  MemoryUsage of job (MB)
	7580  -  ResidentSetSize of job (KB)
...
006 (10042197.000.000) 08/09 16:44:55 Image size of job updated: 13368
	8  -  MemoryUsage of job (MB)
	7580  -  ResidentSetSize of job (KB)
...
006 (10042197.000.000) 08/09 16:49:56 Image size of job updated: 13372
	8  -  MemoryUsage of job (MB)
	7580  -  ResidentSetSize of job (KB)
...
006 (10042197.000.000) 08/09 16:59:57 Image size of job updated: 13680
	8  -  MemoryUsage of job (MB)
	7824  -  ResidentSetSize of job (KB)
...
006 (10042197.000.000) 08/09 17:04:58 Image size of job updated: 13680
	8  -  MemoryUsage of job (MB)
	7884  -  ResidentSetSize of job (KB)
...
005 (10042197.000.000) 08/09 18:16:38 Job terminated.
	(1) Normal termination (return value 0)
		Usr 0 02:05:01, Sys 0 00:00:27  -  Run Remote Usage
		Usr 0 00:00:00, Sys 0 00:00:00  -  Run Local Usage
		Usr 0 02:05:01, Sys 0 00:00:27  -  Total Remote Usage
		Usr 0 00:00:00, Sys 0 00:00:00  -  Total Local Usage
	0  -  Run Bytes Sent By Job
	0  -  Run Bytes Received By Job
	0  -  Total Bytes Sent By Job
	0  -  Total Bytes Received By Job
	Partitionable Resources :    Usage  Request Allocated
	   Cpus                 :                 1         1
	   Disk (KB)            :        5        5   1508647
	   Memory (MB)          :        8        1         1
...
