000 (10042846.000.000) 08/09 16:21:19 Job submitted from host: <10.5.0.46:9618?addrs=10.5.0.46-9618&noUDP&sock=2497_a07a_3>
...
001 (10042846.000.000) 08/09 18:17:40 Job executing on host: <10.5.199.12:9618?addrs=10.5.199.12-9618+[--1]-9618&noUDP&sock=2559_d6f1_3>
...
006 (10042846.000.000) 08/09 18:17:49 Image size of job updated: 11812
	8  -  MemoryUsage of job (MB)
	7468  -  ResidentSetSize of job (KB)
...
006 (10042846.000.000) 08/09 18:27:50 Image size of job updated: 11960
	8  -  MemoryUsage of job (MB)
	7496  -  ResidentSetSize of job (KB)
...
006 (10042846.000.000) 08/09 18:32:51 Image size of job updated: 12040
	8  -  MemoryUsage of job (MB)
	7576  -  ResidentSetSize of job (KB)
...
006 (10042846.000.000) 08/09 19:27:57 Image size of job updated: 12072
	8  -  MemoryUsage of job (MB)
	7596  -  ResidentSetSize of job (KB)
...
006 (10042846.000.000) 08/09 19:37:57 Image size of job updated: 12132
	8  -  MemoryUsage of job (MB)
	7656  -  ResidentSetSize of job (KB)
...
006 (10042846.000.000) 08/09 19:47:59 Image size of job updated: 12360
	8  -  MemoryUsage of job (MB)
	7884  -  ResidentSetSize of job (KB)
...
005 (10042846.000.000) 08/09 20:18:52 Job terminated.
	(1) Normal termination (return value 0)
		Usr 0 02:00:23, Sys 0 00:00:23  -  Run Remote Usage
		Usr 0 00:00:00, Sys 0 00:00:00  -  Run Local Usage
		Usr 0 02:00:23, Sys 0 00:00:23  -  Total Remote Usage
		Usr 0 00:00:00, Sys 0 00:00:00  -  Total Local Usage
	0  -  Run Bytes Sent By Job
	0  -  Run Bytes Received By Job
	0  -  Total Bytes Sent By Job
	0  -  Total Bytes Received By Job
	Partitionable Resources :    Usage  Request Allocated
	   Cpus                 :                 1         1
	   Disk (KB)            :        5        5   1508651
	   Memory (MB)          :        8        1         1
...
