000 (10042799.000.000) 08/09 16:20:29 Job submitted from host: <10.5.0.46:9618?addrs=10.5.0.46-9618&noUDP&sock=2497_a07a_3>
...
001 (10042799.000.000) 08/09 17:09:03 Job executing on host: <10.5.228.158:9618?addrs=10.5.228.158-9618+[--1]-9618&noUDP&sock=2540_1f0c_3>
...
006 (10042799.000.000) 08/09 17:09:12 Image size of job updated: 11720
	8  -  MemoryUsage of job (MB)
	7376  -  ResidentSetSize of job (KB)
...
006 (10042799.000.000) 08/09 17:14:13 Image size of job updated: 11944
	8  -  MemoryUsage of job (MB)
	7512  -  ResidentSetSize of job (KB)
...
006 (10042799.000.000) 08/09 17:24:14 Image size of job updated: 12072
	8  -  MemoryUsage of job (MB)
	7628  -  ResidentSetSize of job (KB)
...
006 (10042799.000.000) 08/09 17:59:16 Image size of job updated: 12308
	8  -  MemoryUsage of job (MB)
	7864  -  ResidentSetSize of job (KB)
...
006 (10042799.000.000) 08/09 18:19:19 Image size of job updated: 12308
	8  -  MemoryUsage of job (MB)
	7968  -  ResidentSetSize of job (KB)
...
006 (10042799.000.000) 08/09 18:57:30 Image size of job updated: 143608
	8  -  MemoryUsage of job (MB)
	7968  -  ResidentSetSize of job (KB)
...
005 (10042799.000.000) 08/09 18:57:30 Job terminated.
	(1) Normal termination (return value 0)
		Usr 0 01:46:50, Sys 0 00:00:40  -  Run Remote Usage
		Usr 0 00:00:00, Sys 0 00:00:00  -  Run Local Usage
		Usr 0 01:46:50, Sys 0 00:00:40  -  Total Remote Usage
		Usr 0 00:00:00, Sys 0 00:00:00  -  Total Local Usage
	0  -  Run Bytes Sent By Job
	0  -  Run Bytes Received By Job
	0  -  Total Bytes Sent By Job
	0  -  Total Bytes Received By Job
	Partitionable Resources :    Usage  Request Allocated
	   Cpus                 :                 1         1
	   Disk (KB)            :        5        5   1508013
	   Memory (MB)          :        8        1         1
...
