000 (10042270.000.000) 08/09 16:10:46 Job submitted from host: <10.5.0.46:9618?addrs=10.5.0.46-9618&noUDP&sock=2497_a07a_3>
...
001 (10042270.000.000) 08/09 16:10:56 Job executing on host: <10.5.155.250:9618?addrs=10.5.155.250-9618+[--1]-9618&noUDP&sock=2560_868a_3>
...
006 (10042270.000.000) 08/09 16:11:05 Image size of job updated: 11864
	8  -  MemoryUsage of job (MB)
	7520  -  ResidentSetSize of job (KB)
...
006 (10042270.000.000) 08/09 16:16:05 Image size of job updated: 12068
	8  -  MemoryUsage of job (MB)
	7740  -  ResidentSetSize of job (KB)
...
006 (10042270.000.000) 08/09 16:21:05 Image size of job updated: 12484
	8  -  MemoryUsage of job (MB)
	8020  -  ResidentSetSize of job (KB)
...
005 (10042270.000.000) 08/09 18:14:12 Job terminated.
	(1) Normal termination (return value 0)
		Usr 0 02:01:21, Sys 0 00:00:22  -  Run Remote Usage
		Usr 0 00:00:00, Sys 0 00:00:00  -  Run Local Usage
		Usr 0 02:01:21, Sys 0 00:00:22  -  Total Remote Usage
		Usr 0 00:00:00, Sys 0 00:00:00  -  Total Local Usage
	0  -  Run Bytes Sent By Job
	0  -  Run Bytes Received By Job
	0  -  Total Bytes Sent By Job
	0  -  Total Bytes Received By Job
	Partitionable Resources :    Usage  Request Allocated
	   Cpus                 :                 1         1
	   Disk (KB)            :        5        5   1508654
	   Memory (MB)          :        8        1         1
...
