000 (10042721.000.000) 08/09 16:18:50 Job submitted from host: <10.5.0.46:9618?addrs=10.5.0.46-9618&noUDP&sock=2497_a07a_3>
...
001 (10042721.000.000) 08/09 16:19:49 Job executing on host: <10.5.199.70:9618?addrs=10.5.199.70-9618+[--1]-9618&noUDP&sock=2543_dd6d_3>
...
006 (10042721.000.000) 08/09 16:19:58 Image size of job updated: 12280
	8  -  MemoryUsage of job (MB)
	7928  -  ResidentSetSize of job (KB)
...
006 (10042721.000.000) 08/09 16:24:58 Image size of job updated: 12300
	8  -  MemoryUsage of job (MB)
	7928  -  ResidentSetSize of job (KB)
...
006 (10042721.000.000) 08/09 16:29:58 Image size of job updated: 12324
	9  -  MemoryUsage of job (MB)
	8220  -  ResidentSetSize of job (KB)
...
006 (10042721.000.000) 08/09 17:10:03 Image size of job updated: 12388
	9  -  MemoryUsage of job (MB)
	8220  -  ResidentSetSize of job (KB)
...
006 (10042721.000.000) 08/09 17:20:03 Image size of job updated: 12424
	9  -  MemoryUsage of job (MB)
	8220  -  ResidentSetSize of job (KB)
...
005 (10042721.000.000) 08/09 18:25:12 Job terminated.
	(1) Normal termination (return value 0)
		Usr 0 02:04:02, Sys 0 00:00:23  -  Run Remote Usage
		Usr 0 00:00:00, Sys 0 00:00:00  -  Run Local Usage
		Usr 0 02:04:02, Sys 0 00:00:23  -  Total Remote Usage
		Usr 0 00:00:00, Sys 0 00:00:00  -  Total Local Usage
	0  -  Run Bytes Sent By Job
	0  -  Run Bytes Received By Job
	0  -  Total Bytes Sent By Job
	0  -  Total Bytes Received By Job
	Partitionable Resources :    Usage  Request Allocated
	   Cpus                 :                 1         1
	   Disk (KB)            :        5        5   1508653
	   Memory (MB)          :        9        1         1
...
