000 (10042199.000.000) 08/09 16:09:31 Job submitted from host: <10.5.0.46:9618?addrs=10.5.0.46-9618&noUDP&sock=2497_a07a_3>
...
001 (10042199.000.000) 08/09 16:09:43 Job executing on host: <10.5.226.32:9618?addrs=10.5.226.32-9618+[--1]-9618&noUDP&sock=2551_5a2f_3>
...
006 (10042199.000.000) 08/09 16:09:52 Image size of job updated: 13100
	8  -  MemoryUsage of job (MB)
	7388  -  ResidentSetSize of job (KB)
...
006 (10042199.000.000) 08/09 16:14:53 Image size of job updated: 13240
	8  -  MemoryUsage of job (MB)
	7428  -  ResidentSetSize of job (KB)
...
006 (10042199.000.000) 08/09 16:19:54 Image size of job updated: 13240
	8  -  MemoryUsage of job (MB)
	7492  -  ResidentSetSize of job (KB)
...
006 (10042199.000.000) 08/09 16:24:54 Image size of job updated: 13260
	8  -  MemoryUsage of job (MB)
	7492  -  ResidentSetSize of job (KB)
...
006 (10042199.000.000) 08/09 16:34:55 Image size of job updated: 13336
	8  -  MemoryUsage of job (MB)
	7500  -  ResidentSetSize of job (KB)
...
006 (10042199.000.000) 08/09 16:39:55 Image size of job updated: 13336
	8  -  MemoryUsage of job (MB)
	7548  -  ResidentSetSize of job (KB)
...
006 (10042199.000.000) 08/09 16:44:55 Image size of job updated: 13484
	8  -  MemoryUsage of job (MB)
	7648  -  ResidentSetSize of job (KB)
...
006 (10042199.000.000) 08/09 16:54:56 Image size of job updated: 13508
	8  -  MemoryUsage of job (MB)
	7672  -  ResidentSetSize of job (KB)
...
006 (10042199.000.000) 08/09 17:25:00 Image size of job updated: 13772
	8  -  MemoryUsage of job (MB)
	7936  -  ResidentSetSize of job (KB)
...
005 (10042199.000.000) 08/09 18:16:24 Job terminated.
	(1) Normal termination (return value 0)
		Usr 0 02:04:37, Sys 0 00:00:29  -  Run Remote Usage
		Usr 0 00:00:00, Sys 0 00:00:00  -  Run Local Usage
		Usr 0 02:04:37, Sys 0 00:00:29  -  Total Remote Usage
		Usr 0 00:00:00, Sys 0 00:00:00  -  Total Local Usage
	0  -  Run Bytes Sent By Job
	0  -  Run Bytes Received By Job
	0  -  Total Bytes Sent By Job
	0  -  Total Bytes Received By Job
	Partitionable Resources :    Usage  Request Allocated
	   Cpus                 :                 1         1
	   Disk (KB)            :        5        5   1508650
	   Memory (MB)          :        8        1         1
...
