000 (10042403.000.000) 08/09 16:13:06 Job submitted from host: <10.5.0.46:9618?addrs=10.5.0.46-9618&noUDP&sock=2497_a07a_3>
...
001 (10042403.000.000) 08/09 16:13:18 Job executing on host: <10.5.214.36:9618?addrs=10.5.214.36-9618+[--1]-9618&noUDP&sock=2546_ec36_3>
...
006 (10042403.000.000) 08/09 16:13:26 Image size of job updated: 13308
	8  -  MemoryUsage of job (MB)
	7592  -  ResidentSetSize of job (KB)
...
006 (10042403.000.000) 08/09 16:18:26 Image size of job updated: 13496
	8  -  MemoryUsage of job (MB)
	7824  -  ResidentSetSize of job (KB)
...
006 (10042403.000.000) 08/09 16:23:27 Image size of job updated: 13552
	8  -  MemoryUsage of job (MB)
	7824  -  ResidentSetSize of job (KB)
...
006 (10042403.000.000) 08/09 16:28:27 Image size of job updated: 13568
	8  -  MemoryUsage of job (MB)
	7824  -  ResidentSetSize of job (KB)
...
006 (10042403.000.000) 08/09 16:33:27 Image size of job updated: 13600
	8  -  MemoryUsage of job (MB)
	7824  -  ResidentSetSize of job (KB)
...
006 (10042403.000.000) 08/09 16:43:29 Image size of job updated: 13668
	8  -  MemoryUsage of job (MB)
	7824  -  ResidentSetSize of job (KB)
...
006 (10042403.000.000) 08/09 16:58:31 Image size of job updated: 13796
	8  -  MemoryUsage of job (MB)
	7936  -  ResidentSetSize of job (KB)
...
006 (10042403.000.000) 08/09 17:38:35 Image size of job updated: 13888
	8  -  MemoryUsage of job (MB)
	8028  -  ResidentSetSize of job (KB)
...
005 (10042403.000.000) 08/09 18:20:18 Job terminated.
	(1) Normal termination (return value 0)
		Usr 0 02:03:51, Sys 0 00:00:28  -  Run Remote Usage
		Usr 0 00:00:00, Sys 0 00:00:00  -  Run Local Usage
		Usr 0 02:03:51, Sys 0 00:00:28  -  Total Remote Usage
		Usr 0 00:00:00, Sys 0 00:00:00  -  Total Local Usage
	0  -  Run Bytes Sent By Job
	0  -  Run Bytes Received By Job
	0  -  Total Bytes Sent By Job
	0  -  Total Bytes Received By Job
	Partitionable Resources :    Usage  Request Allocated
	   Cpus                 :                 1         1
	   Disk (KB)            :        5        5   1508644
	   Memory (MB)          :        8        1         1
...
