000 (10042817.000.000) 08/09 16:20:48 Job submitted from host: <10.5.0.46:9618?addrs=10.5.0.46-9618&noUDP&sock=2497_a07a_3>
...
001 (10042817.000.000) 08/09 18:16:30 Job executing on host: <10.5.197.36:9618?addrs=10.5.197.36-9618+[--1]-9618&noUDP&sock=2559_d6f1_3>
...
006 (10042817.000.000) 08/09 18:16:39 Image size of job updated: 11816
	8  -  MemoryUsage of job (MB)
	7460  -  ResidentSetSize of job (KB)
...
006 (10042817.000.000) 08/09 18:21:40 Image size of job updated: 11912
	8  -  MemoryUsage of job (MB)
	7468  -  ResidentSetSize of job (KB)
...
006 (10042817.000.000) 08/09 18:41:41 Image size of job updated: 12116
	8  -  MemoryUsage of job (MB)
	7660  -  ResidentSetSize of job (KB)
...
006 (10042817.000.000) 08/09 18:46:41 Image size of job updated: 12588
	8  -  MemoryUsage of job (MB)
	8104  -  ResidentSetSize of job (KB)
...
006 (10042817.000.000) 08/09 20:11:50 Image size of job updated: 12588
	9  -  MemoryUsage of job (MB)
	8252  -  ResidentSetSize of job (KB)
...
005 (10042817.000.000) 08/09 20:14:05 Job terminated.
	(1) Normal termination (return value 0)
		Usr 0 01:56:22, Sys 0 00:00:23  -  Run Remote Usage
		Usr 0 00:00:00, Sys 0 00:00:00  -  Run Local Usage
		Usr 0 01:56:22, Sys 0 00:00:23  -  Total Remote Usage
		Usr 0 00:00:00, Sys 0 00:00:00  -  Total Local Usage
	0  -  Run Bytes Sent By Job
	0  -  Run Bytes Received By Job
	0  -  Total Bytes Sent By Job
	0  -  Total Bytes Received By Job
	Partitionable Resources :    Usage  Request Allocated
	   Cpus                 :                 1         1
	   Disk (KB)            :        5        5   1508636
	   Memory (MB)          :        9        1         1
...
