000 (10042651.000.000) 08/09 16:17:36 Job submitted from host: <10.5.0.46:9618?addrs=10.5.0.46-9618&noUDP&sock=2497_a07a_3>
...
001 (10042651.000.000) 08/09 16:17:45 Job executing on host: <10.5.157.101:9618?addrs=10.5.157.101-9618+[--1]-9618&noUDP&sock=2553_09c8_3>
...
006 (10042651.000.000) 08/09 16:17:54 Image size of job updated: 11776
	8  -  MemoryUsage of job (MB)
	7424  -  ResidentSetSize of job (KB)
...
006 (10042651.000.000) 08/09 16:22:55 Image size of job updated: 12024
	8  -  MemoryUsage of job (MB)
	7584  -  ResidentSetSize of job (KB)
...
006 (10042651.000.000) 08/09 17:08:00 Image size of job updated: 12204
	8  -  MemoryUsage of job (MB)
	7752  -  ResidentSetSize of job (KB)
...
006 (10042651.000.000) 08/09 17:13:01 Image size of job updated: 12204
	8  -  MemoryUsage of job (MB)
	7916  -  ResidentSetSize of job (KB)
...
006 (10042651.000.000) 08/09 17:43:03 Image size of job updated: 12324
	8  -  MemoryUsage of job (MB)
	7916  -  ResidentSetSize of job (KB)
...
005 (10042651.000.000) 08/09 18:30:10 Job terminated.
	(1) Normal termination (return value 0)
		Usr 0 02:11:20, Sys 0 00:00:31  -  Run Remote Usage
		Usr 0 00:00:00, Sys 0 00:00:00  -  Run Local Usage
		Usr 0 02:11:20, Sys 0 00:00:31  -  Total Remote Usage
		Usr 0 00:00:00, Sys 0 00:00:00  -  Total Local Usage
	0  -  Run Bytes Sent By Job
	0  -  Run Bytes Received By Job
	0  -  Total Bytes Sent By Job
	0  -  Total Bytes Received By Job
	Partitionable Resources :    Usage  Request Allocated
	   Cpus                 :                 1         1
	   Disk (KB)            :        5        5   1508637
	   Memory (MB)          :        8        1         1
...
