000 (10042790.000.000) 08/09 16:20:19 Job submitted from host: <10.5.0.46:9618?addrs=10.5.0.46-9618&noUDP&sock=2497_a07a_3>
...
001 (10042790.000.000) 08/09 16:55:03 Job executing on host: <10.5.155.46:9618?addrs=10.5.155.46-9618+[--1]-9618&noUDP&sock=2548_4b67_3>
...
006 (10042790.000.000) 08/09 16:55:12 Image size of job updated: 11924
	8  -  MemoryUsage of job (MB)
	7580  -  ResidentSetSize of job (KB)
...
006 (10042790.000.000) 08/09 17:00:12 Image size of job updated: 12112
	8  -  MemoryUsage of job (MB)
	7680  -  ResidentSetSize of job (KB)
...
006 (10042790.000.000) 08/09 17:05:12 Image size of job updated: 12268
	8  -  MemoryUsage of job (MB)
	7804  -  ResidentSetSize of job (KB)
...
006 (10042790.000.000) 08/09 17:25:15 Image size of job updated: 12368
	8  -  MemoryUsage of job (MB)
	7892  -  ResidentSetSize of job (KB)
...
006 (10042790.000.000) 08/09 18:10:19 Image size of job updated: 12580
	8  -  MemoryUsage of job (MB)
	8104  -  ResidentSetSize of job (KB)
...
006 (10042790.000.000) 08/09 18:35:21 Image size of job updated: 12652
	8  -  MemoryUsage of job (MB)
	8176  -  ResidentSetSize of job (KB)
...
006 (10042790.000.000) 08/09 18:50:22 Image size of job updated: 12664
	8  -  MemoryUsage of job (MB)
	8188  -  ResidentSetSize of job (KB)
...
005 (10042790.000.000) 08/09 18:58:01 Job terminated.
	(1) Normal termination (return value 0)
		Usr 0 02:00:29, Sys 0 00:00:24  -  Run Remote Usage
		Usr 0 00:00:00, Sys 0 00:00:00  -  Run Local Usage
		Usr 0 02:00:29, Sys 0 00:00:24  -  Total Remote Usage
		Usr 0 00:00:00, Sys 0 00:00:00  -  Total Local Usage
	0  -  Run Bytes Sent By Job
	0  -  Run Bytes Received By Job
	0  -  Total Bytes Sent By Job
	0  -  Total Bytes Received By Job
	Partitionable Resources :    Usage  Request Allocated
	   Cpus                 :                 1         1
	   Disk (KB)            :        5        5   1508643
	   Memory (MB)          :        8        1         1
...
