000 (10042707.000.000) 08/09 16:18:36 Job submitted from host: <10.5.0.46:9618?addrs=10.5.0.46-9618&noUDP&sock=2497_a07a_3>
...
001 (10042707.000.000) 08/09 16:18:47 Job executing on host: <10.5.238.76:9618?addrs=10.5.238.76-9618+[--1]-9618&noUDP&sock=3127_c124_3>
...
006 (10042707.000.000) 08/09 16:18:56 Image size of job updated: 11724
	8  -  MemoryUsage of job (MB)
	7376  -  ResidentSetSize of job (KB)
...
006 (10042707.000.000) 08/09 16:23:57 Image size of job updated: 12072
	8  -  MemoryUsage of job (MB)
	7636  -  ResidentSetSize of job (KB)
...
006 (10042707.000.000) 08/09 16:28:58 Image size of job updated: 12128
	8  -  MemoryUsage of job (MB)
	7692  -  ResidentSetSize of job (KB)
...
006 (10042707.000.000) 08/09 17:09:01 Image size of job updated: 12564
	8  -  MemoryUsage of job (MB)
	8084  -  ResidentSetSize of job (KB)
...
006 (10042707.000.000) 08/09 18:20:07 Image size of job updated: 143692
	8  -  MemoryUsage of job (MB)
	8084  -  ResidentSetSize of job (KB)
...
005 (10042707.000.000) 08/09 18:20:07 Job terminated.
	(1) Normal termination (return value 0)
		Usr 0 01:59:12, Sys 0 00:00:21  -  Run Remote Usage
		Usr 0 00:00:00, Sys 0 00:00:00  -  Run Local Usage
		Usr 0 01:59:12, Sys 0 00:00:21  -  Total Remote Usage
		Usr 0 00:00:00, Sys 0 00:00:00  -  Total Local Usage
	0  -  Run Bytes Sent By Job
	0  -  Run Bytes Received By Job
	0  -  Total Bytes Sent By Job
	0  -  Total Bytes Received By Job
	Partitionable Resources :    Usage  Request Allocated
	   Cpus                 :                 1         1
	   Disk (KB)            :        5        5   1508535
	   Memory (MB)          :        8        1         1
...
