000 (10042848.000.000) 08/09 16:21:21 Job submitted from host: <10.5.0.46:9618?addrs=10.5.0.46-9618&noUDP&sock=2497_a07a_3>
...
001 (10042848.000.000) 08/09 18:17:30 Job executing on host: <10.5.230.127:9618?addrs=10.5.230.127-9618+[--1]-9618&noUDP&sock=2572_1214_3>
...
006 (10042848.000.000) 08/09 18:17:39 Image size of job updated: 11792
	8  -  MemoryUsage of job (MB)
	7436  -  ResidentSetSize of job (KB)
...
006 (10042848.000.000) 08/09 18:22:41 Image size of job updated: 12016
	8  -  MemoryUsage of job (MB)
	7572  -  ResidentSetSize of job (KB)
...
006 (10042848.000.000) 08/09 18:27:41 Image size of job updated: 12268
	8  -  MemoryUsage of job (MB)
	7824  -  ResidentSetSize of job (KB)
...
006 (10042848.000.000) 08/09 19:02:44 Image size of job updated: 12516
	8  -  MemoryUsage of job (MB)
	8036  -  ResidentSetSize of job (KB)
...
006 (10042848.000.000) 08/09 20:15:19 Image size of job updated: 143616
	8  -  MemoryUsage of job (MB)
	8036  -  ResidentSetSize of job (KB)
...
005 (10042848.000.000) 08/09 20:15:19 Job terminated.
	(1) Normal termination (return value 0)
		Usr 0 01:56:55, Sys 0 00:00:28  -  Run Remote Usage
		Usr 0 00:00:00, Sys 0 00:00:00  -  Run Local Usage
		Usr 0 01:56:55, Sys 0 00:00:28  -  Total Remote Usage
		Usr 0 00:00:00, Sys 0 00:00:00  -  Total Local Usage
	0  -  Run Bytes Sent By Job
	0  -  Run Bytes Received By Job
	0  -  Total Bytes Sent By Job
	0  -  Total Bytes Received By Job
	Partitionable Resources :    Usage  Request Allocated
	   Cpus                 :                 1         1
	   Disk (KB)            :        5        5   1504613
	   Memory (MB)          :        8        1         1
...
