000 (10042810.000.000) 08/09 16:20:41 Job submitted from host: <10.5.0.46:9618?addrs=10.5.0.46-9618&noUDP&sock=2497_a07a_3>
...
001 (10042810.000.000) 08/09 18:15:38 Job executing on host: <10.5.189.225:9618?addrs=10.5.189.225-9618+[--1]-9618&noUDP&sock=2555_1890_3>
...
006 (10042810.000.000) 08/09 18:15:46 Image size of job updated: 11720
	8  -  MemoryUsage of job (MB)
	7372  -  ResidentSetSize of job (KB)
...
006 (10042810.000.000) 08/09 18:20:46 Image size of job updated: 11888
	8  -  MemoryUsage of job (MB)
	7420  -  ResidentSetSize of job (KB)
...
006 (10042810.000.000) 08/09 18:35:47 Image size of job updated: 11896
	8  -  MemoryUsage of job (MB)
	7420  -  ResidentSetSize of job (KB)
...
006 (10042810.000.000) 08/09 18:45:49 Image size of job updated: 12008
	8  -  MemoryUsage of job (MB)
	7528  -  ResidentSetSize of job (KB)
...
006 (10042810.000.000) 08/09 18:50:49 Image size of job updated: 12008
	8  -  MemoryUsage of job (MB)
	7852  -  ResidentSetSize of job (KB)
...
006 (10042810.000.000) 08/09 19:15:52 Image size of job updated: 12124
	8  -  MemoryUsage of job (MB)
	7852  -  ResidentSetSize of job (KB)
...
006 (10042810.000.000) 08/09 19:30:53 Image size of job updated: 12252
	8  -  MemoryUsage of job (MB)
	7852  -  ResidentSetSize of job (KB)
...
006 (10042810.000.000) 08/09 19:55:56 Image size of job updated: 12268
	8  -  MemoryUsage of job (MB)
	7852  -  ResidentSetSize of job (KB)
...
006 (10042810.000.000) 08/09 20:15:57 Image size of job updated: 12364
	8  -  MemoryUsage of job (MB)
	7884  -  ResidentSetSize of job (KB)
...
006 (10042810.000.000) 08/09 20:20:30 Image size of job updated: 143680
	8  -  MemoryUsage of job (MB)
	7884  -  ResidentSetSize of job (KB)
...
005 (10042810.000.000) 08/09 20:20:30 Job terminated.
	(1) Normal termination (return value 0)
		Usr 0 02:03:18, Sys 0 00:00:41  -  Run Remote Usage
		Usr 0 00:00:00, Sys 0 00:00:00  -  Run Local Usage
		Usr 0 02:03:18, Sys 0 00:00:41  -  Total Remote Usage
		Usr 0 00:00:00, Sys 0 00:00:00  -  Total Local Usage
	0  -  Run Bytes Sent By Job
	0  -  Run Bytes Received By Job
	0  -  Total Bytes Sent By Job
	0  -  Total Bytes Received By Job
	Partitionable Resources :    Usage  Request Allocated
	   Cpus                 :                 1         1
	   Disk (KB)            :        5        5   1508654
	   Memory (MB)          :        8        1         1
...
