000 (10042220.000.000) 08/09 16:09:53 Job submitted from host: <10.5.0.46:9618?addrs=10.5.0.46-9618&noUDP&sock=2497_a07a_3>
...
001 (10042220.000.000) 08/09 16:10:25 Job executing on host: <10.5.210.143:9618?addrs=10.5.210.143-9618+[--1]-9618&noUDP&sock=2366_c592_3>
...
006 (10042220.000.000) 08/09 16:10:33 Image size of job updated: 11716
	8  -  MemoryUsage of job (MB)
	7396  -  ResidentSetSize of job (KB)
...
006 (10042220.000.000) 08/09 16:15:33 Image size of job updated: 11860
	8  -  MemoryUsage of job (MB)
	7428  -  ResidentSetSize of job (KB)
...
006 (10042220.000.000) 08/09 16:20:33 Image size of job updated: 12148
	8  -  MemoryUsage of job (MB)
	7716  -  ResidentSetSize of job (KB)
...
006 (10042220.000.000) 08/09 16:30:34 Image size of job updated: 12408
	8  -  MemoryUsage of job (MB)
	7976  -  ResidentSetSize of job (KB)
...
006 (10042220.000.000) 08/09 16:35:34 Image size of job updated: 12408
	8  -  MemoryUsage of job (MB)
	8128  -  ResidentSetSize of job (KB)
...
005 (10042220.000.000) 08/09 19:29:58 Job terminated.
	(1) Normal termination (return value 0)
		Usr 0 03:17:17, Sys 0 00:00:29  -  Run Remote Usage
		Usr 0 00:00:00, Sys 0 00:00:00  -  Run Local Usage
		Usr 0 03:17:17, Sys 0 00:00:29  -  Total Remote Usage
		Usr 0 00:00:00, Sys 0 00:00:00  -  Total Local Usage
	0  -  Run Bytes Sent By Job
	0  -  Run Bytes Received By Job
	0  -  Total Bytes Sent By Job
	0  -  Total Bytes Received By Job
	Partitionable Resources :    Usage  Request Allocated
	   Cpus                 :                 1         1
	   Disk (KB)            :        5        5   1508312
	   Memory (MB)          :        8        1         1
...
