000 (10042416.000.000) 08/09 16:13:20 Job submitted from host: <10.5.0.46:9618?addrs=10.5.0.46-9618&noUDP&sock=2497_a07a_3>
...
001 (10042416.000.000) 08/09 16:13:38 Job executing on host: <10.5.234.205:9618?addrs=10.5.234.205-9618+[--1]-9618&noUDP&sock=2565_44eb_3>
...
006 (10042416.000.000) 08/09 16:13:47 Image size of job updated: 11692
	8  -  MemoryUsage of job (MB)
	7348  -  ResidentSetSize of job (KB)
...
006 (10042416.000.000) 08/09 16:18:48 Image size of job updated: 11832
	8  -  MemoryUsage of job (MB)
	7400  -  ResidentSetSize of job (KB)
...
006 (10042416.000.000) 08/09 16:23:49 Image size of job updated: 11852
	8  -  MemoryUsage of job (MB)
	7420  -  ResidentSetSize of job (KB)
...
006 (10042416.000.000) 08/09 16:28:49 Image size of job updated: 11952
	8  -  MemoryUsage of job (MB)
	7488  -  ResidentSetSize of job (KB)
...
006 (10042416.000.000) 08/09 16:33:50 Image size of job updated: 11968
	8  -  MemoryUsage of job (MB)
	7492  -  ResidentSetSize of job (KB)
...
006 (10042416.000.000) 08/09 17:33:57 Image size of job updated: 11968
	8  -  MemoryUsage of job (MB)
	7504  -  ResidentSetSize of job (KB)
...
006 (10042416.000.000) 08/09 18:18:47 Image size of job updated: 143800
	8  -  MemoryUsage of job (MB)
	7504  -  ResidentSetSize of job (KB)
...
005 (10042416.000.000) 08/09 18:18:47 Job terminated.
	(1) Normal termination (return value 0)
		Usr 0 02:02:37, Sys 0 00:00:28  -  Run Remote Usage
		Usr 0 00:00:00, Sys 0 00:00:00  -  Run Local Usage
		Usr 0 02:02:37, Sys 0 00:00:28  -  Total Remote Usage
		Usr 0 00:00:00, Sys 0 00:00:00  -  Total Local Usage
	0  -  Run Bytes Sent By Job
	0  -  Run Bytes Received By Job
	0  -  Total Bytes Sent By Job
	0  -  Total Bytes Received By Job
	Partitionable Resources :    Usage  Request Allocated
	   Cpus                 :                 1         1
	   Disk (KB)            :        5        5   1508057
	   Memory (MB)          :        8        1         1
...
