000 (10042853.000.000) 08/09 16:21:27 Job submitted from host: <10.5.0.46:9618?addrs=10.5.0.46-9618&noUDP&sock=2497_a07a_3>
...
001 (10042853.000.000) 08/09 18:18:30 Job executing on host: <10.5.191.160:9618?addrs=10.5.191.160-9618+[--1]-9618&noUDP&sock=2560_868a_3>
...
006 (10042853.000.000) 08/09 18:18:39 Image size of job updated: 11708
	8  -  MemoryUsage of job (MB)
	7356  -  ResidentSetSize of job (KB)
...
006 (10042853.000.000) 08/09 18:23:40 Image size of job updated: 12004
	8  -  MemoryUsage of job (MB)
	7564  -  ResidentSetSize of job (KB)
...
006 (10042853.000.000) 08/09 19:38:46 Image size of job updated: 12004
	8  -  MemoryUsage of job (MB)
	7580  -  ResidentSetSize of job (KB)
...
005 (10042853.000.000) 08/09 20:16:38 Job terminated.
	(1) Normal termination (return value 0)
		Usr 0 01:57:11, Sys 0 00:00:26  -  Run Remote Usage
		Usr 0 00:00:00, Sys 0 00:00:00  -  Run Local Usage
		Usr 0 01:57:11, Sys 0 00:00:26  -  Total Remote Usage
		Usr 0 00:00:00, Sys 0 00:00:00  -  Total Local Usage
	0  -  Run Bytes Sent By Job
	0  -  Run Bytes Received By Job
	0  -  Total Bytes Sent By Job
	0  -  Total Bytes Received By Job
	Partitionable Resources :    Usage  Request Allocated
	   Cpus                 :                 1         1
	   Disk (KB)            :        5        5   1508646
	   Memory (MB)          :        8        1         1
...
