000 (10042272.000.000) 08/09 16:10:48 Job submitted from host: <10.5.0.46:9618?addrs=10.5.0.46-9618&noUDP&sock=2497_a07a_3>
...
001 (10042272.000.000) 08/09 16:10:56 Job executing on host: <10.5.243.220:9618?addrs=10.5.243.220-9618+[--1]-9618&noUDP&sock=2555_1890_3>
...
006 (10042272.000.000) 08/09 16:11:05 Image size of job updated: 11808
	8  -  MemoryUsage of job (MB)
	7456  -  ResidentSetSize of job (KB)
...
006 (10042272.000.000) 08/09 16:16:05 Image size of job updated: 11868
	8  -  MemoryUsage of job (MB)
	7456  -  ResidentSetSize of job (KB)
...
006 (10042272.000.000) 08/09 16:21:05 Image size of job updated: 11988
	8  -  MemoryUsage of job (MB)
	7548  -  ResidentSetSize of job (KB)
...
006 (10042272.000.000) 08/09 16:31:06 Image size of job updated: 11992
	8  -  MemoryUsage of job (MB)
	7548  -  ResidentSetSize of job (KB)
...
006 (10042272.000.000) 08/09 16:36:06 Image size of job updated: 12136
	8  -  MemoryUsage of job (MB)
	7660  -  ResidentSetSize of job (KB)
...
006 (10042272.000.000) 08/09 16:41:07 Image size of job updated: 12136
	8  -  MemoryUsage of job (MB)
	7936  -  ResidentSetSize of job (KB)
...
006 (10042272.000.000) 08/09 17:11:10 Image size of job updated: 12220
	8  -  MemoryUsage of job (MB)
	7936  -  ResidentSetSize of job (KB)
...
006 (10042272.000.000) 08/09 17:46:14 Image size of job updated: 12340
	8  -  MemoryUsage of job (MB)
	7936  -  ResidentSetSize of job (KB)
...
006 (10042272.000.000) 08/09 18:15:24 Image size of job updated: 143576
	8  -  MemoryUsage of job (MB)
	7936  -  ResidentSetSize of job (KB)
...
005 (10042272.000.000) 08/09 18:15:24 Job terminated.
	(1) Normal termination (return value 0)
		Usr 0 02:02:39, Sys 0 00:00:26  -  Run Remote Usage
		Usr 0 00:00:00, Sys 0 00:00:00  -  Run Local Usage
		Usr 0 02:02:39, Sys 0 00:00:26  -  Total Remote Usage
		Usr 0 00:00:00, Sys 0 00:00:00  -  Total Local Usage
	0  -  Run Bytes Sent By Job
	0  -  Run Bytes Received By Job
	0  -  Total Bytes Sent By Job
	0  -  Total Bytes Received By Job
	Partitionable Resources :    Usage  Request Allocated
	   Cpus                 :                 1         1
	   Disk (KB)            :        5        5   1508651
	   Memory (MB)          :        8        1         1
...
