000 (10042179.000.000) 08/09 15:11:48 Job submitted from host: <10.5.0.46:9618?addrs=10.5.0.46-9618&noUDP&sock=2497_a07a_3>
...
001 (10042179.000.000) 08/09 15:11:52 Job executing on host: <10.5.189.225:9618?addrs=10.5.189.225-9618+[--1]-9618&noUDP&sock=2555_1890_3>
...
006 (10042179.000.000) 08/09 15:12:00 Image size of job updated: 12344
	8  -  MemoryUsage of job (MB)
	7400  -  ResidentSetSize of job (KB)
...
006 (10042179.000.000) 08/09 15:17:00 Image size of job updated: 12476
	8  -  MemoryUsage of job (MB)
	7512  -  ResidentSetSize of job (KB)
...
006 (10042179.000.000) 08/09 15:22:01 Image size of job updated: 12480
	8  -  MemoryUsage of job (MB)
	7516  -  ResidentSetSize of job (KB)
...
006 (10042179.000.000) 08/09 15:27:02 Image size of job updated: 12568
	8  -  MemoryUsage of job (MB)
	7560  -  ResidentSetSize of job (KB)
...
006 (10042179.000.000) 08/09 15:42:04 Image size of job updated: 12580
	8  -  MemoryUsage of job (MB)
	7572  -  ResidentSetSize of job (KB)
...
004 (10042179.000.000) 08/09 16:01:46 Job was evicted.
	(0) Job was not checkpointed.
		Usr 0 00:49:03, Sys 0 00:00:26  -  Run Remote Usage
		Usr 0 00:00:00, Sys 0 00:00:00  -  Run Local Usage
	0  -  Run Bytes Sent By Job
	0  -  Run Bytes Received By Job
	Partitionable Resources :    Usage  Request Allocated
	   Cpus                 :                 1         1
	   Disk (KB)            :        5        5   1508654
	   Memory (MB)          :        8        1         1
...
009 (10042179.000.000) 08/09 16:01:46 Job was aborted by the user.
	via condor_rm (by user elawsonk)
...
