000 (10042666.000.000) 08/09 16:17:52 Job submitted from host: <10.5.0.46:9618?addrs=10.5.0.46-9618&noUDP&sock=2497_a07a_3>
...
001 (10042666.000.000) 08/09 16:18:05 Job executing on host: <10.5.160.239:9618?addrs=10.5.160.239-9618+[--1]-9618&noUDP&sock=2556_c829_3>
...
006 (10042666.000.000) 08/09 16:18:13 Image size of job updated: 11748
	8  -  MemoryUsage of job (MB)
	7404  -  ResidentSetSize of job (KB)
...
006 (10042666.000.000) 08/09 16:23:13 Image size of job updated: 11872
	8  -  MemoryUsage of job (MB)
	7440  -  ResidentSetSize of job (KB)
...
006 (10042666.000.000) 08/09 16:28:14 Image size of job updated: 11960
	8  -  MemoryUsage of job (MB)
	7528  -  ResidentSetSize of job (KB)
...
006 (10042666.000.000) 08/09 16:53:16 Image size of job updated: 11960
	8  -  MemoryUsage of job (MB)
	7584  -  ResidentSetSize of job (KB)
...
006 (10042666.000.000) 08/09 17:18:19 Image size of job updated: 12296
	8  -  MemoryUsage of job (MB)
	7820  -  ResidentSetSize of job (KB)
...
005 (10042666.000.000) 08/09 18:22:26 Job terminated.
	(1) Normal termination (return value 0)
		Usr 0 02:02:05, Sys 0 00:00:30  -  Run Remote Usage
		Usr 0 00:00:00, Sys 0 00:00:00  -  Run Local Usage
		Usr 0 02:02:05, Sys 0 00:00:30  -  Total Remote Usage
		Usr 0 00:00:00, Sys 0 00:00:00  -  Total Local Usage
	0  -  Run Bytes Sent By Job
	0  -  Run Bytes Received By Job
	0  -  Total Bytes Sent By Job
	0  -  Total Bytes Received By Job
	Partitionable Resources :    Usage  Request Allocated
	   Cpus                 :                 1         1
	   Disk (KB)            :        5        5   1508652
	   Memory (MB)          :        8        1         1
...
