000 (10042418.000.000) 08/09 16:13:22 Job submitted from host: <10.5.0.46:9618?addrs=10.5.0.46-9618&noUDP&sock=2497_a07a_3>
...
001 (10042418.000.000) 08/09 16:13:39 Job executing on host: <10.5.155.70:9618?addrs=10.5.155.70-9618+[--1]-9618&noUDP&sock=2556_c829_3>
...
006 (10042418.000.000) 08/09 16:13:48 Image size of job updated: 11756
	8  -  MemoryUsage of job (MB)
	7412  -  ResidentSetSize of job (KB)
...
006 (10042418.000.000) 08/09 16:18:49 Image size of job updated: 11776
	8  -  MemoryUsage of job (MB)
	7412  -  ResidentSetSize of job (KB)
...
006 (10042418.000.000) 08/09 16:23:49 Image size of job updated: 12124
	8  -  MemoryUsage of job (MB)
	7660  -  ResidentSetSize of job (KB)
...
006 (10042418.000.000) 08/09 16:28:49 Image size of job updated: 12248
	8  -  MemoryUsage of job (MB)
	7784  -  ResidentSetSize of job (KB)
...
006 (10042418.000.000) 08/09 17:23:57 Image size of job updated: 12604
	8  -  MemoryUsage of job (MB)
	8128  -  ResidentSetSize of job (KB)
...
006 (10042418.000.000) 08/09 17:53:59 Image size of job updated: 12608
	8  -  MemoryUsage of job (MB)
	8132  -  ResidentSetSize of job (KB)
...
006 (10042418.000.000) 08/09 18:14:02 Image size of job updated: 12612
	8  -  MemoryUsage of job (MB)
	8136  -  ResidentSetSize of job (KB)
...
006 (10042418.000.000) 08/09 18:19:11 Image size of job updated: 143668
	8  -  MemoryUsage of job (MB)
	8136  -  ResidentSetSize of job (KB)
...
005 (10042418.000.000) 08/09 18:19:11 Job terminated.
	(1) Normal termination (return value 0)
		Usr 0 02:03:02, Sys 0 00:00:26  -  Run Remote Usage
		Usr 0 00:00:00, Sys 0 00:00:00  -  Run Local Usage
		Usr 0 02:03:02, Sys 0 00:00:26  -  Total Remote Usage
		Usr 0 00:00:00, Sys 0 00:00:00  -  Total Local Usage
	0  -  Run Bytes Sent By Job
	0  -  Run Bytes Received By Job
	0  -  Total Bytes Sent By Job
	0  -  Total Bytes Received By Job
	Partitionable Resources :    Usage  Request Allocated
	   Cpus                 :                 1         1
	   Disk (KB)            :        5        5   1508647
	   Memory (MB)          :        8        1         1
...
