000 (10042851.000.000) 08/09 16:21:25 Job submitted from host: <10.5.0.46:9618?addrs=10.5.0.46-9618&noUDP&sock=2497_a07a_3>
...
001 (10042851.000.000) 08/09 18:18:30 Job executing on host: <10.5.189.225:9618?addrs=10.5.189.225-9618+[--1]-9618&noUDP&sock=2555_1890_3>
...
006 (10042851.000.000) 08/09 18:18:39 Image size of job updated: 11768
	8  -  MemoryUsage of job (MB)
	7420  -  ResidentSetSize of job (KB)
...
006 (10042851.000.000) 08/09 18:23:40 Image size of job updated: 11896
	8  -  MemoryUsage of job (MB)
	7460  -  ResidentSetSize of job (KB)
...
006 (10042851.000.000) 08/09 18:28:40 Image size of job updated: 12012
	8  -  MemoryUsage of job (MB)
	7576  -  ResidentSetSize of job (KB)
...
006 (10042851.000.000) 08/09 18:38:41 Image size of job updated: 12012
	8  -  MemoryUsage of job (MB)
	7736  -  ResidentSetSize of job (KB)
...
006 (10042851.000.000) 08/09 19:28:46 Image size of job updated: 12048
	8  -  MemoryUsage of job (MB)
	7736  -  ResidentSetSize of job (KB)
...
006 (10042851.000.000) 08/09 19:33:46 Image size of job updated: 12088
	8  -  MemoryUsage of job (MB)
	7736  -  ResidentSetSize of job (KB)
...
005 (10042851.000.000) 08/09 20:24:37 Job terminated.
	(1) Normal termination (return value 0)
		Usr 0 02:04:41, Sys 0 00:00:49  -  Run Remote Usage
		Usr 0 00:00:00, Sys 0 00:00:00  -  Run Local Usage
		Usr 0 02:04:41, Sys 0 00:00:49  -  Total Remote Usage
		Usr 0 00:00:00, Sys 0 00:00:00  -  Total Local Usage
	0  -  Run Bytes Sent By Job
	0  -  Run Bytes Received By Job
	0  -  Total Bytes Sent By Job
	0  -  Total Bytes Received By Job
	Partitionable Resources :    Usage  Request Allocated
	   Cpus                 :                 1         1
	   Disk (KB)            :        5        5   1508654
	   Memory (MB)          :        8        1         1
...
