000 (10042613.000.000) 08/09 16:16:56 Job submitted from host: <10.5.0.46:9618?addrs=10.5.0.46-9618&noUDP&sock=2497_a07a_3>
...
001 (10042613.000.000) 08/09 16:16:58 Job executing on host: <10.5.228.158:9618?addrs=10.5.228.158-9618+[--1]-9618&noUDP&sock=2540_1f0c_3>
...
006 (10042613.000.000) 08/09 16:17:07 Image size of job updated: 11700
	8  -  MemoryUsage of job (MB)
	7356  -  ResidentSetSize of job (KB)
...
006 (10042613.000.000) 08/09 16:22:07 Image size of job updated: 12220
	8  -  MemoryUsage of job (MB)
	7788  -  ResidentSetSize of job (KB)
...
006 (10042613.000.000) 08/09 16:27:07 Image size of job updated: 12772
	9  -  MemoryUsage of job (MB)
	8308  -  ResidentSetSize of job (KB)
...
005 (10042613.000.000) 08/09 18:05:00 Job terminated.
	(1) Normal termination (return value 0)
		Usr 0 01:46:30, Sys 0 00:00:19  -  Run Remote Usage
		Usr 0 00:00:00, Sys 0 00:00:00  -  Run Local Usage
		Usr 0 01:46:30, Sys 0 00:00:19  -  Total Remote Usage
		Usr 0 00:00:00, Sys 0 00:00:00  -  Total Local Usage
	0  -  Run Bytes Sent By Job
	0  -  Run Bytes Received By Job
	0  -  Total Bytes Sent By Job
	0  -  Total Bytes Received By Job
	Partitionable Resources :    Usage  Request Allocated
	   Cpus                 :                 1         1
	   Disk (KB)            :        5        5   1508013
	   Memory (MB)          :        9        1         1
...
