000 (10042735.000.000) 08/09 16:19:03 Job submitted from host: <10.5.0.46:9618?addrs=10.5.0.46-9618&noUDP&sock=2497_a07a_3>
...
001 (10042735.000.000) 08/09 16:20:22 Job executing on host: <10.5.238.76:9618?addrs=10.5.238.76-9618+[--1]-9618&noUDP&sock=3127_c124_3>
...
006 (10042735.000.000) 08/09 16:20:30 Image size of job updated: 11756
	8  -  MemoryUsage of job (MB)
	7400  -  ResidentSetSize of job (KB)
...
006 (10042735.000.000) 08/09 16:25:30 Image size of job updated: 12068
	8  -  MemoryUsage of job (MB)
	7624  -  ResidentSetSize of job (KB)
...
006 (10042735.000.000) 08/09 17:20:37 Image size of job updated: 12068
	8  -  MemoryUsage of job (MB)
	7692  -  ResidentSetSize of job (KB)
...
006 (10042735.000.000) 08/09 17:50:39 Image size of job updated: 12092
	8  -  MemoryUsage of job (MB)
	7692  -  ResidentSetSize of job (KB)
...
006 (10042735.000.000) 08/09 17:55:40 Image size of job updated: 12092
	8  -  MemoryUsage of job (MB)
	7872  -  ResidentSetSize of job (KB)
...
006 (10042735.000.000) 08/09 18:15:42 Image size of job updated: 12140
	8  -  MemoryUsage of job (MB)
	7872  -  ResidentSetSize of job (KB)
...
005 (10042735.000.000) 08/09 18:20:56 Job terminated.
	(1) Normal termination (return value 0)
		Usr 0 01:58:34, Sys 0 00:00:19  -  Run Remote Usage
		Usr 0 00:00:00, Sys 0 00:00:00  -  Run Local Usage
		Usr 0 01:58:34, Sys 0 00:00:19  -  Total Remote Usage
		Usr 0 00:00:00, Sys 0 00:00:00  -  Total Local Usage
	0  -  Run Bytes Sent By Job
	0  -  Run Bytes Received By Job
	0  -  Total Bytes Sent By Job
	0  -  Total Bytes Received By Job
	Partitionable Resources :    Usage  Request Allocated
	   Cpus                 :                 1         1
	   Disk (KB)            :        5        5   1508535
	   Memory (MB)          :        8        1         1
...
