000 (10042602.000.000) 08/09 16:16:44 Job submitted from host: <10.5.0.46:9618?addrs=10.5.0.46-9618&noUDP&sock=2497_a07a_3>
...
001 (10042602.000.000) 08/09 16:17:04 Job executing on host: <10.5.155.70:9618?addrs=10.5.155.70-9618+[--1]-9618&noUDP&sock=2556_c829_3>
...
006 (10042602.000.000) 08/09 16:17:12 Image size of job updated: 11824
	8  -  MemoryUsage of job (MB)
	7472  -  ResidentSetSize of job (KB)
...
006 (10042602.000.000) 08/09 16:22:12 Image size of job updated: 11936
	8  -  MemoryUsage of job (MB)
	7496  -  ResidentSetSize of job (KB)
...
006 (10042602.000.000) 08/09 16:32:14 Image size of job updated: 11964
	8  -  MemoryUsage of job (MB)
	7508  -  ResidentSetSize of job (KB)
...
006 (10042602.000.000) 08/09 16:37:14 Image size of job updated: 12080
	8  -  MemoryUsage of job (MB)
	7600  -  ResidentSetSize of job (KB)
...
006 (10042602.000.000) 08/09 18:24:21 Image size of job updated: 12332
	8  -  MemoryUsage of job (MB)
	7600  -  ResidentSetSize of job (KB)
...
005 (10042602.000.000) 08/09 18:24:21 Job terminated.
	(1) Normal termination (return value 0)
		Usr 0 02:05:04, Sys 0 00:00:25  -  Run Remote Usage
		Usr 0 00:00:00, Sys 0 00:00:00  -  Run Local Usage
		Usr 0 02:05:04, Sys 0 00:00:25  -  Total Remote Usage
		Usr 0 00:00:00, Sys 0 00:00:00  -  Total Local Usage
	0  -  Run Bytes Sent By Job
	0  -  Run Bytes Received By Job
	0  -  Total Bytes Sent By Job
	0  -  Total Bytes Received By Job
	Partitionable Resources :    Usage  Request Allocated
	   Cpus                 :                 1         1
	   Disk (KB)            :        5        5   1508647
	   Memory (MB)          :        8        1         1
...
