000 (10042812.000.000) 08/09 16:20:43 Job submitted from host: <10.5.0.46:9618?addrs=10.5.0.46-9618&noUDP&sock=2497_a07a_3>
...
001 (10042812.000.000) 08/09 18:15:26 Job executing on host: <10.5.243.220:9618?addrs=10.5.243.220-9618+[--1]-9618&noUDP&sock=2555_1890_3>
...
006 (10042812.000.000) 08/09 18:15:35 Image size of job updated: 11708
	8  -  MemoryUsage of job (MB)
	7364  -  ResidentSetSize of job (KB)
...
006 (10042812.000.000) 08/09 18:20:36 Image size of job updated: 11916
	8  -  MemoryUsage of job (MB)
	7484  -  ResidentSetSize of job (KB)
...
006 (10042812.000.000) 08/09 19:20:40 Image size of job updated: 11932
	8  -  MemoryUsage of job (MB)
	7484  -  ResidentSetSize of job (KB)
...
006 (10042812.000.000) 08/09 20:05:45 Image size of job updated: 11948
	8  -  MemoryUsage of job (MB)
	7484  -  ResidentSetSize of job (KB)
...
005 (10042812.000.000) 08/09 20:14:09 Job terminated.
	(1) Normal termination (return value 0)
		Usr 0 01:57:32, Sys 0 00:00:24  -  Run Remote Usage
		Usr 0 00:00:00, Sys 0 00:00:00  -  Run Local Usage
		Usr 0 01:57:32, Sys 0 00:00:24  -  Total Remote Usage
		Usr 0 00:00:00, Sys 0 00:00:00  -  Total Local Usage
	0  -  Run Bytes Sent By Job
	0  -  Run Bytes Received By Job
	0  -  Total Bytes Sent By Job
	0  -  Total Bytes Received By Job
	Partitionable Resources :    Usage  Request Allocated
	   Cpus                 :                 1         1
	   Disk (KB)            :        5        5   1508651
	   Memory (MB)          :        8        1         1
...
