000 (10042483.000.000) 08/09 16:14:31 Job submitted from host: <10.5.0.46:9618?addrs=10.5.0.46-9618&noUDP&sock=2497_a07a_3>
...
001 (10042483.000.000) 08/09 16:14:41 Job executing on host: <10.5.155.56:9618?addrs=10.5.155.56-9618+[--1]-9618&noUDP&sock=2548_4b67_3>
...
006 (10042483.000.000) 08/09 16:14:49 Image size of job updated: 11804
	8  -  MemoryUsage of job (MB)
	7460  -  ResidentSetSize of job (KB)
...
006 (10042483.000.000) 08/09 16:19:49 Image size of job updated: 11932
	8  -  MemoryUsage of job (MB)
	7500  -  ResidentSetSize of job (KB)
...
006 (10042483.000.000) 08/09 16:39:50 Image size of job updated: 12004
	8  -  MemoryUsage of job (MB)
	7560  -  ResidentSetSize of job (KB)
...
006 (10042483.000.000) 08/09 17:14:54 Image size of job updated: 12328
	8  -  MemoryUsage of job (MB)
	7852  -  ResidentSetSize of job (KB)
...
006 (10042483.000.000) 08/09 17:34:56 Image size of job updated: 12396
	8  -  MemoryUsage of job (MB)
	7920  -  ResidentSetSize of job (KB)
...
006 (10042483.000.000) 08/09 18:19:34 Image size of job updated: 143624
	8  -  MemoryUsage of job (MB)
	7920  -  ResidentSetSize of job (KB)
...
005 (10042483.000.000) 08/09 18:19:34 Job terminated.
	(1) Normal termination (return value 0)
		Usr 0 02:02:37, Sys 0 00:00:24  -  Run Remote Usage
		Usr 0 00:00:00, Sys 0 00:00:00  -  Run Local Usage
		Usr 0 02:02:37, Sys 0 00:00:24  -  Total Remote Usage
		Usr 0 00:00:00, Sys 0 00:00:00  -  Total Local Usage
	0  -  Run Bytes Sent By Job
	0  -  Run Bytes Received By Job
	0  -  Total Bytes Sent By Job
	0  -  Total Bytes Received By Job
	Partitionable Resources :    Usage  Request Allocated
	   Cpus                 :                 1         1
	   Disk (KB)            :        5        5   1508651
	   Memory (MB)          :        8        1         1
...
