000 (10042294.000.000) 08/09 16:11:11 Job submitted from host: <10.5.0.46:9618?addrs=10.5.0.46-9618&noUDP&sock=2497_a07a_3>
...
001 (10042294.000.000) 08/09 16:11:25 Job executing on host: <10.5.166.184:9618?addrs=10.5.166.184-9618+[--1]-9618&noUDP&sock=2306_4d7b_3>
...
006 (10042294.000.000) 08/09 16:11:33 Image size of job updated: 12316
	8  -  MemoryUsage of job (MB)
	7484  -  ResidentSetSize of job (KB)
...
006 (10042294.000.000) 08/09 16:16:33 Image size of job updated: 12388
	8  -  MemoryUsage of job (MB)
	7484  -  ResidentSetSize of job (KB)
...
006 (10042294.000.000) 08/09 16:26:35 Image size of job updated: 12400
	8  -  MemoryUsage of job (MB)
	7484  -  ResidentSetSize of job (KB)
...
006 (10042294.000.000) 08/09 16:31:35 Image size of job updated: 12488
	8  -  MemoryUsage of job (MB)
	7548  -  ResidentSetSize of job (KB)
...
006 (10042294.000.000) 08/09 16:36:35 Image size of job updated: 12488
	8  -  MemoryUsage of job (MB)
	7812  -  ResidentSetSize of job (KB)
...
006 (10042294.000.000) 08/09 17:11:39 Image size of job updated: 12568
	8  -  MemoryUsage of job (MB)
	7812  -  ResidentSetSize of job (KB)
...
005 (10042294.000.000) 08/09 19:29:43 Job terminated.
	(1) Normal termination (return value 0)
		Usr 0 03:16:14, Sys 0 00:00:24  -  Run Remote Usage
		Usr 0 00:00:00, Sys 0 00:00:00  -  Run Local Usage
		Usr 0 03:16:14, Sys 0 00:00:24  -  Total Remote Usage
		Usr 0 00:00:00, Sys 0 00:00:00  -  Total Local Usage
	0  -  Run Bytes Sent By Job
	0  -  Run Bytes Received By Job
	0  -  Total Bytes Sent By Job
	0  -  Total Bytes Received By Job
	Partitionable Resources :    Usage  Request Allocated
	   Cpus                 :                 1         1
	   Disk (KB)            :        5        5   1508648
	   Memory (MB)          :        8        1         1
...
