000 (10042324.000.000) 08/09 16:11:43 Job submitted from host: <10.5.0.46:9618?addrs=10.5.0.46-9618&noUDP&sock=2497_a07a_3>
...
001 (10042324.000.000) 08/09 16:11:56 Job executing on host: <10.5.155.76:9618?addrs=10.5.155.76-9618+[--1]-9618&noUDP&sock=2550_aa97_3>
...
006 (10042324.000.000) 08/09 16:12:05 Image size of job updated: 11728
	8  -  MemoryUsage of job (MB)
	7384  -  ResidentSetSize of job (KB)
...
006 (10042324.000.000) 08/09 16:17:05 Image size of job updated: 11884
	8  -  MemoryUsage of job (MB)
	7420  -  ResidentSetSize of job (KB)
...
006 (10042324.000.000) 08/09 16:22:05 Image size of job updated: 11956
	8  -  MemoryUsage of job (MB)
	7492  -  ResidentSetSize of job (KB)
...
006 (10042324.000.000) 08/09 16:42:08 Image size of job updated: 11968
	8  -  MemoryUsage of job (MB)
	7492  -  ResidentSetSize of job (KB)
...
006 (10042324.000.000) 08/09 16:52:09 Image size of job updated: 12224
	8  -  MemoryUsage of job (MB)
	7748  -  ResidentSetSize of job (KB)
...
005 (10042324.000.000) 08/09 18:18:58 Job terminated.
	(1) Normal termination (return value 0)
		Usr 0 02:04:43, Sys 0 00:00:29  -  Run Remote Usage
		Usr 0 00:00:00, Sys 0 00:00:00  -  Run Local Usage
		Usr 0 02:04:43, Sys 0 00:00:29  -  Total Remote Usage
		Usr 0 00:00:00, Sys 0 00:00:00  -  Total Local Usage
	0  -  Run Bytes Sent By Job
	0  -  Run Bytes Received By Job
	0  -  Total Bytes Sent By Job
	0  -  Total Bytes Received By Job
	Partitionable Resources :    Usage  Request Allocated
	   Cpus                 :                 1         1
	   Disk (KB)            :        5        5   1508646
	   Memory (MB)          :        8        1         1
...
