000 (10042664.000.000) 08/09 16:17:50 Job submitted from host: <10.5.0.46:9618?addrs=10.5.0.46-9618&noUDP&sock=2497_a07a_3>
...
001 (10042664.000.000) 08/09 16:18:05 Job executing on host: <10.5.164.155:9618?addrs=10.5.164.155-9618+[--1]-9618&noUDP&sock=2553_b960_3>
...
006 (10042664.000.000) 08/09 16:18:13 Image size of job updated: 11756
	8  -  MemoryUsage of job (MB)
	7412  -  ResidentSetSize of job (KB)
...
006 (10042664.000.000) 08/09 16:23:13 Image size of job updated: 12320
	8  -  MemoryUsage of job (MB)
	7888  -  ResidentSetSize of job (KB)
...
006 (10042664.000.000) 08/09 16:28:14 Image size of job updated: 12340
	8  -  MemoryUsage of job (MB)
	7908  -  ResidentSetSize of job (KB)
...
006 (10042664.000.000) 08/09 16:38:15 Image size of job updated: 12344
	8  -  MemoryUsage of job (MB)
	7908  -  ResidentSetSize of job (KB)
...
006 (10042664.000.000) 08/09 16:48:16 Image size of job updated: 12604
	8  -  MemoryUsage of job (MB)
	8128  -  ResidentSetSize of job (KB)
...
006 (10042664.000.000) 08/09 16:53:16 Image size of job updated: 12772
	9  -  MemoryUsage of job (MB)
	8296  -  ResidentSetSize of job (KB)
...
005 (10042664.000.000) 08/09 18:25:08 Job terminated.
	(1) Normal termination (return value 0)
		Usr 0 02:05:43, Sys 0 00:00:30  -  Run Remote Usage
		Usr 0 00:00:00, Sys 0 00:00:00  -  Run Local Usage
		Usr 0 02:05:43, Sys 0 00:00:30  -  Total Remote Usage
		Usr 0 00:00:00, Sys 0 00:00:00  -  Total Local Usage
	0  -  Run Bytes Sent By Job
	0  -  Run Bytes Received By Job
	0  -  Total Bytes Sent By Job
	0  -  Total Bytes Received By Job
	Partitionable Resources :    Usage  Request Allocated
	   Cpus                 :                 1         1
	   Disk (KB)            :        5        5   1508649
	   Memory (MB)          :        9        1         1
...
