000 (10042793.000.000) 08/09 16:20:23 Job submitted from host: <10.5.0.46:9618?addrs=10.5.0.46-9618&noUDP&sock=2497_a07a_3>
...
001 (10042793.000.000) 08/09 17:09:03 Job executing on host: <10.5.163.227:9618?addrs=10.5.163.227-9618+[--1]-9618&noUDP&sock=2560_d6f1_3>
...
006 (10042793.000.000) 08/09 17:09:12 Image size of job updated: 11652
	8  -  MemoryUsage of job (MB)
	7308  -  ResidentSetSize of job (KB)
...
006 (10042793.000.000) 08/09 17:14:13 Image size of job updated: 11944
	8  -  MemoryUsage of job (MB)
	7480  -  ResidentSetSize of job (KB)
...
006 (10042793.000.000) 08/09 17:19:14 Image size of job updated: 11944
	8  -  MemoryUsage of job (MB)
	7560  -  ResidentSetSize of job (KB)
...
006 (10042793.000.000) 08/09 17:39:15 Image size of job updated: 11956
	8  -  MemoryUsage of job (MB)
	7560  -  ResidentSetSize of job (KB)
...
006 (10042793.000.000) 08/09 17:49:16 Image size of job updated: 11988
	8  -  MemoryUsage of job (MB)
	7560  -  ResidentSetSize of job (KB)
...
006 (10042793.000.000) 08/09 17:59:17 Image size of job updated: 11996
	8  -  MemoryUsage of job (MB)
	7560  -  ResidentSetSize of job (KB)
...
006 (10042793.000.000) 08/09 18:14:19 Image size of job updated: 12108
	8  -  MemoryUsage of job (MB)
	7632  -  ResidentSetSize of job (KB)
...
006 (10042793.000.000) 08/09 18:39:21 Image size of job updated: 12120
	8  -  MemoryUsage of job (MB)
	7644  -  ResidentSetSize of job (KB)
...
006 (10042793.000.000) 08/09 18:49:22 Image size of job updated: 12376
	8  -  MemoryUsage of job (MB)
	7900  -  ResidentSetSize of job (KB)
...
005 (10042793.000.000) 08/09 19:09:22 Job terminated.
	(1) Normal termination (return value 0)
		Usr 0 01:59:18, Sys 0 00:00:26  -  Run Remote Usage
		Usr 0 00:00:00, Sys 0 00:00:00  -  Run Local Usage
		Usr 0 01:59:18, Sys 0 00:00:26  -  Total Remote Usage
		Usr 0 00:00:00, Sys 0 00:00:00  -  Total Local Usage
	0  -  Run Bytes Sent By Job
	0  -  Run Bytes Received By Job
	0  -  Total Bytes Sent By Job
	0  -  Total Bytes Received By Job
	Partitionable Resources :    Usage  Request Allocated
	   Cpus                 :                 1         1
	   Disk (KB)            :        5        5   1508636
	   Memory (MB)          :        8        1         1
...
