000 (10042244.000.000) 08/09 16:10:18 Job submitted from host: <10.5.0.46:9618?addrs=10.5.0.46-9618&noUDP&sock=2497_a07a_3>
...
001 (10042244.000.000) 08/09 16:10:37 Job executing on host: <10.5.205.90:9618?addrs=10.5.205.90-9618+[--1]-9618&noUDP&sock=2562_e5ba_3>
...
006 (10042244.000.000) 08/09 16:10:45 Image size of job updated: 11728
	8  -  MemoryUsage of job (MB)
	7380  -  ResidentSetSize of job (KB)
...
006 (10042244.000.000) 08/09 16:15:45 Image size of job updated: 11892
	8  -  MemoryUsage of job (MB)
	7456  -  ResidentSetSize of job (KB)
...
006 (10042244.000.000) 08/09 16:35:46 Image size of job updated: 11916
	8  -  MemoryUsage of job (MB)
	7468  -  ResidentSetSize of job (KB)
...
006 (10042244.000.000) 08/09 17:10:49 Image size of job updated: 11924
	8  -  MemoryUsage of job (MB)
	7468  -  ResidentSetSize of job (KB)
...
006 (10042244.000.000) 08/09 17:20:50 Image size of job updated: 11944
	8  -  MemoryUsage of job (MB)
	7468  -  ResidentSetSize of job (KB)
...
006 (10042244.000.000) 08/09 17:30:51 Image size of job updated: 11972
	8  -  MemoryUsage of job (MB)
	7488  -  ResidentSetSize of job (KB)
...
006 (10042244.000.000) 08/09 17:40:52 Image size of job updated: 11984
	8  -  MemoryUsage of job (MB)
	7500  -  ResidentSetSize of job (KB)
...
006 (10042244.000.000) 08/09 17:45:53 Image size of job updated: 12008
	8  -  MemoryUsage of job (MB)
	7524  -  ResidentSetSize of job (KB)
...
006 (10042244.000.000) 08/09 17:50:54 Image size of job updated: 12024
	8  -  MemoryUsage of job (MB)
	7540  -  ResidentSetSize of job (KB)
...
006 (10042244.000.000) 08/09 17:55:54 Image size of job updated: 12024
	8  -  MemoryUsage of job (MB)
	7772  -  ResidentSetSize of job (KB)
...
005 (10042244.000.000) 08/09 18:16:25 Job terminated.
	(1) Normal termination (return value 0)
		Usr 0 02:03:34, Sys 0 00:00:29  -  Run Remote Usage
		Usr 0 00:00:00, Sys 0 00:00:00  -  Run Local Usage
		Usr 0 02:03:34, Sys 0 00:00:29  -  Total Remote Usage
		Usr 0 00:00:00, Sys 0 00:00:00  -  Total Local Usage
	0  -  Run Bytes Sent By Job
	0  -  Run Bytes Received By Job
	0  -  Total Bytes Sent By Job
	0  -  Total Bytes Received By Job
	Partitionable Resources :    Usage  Request Allocated
	   Cpus                 :                 1         1
	   Disk (KB)            :        5        5   1508642
	   Memory (MB)          :        8        1         1
...
