000 (10042351.000.000) 08/09 16:12:11 Job submitted from host: <10.5.0.46:9618?addrs=10.5.0.46-9618&noUDP&sock=2497_a07a_3>
...
001 (10042351.000.000) 08/09 16:12:16 Job executing on host: <10.5.175.78:9618?addrs=10.5.175.78-9618+[--1]-9618&noUDP&sock=2570_627c_3>
...
006 (10042351.000.000) 08/09 16:12:25 Image size of job updated: 11732
	8  -  MemoryUsage of job (MB)
	7388  -  ResidentSetSize of job (KB)
...
006 (10042351.000.000) 08/09 16:17:26 Image size of job updated: 12296
	8  -  MemoryUsage of job (MB)
	7864  -  ResidentSetSize of job (KB)
...
006 (10042351.000.000) 08/09 16:22:26 Image size of job updated: 12296
	8  -  MemoryUsage of job (MB)
	8136  -  ResidentSetSize of job (KB)
...
006 (10042351.000.000) 08/09 16:47:28 Image size of job updated: 12632
	8  -  MemoryUsage of job (MB)
	8156  -  ResidentSetSize of job (KB)
...
006 (10042351.000.000) 08/09 16:52:29 Image size of job updated: 12632
	9  -  MemoryUsage of job (MB)
	8256  -  ResidentSetSize of job (KB)
...
005 (10042351.000.000) 08/09 18:18:14 Job terminated.
	(1) Normal termination (return value 0)
		Usr 0 02:03:50, Sys 0 00:00:23  -  Run Remote Usage
		Usr 0 00:00:00, Sys 0 00:00:00  -  Run Local Usage
		Usr 0 02:03:50, Sys 0 00:00:23  -  Total Remote Usage
		Usr 0 00:00:00, Sys 0 00:00:00  -  Total Local Usage
	0  -  Run Bytes Sent By Job
	0  -  Run Bytes Received By Job
	0  -  Total Bytes Sent By Job
	0  -  Total Bytes Received By Job
	Partitionable Resources :    Usage  Request Allocated
	   Cpus                 :                 1         1
	   Disk (KB)            :        5        5   1508649
	   Memory (MB)          :        9        1         1
...
