000 (10042818.000.000) 08/09 16:20:49 Job submitted from host: <10.5.0.46:9618?addrs=10.5.0.46-9618&noUDP&sock=2497_a07a_3>
...
001 (10042818.000.000) 08/09 18:16:30 Job executing on host: <10.5.229.57:9618?addrs=10.5.229.57-9618+[--1]-9618&noUDP&sock=2564_9552_3>
...
006 (10042818.000.000) 08/09 18:16:40 Image size of job updated: 11680
	8  -  MemoryUsage of job (MB)
	7324  -  ResidentSetSize of job (KB)
...
006 (10042818.000.000) 08/09 18:21:40 Image size of job updated: 11868
	8  -  MemoryUsage of job (MB)
	7424  -  ResidentSetSize of job (KB)
...
006 (10042818.000.000) 08/09 18:31:41 Image size of job updated: 11884
	8  -  MemoryUsage of job (MB)
	7440  -  ResidentSetSize of job (KB)
...
006 (10042818.000.000) 08/09 18:36:42 Image size of job updated: 11896
	8  -  MemoryUsage of job (MB)
	7440  -  ResidentSetSize of job (KB)
...
006 (10042818.000.000) 08/09 18:46:43 Image size of job updated: 11980
	8  -  MemoryUsage of job (MB)
	7524  -  ResidentSetSize of job (KB)
...
006 (10042818.000.000) 08/09 19:01:44 Image size of job updated: 12384
	8  -  MemoryUsage of job (MB)
	7904  -  ResidentSetSize of job (KB)
...
005 (10042818.000.000) 08/09 20:14:18 Job terminated.
	(1) Normal termination (return value 0)
		Usr 0 01:56:36, Sys 0 00:00:27  -  Run Remote Usage
		Usr 0 00:00:00, Sys 0 00:00:00  -  Run Local Usage
		Usr 0 01:56:36, Sys 0 00:00:27  -  Total Remote Usage
		Usr 0 00:00:00, Sys 0 00:00:00  -  Total Local Usage
	0  -  Run Bytes Sent By Job
	0  -  Run Bytes Received By Job
	0  -  Total Bytes Sent By Job
	0  -  Total Bytes Received By Job
	Partitionable Resources :    Usage  Request Allocated
	   Cpus                 :                 1         1
	   Disk (KB)            :        5        5   1508009
	   Memory (MB)          :        8        1         1
...
