000 (10042198.000.000) 08/09 16:09:30 Job submitted from host: <10.5.0.46:9618?addrs=10.5.0.46-9618&noUDP&sock=2497_a07a_3>
...
001 (10042198.000.000) 08/09 16:09:46 Job executing on host: <10.5.243.220:9618?addrs=10.5.243.220-9618+[--1]-9618&noUDP&sock=2555_1890_3>
...
006 (10042198.000.000) 08/09 16:09:55 Image size of job updated: 13068
	8  -  MemoryUsage of job (MB)
	7364  -  ResidentSetSize of job (KB)
...
006 (10042198.000.000) 08/09 16:14:56 Image size of job updated: 13476
	8  -  MemoryUsage of job (MB)
	7664  -  ResidentSetSize of job (KB)
...
006 (10042198.000.000) 08/09 17:25:04 Image size of job updated: 13488
	8  -  MemoryUsage of job (MB)
	7664  -  ResidentSetSize of job (KB)
...
005 (10042198.000.000) 08/09 18:13:40 Job terminated.
	(1) Normal termination (return value 0)
		Usr 0 02:02:02, Sys 0 00:00:24  -  Run Remote Usage
		Usr 0 00:00:00, Sys 0 00:00:00  -  Run Local Usage
		Usr 0 02:02:02, Sys 0 00:00:24  -  Total Remote Usage
		Usr 0 00:00:00, Sys 0 00:00:00  -  Total Local Usage
	0  -  Run Bytes Sent By Job
	0  -  Run Bytes Received By Job
	0  -  Total Bytes Sent By Job
	0  -  Total Bytes Received By Job
	Partitionable Resources :    Usage  Request Allocated
	   Cpus                 :                 1         1
	   Disk (KB)            :        5        5   1508651
	   Memory (MB)          :        8        1         1
...
