000 (10042861.000.000) 08/09 16:21:35 Job submitted from host: <10.5.0.46:9618?addrs=10.5.0.46-9618&noUDP&sock=2497_a07a_3>
...
001 (10042861.000.000) 08/09 18:18:30 Job executing on host: <10.5.155.73:9618?addrs=10.5.155.73-9618+[--1]-9618&noUDP&sock=2544_8d06_3>
...
006 (10042861.000.000) 08/09 18:18:39 Image size of job updated: 11768
	8  -  MemoryUsage of job (MB)
	7424  -  ResidentSetSize of job (KB)
...
006 (10042861.000.000) 08/09 18:23:40 Image size of job updated: 11944
	8  -  MemoryUsage of job (MB)
	7512  -  ResidentSetSize of job (KB)
...
006 (10042861.000.000) 08/09 18:48:42 Image size of job updated: 11956
	8  -  MemoryUsage of job (MB)
	7512  -  ResidentSetSize of job (KB)
...
006 (10042861.000.000) 08/09 19:03:43 Image size of job updated: 11968
	8  -  MemoryUsage of job (MB)
	7512  -  ResidentSetSize of job (KB)
...
006 (10042861.000.000) 08/09 19:13:45 Image size of job updated: 12012
	8  -  MemoryUsage of job (MB)
	7536  -  ResidentSetSize of job (KB)
...
006 (10042861.000.000) 08/09 19:38:46 Image size of job updated: 12028
	8  -  MemoryUsage of job (MB)
	7552  -  ResidentSetSize of job (KB)
...
006 (10042861.000.000) 08/09 19:58:49 Image size of job updated: 12480
	8  -  MemoryUsage of job (MB)
	8004  -  ResidentSetSize of job (KB)
...
006 (10042861.000.000) 08/09 20:17:28 Image size of job updated: 143972
	8  -  MemoryUsage of job (MB)
	8004  -  ResidentSetSize of job (KB)
...
005 (10042861.000.000) 08/09 20:17:28 Job terminated.
	(1) Normal termination (return value 0)
		Usr 0 01:58:07, Sys 0 00:00:21  -  Run Remote Usage
		Usr 0 00:00:00, Sys 0 00:00:00  -  Run Local Usage
		Usr 0 01:58:07, Sys 0 00:00:21  -  Total Remote Usage
		Usr 0 00:00:00, Sys 0 00:00:00  -  Total Local Usage
	0  -  Run Bytes Sent By Job
	0  -  Run Bytes Received By Job
	0  -  Total Bytes Sent By Job
	0  -  Total Bytes Received By Job
	Partitionable Resources :    Usage  Request Allocated
	   Cpus                 :                 1         1
	   Disk (KB)            :        5        5   1508648
	   Memory (MB)          :        8        1         1
...
