000 (10042730.000.000) 08/09 16:18:59 Job submitted from host: <10.5.0.46:9618?addrs=10.5.0.46-9618&noUDP&sock=2497_a07a_3>
...
001 (10042730.000.000) 08/09 16:20:21 Job executing on host: <10.5.228.158:9618?addrs=10.5.228.158-9618+[--1]-9618&noUDP&sock=2540_1f0c_3>
...
006 (10042730.000.000) 08/09 16:20:30 Image size of job updated: 11744
	8  -  MemoryUsage of job (MB)
	7388  -  ResidentSetSize of job (KB)
...
006 (10042730.000.000) 08/09 16:25:30 Image size of job updated: 11848
	8  -  MemoryUsage of job (MB)
	7404  -  ResidentSetSize of job (KB)
...
006 (10042730.000.000) 08/09 16:30:30 Image size of job updated: 11972
	8  -  MemoryUsage of job (MB)
	7528  -  ResidentSetSize of job (KB)
...
006 (10042730.000.000) 08/09 16:35:31 Image size of job updated: 12004
	8  -  MemoryUsage of job (MB)
	7548  -  ResidentSetSize of job (KB)
...
006 (10042730.000.000) 08/09 16:50:32 Image size of job updated: 12184
	8  -  MemoryUsage of job (MB)
	7728  -  ResidentSetSize of job (KB)
...
006 (10042730.000.000) 08/09 18:07:39 Image size of job updated: 143760
	8  -  MemoryUsage of job (MB)
	7728  -  ResidentSetSize of job (KB)
...
005 (10042730.000.000) 08/09 18:07:39 Job terminated.
	(1) Normal termination (return value 0)
		Usr 0 01:45:45, Sys 0 00:00:21  -  Run Remote Usage
		Usr 0 00:00:00, Sys 0 00:00:00  -  Run Local Usage
		Usr 0 01:45:45, Sys 0 00:00:21  -  Total Remote Usage
		Usr 0 00:00:00, Sys 0 00:00:00  -  Total Local Usage
	0  -  Run Bytes Sent By Job
	0  -  Run Bytes Received By Job
	0  -  Total Bytes Sent By Job
	0  -  Total Bytes Received By Job
	Partitionable Resources :    Usage  Request Allocated
	   Cpus                 :                 1         1
	   Disk (KB)            :        5        5   1508013
	   Memory (MB)          :        8        1         1
...
