000 (10042622.000.000) 08/09 16:17:05 Job submitted from host: <10.5.0.46:9618?addrs=10.5.0.46-9618&noUDP&sock=2497_a07a_3>
...
001 (10042622.000.000) 08/09 16:17:23 Job executing on host: <10.5.155.46:9618?addrs=10.5.155.46-9618+[--1]-9618&noUDP&sock=2548_4b67_3>
...
006 (10042622.000.000) 08/09 16:17:32 Image size of job updated: 11804
	8  -  MemoryUsage of job (MB)
	7460  -  ResidentSetSize of job (KB)
...
006 (10042622.000.000) 08/09 16:22:33 Image size of job updated: 12160
	8  -  MemoryUsage of job (MB)
	7728  -  ResidentSetSize of job (KB)
...
006 (10042622.000.000) 08/09 16:27:34 Image size of job updated: 12304
	8  -  MemoryUsage of job (MB)
	7872  -  ResidentSetSize of job (KB)
...
006 (10042622.000.000) 08/09 16:32:34 Image size of job updated: 12388
	8  -  MemoryUsage of job (MB)
	7924  -  ResidentSetSize of job (KB)
...
006 (10042622.000.000) 08/09 16:57:36 Image size of job updated: 12392
	8  -  MemoryUsage of job (MB)
	7924  -  ResidentSetSize of job (KB)
...
006 (10042622.000.000) 08/09 18:22:12 Image size of job updated: 143700
	8  -  MemoryUsage of job (MB)
	7924  -  ResidentSetSize of job (KB)
...
005 (10042622.000.000) 08/09 18:22:12 Job terminated.
	(1) Normal termination (return value 0)
		Usr 0 02:02:38, Sys 0 00:00:24  -  Run Remote Usage
		Usr 0 00:00:00, Sys 0 00:00:00  -  Run Local Usage
		Usr 0 02:02:38, Sys 0 00:00:24  -  Total Remote Usage
		Usr 0 00:00:00, Sys 0 00:00:00  -  Total Local Usage
	0  -  Run Bytes Sent By Job
	0  -  Run Bytes Received By Job
	0  -  Total Bytes Sent By Job
	0  -  Total Bytes Received By Job
	Partitionable Resources :    Usage  Request Allocated
	   Cpus                 :                 1         1
	   Disk (KB)            :        5        5   1508643
	   Memory (MB)          :        8        1         1
...
