000 (10042475.000.000) 08/09 16:14:22 Job submitted from host: <10.5.0.46:9618?addrs=10.5.0.46-9618&noUDP&sock=2497_a07a_3>
...
001 (10042475.000.000) 08/09 16:14:39 Job executing on host: <10.5.228.89:9618?addrs=10.5.228.89-9618+[--1]-9618&noUDP&sock=2560_d6f1_3>
...
006 (10042475.000.000) 08/09 16:14:48 Image size of job updated: 11712
	8  -  MemoryUsage of job (MB)
	7360  -  ResidentSetSize of job (KB)
...
006 (10042475.000.000) 08/09 16:19:48 Image size of job updated: 11980
	8  -  MemoryUsage of job (MB)
	7512  -  ResidentSetSize of job (KB)
...
006 (10042475.000.000) 08/09 16:39:50 Image size of job updated: 12120
	8  -  MemoryUsage of job (MB)
	7640  -  ResidentSetSize of job (KB)
...
006 (10042475.000.000) 08/09 16:49:52 Image size of job updated: 12280
	8  -  MemoryUsage of job (MB)
	7800  -  ResidentSetSize of job (KB)
...
005 (10042475.000.000) 08/09 18:26:40 Job terminated.
	(1) Normal termination (return value 0)
		Usr 0 02:09:53, Sys 0 00:00:32  -  Run Remote Usage
		Usr 0 00:00:00, Sys 0 00:00:00  -  Run Local Usage
		Usr 0 02:09:53, Sys 0 00:00:32  -  Total Remote Usage
		Usr 0 00:00:00, Sys 0 00:00:00  -  Total Local Usage
	0  -  Run Bytes Sent By Job
	0  -  Run Bytes Received By Job
	0  -  Total Bytes Sent By Job
	0  -  Total Bytes Received By Job
	Partitionable Resources :    Usage  Request Allocated
	   Cpus                 :                 1         1
	   Disk (KB)            :        5        5   1508010
	   Memory (MB)          :        8        1         1
...
