000 (10042619.000.000) 08/09 16:17:02 Job submitted from host: <10.5.0.46:9618?addrs=10.5.0.46-9618&noUDP&sock=2497_a07a_3>
...
001 (10042619.000.000) 08/09 16:17:24 Job executing on host: <10.5.228.89:9618?addrs=10.5.228.89-9618+[--1]-9618&noUDP&sock=2560_d6f1_3>
...
006 (10042619.000.000) 08/09 16:17:33 Image size of job updated: 12264
	8  -  MemoryUsage of job (MB)
	7920  -  ResidentSetSize of job (KB)
...
006 (10042619.000.000) 08/09 17:12:38 Image size of job updated: 12440
	8  -  MemoryUsage of job (MB)
	7996  -  ResidentSetSize of job (KB)
...
006 (10042619.000.000) 08/09 18:29:23 Image size of job updated: 12472
	8  -  MemoryUsage of job (MB)
	7996  -  ResidentSetSize of job (KB)
...
005 (10042619.000.000) 08/09 18:29:23 Job terminated.
	(1) Normal termination (return value 0)
		Usr 0 02:10:33, Sys 0 00:00:32  -  Run Remote Usage
		Usr 0 00:00:00, Sys 0 00:00:00  -  Run Local Usage
		Usr 0 02:10:33, Sys 0 00:00:32  -  Total Remote Usage
		Usr 0 00:00:00, Sys 0 00:00:00  -  Total Local Usage
	0  -  Run Bytes Sent By Job
	0  -  Run Bytes Received By Job
	0  -  Total Bytes Sent By Job
	0  -  Total Bytes Received By Job
	Partitionable Resources :    Usage  Request Allocated
	   Cpus                 :                 1         1
	   Disk (KB)            :        5        5   1508010
	   Memory (MB)          :        8        1         1
...
