000 (10042804.000.000) 08/09 16:20:34 Job submitted from host: <10.5.0.46:9618?addrs=10.5.0.46-9618&noUDP&sock=2497_a07a_3>
...
001 (10042804.000.000) 08/09 17:10:05 Job executing on host: <10.5.160.99:9618?addrs=10.5.160.99-9618+[--1]-9618&noUDP&sock=2557_77c1_3>
...
006 (10042804.000.000) 08/09 17:10:13 Image size of job updated: 11740
	8  -  MemoryUsage of job (MB)
	7396  -  ResidentSetSize of job (KB)
...
006 (10042804.000.000) 08/09 17:15:14 Image size of job updated: 11860
	8  -  MemoryUsage of job (MB)
	7428  -  ResidentSetSize of job (KB)
...
006 (10042804.000.000) 08/09 17:20:15 Image size of job updated: 11944
	8  -  MemoryUsage of job (MB)
	7512  -  ResidentSetSize of job (KB)
...
006 (10042804.000.000) 08/09 17:35:16 Image size of job updated: 12032
	8  -  MemoryUsage of job (MB)
	7588  -  ResidentSetSize of job (KB)
...
006 (10042804.000.000) 08/09 17:50:17 Image size of job updated: 12044
	8  -  MemoryUsage of job (MB)
	7600  -  ResidentSetSize of job (KB)
...
006 (10042804.000.000) 08/09 18:10:20 Image size of job updated: 12252
	8  -  MemoryUsage of job (MB)
	7808  -  ResidentSetSize of job (KB)
...
006 (10042804.000.000) 08/09 18:15:20 Image size of job updated: 12252
	8  -  MemoryUsage of job (MB)
	7972  -  ResidentSetSize of job (KB)
...
006 (10042804.000.000) 08/09 19:10:25 Image size of job updated: 12488
	8  -  MemoryUsage of job (MB)
	8012  -  ResidentSetSize of job (KB)
...
006 (10042804.000.000) 08/09 19:10:28 Image size of job updated: 144204
	8  -  MemoryUsage of job (MB)
	8012  -  ResidentSetSize of job (KB)
...
005 (10042804.000.000) 08/09 19:10:28 Job terminated.
	(1) Normal termination (return value 0)
		Usr 0 01:59:32, Sys 0 00:00:22  -  Run Remote Usage
		Usr 0 00:00:00, Sys 0 00:00:00  -  Run Local Usage
		Usr 0 01:59:32, Sys 0 00:00:22  -  Total Remote Usage
		Usr 0 00:00:00, Sys 0 00:00:00  -  Total Local Usage
	0  -  Run Bytes Sent By Job
	0  -  Run Bytes Received By Job
	0  -  Total Bytes Sent By Job
	0  -  Total Bytes Received By Job
	Partitionable Resources :    Usage  Request Allocated
	   Cpus                 :                 1         1
	   Disk (KB)            :        5        5   1508644
	   Memory (MB)          :        8        1         1
...
