000 (10042879.000.000) 08/09 16:21:54 Job submitted from host: <10.5.0.46:9618?addrs=10.5.0.46-9618&noUDP&sock=2497_a07a_3>
...
001 (10042879.000.000) 08/09 18:19:29 Job executing on host: <10.5.164.155:9618?addrs=10.5.164.155-9618+[--1]-9618&noUDP&sock=2553_b960_3>
...
006 (10042879.000.000) 08/09 18:19:38 Image size of job updated: 11752
	8  -  MemoryUsage of job (MB)
	7396  -  ResidentSetSize of job (KB)
...
006 (10042879.000.000) 08/09 18:24:39 Image size of job updated: 11884
	8  -  MemoryUsage of job (MB)
	7440  -  ResidentSetSize of job (KB)
...
006 (10042879.000.000) 08/09 18:29:40 Image size of job updated: 11892
	8  -  MemoryUsage of job (MB)
	7448  -  ResidentSetSize of job (KB)
...
006 (10042879.000.000) 08/09 18:44:42 Image size of job updated: 11956
	8  -  MemoryUsage of job (MB)
	7500  -  ResidentSetSize of job (KB)
...
006 (10042879.000.000) 08/09 18:49:42 Image size of job updated: 11980
	8  -  MemoryUsage of job (MB)
	7500  -  ResidentSetSize of job (KB)
...
006 (10042879.000.000) 08/09 18:54:42 Image size of job updated: 11980
	8  -  MemoryUsage of job (MB)
	7768  -  ResidentSetSize of job (KB)
...
005 (10042879.000.000) 08/09 20:17:16 Job terminated.
	(1) Normal termination (return value 0)
		Usr 0 01:57:01, Sys 0 00:00:19  -  Run Remote Usage
		Usr 0 00:00:00, Sys 0 00:00:00  -  Run Local Usage
		Usr 0 01:57:01, Sys 0 00:00:19  -  Total Remote Usage
		Usr 0 00:00:00, Sys 0 00:00:00  -  Total Local Usage
	0  -  Run Bytes Sent By Job
	0  -  Run Bytes Received By Job
	0  -  Total Bytes Sent By Job
	0  -  Total Bytes Received By Job
	Partitionable Resources :    Usage  Request Allocated
	   Cpus                 :                 1         1
	   Disk (KB)            :        5        5   1508649
	   Memory (MB)          :        8        1         1
...
