000 (10042869.000.000) 08/09 16:21:44 Job submitted from host: <10.5.0.46:9618?addrs=10.5.0.46-9618&noUDP&sock=2497_a07a_3>
...
001 (10042869.000.000) 08/09 18:18:30 Job executing on host: <10.5.157.60:9618?addrs=10.5.157.60-9618+[--1]-9618&noUDP&sock=2533_017b_3>
...
006 (10042869.000.000) 08/09 18:18:39 Image size of job updated: 11768
	8  -  MemoryUsage of job (MB)
	7424  -  ResidentSetSize of job (KB)
...
006 (10042869.000.000) 08/09 18:23:40 Image size of job updated: 11776
	8  -  MemoryUsage of job (MB)
	7424  -  ResidentSetSize of job (KB)
...
006 (10042869.000.000) 08/09 18:28:40 Image size of job updated: 11796
	8  -  MemoryUsage of job (MB)
	7424  -  ResidentSetSize of job (KB)
...
006 (10042869.000.000) 08/09 18:33:40 Image size of job updated: 11856
	8  -  MemoryUsage of job (MB)
	7424  -  ResidentSetSize of job (KB)
...
006 (10042869.000.000) 08/09 18:38:41 Image size of job updated: 11868
	8  -  MemoryUsage of job (MB)
	7424  -  ResidentSetSize of job (KB)
...
006 (10042869.000.000) 08/09 18:43:41 Image size of job updated: 11924
	8  -  MemoryUsage of job (MB)
	7448  -  ResidentSetSize of job (KB)
...
006 (10042869.000.000) 08/09 18:53:42 Image size of job updated: 12020
	8  -  MemoryUsage of job (MB)
	7544  -  ResidentSetSize of job (KB)
...
006 (10042869.000.000) 08/09 18:58:43 Image size of job updated: 12020
	8  -  MemoryUsage of job (MB)
	7800  -  ResidentSetSize of job (KB)
...
006 (10042869.000.000) 08/09 19:28:46 Image size of job updated: 12332
	8  -  MemoryUsage of job (MB)
	7856  -  ResidentSetSize of job (KB)
...
005 (10042869.000.000) 08/09 20:17:22 Job terminated.
	(1) Normal termination (return value 0)
		Usr 0 01:57:33, Sys 0 00:00:41  -  Run Remote Usage
		Usr 0 00:00:00, Sys 0 00:00:00  -  Run Local Usage
		Usr 0 01:57:33, Sys 0 00:00:41  -  Total Remote Usage
		Usr 0 00:00:00, Sys 0 00:00:00  -  Total Local Usage
	0  -  Run Bytes Sent By Job
	0  -  Run Bytes Received By Job
	0  -  Total Bytes Sent By Job
	0  -  Total Bytes Received By Job
	Partitionable Resources :    Usage  Request Allocated
	   Cpus                 :                 1         1
	   Disk (KB)            :        5        5   1508650
	   Memory (MB)          :        8        1         1
...
