000 (10042587.000.000) 08/09 16:16:28 Job submitted from host: <10.5.0.46:9618?addrs=10.5.0.46-9618&noUDP&sock=2497_a07a_3>
...
001 (10042587.000.000) 08/09 16:16:48 Job executing on host: <10.5.155.46:9618?addrs=10.5.155.46-9618+[--1]-9618&noUDP&sock=2548_4b67_3>
...
006 (10042587.000.000) 08/09 16:16:56 Image size of job updated: 11824
	8  -  MemoryUsage of job (MB)
	7472  -  ResidentSetSize of job (KB)
...
006 (10042587.000.000) 08/09 16:21:56 Image size of job updated: 11896
	8  -  MemoryUsage of job (MB)
	7472  -  ResidentSetSize of job (KB)
...
006 (10042587.000.000) 08/09 16:26:57 Image size of job updated: 11952
	8  -  MemoryUsage of job (MB)
	7512  -  ResidentSetSize of job (KB)
...
006 (10042587.000.000) 08/09 16:36:58 Image size of job updated: 12108
	8  -  MemoryUsage of job (MB)
	7656  -  ResidentSetSize of job (KB)
...
006 (10042587.000.000) 08/09 18:22:08 Image size of job updated: 143620
	8  -  MemoryUsage of job (MB)
	7656  -  ResidentSetSize of job (KB)
...
005 (10042587.000.000) 08/09 18:22:08 Job terminated.
	(1) Normal termination (return value 0)
		Usr 0 02:03:03, Sys 0 00:00:25  -  Run Remote Usage
		Usr 0 00:00:00, Sys 0 00:00:00  -  Run Local Usage
		Usr 0 02:03:03, Sys 0 00:00:25  -  Total Remote Usage
		Usr 0 00:00:00, Sys 0 00:00:00  -  Total Local Usage
	0  -  Run Bytes Sent By Job
	0  -  Run Bytes Received By Job
	0  -  Total Bytes Sent By Job
	0  -  Total Bytes Received By Job
	Partitionable Resources :    Usage  Request Allocated
	   Cpus                 :                 1         1
	   Disk (KB)            :        5        5   1508643
	   Memory (MB)          :        8        1         1
...
