000 (10042332.000.000) 08/09 16:11:51 Job submitted from host: <10.5.0.46:9618?addrs=10.5.0.46-9618&noUDP&sock=2497_a07a_3>
...
001 (10042332.000.000) 08/09 16:11:59 Job executing on host: <10.5.175.78:9618?addrs=10.5.175.78-9618+[--1]-9618&noUDP&sock=2570_627c_3>
...
006 (10042332.000.000) 08/09 16:12:07 Image size of job updated: 12224
	8  -  MemoryUsage of job (MB)
	7384  -  ResidentSetSize of job (KB)
...
006 (10042332.000.000) 08/09 16:17:07 Image size of job updated: 12516
	8  -  MemoryUsage of job (MB)
	7552  -  ResidentSetSize of job (KB)
...
006 (10042332.000.000) 08/09 16:27:09 Image size of job updated: 12516
	8  -  MemoryUsage of job (MB)
	7612  -  ResidentSetSize of job (KB)
...
006 (10042332.000.000) 08/09 16:37:10 Image size of job updated: 12528
	8  -  MemoryUsage of job (MB)
	7612  -  ResidentSetSize of job (KB)
...
006 (10042332.000.000) 08/09 16:42:11 Image size of job updated: 12572
	8  -  MemoryUsage of job (MB)
	7612  -  ResidentSetSize of job (KB)
...
006 (10042332.000.000) 08/09 16:47:11 Image size of job updated: 12892
	8  -  MemoryUsage of job (MB)
	7884  -  ResidentSetSize of job (KB)
...
006 (10042332.000.000) 08/09 16:57:12 Image size of job updated: 12892
	8  -  MemoryUsage of job (MB)
	7920  -  ResidentSetSize of job (KB)
...
005 (10042332.000.000) 08/09 18:19:54 Job terminated.
	(1) Normal termination (return value 0)
		Usr 0 02:05:43, Sys 0 00:00:24  -  Run Remote Usage
		Usr 0 00:00:00, Sys 0 00:00:00  -  Run Local Usage
		Usr 0 02:05:43, Sys 0 00:00:24  -  Total Remote Usage
		Usr 0 00:00:00, Sys 0 00:00:00  -  Total Local Usage
	0  -  Run Bytes Sent By Job
	0  -  Run Bytes Received By Job
	0  -  Total Bytes Sent By Job
	0  -  Total Bytes Received By Job
	Partitionable Resources :    Usage  Request Allocated
	   Cpus                 :                 1         1
	   Disk (KB)            :        5        5   1508649
	   Memory (MB)          :        8        1         1
...
