000 (10042826.000.000) 08/09 16:20:58 Job submitted from host: <10.5.0.46:9618?addrs=10.5.0.46-9618&noUDP&sock=2497_a07a_3>
...
001 (10042826.000.000) 08/09 18:16:31 Job executing on host: <10.5.243.220:9618?addrs=10.5.243.220-9618+[--1]-9618&noUDP&sock=2555_1890_3>
...
006 (10042826.000.000) 08/09 18:16:39 Image size of job updated: 11668
	8  -  MemoryUsage of job (MB)
	7316  -  ResidentSetSize of job (KB)
...
006 (10042826.000.000) 08/09 18:21:39 Image size of job updated: 11920
	8  -  MemoryUsage of job (MB)
	7480  -  ResidentSetSize of job (KB)
...
006 (10042826.000.000) 08/09 18:36:40 Image size of job updated: 11968
	8  -  MemoryUsage of job (MB)
	7516  -  ResidentSetSize of job (KB)
...
006 (10042826.000.000) 08/09 19:41:47 Image size of job updated: 12004
	8  -  MemoryUsage of job (MB)
	7552  -  ResidentSetSize of job (KB)
...
005 (10042826.000.000) 08/09 20:14:31 Job terminated.
	(1) Normal termination (return value 0)
		Usr 0 01:56:49, Sys 0 00:00:23  -  Run Remote Usage
		Usr 0 00:00:00, Sys 0 00:00:00  -  Run Local Usage
		Usr 0 01:56:49, Sys 0 00:00:23  -  Total Remote Usage
		Usr 0 00:00:00, Sys 0 00:00:00  -  Total Local Usage
	0  -  Run Bytes Sent By Job
	0  -  Run Bytes Received By Job
	0  -  Total Bytes Sent By Job
	0  -  Total Bytes Received By Job
	Partitionable Resources :    Usage  Request Allocated
	   Cpus                 :                 1         1
	   Disk (KB)            :        5        5   1508651
	   Memory (MB)          :        8        1         1
...
