000 (10042383.000.000) 08/09 16:12:45 Job submitted from host: <10.5.0.46:9618?addrs=10.5.0.46-9618&noUDP&sock=2497_a07a_3>
...
001 (10042383.000.000) 08/09 16:12:55 Job executing on host: <10.5.160.228:9618?addrs=10.5.160.228-9618+[--1]-9618&noUDP&sock=2547_9bce_3>
...
006 (10042383.000.000) 08/09 16:13:03 Image size of job updated: 11816
	8  -  MemoryUsage of job (MB)
	7464  -  ResidentSetSize of job (KB)
...
006 (10042383.000.000) 08/09 16:18:03 Image size of job updated: 11824
	8  -  MemoryUsage of job (MB)
	7464  -  ResidentSetSize of job (KB)
...
006 (10042383.000.000) 08/09 16:23:04 Image size of job updated: 11880
	8  -  MemoryUsage of job (MB)
	7464  -  ResidentSetSize of job (KB)
...
006 (10042383.000.000) 08/09 16:28:04 Image size of job updated: 11928
	8  -  MemoryUsage of job (MB)
	7488  -  ResidentSetSize of job (KB)
...
006 (10042383.000.000) 08/09 16:33:04 Image size of job updated: 11928
	8  -  MemoryUsage of job (MB)
	7564  -  ResidentSetSize of job (KB)
...
006 (10042383.000.000) 08/09 16:38:05 Image size of job updated: 12312
	8  -  MemoryUsage of job (MB)
	7836  -  ResidentSetSize of job (KB)
...
006 (10042383.000.000) 08/09 17:33:11 Image size of job updated: 12312
	8  -  MemoryUsage of job (MB)
	7868  -  ResidentSetSize of job (KB)
...
006 (10042383.000.000) 08/09 17:38:11 Image size of job updated: 12364
	8  -  MemoryUsage of job (MB)
	7880  -  ResidentSetSize of job (KB)
...
005 (10042383.000.000) 08/09 18:20:22 Job terminated.
	(1) Normal termination (return value 0)
		Usr 0 02:05:12, Sys 0 00:00:26  -  Run Remote Usage
		Usr 0 00:00:00, Sys 0 00:00:00  -  Run Local Usage
		Usr 0 02:05:12, Sys 0 00:00:26  -  Total Remote Usage
		Usr 0 00:00:00, Sys 0 00:00:00  -  Total Local Usage
	0  -  Run Bytes Sent By Job
	0  -  Run Bytes Received By Job
	0  -  Total Bytes Sent By Job
	0  -  Total Bytes Received By Job
	Partitionable Resources :    Usage  Request Allocated
	   Cpus                 :                 1         1
	   Disk (KB)            :        5        5   1508653
	   Memory (MB)          :        8        1         1
...
