000 (10042688.000.000) 08/09 16:18:16 Job submitted from host: <10.5.0.46:9618?addrs=10.5.0.46-9618&noUDP&sock=2497_a07a_3>
...
001 (10042688.000.000) 08/09 16:18:26 Job executing on host: <10.5.157.101:9618?addrs=10.5.157.101-9618+[--1]-9618&noUDP&sock=2553_09c8_3>
...
006 (10042688.000.000) 08/09 16:18:34 Image size of job updated: 11804
	8  -  MemoryUsage of job (MB)
	7460  -  ResidentSetSize of job (KB)
...
006 (10042688.000.000) 08/09 16:23:34 Image size of job updated: 11828
	8  -  MemoryUsage of job (MB)
	7460  -  ResidentSetSize of job (KB)
...
006 (10042688.000.000) 08/09 16:28:34 Image size of job updated: 11876
	8  -  MemoryUsage of job (MB)
	7460  -  ResidentSetSize of job (KB)
...
006 (10042688.000.000) 08/09 16:38:35 Image size of job updated: 11888
	8  -  MemoryUsage of job (MB)
	7460  -  ResidentSetSize of job (KB)
...
006 (10042688.000.000) 08/09 16:48:36 Image size of job updated: 12056
	8  -  MemoryUsage of job (MB)
	7580  -  ResidentSetSize of job (KB)
...
006 (10042688.000.000) 08/09 17:18:39 Image size of job updated: 12056
	8  -  MemoryUsage of job (MB)
	7588  -  ResidentSetSize of job (KB)
...
006 (10042688.000.000) 08/09 17:48:42 Image size of job updated: 12056
	8  -  MemoryUsage of job (MB)
	7688  -  ResidentSetSize of job (KB)
...
006 (10042688.000.000) 08/09 18:29:45 Image size of job updated: 143680
	8  -  MemoryUsage of job (MB)
	7688  -  ResidentSetSize of job (KB)
...
005 (10042688.000.000) 08/09 18:29:45 Job terminated.
	(1) Normal termination (return value 0)
		Usr 0 02:10:20, Sys 0 00:00:29  -  Run Remote Usage
		Usr 0 00:00:00, Sys 0 00:00:00  -  Run Local Usage
		Usr 0 02:10:20, Sys 0 00:00:29  -  Total Remote Usage
		Usr 0 00:00:00, Sys 0 00:00:00  -  Total Local Usage
	0  -  Run Bytes Sent By Job
	0  -  Run Bytes Received By Job
	0  -  Total Bytes Sent By Job
	0  -  Total Bytes Received By Job
	Partitionable Resources :    Usage  Request Allocated
	   Cpus                 :                 1         1
	   Disk (KB)            :        5        5   1508637
	   Memory (MB)          :        8        1         1
...
