000 (10042276.000.000) 08/09 16:10:52 Job submitted from host: <10.5.0.46:9618?addrs=10.5.0.46-9618&noUDP&sock=2497_a07a_3>
...
001 (10042276.000.000) 08/09 16:11:16 Job executing on host: <10.5.192.180:9618?addrs=10.5.192.180-9618+[--1]-9618&noUDP&sock=2185_9eed_3>
...
006 (10042276.000.000) 08/09 16:11:25 Image size of job updated: 11692
	8  -  MemoryUsage of job (MB)
	7364  -  ResidentSetSize of job (KB)
...
006 (10042276.000.000) 08/09 16:16:25 Image size of job updated: 11812
	8  -  MemoryUsage of job (MB)
	7376  -  ResidentSetSize of job (KB)
...
006 (10042276.000.000) 08/09 16:21:25 Image size of job updated: 11836
	8  -  MemoryUsage of job (MB)
	7400  -  ResidentSetSize of job (KB)
...
006 (10042276.000.000) 08/09 16:26:26 Image size of job updated: 11852
	8  -  MemoryUsage of job (MB)
	7416  -  ResidentSetSize of job (KB)
...
006 (10042276.000.000) 08/09 16:31:26 Image size of job updated: 11924
	8  -  MemoryUsage of job (MB)
	7476  -  ResidentSetSize of job (KB)
...
006 (10042276.000.000) 08/09 16:46:28 Image size of job updated: 12040
	8  -  MemoryUsage of job (MB)
	7592  -  ResidentSetSize of job (KB)
...
006 (10042276.000.000) 08/09 17:16:31 Image size of job updated: 12056
	8  -  MemoryUsage of job (MB)
	7608  -  ResidentSetSize of job (KB)
...
006 (10042276.000.000) 08/09 17:31:33 Image size of job updated: 12288
	8  -  MemoryUsage of job (MB)
	7840  -  ResidentSetSize of job (KB)
...
005 (10042276.000.000) 08/09 18:31:00 Job terminated.
	(1) Normal termination (return value 0)
		Usr 0 02:18:48, Sys 0 00:00:25  -  Run Remote Usage
		Usr 0 00:00:00, Sys 0 00:00:00  -  Run Local Usage
		Usr 0 02:18:48, Sys 0 00:00:25  -  Total Remote Usage
		Usr 0 00:00:00, Sys 0 00:00:00  -  Total Local Usage
	0  -  Run Bytes Sent By Job
	0  -  Run Bytes Received By Job
	0  -  Total Bytes Sent By Job
	0  -  Total Bytes Received By Job
	Partitionable Resources :    Usage  Request Allocated
	   Cpus                 :                 1         1
	   Disk (KB)            :        5        5   1505013
	   Memory (MB)          :        8        1         1
...
