000 (10042237.000.000) 08/09 16:10:11 Job submitted from host: <10.5.0.46:9618?addrs=10.5.0.46-9618&noUDP&sock=2497_a07a_3>
...
001 (10042237.000.000) 08/09 16:10:27 Job executing on host: <10.5.226.32:9618?addrs=10.5.226.32-9618+[--1]-9618&noUDP&sock=2551_5a2f_3>
...
006 (10042237.000.000) 08/09 16:10:35 Image size of job updated: 11840
	8  -  MemoryUsage of job (MB)
	7488  -  ResidentSetSize of job (KB)
...
006 (10042237.000.000) 08/09 16:20:35 Image size of job updated: 11892
	8  -  MemoryUsage of job (MB)
	7488  -  ResidentSetSize of job (KB)
...
006 (10042237.000.000) 08/09 16:25:36 Image size of job updated: 11908
	8  -  MemoryUsage of job (MB)
	7488  -  ResidentSetSize of job (KB)
...
006 (10042237.000.000) 08/09 16:40:37 Image size of job updated: 12060
	8  -  MemoryUsage of job (MB)
	7580  -  ResidentSetSize of job (KB)
...
006 (10042237.000.000) 08/09 18:15:46 Image size of job updated: 12132
	8  -  MemoryUsage of job (MB)
	7652  -  ResidentSetSize of job (KB)
...
005 (10042237.000.000) 08/09 18:17:46 Job terminated.
	(1) Normal termination (return value 0)
		Usr 0 02:05:16, Sys 0 00:00:31  -  Run Remote Usage
		Usr 0 00:00:00, Sys 0 00:00:00  -  Run Local Usage
		Usr 0 02:05:16, Sys 0 00:00:31  -  Total Remote Usage
		Usr 0 00:00:00, Sys 0 00:00:00  -  Total Local Usage
	0  -  Run Bytes Sent By Job
	0  -  Run Bytes Received By Job
	0  -  Total Bytes Sent By Job
	0  -  Total Bytes Received By Job
	Partitionable Resources :    Usage  Request Allocated
	   Cpus                 :                 1         1
	   Disk (KB)            :        5        5   1508650
	   Memory (MB)          :        8        1         1
...
