000 (10042401.000.000) 08/09 16:13:04 Job submitted from host: <10.5.0.46:9618?addrs=10.5.0.46-9618&noUDP&sock=2497_a07a_3>
...
001 (10042401.000.000) 08/09 16:13:18 Job executing on host: <10.5.163.227:9618?addrs=10.5.163.227-9618+[--1]-9618&noUDP&sock=2560_d6f1_3>
...
006 (10042401.000.000) 08/09 16:13:26 Image size of job updated: 11760
	8  -  MemoryUsage of job (MB)
	7412  -  ResidentSetSize of job (KB)
...
006 (10042401.000.000) 08/09 16:18:26 Image size of job updated: 12000
	8  -  MemoryUsage of job (MB)
	7564  -  ResidentSetSize of job (KB)
...
006 (10042401.000.000) 08/09 16:23:27 Image size of job updated: 12164
	8  -  MemoryUsage of job (MB)
	7728  -  ResidentSetSize of job (KB)
...
006 (10042401.000.000) 08/09 16:48:29 Image size of job updated: 12320
	8  -  MemoryUsage of job (MB)
	7844  -  ResidentSetSize of job (KB)
...
006 (10042401.000.000) 08/09 17:03:31 Image size of job updated: 12576
	8  -  MemoryUsage of job (MB)
	8096  -  ResidentSetSize of job (KB)
...
005 (10042401.000.000) 08/09 18:18:15 Job terminated.
	(1) Normal termination (return value 0)
		Usr 0 02:02:03, Sys 0 00:00:23  -  Run Remote Usage
		Usr 0 00:00:00, Sys 0 00:00:00  -  Run Local Usage
		Usr 0 02:02:03, Sys 0 00:00:23  -  Total Remote Usage
		Usr 0 00:00:00, Sys 0 00:00:00  -  Total Local Usage
	0  -  Run Bytes Sent By Job
	0  -  Run Bytes Received By Job
	0  -  Total Bytes Sent By Job
	0  -  Total Bytes Received By Job
	Partitionable Resources :    Usage  Request Allocated
	   Cpus                 :                 1         1
	   Disk (KB)            :        5        5   1508636
	   Memory (MB)          :        8        1         1
...
