000 (10042509.000.000) 08/09 16:14:58 Job submitted from host: <10.5.0.46:9618?addrs=10.5.0.46-9618&noUDP&sock=2497_a07a_3>
...
001 (10042509.000.000) 08/09 16:15:20 Job executing on host: <10.5.228.57:9618?addrs=10.5.228.57-9618+[--1]-9618&noUDP&sock=2558_2759_3>
...
006 (10042509.000.000) 08/09 16:15:29 Image size of job updated: 11716
	8  -  MemoryUsage of job (MB)
	7364  -  ResidentSetSize of job (KB)
...
006 (10042509.000.000) 08/09 16:20:30 Image size of job updated: 12204
	8  -  MemoryUsage of job (MB)
	7764  -  ResidentSetSize of job (KB)
...
006 (10042509.000.000) 08/09 16:35:32 Image size of job updated: 12212
	8  -  MemoryUsage of job (MB)
	7764  -  ResidentSetSize of job (KB)
...
006 (10042509.000.000) 08/09 16:45:33 Image size of job updated: 12472
	8  -  MemoryUsage of job (MB)
	7992  -  ResidentSetSize of job (KB)
...
005 (10042509.000.000) 08/09 18:21:28 Job terminated.
	(1) Normal termination (return value 0)
		Usr 0 02:03:54, Sys 0 00:00:24  -  Run Remote Usage
		Usr 0 00:00:00, Sys 0 00:00:00  -  Run Local Usage
		Usr 0 02:03:54, Sys 0 00:00:24  -  Total Remote Usage
		Usr 0 00:00:00, Sys 0 00:00:00  -  Total Local Usage
	0  -  Run Bytes Sent By Job
	0  -  Run Bytes Received By Job
	0  -  Total Bytes Sent By Job
	0  -  Total Bytes Received By Job
	Partitionable Resources :    Usage  Request Allocated
	   Cpus                 :                 1         1
	   Disk (KB)            :        5        5   1508651
	   Memory (MB)          :        8        1         1
...
