000 (10042470.000.000) 08/09 16:14:17 Job submitted from host: <10.5.0.46:9618?addrs=10.5.0.46-9618&noUDP&sock=2497_a07a_3>
...
001 (10042470.000.000) 08/09 16:14:41 Job executing on host: <10.5.166.184:9618?addrs=10.5.166.184-9618+[--1]-9618&noUDP&sock=2306_4d7b_3>
...
006 (10042470.000.000) 08/09 16:14:49 Image size of job updated: 11808
	8  -  MemoryUsage of job (MB)
	7488  -  ResidentSetSize of job (KB)
...
006 (10042470.000.000) 08/09 16:19:49 Image size of job updated: 11884
	8  -  MemoryUsage of job (MB)
	7488  -  ResidentSetSize of job (KB)
...
006 (10042470.000.000) 08/09 16:24:50 Image size of job updated: 11908
	8  -  MemoryUsage of job (MB)
	7500  -  ResidentSetSize of job (KB)
...
006 (10042470.000.000) 08/09 16:39:52 Image size of job updated: 12040
	8  -  MemoryUsage of job (MB)
	7620  -  ResidentSetSize of job (KB)
...
006 (10042470.000.000) 08/09 19:33:45 Image size of job updated: 143596
	8  -  MemoryUsage of job (MB)
	7620  -  ResidentSetSize of job (KB)
...
005 (10042470.000.000) 08/09 19:33:45 Job terminated.
	(1) Normal termination (return value 0)
		Usr 0 03:17:55, Sys 0 00:00:22  -  Run Remote Usage
		Usr 0 00:00:00, Sys 0 00:00:00  -  Run Local Usage
		Usr 0 03:17:55, Sys 0 00:00:22  -  Total Remote Usage
		Usr 0 00:00:00, Sys 0 00:00:00  -  Total Local Usage
	0  -  Run Bytes Sent By Job
	0  -  Run Bytes Received By Job
	0  -  Total Bytes Sent By Job
	0  -  Total Bytes Received By Job
	Partitionable Resources :    Usage  Request Allocated
	   Cpus                 :                 1         1
	   Disk (KB)            :        5        5   1508648
	   Memory (MB)          :        8        1         1
...
