000 (10042693.000.000) 08/09 16:18:21 Job submitted from host: <10.5.0.46:9618?addrs=10.5.0.46-9618&noUDP&sock=2497_a07a_3>
...
001 (10042693.000.000) 08/09 16:18:47 Job executing on host: <10.5.163.227:9618?addrs=10.5.163.227-9618+[--1]-9618&noUDP&sock=2560_d6f1_3>
...
006 (10042693.000.000) 08/09 16:18:56 Image size of job updated: 11740
	8  -  MemoryUsage of job (MB)
	7388  -  ResidentSetSize of job (KB)
...
006 (10042693.000.000) 08/09 16:23:57 Image size of job updated: 11912
	8  -  MemoryUsage of job (MB)
	7464  -  ResidentSetSize of job (KB)
...
006 (10042693.000.000) 08/09 16:28:58 Image size of job updated: 12000
	8  -  MemoryUsage of job (MB)
	7532  -  ResidentSetSize of job (KB)
...
006 (10042693.000.000) 08/09 16:33:58 Image size of job updated: 12016
	8  -  MemoryUsage of job (MB)
	7548  -  ResidentSetSize of job (KB)
...
006 (10042693.000.000) 08/09 17:19:03 Image size of job updated: 12020
	8  -  MemoryUsage of job (MB)
	7548  -  ResidentSetSize of job (KB)
...
006 (10042693.000.000) 08/09 17:54:07 Image size of job updated: 12220
	8  -  MemoryUsage of job (MB)
	7740  -  ResidentSetSize of job (KB)
...
006 (10042693.000.000) 08/09 17:59:07 Image size of job updated: 12220
	8  -  MemoryUsage of job (MB)
	7928  -  ResidentSetSize of job (KB)
...
005 (10042693.000.000) 08/09 18:22:56 Job terminated.
	(1) Normal termination (return value 0)
		Usr 0 02:02:44, Sys 0 00:00:25  -  Run Remote Usage
		Usr 0 00:00:00, Sys 0 00:00:00  -  Run Local Usage
		Usr 0 02:02:44, Sys 0 00:00:25  -  Total Remote Usage
		Usr 0 00:00:00, Sys 0 00:00:00  -  Total Local Usage
	0  -  Run Bytes Sent By Job
	0  -  Run Bytes Received By Job
	0  -  Total Bytes Sent By Job
	0  -  Total Bytes Received By Job
	Partitionable Resources :    Usage  Request Allocated
	   Cpus                 :                 1         1
	   Disk (KB)            :        5        5   1508636
	   Memory (MB)          :        8        1         1
...
