000 (10042808.000.000) 08/09 16:20:39 Job submitted from host: <10.5.0.46:9618?addrs=10.5.0.46-9618&noUDP&sock=2497_a07a_3>
...
001 (10042808.000.000) 08/09 18:15:30 Job executing on host: <10.5.199.12:9618?addrs=10.5.199.12-9618+[--1]-9618&noUDP&sock=2559_d6f1_3>
...
006 (10042808.000.000) 08/09 18:15:38 Image size of job updated: 11776
	8  -  MemoryUsage of job (MB)
	7432  -  ResidentSetSize of job (KB)
...
006 (10042808.000.000) 08/09 18:20:38 Image size of job updated: 11884
	8  -  MemoryUsage of job (MB)
	7624  -  ResidentSetSize of job (KB)
...
006 (10042808.000.000) 08/09 18:25:39 Image size of job updated: 11904
	8  -  MemoryUsage of job (MB)
	7624  -  ResidentSetSize of job (KB)
...
006 (10042808.000.000) 08/09 18:35:40 Image size of job updated: 11936
	8  -  MemoryUsage of job (MB)
	7624  -  ResidentSetSize of job (KB)
...
006 (10042808.000.000) 08/09 18:40:41 Image size of job updated: 12356
	8  -  MemoryUsage of job (MB)
	7880  -  ResidentSetSize of job (KB)
...
005 (10042808.000.000) 08/09 20:13:44 Job terminated.
	(1) Normal termination (return value 0)
		Usr 0 01:57:04, Sys 0 00:00:22  -  Run Remote Usage
		Usr 0 00:00:00, Sys 0 00:00:00  -  Run Local Usage
		Usr 0 01:57:04, Sys 0 00:00:22  -  Total Remote Usage
		Usr 0 00:00:00, Sys 0 00:00:00  -  Total Local Usage
	0  -  Run Bytes Sent By Job
	0  -  Run Bytes Received By Job
	0  -  Total Bytes Sent By Job
	0  -  Total Bytes Received By Job
	Partitionable Resources :    Usage  Request Allocated
	   Cpus                 :                 1         1
	   Disk (KB)            :        5        5   1508651
	   Memory (MB)          :        8        1         1
...
