000 (10042749.000.000) 08/09 16:19:20 Job submitted from host: <10.5.0.46:9618?addrs=10.5.0.46-9618&noUDP&sock=2497_a07a_3>
...
001 (10042749.000.000) 08/09 16:21:21 Job executing on host: <10.5.156.64:9618?addrs=10.5.156.64-9618+[--1]-9618&noUDP&sock=2561_868a_3>
...
006 (10042749.000.000) 08/09 16:21:30 Image size of job updated: 11716
	8  -  MemoryUsage of job (MB)
	7372  -  ResidentSetSize of job (KB)
...
006 (10042749.000.000) 08/09 16:26:31 Image size of job updated: 12200
	8  -  MemoryUsage of job (MB)
	7768  -  ResidentSetSize of job (KB)
...
006 (10042749.000.000) 08/09 17:56:40 Image size of job updated: 12288
	8  -  MemoryUsage of job (MB)
	7812  -  ResidentSetSize of job (KB)
...
005 (10042749.000.000) 08/09 18:27:30 Job terminated.
	(1) Normal termination (return value 0)
		Usr 0 02:04:33, Sys 0 00:00:22  -  Run Remote Usage
		Usr 0 00:00:00, Sys 0 00:00:00  -  Run Local Usage
		Usr 0 02:04:33, Sys 0 00:00:22  -  Total Remote Usage
		Usr 0 00:00:00, Sys 0 00:00:00  -  Total Local Usage
	0  -  Run Bytes Sent By Job
	0  -  Run Bytes Received By Job
	0  -  Total Bytes Sent By Job
	0  -  Total Bytes Received By Job
	Partitionable Resources :    Usage  Request Allocated
	   Cpus                 :                 1         1
	   Disk (KB)            :        5        5   1508637
	   Memory (MB)          :        8        1         1
...
