000 (10042675.000.000) 08/09 16:18:02 Job submitted from host: <10.5.0.46:9618?addrs=10.5.0.46-9618&noUDP&sock=2497_a07a_3>
...
001 (10042675.000.000) 08/09 16:18:26 Job executing on host: <10.5.228.89:9618?addrs=10.5.228.89-9618+[--1]-9618&noUDP&sock=2560_d6f1_3>
...
006 (10042675.000.000) 08/09 16:18:34 Image size of job updated: 11744
	8  -  MemoryUsage of job (MB)
	7400  -  ResidentSetSize of job (KB)
...
006 (10042675.000.000) 08/09 16:23:34 Image size of job updated: 12384
	8  -  MemoryUsage of job (MB)
	7952  -  ResidentSetSize of job (KB)
...
006 (10042675.000.000) 08/09 16:48:37 Image size of job updated: 12392
	8  -  MemoryUsage of job (MB)
	7952  -  ResidentSetSize of job (KB)
...
006 (10042675.000.000) 08/09 17:38:43 Image size of job updated: 12420
	8  -  MemoryUsage of job (MB)
	7952  -  ResidentSetSize of job (KB)
...
006 (10042675.000.000) 08/09 17:48:43 Image size of job updated: 12432
	8  -  MemoryUsage of job (MB)
	7956  -  ResidentSetSize of job (KB)
...
005 (10042675.000.000) 08/09 18:29:11 Job terminated.
	(1) Normal termination (return value 0)
		Usr 0 02:09:44, Sys 0 00:00:28  -  Run Remote Usage
		Usr 0 00:00:00, Sys 0 00:00:00  -  Run Local Usage
		Usr 0 02:09:44, Sys 0 00:00:28  -  Total Remote Usage
		Usr 0 00:00:00, Sys 0 00:00:00  -  Total Local Usage
	0  -  Run Bytes Sent By Job
	0  -  Run Bytes Received By Job
	0  -  Total Bytes Sent By Job
	0  -  Total Bytes Received By Job
	Partitionable Resources :    Usage  Request Allocated
	   Cpus                 :                 1         1
	   Disk (KB)            :        5        5   1508010
	   Memory (MB)          :        8        1         1
...
