000 (10042532.000.000) 08/09 16:15:22 Job submitted from host: <10.5.0.46:9618?addrs=10.5.0.46-9618&noUDP&sock=2497_a07a_3>
...
001 (10042532.000.000) 08/09 16:15:41 Job executing on host: <10.5.163.227:9618?addrs=10.5.163.227-9618+[--1]-9618&noUDP&sock=2560_d6f1_3>
...
006 (10042532.000.000) 08/09 16:15:50 Image size of job updated: 11804
	8  -  MemoryUsage of job (MB)
	7460  -  ResidentSetSize of job (KB)
...
006 (10042532.000.000) 08/09 16:20:51 Image size of job updated: 11828
	8  -  MemoryUsage of job (MB)
	7460  -  ResidentSetSize of job (KB)
...
006 (10042532.000.000) 08/09 16:25:51 Image size of job updated: 11868
	8  -  MemoryUsage of job (MB)
	7460  -  ResidentSetSize of job (KB)
...
006 (10042532.000.000) 08/09 16:30:51 Image size of job updated: 11908
	8  -  MemoryUsage of job (MB)
	7476  -  ResidentSetSize of job (KB)
...
006 (10042532.000.000) 08/09 16:35:52 Image size of job updated: 11980
	8  -  MemoryUsage of job (MB)
	7536  -  ResidentSetSize of job (KB)
...
006 (10042532.000.000) 08/09 16:40:52 Image size of job updated: 12208
	8  -  MemoryUsage of job (MB)
	7764  -  ResidentSetSize of job (KB)
...
005 (10042532.000.000) 08/09 18:21:18 Job terminated.
	(1) Normal termination (return value 0)
		Usr 0 02:03:26, Sys 0 00:00:25  -  Run Remote Usage
		Usr 0 00:00:00, Sys 0 00:00:00  -  Run Local Usage
		Usr 0 02:03:26, Sys 0 00:00:25  -  Total Remote Usage
		Usr 0 00:00:00, Sys 0 00:00:00  -  Total Local Usage
	0  -  Run Bytes Sent By Job
	0  -  Run Bytes Received By Job
	0  -  Total Bytes Sent By Job
	0  -  Total Bytes Received By Job
	Partitionable Resources :    Usage  Request Allocated
	   Cpus                 :                 1         1
	   Disk (KB)            :        5        5   1508636
	   Memory (MB)          :        8        1         1
...
