000 (10042610.000.000) 08/09 16:16:53 Job submitted from host: <10.5.0.46:9618?addrs=10.5.0.46-9618&noUDP&sock=2497_a07a_3>
...
001 (10042610.000.000) 08/09 16:17:08 Job executing on host: <10.5.160.239:9618?addrs=10.5.160.239-9618+[--1]-9618&noUDP&sock=2556_c829_3>
...
006 (10042610.000.000) 08/09 16:17:17 Image size of job updated: 11804
	8  -  MemoryUsage of job (MB)
	7448  -  ResidentSetSize of job (KB)
...
006 (10042610.000.000) 08/09 16:22:18 Image size of job updated: 11928
	8  -  MemoryUsage of job (MB)
	7500  -  ResidentSetSize of job (KB)
...
006 (10042610.000.000) 08/09 16:27:19 Image size of job updated: 12056
	8  -  MemoryUsage of job (MB)
	7588  -  ResidentSetSize of job (KB)
...
006 (10042610.000.000) 08/09 16:42:21 Image size of job updated: 12268
	8  -  MemoryUsage of job (MB)
	7788  -  ResidentSetSize of job (KB)
...
006 (10042610.000.000) 08/09 17:37:26 Image size of job updated: 12376
	8  -  MemoryUsage of job (MB)
	7896  -  ResidentSetSize of job (KB)
...
006 (10042610.000.000) 08/09 18:22:29 Image size of job updated: 143824
	8  -  MemoryUsage of job (MB)
	7896  -  ResidentSetSize of job (KB)
...
005 (10042610.000.000) 08/09 18:22:29 Job terminated.
	(1) Normal termination (return value 0)
		Usr 0 02:02:58, Sys 0 00:00:28  -  Run Remote Usage
		Usr 0 00:00:00, Sys 0 00:00:00  -  Run Local Usage
		Usr 0 02:02:58, Sys 0 00:00:28  -  Total Remote Usage
		Usr 0 00:00:00, Sys 0 00:00:00  -  Total Local Usage
	0  -  Run Bytes Sent By Job
	0  -  Run Bytes Received By Job
	0  -  Total Bytes Sent By Job
	0  -  Total Bytes Received By Job
	Partitionable Resources :    Usage  Request Allocated
	   Cpus                 :                 1         1
	   Disk (KB)            :        5        5   1508652
	   Memory (MB)          :        8        1         1
...
