000 (10042256.000.000) 08/09 16:10:31 Job submitted from host: <10.5.0.46:9618?addrs=10.5.0.46-9618&noUDP&sock=2497_a07a_3>
...
001 (10042256.000.000) 08/09 16:10:41 Job executing on host: <10.5.191.160:9618?addrs=10.5.191.160-9618+[--1]-9618&noUDP&sock=2560_868a_3>
...
006 (10042256.000.000) 08/09 16:10:49 Image size of job updated: 12260
	8  -  MemoryUsage of job (MB)
	7408  -  ResidentSetSize of job (KB)
...
006 (10042256.000.000) 08/09 16:15:49 Image size of job updated: 12472
	8  -  MemoryUsage of job (MB)
	7508  -  ResidentSetSize of job (KB)
...
006 (10042256.000.000) 08/09 16:20:49 Image size of job updated: 12684
	8  -  MemoryUsage of job (MB)
	7688  -  ResidentSetSize of job (KB)
...
006 (10042256.000.000) 08/09 17:40:57 Image size of job updated: 12684
	8  -  MemoryUsage of job (MB)
	7776  -  ResidentSetSize of job (KB)
...
005 (10042256.000.000) 08/09 18:19:29 Job terminated.
	(1) Normal termination (return value 0)
		Usr 0 02:06:30, Sys 0 00:00:27  -  Run Remote Usage
		Usr 0 00:00:00, Sys 0 00:00:00  -  Run Local Usage
		Usr 0 02:06:30, Sys 0 00:00:27  -  Total Remote Usage
		Usr 0 00:00:00, Sys 0 00:00:00  -  Total Local Usage
	0  -  Run Bytes Sent By Job
	0  -  Run Bytes Received By Job
	0  -  Total Bytes Sent By Job
	0  -  Total Bytes Received By Job
	Partitionable Resources :    Usage  Request Allocated
	   Cpus                 :                 1         1
	   Disk (KB)            :        5        5   1508646
	   Memory (MB)          :        8        1         1
...
