000 (10042876.000.000) 08/09 16:21:51 Job submitted from host: <10.5.0.46:9618?addrs=10.5.0.46-9618&noUDP&sock=2497_a07a_3>
...
001 (10042876.000.000) 08/09 18:19:26 Job executing on host: <10.5.155.70:9618?addrs=10.5.155.70-9618+[--1]-9618&noUDP&sock=2556_c829_3>
...
006 (10042876.000.000) 08/09 18:19:35 Image size of job updated: 11816
	8  -  MemoryUsage of job (MB)
	7464  -  ResidentSetSize of job (KB)
...
006 (10042876.000.000) 08/09 18:24:36 Image size of job updated: 12468
	8  -  MemoryUsage of job (MB)
	8028  -  ResidentSetSize of job (KB)
...
006 (10042876.000.000) 08/09 18:34:36 Image size of job updated: 12472
	8  -  MemoryUsage of job (MB)
	8028  -  ResidentSetSize of job (KB)
...
006 (10042876.000.000) 08/09 18:39:37 Image size of job updated: 12484
	8  -  MemoryUsage of job (MB)
	8028  -  ResidentSetSize of job (KB)
...
006 (10042876.000.000) 08/09 19:14:41 Image size of job updated: 12484
	8  -  MemoryUsage of job (MB)
	8096  -  ResidentSetSize of job (KB)
...
005 (10042876.000.000) 08/09 20:17:18 Job terminated.
	(1) Normal termination (return value 0)
		Usr 0 01:56:46, Sys 0 00:00:30  -  Run Remote Usage
		Usr 0 00:00:00, Sys 0 00:00:00  -  Run Local Usage
		Usr 0 01:56:46, Sys 0 00:00:30  -  Total Remote Usage
		Usr 0 00:00:00, Sys 0 00:00:00  -  Total Local Usage
	0  -  Run Bytes Sent By Job
	0  -  Run Bytes Received By Job
	0  -  Total Bytes Sent By Job
	0  -  Total Bytes Received By Job
	Partitionable Resources :    Usage  Request Allocated
	   Cpus                 :                 1         1
	   Disk (KB)            :        5        5   1508647
	   Memory (MB)          :        8        1         1
...
