000 (10042182.000.000) 08/09 16:09:13 Job submitted from host: <10.5.0.46:9618?addrs=10.5.0.46-9618&noUDP&sock=2497_a07a_3>
...
001 (10042182.000.000) 08/09 16:09:43 Job executing on host: <10.5.210.143:9618?addrs=10.5.210.143-9618+[--1]-9618&noUDP&sock=2366_c592_3>
...
006 (10042182.000.000) 08/09 16:09:51 Image size of job updated: 12128
	8  -  MemoryUsage of job (MB)
	7292  -  ResidentSetSize of job (KB)
...
006 (10042182.000.000) 08/09 16:14:51 Image size of job updated: 12424
	8  -  MemoryUsage of job (MB)
	7472  -  ResidentSetSize of job (KB)
...
006 (10042182.000.000) 08/09 16:24:52 Image size of job updated: 12696
	8  -  MemoryUsage of job (MB)
	7744  -  ResidentSetSize of job (KB)
...
006 (10042182.000.000) 08/09 18:15:03 Image size of job updated: 12792
	8  -  MemoryUsage of job (MB)
	7812  -  ResidentSetSize of job (KB)
...
006 (10042182.000.000) 08/09 18:20:04 Image size of job updated: 12792
	8  -  MemoryUsage of job (MB)
	7968  -  ResidentSetSize of job (KB)
...
006 (10042182.000.000) 08/09 19:25:10 Image size of job updated: 12944
	8  -  MemoryUsage of job (MB)
	7968  -  ResidentSetSize of job (KB)
...
005 (10042182.000.000) 08/09 19:34:09 Job terminated.
	(1) Normal termination (return value 0)
		Usr 0 03:22:19, Sys 0 00:00:28  -  Run Remote Usage
		Usr 0 00:00:00, Sys 0 00:00:00  -  Run Local Usage
		Usr 0 03:22:19, Sys 0 00:00:28  -  Total Remote Usage
		Usr 0 00:00:00, Sys 0 00:00:00  -  Total Local Usage
	0  -  Run Bytes Sent By Job
	0  -  Run Bytes Received By Job
	0  -  Total Bytes Sent By Job
	0  -  Total Bytes Received By Job
	Partitionable Resources :    Usage  Request Allocated
	   Cpus                 :                 1         1
	   Disk (KB)            :        5        5   1508312
	   Memory (MB)          :        8        1         1
...
