000 (10042850.000.000) 08/09 16:21:23 Job submitted from host: <10.5.0.46:9618?addrs=10.5.0.46-9618&noUDP&sock=2497_a07a_3>
...
001 (10042850.000.000) 08/09 18:17:39 Job executing on host: <10.5.243.220:9618?addrs=10.5.243.220-9618+[--1]-9618&noUDP&sock=2555_1890_3>
...
006 (10042850.000.000) 08/09 18:17:48 Image size of job updated: 11720
	8  -  MemoryUsage of job (MB)
	7368  -  ResidentSetSize of job (KB)
...
006 (10042850.000.000) 08/09 18:22:49 Image size of job updated: 11868
	8  -  MemoryUsage of job (MB)
	7428  -  ResidentSetSize of job (KB)
...
006 (10042850.000.000) 08/09 18:32:50 Image size of job updated: 11900
	8  -  MemoryUsage of job (MB)
	7460  -  ResidentSetSize of job (KB)
...
006 (10042850.000.000) 08/09 18:42:51 Image size of job updated: 11904
	8  -  MemoryUsage of job (MB)
	7460  -  ResidentSetSize of job (KB)
...
006 (10042850.000.000) 08/09 18:47:51 Image size of job updated: 11904
	8  -  MemoryUsage of job (MB)
	7464  -  ResidentSetSize of job (KB)
...
006 (10042850.000.000) 08/09 18:52:52 Image size of job updated: 12084
	8  -  MemoryUsage of job (MB)
	7632  -  ResidentSetSize of job (KB)
...
006 (10042850.000.000) 08/09 20:07:59 Image size of job updated: 12420
	8  -  MemoryUsage of job (MB)
	7944  -  ResidentSetSize of job (KB)
...
005 (10042850.000.000) 08/09 20:15:14 Job terminated.
	(1) Normal termination (return value 0)
		Usr 0 01:56:40, Sys 0 00:00:25  -  Run Remote Usage
		Usr 0 00:00:00, Sys 0 00:00:00  -  Run Local Usage
		Usr 0 01:56:40, Sys 0 00:00:25  -  Total Remote Usage
		Usr 0 00:00:00, Sys 0 00:00:00  -  Total Local Usage
	0  -  Run Bytes Sent By Job
	0  -  Run Bytes Received By Job
	0  -  Total Bytes Sent By Job
	0  -  Total Bytes Received By Job
	Partitionable Resources :    Usage  Request Allocated
	   Cpus                 :                 1         1
	   Disk (KB)            :        5        5   1508651
	   Memory (MB)          :        8        1         1
...
