000 (10042337.000.000) 08/09 16:11:56 Job submitted from host: <10.5.0.46:9618?addrs=10.5.0.46-9618&noUDP&sock=2497_a07a_3>
...
001 (10042337.000.000) 08/09 16:12:24 Job executing on host: <10.5.205.90:9618?addrs=10.5.205.90-9618+[--1]-9618&noUDP&sock=2562_e5ba_3>
...
006 (10042337.000.000) 08/09 16:12:33 Image size of job updated: 11720
	8  -  MemoryUsage of job (MB)
	7372  -  ResidentSetSize of job (KB)
...
006 (10042337.000.000) 08/09 16:17:34 Image size of job updated: 11924
	8  -  MemoryUsage of job (MB)
	7456  -  ResidentSetSize of job (KB)
...
006 (10042337.000.000) 08/09 16:22:34 Image size of job updated: 11932
	8  -  MemoryUsage of job (MB)
	7464  -  ResidentSetSize of job (KB)
...
006 (10042337.000.000) 08/09 16:47:38 Image size of job updated: 12280
	8  -  MemoryUsage of job (MB)
	7796  -  ResidentSetSize of job (KB)
...
006 (10042337.000.000) 08/09 18:16:54 Image size of job updated: 143620
	8  -  MemoryUsage of job (MB)
	7796  -  ResidentSetSize of job (KB)
...
005 (10042337.000.000) 08/09 18:16:54 Job terminated.
	(1) Normal termination (return value 0)
		Usr 0 02:02:25, Sys 0 00:00:35  -  Run Remote Usage
		Usr 0 00:00:00, Sys 0 00:00:00  -  Run Local Usage
		Usr 0 02:02:25, Sys 0 00:00:35  -  Total Remote Usage
		Usr 0 00:00:00, Sys 0 00:00:00  -  Total Local Usage
	0  -  Run Bytes Sent By Job
	0  -  Run Bytes Received By Job
	0  -  Total Bytes Sent By Job
	0  -  Total Bytes Received By Job
	Partitionable Resources :    Usage  Request Allocated
	   Cpus                 :                 1         1
	   Disk (KB)            :        5        5   1508642
	   Memory (MB)          :        8        1         1
...
