000 (10042203.000.000) 08/09 16:09:35 Job submitted from host: <10.5.0.46:9618?addrs=10.5.0.46-9618&noUDP&sock=2497_a07a_3>
...
001 (10042203.000.000) 08/09 16:09:56 Job executing on host: <10.5.192.180:9618?addrs=10.5.192.180-9618+[--1]-9618&noUDP&sock=2185_9eed_3>
...
006 (10042203.000.000) 08/09 16:10:05 Image size of job updated: 11788
	8  -  MemoryUsage of job (MB)
	7468  -  ResidentSetSize of job (KB)
...
006 (10042203.000.000) 08/09 16:15:06 Image size of job updated: 11840
	8  -  MemoryUsage of job (MB)
	7468  -  ResidentSetSize of job (KB)
...
006 (10042203.000.000) 08/09 16:20:06 Image size of job updated: 11928
	8  -  MemoryUsage of job (MB)
	7520  -  ResidentSetSize of job (KB)
...
006 (10042203.000.000) 08/09 16:30:08 Image size of job updated: 11964
	8  -  MemoryUsage of job (MB)
	7544  -  ResidentSetSize of job (KB)
...
006 (10042203.000.000) 08/09 16:40:08 Image size of job updated: 12132
	8  -  MemoryUsage of job (MB)
	7712  -  ResidentSetSize of job (KB)
...
006 (10042203.000.000) 08/09 17:15:12 Image size of job updated: 12372
	8  -  MemoryUsage of job (MB)
	7952  -  ResidentSetSize of job (KB)
...
005 (10042203.000.000) 08/09 18:32:24 Job terminated.
	(1) Normal termination (return value 0)
		Usr 0 02:21:31, Sys 0 00:00:25  -  Run Remote Usage
		Usr 0 00:00:00, Sys 0 00:00:00  -  Run Local Usage
		Usr 0 02:21:31, Sys 0 00:00:25  -  Total Remote Usage
		Usr 0 00:00:00, Sys 0 00:00:00  -  Total Local Usage
	0  -  Run Bytes Sent By Job
	0  -  Run Bytes Received By Job
	0  -  Total Bytes Sent By Job
	0  -  Total Bytes Received By Job
	Partitionable Resources :    Usage  Request Allocated
	   Cpus                 :                 1         1
	   Disk (KB)            :        5        5   1505013
	   Memory (MB)          :        8        1         1
...
