000 (10042449.000.000) 08/09 16:13:55 Job submitted from host: <10.5.0.46:9618?addrs=10.5.0.46-9618&noUDP&sock=2497_a07a_3>
...
001 (10042449.000.000) 08/09 16:14:25 Job executing on host: <10.5.197.36:9618?addrs=10.5.197.36-9618+[--1]-9618&noUDP&sock=2559_d6f1_3>
...
006 (10042449.000.000) 08/09 16:14:34 Image size of job updated: 11712
	8  -  MemoryUsage of job (MB)
	7352  -  ResidentSetSize of job (KB)
...
006 (10042449.000.000) 08/09 16:19:34 Image size of job updated: 11932
	8  -  MemoryUsage of job (MB)
	7484  -  ResidentSetSize of job (KB)
...
006 (10042449.000.000) 08/09 16:29:35 Image size of job updated: 12204
	8  -  MemoryUsage of job (MB)
	7736  -  ResidentSetSize of job (KB)
...
006 (10042449.000.000) 08/09 16:44:37 Image size of job updated: 12212
	8  -  MemoryUsage of job (MB)
	7736  -  ResidentSetSize of job (KB)
...
006 (10042449.000.000) 08/09 16:54:38 Image size of job updated: 12212
	8  -  MemoryUsage of job (MB)
	7780  -  ResidentSetSize of job (KB)
...
006 (10042449.000.000) 08/09 17:19:40 Image size of job updated: 12244
	8  -  MemoryUsage of job (MB)
	7780  -  ResidentSetSize of job (KB)
...
006 (10042449.000.000) 08/09 18:09:45 Image size of job updated: 12248
	8  -  MemoryUsage of job (MB)
	7780  -  ResidentSetSize of job (KB)
...
006 (10042449.000.000) 08/09 18:14:46 Image size of job updated: 12256
	8  -  MemoryUsage of job (MB)
	7780  -  ResidentSetSize of job (KB)
...
006 (10042449.000.000) 08/09 18:18:55 Image size of job updated: 143652
	8  -  MemoryUsage of job (MB)
	7780  -  ResidentSetSize of job (KB)
...
005 (10042449.000.000) 08/09 18:18:55 Job terminated.
	(1) Normal termination (return value 0)
		Usr 0 02:02:18, Sys 0 00:00:24  -  Run Remote Usage
		Usr 0 00:00:00, Sys 0 00:00:00  -  Run Local Usage
		Usr 0 02:02:18, Sys 0 00:00:24  -  Total Remote Usage
		Usr 0 00:00:00, Sys 0 00:00:00  -  Total Local Usage
	0  -  Run Bytes Sent By Job
	0  -  Run Bytes Received By Job
	0  -  Total Bytes Sent By Job
	0  -  Total Bytes Received By Job
	Partitionable Resources :    Usage  Request Allocated
	   Cpus                 :                 1         1
	   Disk (KB)            :        5        5   1508636
	   Memory (MB)          :        8        1         1
...
