000 (10042387.000.000) 08/09 16:12:49 Job submitted from host: <10.5.0.46:9618?addrs=10.5.0.46-9618&noUDP&sock=2497_a07a_3>
...
001 (10042387.000.000) 08/09 16:12:57 Job executing on host: <10.5.155.70:9618?addrs=10.5.155.70-9618+[--1]-9618&noUDP&sock=2556_c829_3>
...
006 (10042387.000.000) 08/09 16:13:06 Image size of job updated: 13052
	8  -  MemoryUsage of job (MB)
	7352  -  ResidentSetSize of job (KB)
...
006 (10042387.000.000) 08/09 16:18:07 Image size of job updated: 13300
	8  -  MemoryUsage of job (MB)
	7488  -  ResidentSetSize of job (KB)
...
006 (10042387.000.000) 08/09 16:23:07 Image size of job updated: 13600
	8  -  MemoryUsage of job (MB)
	7788  -  ResidentSetSize of job (KB)
...
006 (10042387.000.000) 08/09 16:28:07 Image size of job updated: 13696
	8  -  MemoryUsage of job (MB)
	7852  -  ResidentSetSize of job (KB)
...
006 (10042387.000.000) 08/09 16:38:09 Image size of job updated: 14056
	9  -  MemoryUsage of job (MB)
	8200  -  ResidentSetSize of job (KB)
...
005 (10042387.000.000) 08/09 18:19:43 Job terminated.
	(1) Normal termination (return value 0)
		Usr 0 02:04:19, Sys 0 00:00:24  -  Run Remote Usage
		Usr 0 00:00:00, Sys 0 00:00:00  -  Run Local Usage
		Usr 0 02:04:19, Sys 0 00:00:24  -  Total Remote Usage
		Usr 0 00:00:00, Sys 0 00:00:00  -  Total Local Usage
	0  -  Run Bytes Sent By Job
	0  -  Run Bytes Received By Job
	0  -  Total Bytes Sent By Job
	0  -  Total Bytes Received By Job
	Partitionable Resources :    Usage  Request Allocated
	   Cpus                 :                 1         1
	   Disk (KB)            :        5        5   1508647
	   Memory (MB)          :        9        1         1
...
