000 (10042518.000.000) 08/09 16:15:08 Job submitted from host: <10.5.0.46:9618?addrs=10.5.0.46-9618&noUDP&sock=2497_a07a_3>
...
001 (10042518.000.000) 08/09 16:15:26 Job executing on host: <10.5.164.155:9618?addrs=10.5.164.155-9618+[--1]-9618&noUDP&sock=2553_b960_3>
...
006 (10042518.000.000) 08/09 16:15:34 Image size of job updated: 11836
	8  -  MemoryUsage of job (MB)
	7480  -  ResidentSetSize of job (KB)
...
006 (10042518.000.000) 08/09 16:20:34 Image size of job updated: 12848
	9  -  MemoryUsage of job (MB)
	8380  -  ResidentSetSize of job (KB)
...
005 (10042518.000.000) 08/09 18:23:03 Job terminated.
	(1) Normal termination (return value 0)
		Usr 0 02:05:26, Sys 0 00:00:29  -  Run Remote Usage
		Usr 0 00:00:00, Sys 0 00:00:00  -  Run Local Usage
		Usr 0 02:05:26, Sys 0 00:00:29  -  Total Remote Usage
		Usr 0 00:00:00, Sys 0 00:00:00  -  Total Local Usage
	0  -  Run Bytes Sent By Job
	0  -  Run Bytes Received By Job
	0  -  Total Bytes Sent By Job
	0  -  Total Bytes Received By Job
	Partitionable Resources :    Usage  Request Allocated
	   Cpus                 :                 1         1
	   Disk (KB)            :        5        5   1508649
	   Memory (MB)          :        9        1         1
...
