000 (10042460.000.000) 08/09 16:14:06 Job submitted from host: <10.5.0.46:9618?addrs=10.5.0.46-9618&noUDP&sock=2497_a07a_3>
...
001 (10042460.000.000) 08/09 16:14:19 Job executing on host: <10.5.214.36:9618?addrs=10.5.214.36-9618+[--1]-9618&noUDP&sock=2546_ec36_3>
...
006 (10042460.000.000) 08/09 16:14:28 Image size of job updated: 11660
	8  -  MemoryUsage of job (MB)
	7316  -  ResidentSetSize of job (KB)
...
006 (10042460.000.000) 08/09 16:19:29 Image size of job updated: 11928
	8  -  MemoryUsage of job (MB)
	7496  -  ResidentSetSize of job (KB)
...
006 (10042460.000.000) 08/09 16:34:30 Image size of job updated: 12024
	8  -  MemoryUsage of job (MB)
	7580  -  ResidentSetSize of job (KB)
...
006 (10042460.000.000) 08/09 17:29:35 Image size of job updated: 12088
	8  -  MemoryUsage of job (MB)
	7612  -  ResidentSetSize of job (KB)
...
005 (10042460.000.000) 08/09 18:21:06 Job terminated.
	(1) Normal termination (return value 0)
		Usr 0 02:03:52, Sys 0 00:00:27  -  Run Remote Usage
		Usr 0 00:00:00, Sys 0 00:00:00  -  Run Local Usage
		Usr 0 02:03:52, Sys 0 00:00:27  -  Total Remote Usage
		Usr 0 00:00:00, Sys 0 00:00:00  -  Total Local Usage
	0  -  Run Bytes Sent By Job
	0  -  Run Bytes Received By Job
	0  -  Total Bytes Sent By Job
	0  -  Total Bytes Received By Job
	Partitionable Resources :    Usage  Request Allocated
	   Cpus                 :                 1         1
	   Disk (KB)            :        5        5   1508644
	   Memory (MB)          :        8        1         1
...
