000 (10042396.000.000) 08/09 16:12:59 Job submitted from host: <10.5.0.46:9618?addrs=10.5.0.46-9618&noUDP&sock=2497_a07a_3>
...
001 (10042396.000.000) 08/09 16:13:17 Job executing on host: <10.5.160.228:9618?addrs=10.5.160.228-9618+[--1]-9618&noUDP&sock=2547_9bce_3>
...
006 (10042396.000.000) 08/09 16:13:25 Image size of job updated: 11720
	8  -  MemoryUsage of job (MB)
	7368  -  ResidentSetSize of job (KB)
...
006 (10042396.000.000) 08/09 16:18:25 Image size of job updated: 11884
	8  -  MemoryUsage of job (MB)
	7444  -  ResidentSetSize of job (KB)
...
006 (10042396.000.000) 08/09 16:23:26 Image size of job updated: 11916
	8  -  MemoryUsage of job (MB)
	7476  -  ResidentSetSize of job (KB)
...
006 (10042396.000.000) 08/09 16:28:26 Image size of job updated: 11952
	8  -  MemoryUsage of job (MB)
	7512  -  ResidentSetSize of job (KB)
...
006 (10042396.000.000) 08/09 16:38:27 Image size of job updated: 12380
	8  -  MemoryUsage of job (MB)
	7928  -  ResidentSetSize of job (KB)
...
006 (10042396.000.000) 08/09 18:03:36 Image size of job updated: 12432
	8  -  MemoryUsage of job (MB)
	7952  -  ResidentSetSize of job (KB)
...
005 (10042396.000.000) 08/09 18:18:54 Job terminated.
	(1) Normal termination (return value 0)
		Usr 0 02:03:25, Sys 0 00:00:25  -  Run Remote Usage
		Usr 0 00:00:00, Sys 0 00:00:00  -  Run Local Usage
		Usr 0 02:03:25, Sys 0 00:00:25  -  Total Remote Usage
		Usr 0 00:00:00, Sys 0 00:00:00  -  Total Local Usage
	0  -  Run Bytes Sent By Job
	0  -  Run Bytes Received By Job
	0  -  Total Bytes Sent By Job
	0  -  Total Bytes Received By Job
	Partitionable Resources :    Usage  Request Allocated
	   Cpus                 :                 1         1
	   Disk (KB)            :        5        5   1508653
	   Memory (MB)          :        8        1         1
...
