000 (10042391.000.000) 08/09 16:12:53 Job submitted from host: <10.5.0.46:9618?addrs=10.5.0.46-9618&noUDP&sock=2497_a07a_3>
...
001 (10042391.000.000) 08/09 16:13:23 Job executing on host: <10.5.226.32:9618?addrs=10.5.226.32-9618+[--1]-9618&noUDP&sock=2551_5a2f_3>
...
006 (10042391.000.000) 08/09 16:13:31 Image size of job updated: 11768
	8  -  MemoryUsage of job (MB)
	7424  -  ResidentSetSize of job (KB)
...
006 (10042391.000.000) 08/09 16:18:32 Image size of job updated: 11972
	8  -  MemoryUsage of job (MB)
	7540  -  ResidentSetSize of job (KB)
...
006 (10042391.000.000) 08/09 16:23:33 Image size of job updated: 12032
	8  -  MemoryUsage of job (MB)
	7600  -  ResidentSetSize of job (KB)
...
006 (10042391.000.000) 08/09 16:28:33 Image size of job updated: 12096
	8  -  MemoryUsage of job (MB)
	7664  -  ResidentSetSize of job (KB)
...
006 (10042391.000.000) 08/09 16:33:33 Image size of job updated: 12236
	8  -  MemoryUsage of job (MB)
	7760  -  ResidentSetSize of job (KB)
...
006 (10042391.000.000) 08/09 17:58:42 Image size of job updated: 12236
	8  -  MemoryUsage of job (MB)
	7764  -  ResidentSetSize of job (KB)
...
006 (10042391.000.000) 08/09 18:18:44 Image size of job updated: 12468
	8  -  MemoryUsage of job (MB)
	7992  -  ResidentSetSize of job (KB)
...
005 (10042391.000.000) 08/09 18:21:44 Job terminated.
	(1) Normal termination (return value 0)
		Usr 0 02:05:56, Sys 0 00:00:34  -  Run Remote Usage
		Usr 0 00:00:00, Sys 0 00:00:00  -  Run Local Usage
		Usr 0 02:05:56, Sys 0 00:00:34  -  Total Remote Usage
		Usr 0 00:00:00, Sys 0 00:00:00  -  Total Local Usage
	0  -  Run Bytes Sent By Job
	0  -  Run Bytes Received By Job
	0  -  Total Bytes Sent By Job
	0  -  Total Bytes Received By Job
	Partitionable Resources :    Usage  Request Allocated
	   Cpus                 :                 1         1
	   Disk (KB)            :        5        5   1508650
	   Memory (MB)          :        8        1         1
...
