000 (10042485.000.000) 08/09 16:14:33 Job submitted from host: <10.5.0.46:9618?addrs=10.5.0.46-9618&noUDP&sock=2497_a07a_3>
...
001 (10042485.000.000) 08/09 16:14:41 Job executing on host: <10.5.199.70:9618?addrs=10.5.199.70-9618+[--1]-9618&noUDP&sock=2543_dd6d_3>
...
006 (10042485.000.000) 08/09 16:14:49 Image size of job updated: 12268
	8  -  MemoryUsage of job (MB)
	7924  -  ResidentSetSize of job (KB)
...
006 (10042485.000.000) 08/09 16:19:49 Image size of job updated: 12460
	8  -  MemoryUsage of job (MB)
	8028  -  ResidentSetSize of job (KB)
...
006 (10042485.000.000) 08/09 17:19:55 Image size of job updated: 12472
	8  -  MemoryUsage of job (MB)
	8028  -  ResidentSetSize of job (KB)
...
006 (10042485.000.000) 08/09 17:29:55 Image size of job updated: 12492
	8  -  MemoryUsage of job (MB)
	8028  -  ResidentSetSize of job (KB)
...
006 (10042485.000.000) 08/09 17:34:56 Image size of job updated: 12576
	8  -  MemoryUsage of job (MB)
	8100  -  ResidentSetSize of job (KB)
...
005 (10042485.000.000) 08/09 18:21:23 Job terminated.
	(1) Normal termination (return value 0)
		Usr 0 02:04:31, Sys 0 00:00:25  -  Run Remote Usage
		Usr 0 00:00:00, Sys 0 00:00:00  -  Run Local Usage
		Usr 0 02:04:31, Sys 0 00:00:25  -  Total Remote Usage
		Usr 0 00:00:00, Sys 0 00:00:00  -  Total Local Usage
	0  -  Run Bytes Sent By Job
	0  -  Run Bytes Received By Job
	0  -  Total Bytes Sent By Job
	0  -  Total Bytes Received By Job
	Partitionable Resources :    Usage  Request Allocated
	   Cpus                 :                 1         1
	   Disk (KB)            :        5        5   1508653
	   Memory (MB)          :        8        1         1
...
