000 (10042265.000.000) 08/09 16:10:41 Job submitted from host: <10.5.0.46:9618?addrs=10.5.0.46-9618&noUDP&sock=2497_a07a_3>
...
001 (10042265.000.000) 08/09 16:10:57 Job executing on host: <10.5.199.195:9618?addrs=10.5.199.195-9618+[--1]-9618&noUDP&sock=2554_68f8_3>
...
006 (10042265.000.000) 08/09 16:11:05 Image size of job updated: 11712
	8  -  MemoryUsage of job (MB)
	7368  -  ResidentSetSize of job (KB)
...
006 (10042265.000.000) 08/09 16:16:05 Image size of job updated: 12216
	8  -  MemoryUsage of job (MB)
	7752  -  ResidentSetSize of job (KB)
...
006 (10042265.000.000) 08/09 16:26:06 Image size of job updated: 12224
	8  -  MemoryUsage of job (MB)
	7760  -  ResidentSetSize of job (KB)
...
006 (10042265.000.000) 08/09 16:31:06 Image size of job updated: 12308
	8  -  MemoryUsage of job (MB)
	7832  -  ResidentSetSize of job (KB)
...
006 (10042265.000.000) 08/09 16:46:08 Image size of job updated: 12488
	8  -  MemoryUsage of job (MB)
	8012  -  ResidentSetSize of job (KB)
...
006 (10042265.000.000) 08/09 16:51:08 Image size of job updated: 12488
	8  -  MemoryUsage of job (MB)
	8156  -  ResidentSetSize of job (KB)
...
006 (10042265.000.000) 08/09 17:31:12 Image size of job updated: 12716
	9  -  MemoryUsage of job (MB)
	8240  -  ResidentSetSize of job (KB)
...
005 (10042265.000.000) 08/09 18:17:18 Job terminated.
	(1) Normal termination (return value 0)
		Usr 0 02:04:31, Sys 0 00:00:28  -  Run Remote Usage
		Usr 0 00:00:00, Sys 0 00:00:00  -  Run Local Usage
		Usr 0 02:04:31, Sys 0 00:00:28  -  Total Remote Usage
		Usr 0 00:00:00, Sys 0 00:00:00  -  Total Local Usage
	0  -  Run Bytes Sent By Job
	0  -  Run Bytes Received By Job
	0  -  Total Bytes Sent By Job
	0  -  Total Bytes Received By Job
	Partitionable Resources :    Usage  Request Allocated
	   Cpus                 :                 1         1
	   Disk (KB)            :        5        5   1508647
	   Memory (MB)          :        9        1         1
...
