000 (10042599.000.000) 08/09 16:16:41 Job submitted from host: <10.5.0.46:9618?addrs=10.5.0.46-9618&noUDP&sock=2497_a07a_3>
...
001 (10042599.000.000) 08/09 16:17:04 Job executing on host: <10.5.228.57:9618?addrs=10.5.228.57-9618+[--1]-9618&noUDP&sock=2558_2759_3>
...
006 (10042599.000.000) 08/09 16:17:12 Image size of job updated: 11836
	8  -  MemoryUsage of job (MB)
	7492  -  ResidentSetSize of job (KB)
...
006 (10042599.000.000) 08/09 16:22:12 Image size of job updated: 12224
	8  -  MemoryUsage of job (MB)
	7792  -  ResidentSetSize of job (KB)
...
006 (10042599.000.000) 08/09 16:57:16 Image size of job updated: 12224
	8  -  MemoryUsage of job (MB)
	7880  -  ResidentSetSize of job (KB)
...
005 (10042599.000.000) 08/09 18:23:23 Job terminated.
	(1) Normal termination (return value 0)
		Usr 0 02:04:04, Sys 0 00:00:24  -  Run Remote Usage
		Usr 0 00:00:00, Sys 0 00:00:00  -  Run Local Usage
		Usr 0 02:04:04, Sys 0 00:00:24  -  Total Remote Usage
		Usr 0 00:00:00, Sys 0 00:00:00  -  Total Local Usage
	0  -  Run Bytes Sent By Job
	0  -  Run Bytes Received By Job
	0  -  Total Bytes Sent By Job
	0  -  Total Bytes Received By Job
	Partitionable Resources :    Usage  Request Allocated
	   Cpus                 :                 1         1
	   Disk (KB)            :        5        5   1508651
	   Memory (MB)          :        8        1         1
...
