000 (10042565.000.000) 08/09 16:15:58 Job submitted from host: <10.5.0.46:9618?addrs=10.5.0.46-9618&noUDP&sock=2497_a07a_3>
...
001 (10042565.000.000) 08/09 16:16:23 Job executing on host: <10.5.175.78:9618?addrs=10.5.175.78-9618+[--1]-9618&noUDP&sock=2570_627c_3>
...
006 (10042565.000.000) 08/09 16:16:32 Image size of job updated: 11808
	8  -  MemoryUsage of job (MB)
	7464  -  ResidentSetSize of job (KB)
...
006 (10042565.000.000) 08/09 16:21:33 Image size of job updated: 12176
	8  -  MemoryUsage of job (MB)
	7744  -  ResidentSetSize of job (KB)
...
006 (10042565.000.000) 08/09 18:01:43 Image size of job updated: 12188
	8  -  MemoryUsage of job (MB)
	7744  -  ResidentSetSize of job (KB)
...
006 (10042565.000.000) 08/09 18:16:44 Image size of job updated: 12488
	8  -  MemoryUsage of job (MB)
	8012  -  ResidentSetSize of job (KB)
...
006 (10042565.000.000) 08/09 18:23:15 Image size of job updated: 143708
	8  -  MemoryUsage of job (MB)
	8012  -  ResidentSetSize of job (KB)
...
005 (10042565.000.000) 08/09 18:23:15 Job terminated.
	(1) Normal termination (return value 0)
		Usr 0 02:04:48, Sys 0 00:00:22  -  Run Remote Usage
		Usr 0 00:00:00, Sys 0 00:00:00  -  Run Local Usage
		Usr 0 02:04:48, Sys 0 00:00:22  -  Total Remote Usage
		Usr 0 00:00:00, Sys 0 00:00:00  -  Total Local Usage
	0  -  Run Bytes Sent By Job
	0  -  Run Bytes Received By Job
	0  -  Total Bytes Sent By Job
	0  -  Total Bytes Received By Job
	Partitionable Resources :    Usage  Request Allocated
	   Cpus                 :                 1         1
	   Disk (KB)            :        5        5   1508649
	   Memory (MB)          :        8        1         1
...
