000 (10042471.000.000) 08/09 16:14:18 Job submitted from host: <10.5.0.46:9618?addrs=10.5.0.46-9618&noUDP&sock=2497_a07a_3>
...
001 (10042471.000.000) 08/09 16:14:41 Job executing on host: <10.5.175.78:9618?addrs=10.5.175.78-9618+[--1]-9618&noUDP&sock=2570_627c_3>
...
006 (10042471.000.000) 08/09 16:14:49 Image size of job updated: 11712
	8  -  MemoryUsage of job (MB)
	7368  -  ResidentSetSize of job (KB)
...
006 (10042471.000.000) 08/09 16:19:49 Image size of job updated: 11960
	8  -  MemoryUsage of job (MB)
	7528  -  ResidentSetSize of job (KB)
...
006 (10042471.000.000) 08/09 16:24:50 Image size of job updated: 12228
	8  -  MemoryUsage of job (MB)
	7796  -  ResidentSetSize of job (KB)
...
006 (10042471.000.000) 08/09 16:44:53 Image size of job updated: 12392
	8  -  MemoryUsage of job (MB)
	7948  -  ResidentSetSize of job (KB)
...
006 (10042471.000.000) 08/09 17:34:59 Image size of job updated: 12392
	8  -  MemoryUsage of job (MB)
	7976  -  ResidentSetSize of job (KB)
...
005 (10042471.000.000) 08/09 18:21:40 Job terminated.
	(1) Normal termination (return value 0)
		Usr 0 02:04:43, Sys 0 00:00:25  -  Run Remote Usage
		Usr 0 00:00:00, Sys 0 00:00:00  -  Run Local Usage
		Usr 0 02:04:43, Sys 0 00:00:25  -  Total Remote Usage
		Usr 0 00:00:00, Sys 0 00:00:00  -  Total Local Usage
	0  -  Run Bytes Sent By Job
	0  -  Run Bytes Received By Job
	0  -  Total Bytes Sent By Job
	0  -  Total Bytes Received By Job
	Partitionable Resources :    Usage  Request Allocated
	   Cpus                 :                 1         1
	   Disk (KB)            :        5        5   1508649
	   Memory (MB)          :        8        1         1
...
