000 (10042352.000.000) 08/09 16:12:12 Job submitted from host: <10.5.0.46:9618?addrs=10.5.0.46-9618&noUDP&sock=2497_a07a_3>
...
001 (10042352.000.000) 08/09 16:12:38 Job executing on host: <10.5.199.12:9618?addrs=10.5.199.12-9618+[--1]-9618&noUDP&sock=2559_d6f1_3>
...
006 (10042352.000.000) 08/09 16:12:46 Image size of job updated: 11700
	8  -  MemoryUsage of job (MB)
	7356  -  ResidentSetSize of job (KB)
...
006 (10042352.000.000) 08/09 16:17:46 Image size of job updated: 12288
	8  -  MemoryUsage of job (MB)
	7856  -  ResidentSetSize of job (KB)
...
006 (10042352.000.000) 08/09 17:02:51 Image size of job updated: 12416
	8  -  MemoryUsage of job (MB)
	7972  -  ResidentSetSize of job (KB)
...
005 (10042352.000.000) 08/09 18:18:45 Job terminated.
	(1) Normal termination (return value 0)
		Usr 0 02:03:47, Sys 0 00:00:25  -  Run Remote Usage
		Usr 0 00:00:00, Sys 0 00:00:00  -  Run Local Usage
		Usr 0 02:03:47, Sys 0 00:00:25  -  Total Remote Usage
		Usr 0 00:00:00, Sys 0 00:00:00  -  Total Local Usage
	0  -  Run Bytes Sent By Job
	0  -  Run Bytes Received By Job
	0  -  Total Bytes Sent By Job
	0  -  Total Bytes Received By Job
	Partitionable Resources :    Usage  Request Allocated
	   Cpus                 :                 1         1
	   Disk (KB)            :        5        5   1508651
	   Memory (MB)          :        8        1         1
...
