000 (10042319.000.000) 08/09 16:11:37 Job submitted from host: <10.5.0.46:9618?addrs=10.5.0.46-9618&noUDP&sock=2497_a07a_3>
...
001 (10042319.000.000) 08/09 16:11:57 Job executing on host: <10.5.157.60:9618?addrs=10.5.157.60-9618+[--1]-9618&noUDP&sock=2533_017b_3>
...
006 (10042319.000.000) 08/09 16:12:05 Image size of job updated: 12272
	8  -  MemoryUsage of job (MB)
	7920  -  ResidentSetSize of job (KB)
...
006 (10042319.000.000) 08/09 16:17:05 Image size of job updated: 12348
	8  -  MemoryUsage of job (MB)
	7920  -  ResidentSetSize of job (KB)
...
006 (10042319.000.000) 08/09 16:32:06 Image size of job updated: 12396
	8  -  MemoryUsage of job (MB)
	7920  -  ResidentSetSize of job (KB)
...
006 (10042319.000.000) 08/09 16:37:06 Image size of job updated: 12828
	9  -  MemoryUsage of job (MB)
	8348  -  ResidentSetSize of job (KB)
...
006 (10042319.000.000) 08/09 17:22:12 Image size of job updated: 12848
	9  -  MemoryUsage of job (MB)
	8368  -  ResidentSetSize of job (KB)
...
006 (10042319.000.000) 08/09 18:15:33 Image size of job updated: 12868
	9  -  MemoryUsage of job (MB)
	8368  -  ResidentSetSize of job (KB)
...
005 (10042319.000.000) 08/09 18:15:33 Job terminated.
	(1) Normal termination (return value 0)
		Usr 0 02:01:43, Sys 0 00:00:26  -  Run Remote Usage
		Usr 0 00:00:00, Sys 0 00:00:00  -  Run Local Usage
		Usr 0 02:01:43, Sys 0 00:00:26  -  Total Remote Usage
		Usr 0 00:00:00, Sys 0 00:00:00  -  Total Local Usage
	0  -  Run Bytes Sent By Job
	0  -  Run Bytes Received By Job
	0  -  Total Bytes Sent By Job
	0  -  Total Bytes Received By Job
	Partitionable Resources :    Usage  Request Allocated
	   Cpus                 :                 1         1
	   Disk (KB)            :        5        5   1508650
	   Memory (MB)          :        9        1         1
...
