000 (10042659.000.000) 08/09 16:17:45 Job submitted from host: <10.5.0.46:9618?addrs=10.5.0.46-9618&noUDP&sock=2497_a07a_3>
...
001 (10042659.000.000) 08/09 16:18:11 Job executing on host: <10.5.163.227:9618?addrs=10.5.163.227-9618+[--1]-9618&noUDP&sock=2560_d6f1_3>
...
006 (10042659.000.000) 08/09 16:18:19 Image size of job updated: 11696
	8  -  MemoryUsage of job (MB)
	7340  -  ResidentSetSize of job (KB)
...
006 (10042659.000.000) 08/09 16:23:19 Image size of job updated: 11936
	8  -  MemoryUsage of job (MB)
	7468  -  ResidentSetSize of job (KB)
...
006 (10042659.000.000) 08/09 16:28:20 Image size of job updated: 11936
	8  -  MemoryUsage of job (MB)
	7844  -  ResidentSetSize of job (KB)
...
006 (10042659.000.000) 08/09 16:33:20 Image size of job updated: 11940
	8  -  MemoryUsage of job (MB)
	7844  -  ResidentSetSize of job (KB)
...
006 (10042659.000.000) 08/09 16:48:21 Image size of job updated: 11948
	8  -  MemoryUsage of job (MB)
	7844  -  ResidentSetSize of job (KB)
...
006 (10042659.000.000) 08/09 16:53:22 Image size of job updated: 11980
	8  -  MemoryUsage of job (MB)
	7844  -  ResidentSetSize of job (KB)
...
006 (10042659.000.000) 08/09 17:13:24 Image size of job updated: 12352
	8  -  MemoryUsage of job (MB)
	7872  -  ResidentSetSize of job (KB)
...
006 (10042659.000.000) 08/09 18:22:59 Image size of job updated: 143636
	8  -  MemoryUsage of job (MB)
	7872  -  ResidentSetSize of job (KB)
...
005 (10042659.000.000) 08/09 18:22:59 Job terminated.
	(1) Normal termination (return value 0)
		Usr 0 02:03:02, Sys 0 00:00:28  -  Run Remote Usage
		Usr 0 00:00:00, Sys 0 00:00:00  -  Run Local Usage
		Usr 0 02:03:02, Sys 0 00:00:28  -  Total Remote Usage
		Usr 0 00:00:00, Sys 0 00:00:00  -  Total Local Usage
	0  -  Run Bytes Sent By Job
	0  -  Run Bytes Received By Job
	0  -  Total Bytes Sent By Job
	0  -  Total Bytes Received By Job
	Partitionable Resources :    Usage  Request Allocated
	   Cpus                 :                 1         1
	   Disk (KB)            :        5        5   1508636
	   Memory (MB)          :        8        1         1
...
