000 (10042411.000.000) 08/09 16:13:14 Job submitted from host: <10.5.0.46:9618?addrs=10.5.0.46-9618&noUDP&sock=2497_a07a_3>
...
001 (10042411.000.000) 08/09 16:13:38 Job executing on host: <10.5.191.160:9618?addrs=10.5.191.160-9618+[--1]-9618&noUDP&sock=2560_868a_3>
...
006 (10042411.000.000) 08/09 16:13:47 Image size of job updated: 11740
	8  -  MemoryUsage of job (MB)
	7384  -  ResidentSetSize of job (KB)
...
006 (10042411.000.000) 08/09 16:18:48 Image size of job updated: 12152
	8  -  MemoryUsage of job (MB)
	7708  -  ResidentSetSize of job (KB)
...
006 (10042411.000.000) 08/09 17:58:57 Image size of job updated: 12500
	8  -  MemoryUsage of job (MB)
	8020  -  ResidentSetSize of job (KB)
...
006 (10042411.000.000) 08/09 18:20:50 Image size of job updated: 12500
	8  -  MemoryUsage of job (MB)
	8104  -  ResidentSetSize of job (KB)
...
005 (10042411.000.000) 08/09 18:20:50 Job terminated.
	(1) Normal termination (return value 0)
		Usr 0 02:04:55, Sys 0 00:00:26  -  Run Remote Usage
		Usr 0 00:00:00, Sys 0 00:00:00  -  Run Local Usage
		Usr 0 02:04:55, Sys 0 00:00:26  -  Total Remote Usage
		Usr 0 00:00:00, Sys 0 00:00:00  -  Total Local Usage
	0  -  Run Bytes Sent By Job
	0  -  Run Bytes Received By Job
	0  -  Total Bytes Sent By Job
	0  -  Total Bytes Received By Job
	Partitionable Resources :    Usage  Request Allocated
	   Cpus                 :                 1         1
	   Disk (KB)            :        5        5   1508646
	   Memory (MB)          :        8        1         1
...
