000 (10042246.000.000) 08/09 16:10:20 Job submitted from host: <10.5.0.46:9618?addrs=10.5.0.46-9618&noUDP&sock=2497_a07a_3>
...
001 (10042246.000.000) 08/09 16:10:40 Job executing on host: <10.5.199.195:9618?addrs=10.5.199.195-9618+[--1]-9618&noUDP&sock=2554_68f8_3>
...
006 (10042246.000.000) 08/09 16:10:48 Image size of job updated: 11720
	8  -  MemoryUsage of job (MB)
	7368  -  ResidentSetSize of job (KB)
...
006 (10042246.000.000) 08/09 16:15:48 Image size of job updated: 11968
	8  -  MemoryUsage of job (MB)
	7528  -  ResidentSetSize of job (KB)
...
006 (10042246.000.000) 08/09 16:30:49 Image size of job updated: 12004
	8  -  MemoryUsage of job (MB)
	7552  -  ResidentSetSize of job (KB)
...
006 (10042246.000.000) 08/09 16:45:51 Image size of job updated: 12112
	8  -  MemoryUsage of job (MB)
	7660  -  ResidentSetSize of job (KB)
...
006 (10042246.000.000) 08/09 16:50:51 Image size of job updated: 12184
	8  -  MemoryUsage of job (MB)
	7732  -  ResidentSetSize of job (KB)
...
006 (10042246.000.000) 08/09 17:15:55 Image size of job updated: 12184
	8  -  MemoryUsage of job (MB)
	7928  -  ResidentSetSize of job (KB)
...
005 (10042246.000.000) 08/09 18:17:23 Job terminated.
	(1) Normal termination (return value 0)
		Usr 0 02:04:50, Sys 0 00:00:26  -  Run Remote Usage
		Usr 0 00:00:00, Sys 0 00:00:00  -  Run Local Usage
		Usr 0 02:04:50, Sys 0 00:00:26  -  Total Remote Usage
		Usr 0 00:00:00, Sys 0 00:00:00  -  Total Local Usage
	0  -  Run Bytes Sent By Job
	0  -  Run Bytes Received By Job
	0  -  Total Bytes Sent By Job
	0  -  Total Bytes Received By Job
	Partitionable Resources :    Usage  Request Allocated
	   Cpus                 :                 1         1
	   Disk (KB)            :        5        5   1508647
	   Memory (MB)          :        8        1         1
...
