000 (10042691.000.000) 08/09 16:18:19 Job submitted from host: <10.5.0.46:9618?addrs=10.5.0.46-9618&noUDP&sock=2497_a07a_3>
...
001 (10042691.000.000) 08/09 16:18:26 Job executing on host: <10.5.238.76:9618?addrs=10.5.238.76-9618+[--1]-9618&noUDP&sock=3127_c124_3>
...
006 (10042691.000.000) 08/09 16:18:34 Image size of job updated: 11732
	8  -  MemoryUsage of job (MB)
	7384  -  ResidentSetSize of job (KB)
...
006 (10042691.000.000) 08/09 16:23:34 Image size of job updated: 11824
	8  -  MemoryUsage of job (MB)
	7388  -  ResidentSetSize of job (KB)
...
006 (10042691.000.000) 08/09 16:28:34 Image size of job updated: 12044
	8  -  MemoryUsage of job (MB)
	7608  -  ResidentSetSize of job (KB)
...
006 (10042691.000.000) 08/09 16:48:36 Image size of job updated: 12108
	8  -  MemoryUsage of job (MB)
	7660  -  ResidentSetSize of job (KB)
...
006 (10042691.000.000) 08/09 16:53:37 Image size of job updated: 12108
	8  -  MemoryUsage of job (MB)
	7936  -  ResidentSetSize of job (KB)
...
005 (10042691.000.000) 08/09 18:19:02 Job terminated.
	(1) Normal termination (return value 0)
		Usr 0 01:58:21, Sys 0 00:00:21  -  Run Remote Usage
		Usr 0 00:00:00, Sys 0 00:00:00  -  Run Local Usage
		Usr 0 01:58:21, Sys 0 00:00:21  -  Total Remote Usage
		Usr 0 00:00:00, Sys 0 00:00:00  -  Total Local Usage
	0  -  Run Bytes Sent By Job
	0  -  Run Bytes Received By Job
	0  -  Total Bytes Sent By Job
	0  -  Total Bytes Received By Job
	Partitionable Resources :    Usage  Request Allocated
	   Cpus                 :                 1         1
	   Disk (KB)            :        5        5   1508535
	   Memory (MB)          :        8        1         1
...
