000 (10042501.000.000) 08/09 16:14:50 Job submitted from host: <10.5.0.46:9618?addrs=10.5.0.46-9618&noUDP&sock=2497_a07a_3>
...
001 (10042501.000.000) 08/09 16:15:06 Job executing on host: <10.5.164.155:9618?addrs=10.5.164.155-9618+[--1]-9618&noUDP&sock=2553_b960_3>
...
006 (10042501.000.000) 08/09 16:15:15 Image size of job updated: 11740
	8  -  MemoryUsage of job (MB)
	7396  -  ResidentSetSize of job (KB)
...
006 (10042501.000.000) 08/09 16:20:16 Image size of job updated: 11824
	8  -  MemoryUsage of job (MB)
	7396  -  ResidentSetSize of job (KB)
...
006 (10042501.000.000) 08/09 16:25:16 Image size of job updated: 11948
	8  -  MemoryUsage of job (MB)
	7516  -  ResidentSetSize of job (KB)
...
006 (10042501.000.000) 08/09 16:30:17 Image size of job updated: 11984
	8  -  MemoryUsage of job (MB)
	7552  -  ResidentSetSize of job (KB)
...
006 (10042501.000.000) 08/09 17:35:23 Image size of job updated: 12040
	8  -  MemoryUsage of job (MB)
	7564  -  ResidentSetSize of job (KB)
...
006 (10042501.000.000) 08/09 17:50:24 Image size of job updated: 12424
	8  -  MemoryUsage of job (MB)
	7948  -  ResidentSetSize of job (KB)
...
005 (10042501.000.000) 08/09 18:22:56 Job terminated.
	(1) Normal termination (return value 0)
		Usr 0 02:05:35, Sys 0 00:00:27  -  Run Remote Usage
		Usr 0 00:00:00, Sys 0 00:00:00  -  Run Local Usage
		Usr 0 02:05:35, Sys 0 00:00:27  -  Total Remote Usage
		Usr 0 00:00:00, Sys 0 00:00:00  -  Total Local Usage
	0  -  Run Bytes Sent By Job
	0  -  Run Bytes Received By Job
	0  -  Total Bytes Sent By Job
	0  -  Total Bytes Received By Job
	Partitionable Resources :    Usage  Request Allocated
	   Cpus                 :                 1         1
	   Disk (KB)            :        5        5   1508649
	   Memory (MB)          :        8        1         1
...
