000 (10042280.000.000) 08/09 16:10:56 Job submitted from host: <10.5.0.46:9618?addrs=10.5.0.46-9618&noUDP&sock=2497_a07a_3>
...
001 (10042280.000.000) 08/09 16:11:21 Job executing on host: <10.5.229.57:9618?addrs=10.5.229.57-9618+[--1]-9618&noUDP&sock=2564_9552_3>
...
006 (10042280.000.000) 08/09 16:11:29 Image size of job updated: 11724
	8  -  MemoryUsage of job (MB)
	7368  -  ResidentSetSize of job (KB)
...
006 (10042280.000.000) 08/09 16:16:29 Image size of job updated: 11976
	8  -  MemoryUsage of job (MB)
	7532  -  ResidentSetSize of job (KB)
...
006 (10042280.000.000) 08/09 16:21:30 Image size of job updated: 12128
	8  -  MemoryUsage of job (MB)
	7684  -  ResidentSetSize of job (KB)
...
006 (10042280.000.000) 08/09 16:26:31 Image size of job updated: 12128
	8  -  MemoryUsage of job (MB)
	7896  -  ResidentSetSize of job (KB)
...
006 (10042280.000.000) 08/09 18:11:40 Image size of job updated: 12336
	8  -  MemoryUsage of job (MB)
	7896  -  ResidentSetSize of job (KB)
...
005 (10042280.000.000) 08/09 18:17:13 Job terminated.
	(1) Normal termination (return value 0)
		Usr 0 02:03:43, Sys 0 00:00:35  -  Run Remote Usage
		Usr 0 00:00:00, Sys 0 00:00:00  -  Run Local Usage
		Usr 0 02:03:43, Sys 0 00:00:35  -  Total Remote Usage
		Usr 0 00:00:00, Sys 0 00:00:00  -  Total Local Usage
	0  -  Run Bytes Sent By Job
	0  -  Run Bytes Received By Job
	0  -  Total Bytes Sent By Job
	0  -  Total Bytes Received By Job
	Partitionable Resources :    Usage  Request Allocated
	   Cpus                 :                 1         1
	   Disk (KB)            :        5        5   1508009
	   Memory (MB)          :        8        1         1
...
