000 (10042529.000.000) 08/09 16:15:19 Job submitted from host: <10.5.0.46:9618?addrs=10.5.0.46-9618&noUDP&sock=2497_a07a_3>
...
001 (10042529.000.000) 08/09 16:15:41 Job executing on host: <10.5.234.205:9618?addrs=10.5.234.205-9618+[--1]-9618&noUDP&sock=2565_44eb_3>
...
006 (10042529.000.000) 08/09 16:15:50 Image size of job updated: 12264
	8  -  MemoryUsage of job (MB)
	7920  -  ResidentSetSize of job (KB)
...
006 (10042529.000.000) 08/09 16:40:53 Image size of job updated: 12316
	8  -  MemoryUsage of job (MB)
	7920  -  ResidentSetSize of job (KB)
...
005 (10042529.000.000) 08/09 18:20:58 Job terminated.
	(1) Normal termination (return value 0)
		Usr 0 02:03:07, Sys 0 00:00:24  -  Run Remote Usage
		Usr 0 00:00:00, Sys 0 00:00:00  -  Run Local Usage
		Usr 0 02:03:07, Sys 0 00:00:24  -  Total Remote Usage
		Usr 0 00:00:00, Sys 0 00:00:00  -  Total Local Usage
	0  -  Run Bytes Sent By Job
	0  -  Run Bytes Received By Job
	0  -  Total Bytes Sent By Job
	0  -  Total Bytes Received By Job
	Partitionable Resources :    Usage  Request Allocated
	   Cpus                 :                 1         1
	   Disk (KB)            :        5        5   1508057
	   Memory (MB)          :        8        1         1
...
