000 (10042348.000.000) 08/09 16:12:08 Job submitted from host: <10.5.0.46:9618?addrs=10.5.0.46-9618&noUDP&sock=2497_a07a_3>
...
001 (10042348.000.000) 08/09 16:12:16 Job executing on host: <10.5.197.36:9618?addrs=10.5.197.36-9618+[--1]-9618&noUDP&sock=2559_d6f1_3>
...
006 (10042348.000.000) 08/09 16:12:25 Image size of job updated: 11860
	8  -  MemoryUsage of job (MB)
	7500  -  ResidentSetSize of job (KB)
...
006 (10042348.000.000) 08/09 16:17:26 Image size of job updated: 11884
	8  -  MemoryUsage of job (MB)
	7500  -  ResidentSetSize of job (KB)
...
006 (10042348.000.000) 08/09 16:22:26 Image size of job updated: 11896
	8  -  MemoryUsage of job (MB)
	7500  -  ResidentSetSize of job (KB)
...
006 (10042348.000.000) 08/09 16:47:28 Image size of job updated: 11948
	8  -  MemoryUsage of job (MB)
	7500  -  ResidentSetSize of job (KB)
...
006 (10042348.000.000) 08/09 17:07:30 Image size of job updated: 12048
	8  -  MemoryUsage of job (MB)
	7564  -  ResidentSetSize of job (KB)
...
006 (10042348.000.000) 08/09 17:37:33 Image size of job updated: 12200
	8  -  MemoryUsage of job (MB)
	7716  -  ResidentSetSize of job (KB)
...
006 (10042348.000.000) 08/09 18:12:37 Image size of job updated: 12284
	8  -  MemoryUsage of job (MB)
	7800  -  ResidentSetSize of job (KB)
...
005 (10042348.000.000) 08/09 18:16:57 Job terminated.
	(1) Normal termination (return value 0)
		Usr 0 02:02:53, Sys 0 00:00:23  -  Run Remote Usage
		Usr 0 00:00:00, Sys 0 00:00:00  -  Run Local Usage
		Usr 0 02:02:53, Sys 0 00:00:23  -  Total Remote Usage
		Usr 0 00:00:00, Sys 0 00:00:00  -  Total Local Usage
	0  -  Run Bytes Sent By Job
	0  -  Run Bytes Received By Job
	0  -  Total Bytes Sent By Job
	0  -  Total Bytes Received By Job
	Partitionable Resources :    Usage  Request Allocated
	   Cpus                 :                 1         1
	   Disk (KB)            :        5        5   1508636
	   Memory (MB)          :        8        1         1
...
