000 (10042248.000.000) 08/09 16:10:23 Job submitted from host: <10.5.0.46:9618?addrs=10.5.0.46-9618&noUDP&sock=2497_a07a_3>
...
001 (10042248.000.000) 08/09 16:10:44 Job executing on host: <10.5.172.143:9618?addrs=10.5.172.143-9618+[--1]-9618&noUDP&sock=2542_2dd5_3>
...
006 (10042248.000.000) 08/09 16:10:52 Image size of job updated: 11772
	8  -  MemoryUsage of job (MB)
	7420  -  ResidentSetSize of job (KB)
...
006 (10042248.000.000) 08/09 16:15:52 Image size of job updated: 11872
	8  -  MemoryUsage of job (MB)
	7432  -  ResidentSetSize of job (KB)
...
006 (10042248.000.000) 08/09 16:20:54 Image size of job updated: 11948
	8  -  MemoryUsage of job (MB)
	7480  -  ResidentSetSize of job (KB)
...
006 (10042248.000.000) 08/09 16:25:54 Image size of job updated: 11956
	8  -  MemoryUsage of job (MB)
	7488  -  ResidentSetSize of job (KB)
...
006 (10042248.000.000) 08/09 16:30:54 Image size of job updated: 11960
	8  -  MemoryUsage of job (MB)
	7488  -  ResidentSetSize of job (KB)
...
006 (10042248.000.000) 08/09 16:40:56 Image size of job updated: 11960
	8  -  MemoryUsage of job (MB)
	7532  -  ResidentSetSize of job (KB)
...
006 (10042248.000.000) 08/09 16:45:56 Image size of job updated: 12308
	8  -  MemoryUsage of job (MB)
	7828  -  ResidentSetSize of job (KB)
...
006 (10042248.000.000) 08/09 17:51:03 Image size of job updated: 12308
	8  -  MemoryUsage of job (MB)
	7868  -  ResidentSetSize of job (KB)
...
005 (10042248.000.000) 08/09 18:18:37 Job terminated.
	(1) Normal termination (return value 0)
		Usr 0 02:05:37, Sys 0 00:00:32  -  Run Remote Usage
		Usr 0 00:00:00, Sys 0 00:00:00  -  Run Local Usage
		Usr 0 02:05:37, Sys 0 00:00:32  -  Total Remote Usage
		Usr 0 00:00:00, Sys 0 00:00:00  -  Total Local Usage
	0  -  Run Bytes Sent By Job
	0  -  Run Bytes Received By Job
	0  -  Total Bytes Sent By Job
	0  -  Total Bytes Received By Job
	Partitionable Resources :    Usage  Request Allocated
	   Cpus                 :                 1         1
	   Disk (KB)            :        5        5   1508653
	   Memory (MB)          :        8        1         1
...
