000 (10042753.000.000) 08/09 16:19:24 Job submitted from host: <10.5.0.46:9618?addrs=10.5.0.46-9618&noUDP&sock=2497_a07a_3>
...
001 (10042753.000.000) 08/09 16:21:44 Job executing on host: <10.5.157.101:9618?addrs=10.5.157.101-9618+[--1]-9618&noUDP&sock=2553_09c8_3>
...
006 (10042753.000.000) 08/09 16:21:53 Image size of job updated: 11748
	8  -  MemoryUsage of job (MB)
	7404  -  ResidentSetSize of job (KB)
...
006 (10042753.000.000) 08/09 16:26:54 Image size of job updated: 11912
	8  -  MemoryUsage of job (MB)
	7480  -  ResidentSetSize of job (KB)
...
006 (10042753.000.000) 08/09 16:31:54 Image size of job updated: 11976
	8  -  MemoryUsage of job (MB)
	7544  -  ResidentSetSize of job (KB)
...
006 (10042753.000.000) 08/09 16:41:55 Image size of job updated: 12028
	8  -  MemoryUsage of job (MB)
	7552  -  ResidentSetSize of job (KB)
...
006 (10042753.000.000) 08/09 17:01:58 Image size of job updated: 12080
	8  -  MemoryUsage of job (MB)
	7604  -  ResidentSetSize of job (KB)
...
006 (10042753.000.000) 08/09 17:06:58 Image size of job updated: 12080
	8  -  MemoryUsage of job (MB)
	7784  -  ResidentSetSize of job (KB)
...
006 (10042753.000.000) 08/09 17:11:59 Image size of job updated: 12228
	8  -  MemoryUsage of job (MB)
	7784  -  ResidentSetSize of job (KB)
...
006 (10042753.000.000) 08/09 17:17:00 Image size of job updated: 12228
	8  -  MemoryUsage of job (MB)
	7940  -  ResidentSetSize of job (KB)
...
006 (10042753.000.000) 08/09 17:27:00 Image size of job updated: 12436
	8  -  MemoryUsage of job (MB)
	7960  -  ResidentSetSize of job (KB)
...
006 (10042753.000.000) 08/09 17:32:01 Image size of job updated: 12436
	8  -  MemoryUsage of job (MB)
	7984  -  ResidentSetSize of job (KB)
...
005 (10042753.000.000) 08/09 18:33:40 Job terminated.
	(1) Normal termination (return value 0)
		Usr 0 02:09:53, Sys 0 00:00:29  -  Run Remote Usage
		Usr 0 00:00:00, Sys 0 00:00:00  -  Run Local Usage
		Usr 0 02:09:53, Sys 0 00:00:29  -  Total Remote Usage
		Usr 0 00:00:00, Sys 0 00:00:00  -  Total Local Usage
	0  -  Run Bytes Sent By Job
	0  -  Run Bytes Received By Job
	0  -  Total Bytes Sent By Job
	0  -  Total Bytes Received By Job
	Partitionable Resources :    Usage  Request Allocated
	   Cpus                 :                 1         1
	   Disk (KB)            :        5        5   1508637
	   Memory (MB)          :        8        1         1
...
