000 (10042384.000.000) 08/09 16:12:46 Job submitted from host: <10.5.0.46:9618?addrs=10.5.0.46-9618&noUDP&sock=2497_a07a_3>
...
001 (10042384.000.000) 08/09 16:12:58 Job executing on host: <10.5.228.57:9618?addrs=10.5.228.57-9618+[--1]-9618&noUDP&sock=2558_2759_3>
...
006 (10042384.000.000) 08/09 16:13:06 Image size of job updated: 12244
	8  -  MemoryUsage of job (MB)
	7400  -  ResidentSetSize of job (KB)
...
006 (10042384.000.000) 08/09 16:18:06 Image size of job updated: 12408
	8  -  MemoryUsage of job (MB)
	7444  -  ResidentSetSize of job (KB)
...
006 (10042384.000.000) 08/09 16:23:07 Image size of job updated: 12492
	8  -  MemoryUsage of job (MB)
	7528  -  ResidentSetSize of job (KB)
...
006 (10042384.000.000) 08/09 16:38:08 Image size of job updated: 12572
	8  -  MemoryUsage of job (MB)
	7596  -  ResidentSetSize of job (KB)
...
006 (10042384.000.000) 08/09 17:08:12 Image size of job updated: 12572
	8  -  MemoryUsage of job (MB)
	7604  -  ResidentSetSize of job (KB)
...
006 (10042384.000.000) 08/09 17:48:17 Image size of job updated: 12636
	8  -  MemoryUsage of job (MB)
	7628  -  ResidentSetSize of job (KB)
...
005 (10042384.000.000) 08/09 18:20:30 Job terminated.
	(1) Normal termination (return value 0)
		Usr 0 02:05:23, Sys 0 00:00:26  -  Run Remote Usage
		Usr 0 00:00:00, Sys 0 00:00:00  -  Run Local Usage
		Usr 0 02:05:23, Sys 0 00:00:26  -  Total Remote Usage
		Usr 0 00:00:00, Sys 0 00:00:00  -  Total Local Usage
	0  -  Run Bytes Sent By Job
	0  -  Run Bytes Received By Job
	0  -  Total Bytes Sent By Job
	0  -  Total Bytes Received By Job
	Partitionable Resources :    Usage  Request Allocated
	   Cpus                 :                 1         1
	   Disk (KB)            :        5        5   1508651
	   Memory (MB)          :        8        1         1
...
