000 (10042166.000.000) 08/09 14:14:57 Job submitted from host: <10.5.0.46:9618?addrs=10.5.0.46-9618&noUDP&sock=2497_a07a_3>
...
001 (10042166.000.000) 08/09 14:15:17 Job executing on host: <10.5.207.106:9618?addrs=10.5.207.106-9618+[--1]-9618&noUDP&sock=1976_f33b_3>
...
006 (10042166.000.000) 08/09 14:15:25 Image size of job updated: 12404
	8  -  MemoryUsage of job (MB)
	7480  -  ResidentSetSize of job (KB)
...
004 (10042166.000.000) 08/09 14:18:00 Job was evicted.
	(0) Job was not checkpointed.
		Usr 0 00:02:37, Sys 0 00:00:02  -  Run Remote Usage
		Usr 0 00:00:00, Sys 0 00:00:00  -  Run Local Usage
	0  -  Run Bytes Sent By Job
	0  -  Run Bytes Received By Job
	Partitionable Resources :    Usage  Request Allocated
	   Cpus                 :                 1         1
	   Disk (KB)            :        5        5   1505161
	   Memory (MB)          :        8        1         1
...
009 (10042166.000.000) 08/09 14:18:00 Job was aborted by the user.
	via condor_rm (by user elawsonk)
...
000 (10042168.000.000) 08/09 14:22:12 Job submitted from host: <10.5.0.46:9618?addrs=10.5.0.46-9618&noUDP&sock=2497_a07a_3>
...
001 (10042168.000.000) 08/09 14:22:31 Job executing on host: <10.5.207.106:9618?addrs=10.5.207.106-9618+[--1]-9618&noUDP&sock=1976_f33b_3>
...
006 (10042168.000.000) 08/09 14:22:40 Image size of job updated: 12644
	8  -  MemoryUsage of job (MB)
	7720  -  ResidentSetSize of job (KB)
...
004 (10042168.000.000) 08/09 14:58:36 Job was evicted.
	(0) Job was not checkpointed.
		Usr 0 00:35:38, Sys 0 00:00:10  -  Run Remote Usage
		Usr 0 00:00:00, Sys 0 00:00:00  -  Run Local Usage
	0  -  Run Bytes Sent By Job
	0  -  Run Bytes Received By Job
	Partitionable Resources :    Usage  Request Allocated
	   Cpus                 :                 1         1
	   Disk (KB)            :        5        5   1505161
	   Memory (MB)          :        8        1         1
...
009 (10042168.000.000) 08/09 14:58:36 Job was aborted by the user.
	via condor_rm (by user elawsonk)
...
000 (10042174.000.000) 08/09 14:59:23 Job submitted from host: <10.5.0.46:9618?addrs=10.5.0.46-9618&noUDP&sock=2497_a07a_3>
...
001 (10042174.000.000) 08/09 14:59:31 Job executing on host: <10.5.207.106:9618?addrs=10.5.207.106-9618+[--1]-9618&noUDP&sock=1976_f33b_3>
...
006 (10042174.000.000) 08/09 14:59:40 Image size of job updated: 12332
	8  -  MemoryUsage of job (MB)
	7404  -  ResidentSetSize of job (KB)
...
006 (10042174.000.000) 08/09 15:04:41 Image size of job updated: 12448
	8  -  MemoryUsage of job (MB)
	7500  -  ResidentSetSize of job (KB)
...
004 (10042174.000.000) 08/09 15:08:26 Job was evicted.
	(0) Job was not checkpointed.
		Usr 0 00:08:27, Sys 0 00:00:22  -  Run Remote Usage
		Usr 0 00:00:00, Sys 0 00:00:00  -  Run Local Usage
	0  -  Run Bytes Sent By Job
	0  -  Run Bytes Received By Job
	Partitionable Resources :    Usage  Request Allocated
	   Cpus                 :                 1         1
	   Disk (KB)            :        5        5   1505161
	   Memory (MB)          :        8        1         1
...
009 (10042174.000.000) 08/09 15:08:26 Job was aborted by the user.
	via condor_rm (by user elawsonk)
...
000 (10042177.000.000) 08/09 15:11:46 Job submitted from host: <10.5.0.46:9618?addrs=10.5.0.46-9618&noUDP&sock=2497_a07a_3>
...
001 (10042177.000.000) 08/09 15:11:52 Job executing on host: <10.5.207.106:9618?addrs=10.5.207.106-9618+[--1]-9618&noUDP&sock=1976_f33b_3>
...
006 (10042177.000.000) 08/09 15:12:00 Image size of job updated: 12344
	8  -  MemoryUsage of job (MB)
	7436  -  ResidentSetSize of job (KB)
...
006 (10042177.000.000) 08/09 15:17:00 Image size of job updated: 12364
	8  -  MemoryUsage of job (MB)
	7436  -  ResidentSetSize of job (KB)
...
006 (10042177.000.000) 08/09 15:22:01 Image size of job updated: 12408
	8  -  MemoryUsage of job (MB)
	7456  -  ResidentSetSize of job (KB)
...
006 (10042177.000.000) 08/09 15:27:02 Image size of job updated: 12416
	8  -  MemoryUsage of job (MB)
	7464  -  ResidentSetSize of job (KB)
...
006 (10042177.000.000) 08/09 15:47:04 Image size of job updated: 12468
	8  -  MemoryUsage of job (MB)
	7504  -  ResidentSetSize of job (KB)
...
004 (10042177.000.000) 08/09 16:01:46 Job was evicted.
	(0) Job was not checkpointed.
		Usr 0 00:49:37, Sys 0 00:00:08  -  Run Remote Usage
		Usr 0 00:00:00, Sys 0 00:00:00  -  Run Local Usage
	0  -  Run Bytes Sent By Job
	0  -  Run Bytes Received By Job
	Partitionable Resources :    Usage  Request Allocated
	   Cpus                 :                 1         1
	   Disk (KB)            :        5        5   1505161
	   Memory (MB)          :        8        1         1
...
009 (10042177.000.000) 08/09 16:01:46 Job was aborted by the user.
	via condor_rm (by user elawsonk)
...
