000 (10042545.000.000) 08/09 16:15:37 Job submitted from host: <10.5.0.46:9618?addrs=10.5.0.46-9618&noUDP&sock=2497_a07a_3>
...
001 (10042545.000.000) 08/09 16:16:01 Job executing on host: <10.5.218.149:9618?addrs=10.5.218.149-9618+[--1]-9618&noUDP&sock=2001_6980_3>
...
006 (10042545.000.000) 08/09 16:16:10 Image size of job updated: 11772
	8  -  MemoryUsage of job (MB)
	7436  -  ResidentSetSize of job (KB)
...
006 (10042545.000.000) 08/09 16:21:11 Image size of job updated: 11840
	8  -  MemoryUsage of job (MB)
	7436  -  ResidentSetSize of job (KB)
...
006 (10042545.000.000) 08/09 16:26:11 Image size of job updated: 11840
	8  -  MemoryUsage of job (MB)
	7464  -  ResidentSetSize of job (KB)
...
006 (10042545.000.000) 08/09 16:31:11 Image size of job updated: 11856
	8  -  MemoryUsage of job (MB)
	7464  -  ResidentSetSize of job (KB)
...
006 (10042545.000.000) 08/09 16:36:12 Image size of job updated: 11924
	8  -  MemoryUsage of job (MB)
	7472  -  ResidentSetSize of job (KB)
...
006 (10042545.000.000) 08/09 16:41:12 Image size of job updated: 12000
	8  -  MemoryUsage of job (MB)
	7548  -  ResidentSetSize of job (KB)
...
006 (10042545.000.000) 08/09 17:36:17 Image size of job updated: 12048
	8  -  MemoryUsage of job (MB)
	7596  -  ResidentSetSize of job (KB)
...
006 (10042545.000.000) 08/09 18:31:24 Image size of job updated: 12092
	8  -  MemoryUsage of job (MB)
	7640  -  ResidentSetSize of job (KB)
...
006 (10042545.000.000) 08/09 18:51:26 Image size of job updated: 12116
	8  -  MemoryUsage of job (MB)
	7664  -  ResidentSetSize of job (KB)
...
005 (10042545.000.000) 08/09 19:00:12 Job terminated.
	(1) Normal termination (return value 0)
		Usr 0 02:42:35, Sys 0 00:00:22  -  Run Remote Usage
		Usr 0 00:00:00, Sys 0 00:00:00  -  Run Local Usage
		Usr 0 02:42:35, Sys 0 00:00:22  -  Total Remote Usage
		Usr 0 00:00:00, Sys 0 00:00:00  -  Total Local Usage
	0  -  Run Bytes Sent By Job
	0  -  Run Bytes Received By Job
	0  -  Total Bytes Sent By Job
	0  -  Total Bytes Received By Job
	Partitionable Resources :    Usage  Request Allocated
	   Cpus                 :                 1         1
	   Disk (KB)            :        5        5   1506088
	   Memory (MB)          :        8        1         1
...
