000 (10042310.000.000) 08/09 16:11:28 Job submitted from host: <10.5.0.46:9618?addrs=10.5.0.46-9618&noUDP&sock=2497_a07a_3>
...
001 (10042310.000.000) 08/09 16:11:42 Job executing on host: <10.5.226.32:9618?addrs=10.5.226.32-9618+[--1]-9618&noUDP&sock=2551_5a2f_3>
...
006 (10042310.000.000) 08/09 16:11:50 Image size of job updated: 11692
	8  -  MemoryUsage of job (MB)
	7348  -  ResidentSetSize of job (KB)
...
006 (10042310.000.000) 08/09 16:16:50 Image size of job updated: 12156
	8  -  MemoryUsage of job (MB)
	7724  -  ResidentSetSize of job (KB)
...
006 (10042310.000.000) 08/09 16:31:52 Image size of job updated: 12164
	8  -  MemoryUsage of job (MB)
	7724  -  ResidentSetSize of job (KB)
...
006 (10042310.000.000) 08/09 16:46:54 Image size of job updated: 12164
	8  -  MemoryUsage of job (MB)
	7760  -  ResidentSetSize of job (KB)
...
006 (10042310.000.000) 08/09 16:56:55 Image size of job updated: 12216
	8  -  MemoryUsage of job (MB)
	7760  -  ResidentSetSize of job (KB)
...
006 (10042310.000.000) 08/09 17:01:55 Image size of job updated: 12252
	8  -  MemoryUsage of job (MB)
	7776  -  ResidentSetSize of job (KB)
...
006 (10042310.000.000) 08/09 17:47:00 Image size of job updated: 12304
	8  -  MemoryUsage of job (MB)
	7828  -  ResidentSetSize of job (KB)
...
006 (10042310.000.000) 08/09 17:52:00 Image size of job updated: 12304
	8  -  MemoryUsage of job (MB)
	8068  -  ResidentSetSize of job (KB)
...
006 (10042310.000.000) 08/09 17:57:00 Image size of job updated: 12532
	8  -  MemoryUsage of job (MB)
	8068  -  ResidentSetSize of job (KB)
...
006 (10042310.000.000) 08/09 18:18:29 Image size of job updated: 12544
	8  -  MemoryUsage of job (MB)
	8068  -  ResidentSetSize of job (KB)
...
005 (10042310.000.000) 08/09 18:18:30 Job terminated.
	(1) Normal termination (return value 0)
		Usr 0 02:04:36, Sys 0 00:00:30  -  Run Remote Usage
		Usr 0 00:00:00, Sys 0 00:00:00  -  Run Local Usage
		Usr 0 02:04:36, Sys 0 00:00:30  -  Total Remote Usage
		Usr 0 00:00:00, Sys 0 00:00:00  -  Total Local Usage
	0  -  Run Bytes Sent By Job
	0  -  Run Bytes Received By Job
	0  -  Total Bytes Sent By Job
	0  -  Total Bytes Received By Job
	Partitionable Resources :    Usage  Request Allocated
	   Cpus                 :                 1         1
	   Disk (KB)            :        5        5   1508650
	   Memory (MB)          :        8        1         1
...
