000 (10042468.000.000) 08/09 16:14:15 Job submitted from host: <10.5.0.46:9618?addrs=10.5.0.46-9618&noUDP&sock=2497_a07a_3>
...
001 (10042468.000.000) 08/09 16:14:41 Job executing on host: <10.5.197.36:9618?addrs=10.5.197.36-9618+[--1]-9618&noUDP&sock=2559_d6f1_3>
...
006 (10042468.000.000) 08/09 16:14:49 Image size of job updated: 11708
	8  -  MemoryUsage of job (MB)
	7364  -  ResidentSetSize of job (KB)
...
006 (10042468.000.000) 08/09 16:19:49 Image size of job updated: 11820
	8  -  MemoryUsage of job (MB)
	7388  -  ResidentSetSize of job (KB)
...
006 (10042468.000.000) 08/09 16:24:50 Image size of job updated: 11924
	8  -  MemoryUsage of job (MB)
	7492  -  ResidentSetSize of job (KB)
...
006 (10042468.000.000) 08/09 16:29:51 Image size of job updated: 12004
	8  -  MemoryUsage of job (MB)
	7572  -  ResidentSetSize of job (KB)
...
006 (10042468.000.000) 08/09 16:34:51 Image size of job updated: 12340
	8  -  MemoryUsage of job (MB)
	7896  -  ResidentSetSize of job (KB)
...
006 (10042468.000.000) 08/09 16:39:52 Image size of job updated: 12476
	8  -  MemoryUsage of job (MB)
	8032  -  ResidentSetSize of job (KB)
...
006 (10042468.000.000) 08/09 16:49:53 Image size of job updated: 12860
	9  -  MemoryUsage of job (MB)
	8416  -  ResidentSetSize of job (KB)
...
005 (10042468.000.000) 08/09 18:20:27 Job terminated.
	(1) Normal termination (return value 0)
		Usr 0 02:03:33, Sys 0 00:00:24  -  Run Remote Usage
		Usr 0 00:00:00, Sys 0 00:00:00  -  Run Local Usage
		Usr 0 02:03:33, Sys 0 00:00:24  -  Total Remote Usage
		Usr 0 00:00:00, Sys 0 00:00:00  -  Total Local Usage
	0  -  Run Bytes Sent By Job
	0  -  Run Bytes Received By Job
	0  -  Total Bytes Sent By Job
	0  -  Total Bytes Received By Job
	Partitionable Resources :    Usage  Request Allocated
	   Cpus                 :                 1         1
	   Disk (KB)            :        5        5   1508636
	   Memory (MB)          :        9        1         1
...
