000 (10042598.000.000) 08/09 16:16:40 Job submitted from host: <10.5.0.46:9618?addrs=10.5.0.46-9618&noUDP&sock=2497_a07a_3>
...
001 (10042598.000.000) 08/09 16:17:06 Job executing on host: <10.5.160.228:9618?addrs=10.5.160.228-9618+[--1]-9618&noUDP&sock=2547_9bce_3>
...
006 (10042598.000.000) 08/09 16:17:15 Image size of job updated: 11732
	8  -  MemoryUsage of job (MB)
	7388  -  ResidentSetSize of job (KB)
...
006 (10042598.000.000) 08/09 16:22:16 Image size of job updated: 11892
	8  -  MemoryUsage of job (MB)
	7428  -  ResidentSetSize of job (KB)
...
006 (10042598.000.000) 08/09 16:27:17 Image size of job updated: 12008
	8  -  MemoryUsage of job (MB)
	7544  -  ResidentSetSize of job (KB)
...
006 (10042598.000.000) 08/09 16:32:17 Image size of job updated: 12008
	8  -  MemoryUsage of job (MB)
	7828  -  ResidentSetSize of job (KB)
...
006 (10042598.000.000) 08/09 16:47:18 Image size of job updated: 12040
	8  -  MemoryUsage of job (MB)
	7828  -  ResidentSetSize of job (KB)
...
006 (10042598.000.000) 08/09 17:32:24 Image size of job updated: 12056
	8  -  MemoryUsage of job (MB)
	7828  -  ResidentSetSize of job (KB)
...
006 (10042598.000.000) 08/09 18:25:16 Image size of job updated: 12392
	8  -  MemoryUsage of job (MB)
	7828  -  ResidentSetSize of job (KB)
...
005 (10042598.000.000) 08/09 18:25:16 Job terminated.
	(1) Normal termination (return value 0)
		Usr 0 02:06:39, Sys 0 00:00:28  -  Run Remote Usage
		Usr 0 00:00:00, Sys 0 00:00:00  -  Run Local Usage
		Usr 0 02:06:39, Sys 0 00:00:28  -  Total Remote Usage
		Usr 0 00:00:00, Sys 0 00:00:00  -  Total Local Usage
	0  -  Run Bytes Sent By Job
	0  -  Run Bytes Received By Job
	0  -  Total Bytes Sent By Job
	0  -  Total Bytes Received By Job
	Partitionable Resources :    Usage  Request Allocated
	   Cpus                 :                 1         1
	   Disk (KB)            :        5        5   1508653
	   Memory (MB)          :        8        1         1
...
