000 (10042291.000.000) 08/09 16:11:08 Job submitted from host: <10.5.0.46:9618?addrs=10.5.0.46-9618&noUDP&sock=2497_a07a_3>
...
001 (10042291.000.000) 08/09 16:11:22 Job executing on host: <10.5.226.32:9618?addrs=10.5.226.32-9618+[--1]-9618&noUDP&sock=2551_5a2f_3>
...
006 (10042291.000.000) 08/09 16:11:30 Image size of job updated: 11736
	8  -  MemoryUsage of job (MB)
	7392  -  ResidentSetSize of job (KB)
...
006 (10042291.000.000) 08/09 16:16:30 Image size of job updated: 11848
	8  -  MemoryUsage of job (MB)
	7416  -  ResidentSetSize of job (KB)
...
006 (10042291.000.000) 08/09 16:26:32 Image size of job updated: 11948
	8  -  MemoryUsage of job (MB)
	7516  -  ResidentSetSize of job (KB)
...
006 (10042291.000.000) 08/09 17:06:35 Image size of job updated: 12024
	8  -  MemoryUsage of job (MB)
	7580  -  ResidentSetSize of job (KB)
...
006 (10042291.000.000) 08/09 17:26:37 Image size of job updated: 12120
	8  -  MemoryUsage of job (MB)
	7676  -  ResidentSetSize of job (KB)
...
006 (10042291.000.000) 08/09 17:31:38 Image size of job updated: 12120
	8  -  MemoryUsage of job (MB)
	7892  -  ResidentSetSize of job (KB)
...
005 (10042291.000.000) 08/09 18:20:09 Job terminated.
	(1) Normal termination (return value 0)
		Usr 0 02:06:19, Sys 0 00:00:32  -  Run Remote Usage
		Usr 0 00:00:00, Sys 0 00:00:00  -  Run Local Usage
		Usr 0 02:06:19, Sys 0 00:00:32  -  Total Remote Usage
		Usr 0 00:00:00, Sys 0 00:00:00  -  Total Local Usage
	0  -  Run Bytes Sent By Job
	0  -  Run Bytes Received By Job
	0  -  Total Bytes Sent By Job
	0  -  Total Bytes Received By Job
	Partitionable Resources :    Usage  Request Allocated
	   Cpus                 :                 1         1
	   Disk (KB)            :        5        5   1508650
	   Memory (MB)          :        8        1         1
...
