000 (10042238.000.000) 08/09 16:10:12 Job submitted from host: <10.5.0.46:9618?addrs=10.5.0.46-9618&noUDP&sock=2497_a07a_3>
...
001 (10042238.000.000) 08/09 16:10:36 Job executing on host: <10.5.189.225:9618?addrs=10.5.189.225-9618+[--1]-9618&noUDP&sock=2555_1890_3>
...
006 (10042238.000.000) 08/09 16:10:45 Image size of job updated: 11888
	8  -  MemoryUsage of job (MB)
	7528  -  ResidentSetSize of job (KB)
...
006 (10042238.000.000) 08/09 16:15:46 Image size of job updated: 12124
	8  -  MemoryUsage of job (MB)
	7676  -  ResidentSetSize of job (KB)
...
006 (10042238.000.000) 08/09 16:40:48 Image size of job updated: 12164
	8  -  MemoryUsage of job (MB)
	7704  -  ResidentSetSize of job (KB)
...
006 (10042238.000.000) 08/09 16:45:49 Image size of job updated: 12164
	8  -  MemoryUsage of job (MB)
	8012  -  ResidentSetSize of job (KB)
...
006 (10042238.000.000) 08/09 17:25:53 Image size of job updated: 12408
	8  -  MemoryUsage of job (MB)
	8012  -  ResidentSetSize of job (KB)
...
005 (10042238.000.000) 08/09 18:14:40 Job terminated.
	(1) Normal termination (return value 0)
		Usr 0 02:02:04, Sys 0 00:00:38  -  Run Remote Usage
		Usr 0 00:00:00, Sys 0 00:00:00  -  Run Local Usage
		Usr 0 02:02:04, Sys 0 00:00:38  -  Total Remote Usage
		Usr 0 00:00:00, Sys 0 00:00:00  -  Total Local Usage
	0  -  Run Bytes Sent By Job
	0  -  Run Bytes Received By Job
	0  -  Total Bytes Sent By Job
	0  -  Total Bytes Received By Job
	Partitionable Resources :    Usage  Request Allocated
	   Cpus                 :                 1         1
	   Disk (KB)            :        5        5   1508654
	   Memory (MB)          :        8        1         1
...
