000 (10042765.000.000) 08/09 16:19:37 Job submitted from host: <10.5.0.46:9618?addrs=10.5.0.46-9618&noUDP&sock=2497_a07a_3>
...
001 (10042765.000.000) 08/09 16:23:06 Job executing on host: <10.5.238.76:9618?addrs=10.5.238.76-9618+[--1]-9618&noUDP&sock=3127_c124_3>
...
006 (10042765.000.000) 08/09 16:23:15 Image size of job updated: 11804
	8  -  MemoryUsage of job (MB)
	7456  -  ResidentSetSize of job (KB)
...
006 (10042765.000.000) 08/09 16:28:16 Image size of job updated: 12228
	8  -  MemoryUsage of job (MB)
	7792  -  ResidentSetSize of job (KB)
...
006 (10042765.000.000) 08/09 16:33:16 Image size of job updated: 12328
	8  -  MemoryUsage of job (MB)
	7892  -  ResidentSetSize of job (KB)
...
006 (10042765.000.000) 08/09 17:08:19 Image size of job updated: 12332
	8  -  MemoryUsage of job (MB)
	7892  -  ResidentSetSize of job (KB)
...
006 (10042765.000.000) 08/09 17:18:21 Image size of job updated: 12332
	8  -  MemoryUsage of job (MB)
	7988  -  ResidentSetSize of job (KB)
...
006 (10042765.000.000) 08/09 17:23:21 Image size of job updated: 12372
	8  -  MemoryUsage of job (MB)
	7988  -  ResidentSetSize of job (KB)
...
006 (10042765.000.000) 08/09 17:33:23 Image size of job updated: 12448
	8  -  MemoryUsage of job (MB)
	7988  -  ResidentSetSize of job (KB)
...
006 (10042765.000.000) 08/09 18:03:25 Image size of job updated: 12448
	8  -  MemoryUsage of job (MB)
	8016  -  ResidentSetSize of job (KB)
...
005 (10042765.000.000) 08/09 18:21:58 Job terminated.
	(1) Normal termination (return value 0)
		Usr 0 01:57:35, Sys 0 00:00:20  -  Run Remote Usage
		Usr 0 00:00:00, Sys 0 00:00:00  -  Run Local Usage
		Usr 0 01:57:35, Sys 0 00:00:20  -  Total Remote Usage
		Usr 0 00:00:00, Sys 0 00:00:00  -  Total Local Usage
	0  -  Run Bytes Sent By Job
	0  -  Run Bytes Received By Job
	0  -  Total Bytes Sent By Job
	0  -  Total Bytes Received By Job
	Partitionable Resources :    Usage  Request Allocated
	   Cpus                 :                 1         1
	   Disk (KB)            :        5        5   1508535
	   Memory (MB)          :        8        1         1
...
