000 (10042376.000.000) 08/09 16:12:37 Job submitted from host: <10.5.0.46:9618?addrs=10.5.0.46-9618&noUDP&sock=2497_a07a_3>
...
001 (10042376.000.000) 08/09 16:12:57 Job executing on host: <10.5.155.44:9618?addrs=10.5.155.44-9618+[--1]-9618&noUDP&sock=2546_ec36_3>
...
006 (10042376.000.000) 08/09 16:13:06 Image size of job updated: 11680
	8  -  MemoryUsage of job (MB)
	7324  -  ResidentSetSize of job (KB)
...
006 (10042376.000.000) 08/09 16:18:07 Image size of job updated: 12144
	8  -  MemoryUsage of job (MB)
	7676  -  ResidentSetSize of job (KB)
...
006 (10042376.000.000) 08/09 16:23:07 Image size of job updated: 12228
	8  -  MemoryUsage of job (MB)
	7760  -  ResidentSetSize of job (KB)
...
006 (10042376.000.000) 08/09 16:38:08 Image size of job updated: 12488
	8  -  MemoryUsage of job (MB)
	8008  -  ResidentSetSize of job (KB)
...
006 (10042376.000.000) 08/09 17:53:16 Image size of job updated: 12692
	9  -  MemoryUsage of job (MB)
	8212  -  ResidentSetSize of job (KB)
...
006 (10042376.000.000) 08/09 18:20:27 Image size of job updated: 143668
	9  -  MemoryUsage of job (MB)
	8212  -  ResidentSetSize of job (KB)
...
005 (10042376.000.000) 08/09 18:20:27 Job terminated.
	(1) Normal termination (return value 0)
		Usr 0 02:05:13, Sys 0 00:00:28  -  Run Remote Usage
		Usr 0 00:00:00, Sys 0 00:00:00  -  Run Local Usage
		Usr 0 02:05:13, Sys 0 00:00:28  -  Total Remote Usage
		Usr 0 00:00:00, Sys 0 00:00:00  -  Total Local Usage
	0  -  Run Bytes Sent By Job
	0  -  Run Bytes Received By Job
	0  -  Total Bytes Sent By Job
	0  -  Total Bytes Received By Job
	Partitionable Resources :    Usage  Request Allocated
	   Cpus                 :                 1         1
	   Disk (KB)            :        5        5   1508647
	   Memory (MB)          :        9        1         1
...
