000 (10042562.000.000) 08/09 16:15:55 Job submitted from host: <10.5.0.46:9618?addrs=10.5.0.46-9618&noUDP&sock=2497_a07a_3>
...
001 (10042562.000.000) 08/09 16:16:01 Job executing on host: <10.5.234.205:9618?addrs=10.5.234.205-9618+[--1]-9618&noUDP&sock=2565_44eb_3>
...
006 (10042562.000.000) 08/09 16:16:09 Image size of job updated: 11780
	8  -  MemoryUsage of job (MB)
	7424  -  ResidentSetSize of job (KB)
...
006 (10042562.000.000) 08/09 16:21:09 Image size of job updated: 11936
	8  -  MemoryUsage of job (MB)
	7492  -  ResidentSetSize of job (KB)
...
006 (10042562.000.000) 08/09 16:26:09 Image size of job updated: 12220
	8  -  MemoryUsage of job (MB)
	7776  -  ResidentSetSize of job (KB)
...
006 (10042562.000.000) 08/09 17:16:14 Image size of job updated: 12316
	8  -  MemoryUsage of job (MB)
	7840  -  ResidentSetSize of job (KB)
...
006 (10042562.000.000) 08/09 18:20:51 Image size of job updated: 143756
	8  -  MemoryUsage of job (MB)
	7840  -  ResidentSetSize of job (KB)
...
005 (10042562.000.000) 08/09 18:20:51 Job terminated.
	(1) Normal termination (return value 0)
		Usr 0 02:02:30, Sys 0 00:00:28  -  Run Remote Usage
		Usr 0 00:00:00, Sys 0 00:00:00  -  Run Local Usage
		Usr 0 02:02:30, Sys 0 00:00:28  -  Total Remote Usage
		Usr 0 00:00:00, Sys 0 00:00:00  -  Total Local Usage
	0  -  Run Bytes Sent By Job
	0  -  Run Bytes Received By Job
	0  -  Total Bytes Sent By Job
	0  -  Total Bytes Received By Job
	Partitionable Resources :    Usage  Request Allocated
	   Cpus                 :                 1         1
	   Disk (KB)            :        5        5   1508057
	   Memory (MB)          :        8        1         1
...
