000 (10042819.000.000) 08/09 16:20:50 Job submitted from host: <10.5.0.46:9618?addrs=10.5.0.46-9618&noUDP&sock=2497_a07a_3>
...
001 (10042819.000.000) 08/09 18:16:30 Job executing on host: <10.5.202.3:9618?addrs=10.5.202.3-9618+[--1]-9618&noUDP&sock=2544_8d06_3>
...
006 (10042819.000.000) 08/09 18:16:39 Image size of job updated: 11760
	8  -  MemoryUsage of job (MB)
	7404  -  ResidentSetSize of job (KB)
...
006 (10042819.000.000) 08/09 18:21:40 Image size of job updated: 11908
	8  -  MemoryUsage of job (MB)
	7464  -  ResidentSetSize of job (KB)
...
006 (10042819.000.000) 08/09 18:26:40 Image size of job updated: 11932
	8  -  MemoryUsage of job (MB)
	7488  -  ResidentSetSize of job (KB)
...
006 (10042819.000.000) 08/09 18:36:41 Image size of job updated: 11948
	8  -  MemoryUsage of job (MB)
	7488  -  ResidentSetSize of job (KB)
...
006 (10042819.000.000) 08/09 18:46:41 Image size of job updated: 11992
	8  -  MemoryUsage of job (MB)
	7512  -  ResidentSetSize of job (KB)
...
006 (10042819.000.000) 08/09 18:51:43 Image size of job updated: 12176
	8  -  MemoryUsage of job (MB)
	7696  -  ResidentSetSize of job (KB)
...
006 (10042819.000.000) 08/09 18:56:43 Image size of job updated: 12176
	8  -  MemoryUsage of job (MB)
	7912  -  ResidentSetSize of job (KB)
...
005 (10042819.000.000) 08/09 20:14:54 Job terminated.
	(1) Normal termination (return value 0)
		Usr 0 01:57:06, Sys 0 00:00:32  -  Run Remote Usage
		Usr 0 00:00:00, Sys 0 00:00:00  -  Run Local Usage
		Usr 0 01:57:06, Sys 0 00:00:32  -  Total Remote Usage
		Usr 0 00:00:00, Sys 0 00:00:00  -  Total Local Usage
	0  -  Run Bytes Sent By Job
	0  -  Run Bytes Received By Job
	0  -  Total Bytes Sent By Job
	0  -  Total Bytes Received By Job
	Partitionable Resources :    Usage  Request Allocated
	   Cpus                 :                 1         1
	   Disk (KB)            :        5        5   1508651
	   Memory (MB)          :        8        1         1
...
