000 (10042854.000.000) 08/09 16:21:28 Job submitted from host: <10.5.0.46:9618?addrs=10.5.0.46-9618&noUDP&sock=2497_a07a_3>
...
001 (10042854.000.000) 08/09 18:18:38 Job executing on host: <10.5.175.78:9618?addrs=10.5.175.78-9618+[--1]-9618&noUDP&sock=2570_627c_3>
...
006 (10042854.000.000) 08/09 18:18:47 Image size of job updated: 12044
	8  -  MemoryUsage of job (MB)
	7692  -  ResidentSetSize of job (KB)
...
006 (10042854.000.000) 08/09 18:23:47 Image size of job updated: 12044
	8  -  MemoryUsage of job (MB)
	7908  -  ResidentSetSize of job (KB)
...
006 (10042854.000.000) 08/09 19:13:52 Image size of job updated: 12456
	8  -  MemoryUsage of job (MB)
	7976  -  ResidentSetSize of job (KB)
...
005 (10042854.000.000) 08/09 20:16:11 Job terminated.
	(1) Normal termination (return value 0)
		Usr 0 01:56:34, Sys 0 00:00:25  -  Run Remote Usage
		Usr 0 00:00:00, Sys 0 00:00:00  -  Run Local Usage
		Usr 0 01:56:34, Sys 0 00:00:25  -  Total Remote Usage
		Usr 0 00:00:00, Sys 0 00:00:00  -  Total Local Usage
	0  -  Run Bytes Sent By Job
	0  -  Run Bytes Received By Job
	0  -  Total Bytes Sent By Job
	0  -  Total Bytes Received By Job
	Partitionable Resources :    Usage  Request Allocated
	   Cpus                 :                 1         1
	   Disk (KB)            :        5        5   1508649
	   Memory (MB)          :        8        1         1
...
