000 (10042295.000.000) 08/09 16:11:12 Job submitted from host: <10.5.0.46:9618?addrs=10.5.0.46-9618&noUDP&sock=2497_a07a_3>
...
001 (10042295.000.000) 08/09 16:11:39 Job executing on host: <10.5.192.180:9618?addrs=10.5.192.180-9618+[--1]-9618&noUDP&sock=2185_9eed_3>
...
006 (10042295.000.000) 08/09 16:11:47 Image size of job updated: 11720
	8  -  MemoryUsage of job (MB)
	7400  -  ResidentSetSize of job (KB)
...
006 (10042295.000.000) 08/09 16:16:47 Image size of job updated: 12088
	8  -  MemoryUsage of job (MB)
	7656  -  ResidentSetSize of job (KB)
...
006 (10042295.000.000) 08/09 16:21:48 Image size of job updated: 12464
	8  -  MemoryUsage of job (MB)
	8032  -  ResidentSetSize of job (KB)
...
006 (10042295.000.000) 08/09 18:22:01 Image size of job updated: 12468
	8  -  MemoryUsage of job (MB)
	8032  -  ResidentSetSize of job (KB)
...
005 (10042295.000.000) 08/09 18:31:14 Job terminated.
	(1) Normal termination (return value 0)
		Usr 0 02:18:35, Sys 0 00:00:28  -  Run Remote Usage
		Usr 0 00:00:00, Sys 0 00:00:00  -  Run Local Usage
		Usr 0 02:18:35, Sys 0 00:00:28  -  Total Remote Usage
		Usr 0 00:00:00, Sys 0 00:00:00  -  Total Local Usage
	0  -  Run Bytes Sent By Job
	0  -  Run Bytes Received By Job
	0  -  Total Bytes Sent By Job
	0  -  Total Bytes Received By Job
	Partitionable Resources :    Usage  Request Allocated
	   Cpus                 :                 1         1
	   Disk (KB)            :        5        5   1505013
	   Memory (MB)          :        8        1         1
...
