000 (10042398.000.000) 08/09 16:13:01 Job submitted from host: <10.5.0.46:9618?addrs=10.5.0.46-9618&noUDP&sock=2497_a07a_3>
...
001 (10042398.000.000) 08/09 16:13:18 Job executing on host: <10.5.234.205:9618?addrs=10.5.234.205-9618+[--1]-9618&noUDP&sock=2565_44eb_3>
...
006 (10042398.000.000) 08/09 16:13:26 Image size of job updated: 11776
	8  -  MemoryUsage of job (MB)
	7432  -  ResidentSetSize of job (KB)
...
006 (10042398.000.000) 08/09 16:18:26 Image size of job updated: 11836
	8  -  MemoryUsage of job (MB)
	7432  -  ResidentSetSize of job (KB)
...
006 (10042398.000.000) 08/09 16:23:27 Image size of job updated: 11928
	8  -  MemoryUsage of job (MB)
	7496  -  ResidentSetSize of job (KB)
...
006 (10042398.000.000) 08/09 16:28:27 Image size of job updated: 11972
	8  -  MemoryUsage of job (MB)
	7508  -  ResidentSetSize of job (KB)
...
006 (10042398.000.000) 08/09 16:43:29 Image size of job updated: 12100
	8  -  MemoryUsage of job (MB)
	7624  -  ResidentSetSize of job (KB)
...
005 (10042398.000.000) 08/09 18:18:43 Job terminated.
	(1) Normal termination (return value 0)
		Usr 0 02:03:08, Sys 0 00:00:23  -  Run Remote Usage
		Usr 0 00:00:00, Sys 0 00:00:00  -  Run Local Usage
		Usr 0 02:03:08, Sys 0 00:00:23  -  Total Remote Usage
		Usr 0 00:00:00, Sys 0 00:00:00  -  Total Local Usage
	0  -  Run Bytes Sent By Job
	0  -  Run Bytes Received By Job
	0  -  Total Bytes Sent By Job
	0  -  Total Bytes Received By Job
	Partitionable Resources :    Usage  Request Allocated
	   Cpus                 :                 1         1
	   Disk (KB)            :        5        5   1508057
	   Memory (MB)          :        8        1         1
...
