000 (10042863.000.000) 08/09 16:21:37 Job submitted from host: <10.5.0.46:9618?addrs=10.5.0.46-9618&noUDP&sock=2497_a07a_3>
...
001 (10042863.000.000) 08/09 18:18:30 Job executing on host: <10.5.228.158:9618?addrs=10.5.228.158-9618+[--1]-9618&noUDP&sock=2540_1f0c_3>
...
006 (10042863.000.000) 08/09 18:18:39 Image size of job updated: 11740
	8  -  MemoryUsage of job (MB)
	7396  -  ResidentSetSize of job (KB)
...
006 (10042863.000.000) 08/09 18:23:40 Image size of job updated: 11952
	8  -  MemoryUsage of job (MB)
	7520  -  ResidentSetSize of job (KB)
...
006 (10042863.000.000) 08/09 18:33:41 Image size of job updated: 11960
	8  -  MemoryUsage of job (MB)
	7520  -  ResidentSetSize of job (KB)
...
006 (10042863.000.000) 08/09 18:43:42 Image size of job updated: 12008
	8  -  MemoryUsage of job (MB)
	7564  -  ResidentSetSize of job (KB)
...
006 (10042863.000.000) 08/09 18:48:42 Image size of job updated: 12008
	8  -  MemoryUsage of job (MB)
	7820  -  ResidentSetSize of job (KB)
...
006 (10042863.000.000) 08/09 19:23:46 Image size of job updated: 12056
	8  -  MemoryUsage of job (MB)
	7820  -  ResidentSetSize of job (KB)
...
005 (10042863.000.000) 08/09 20:09:07 Job terminated.
	(1) Normal termination (return value 0)
		Usr 0 01:49:04, Sys 0 00:00:55  -  Run Remote Usage
		Usr 0 00:00:00, Sys 0 00:00:00  -  Run Local Usage
		Usr 0 01:49:04, Sys 0 00:00:55  -  Total Remote Usage
		Usr 0 00:00:00, Sys 0 00:00:00  -  Total Local Usage
	0  -  Run Bytes Sent By Job
	0  -  Run Bytes Received By Job
	0  -  Total Bytes Sent By Job
	0  -  Total Bytes Received By Job
	Partitionable Resources :    Usage  Request Allocated
	   Cpus                 :                 1         1
	   Disk (KB)            :        5        5   1508013
	   Memory (MB)          :        8        1         1
...
