000 (10042205.000.000) 08/09 16:09:37 Job submitted from host: <10.5.0.46:9618?addrs=10.5.0.46-9618&noUDP&sock=2497_a07a_3>
...
001 (10042205.000.000) 08/09 16:10:01 Job executing on host: <10.5.199.12:9618?addrs=10.5.199.12-9618+[--1]-9618&noUDP&sock=2559_d6f1_3>
...
006 (10042205.000.000) 08/09 16:10:10 Image size of job updated: 11772
	8  -  MemoryUsage of job (MB)
	7428  -  ResidentSetSize of job (KB)
...
006 (10042205.000.000) 08/09 16:15:11 Image size of job updated: 11848
	8  -  MemoryUsage of job (MB)
	7428  -  ResidentSetSize of job (KB)
...
006 (10042205.000.000) 08/09 16:20:11 Image size of job updated: 11856
	8  -  MemoryUsage of job (MB)
	7428  -  ResidentSetSize of job (KB)
...
006 (10042205.000.000) 08/09 16:30:13 Image size of job updated: 11872
	8  -  MemoryUsage of job (MB)
	7428  -  ResidentSetSize of job (KB)
...
006 (10042205.000.000) 08/09 17:00:15 Image size of job updated: 11892
	8  -  MemoryUsage of job (MB)
	7428  -  ResidentSetSize of job (KB)
...
006 (10042205.000.000) 08/09 17:05:16 Image size of job updated: 11952
	8  -  MemoryUsage of job (MB)
	7476  -  ResidentSetSize of job (KB)
...
006 (10042205.000.000) 08/09 17:40:19 Image size of job updated: 11952
	8  -  MemoryUsage of job (MB)
	7516  -  ResidentSetSize of job (KB)
...
006 (10042205.000.000) 08/09 18:00:21 Image size of job updated: 12008
	8  -  MemoryUsage of job (MB)
	7584  -  ResidentSetSize of job (KB)
...
006 (10042205.000.000) 08/09 18:05:22 Image size of job updated: 12104
	8  -  MemoryUsage of job (MB)
	7628  -  ResidentSetSize of job (KB)
...
006 (10042205.000.000) 08/09 18:10:23 Image size of job updated: 12104
	8  -  MemoryUsage of job (MB)
	7944  -  ResidentSetSize of job (KB)
...
005 (10042205.000.000) 08/09 18:15:03 Job terminated.
	(1) Normal termination (return value 0)
		Usr 0 02:03:11, Sys 0 00:00:26  -  Run Remote Usage
		Usr 0 00:00:00, Sys 0 00:00:00  -  Run Local Usage
		Usr 0 02:03:11, Sys 0 00:00:26  -  Total Remote Usage
		Usr 0 00:00:00, Sys 0 00:00:00  -  Total Local Usage
	0  -  Run Bytes Sent By Job
	0  -  Run Bytes Received By Job
	0  -  Total Bytes Sent By Job
	0  -  Total Bytes Received By Job
	Partitionable Resources :    Usage  Request Allocated
	   Cpus                 :                 1         1
	   Disk (KB)            :        5        5   1508651
	   Memory (MB)          :        8        1         1
...
