000 (10042517.000.000) 08/09 16:15:07 Job submitted from host: <10.5.0.46:9618?addrs=10.5.0.46-9618&noUDP&sock=2497_a07a_3>
...
001 (10042517.000.000) 08/09 16:15:19 Job executing on host: <10.5.160.99:9618?addrs=10.5.160.99-9618+[--1]-9618&noUDP&sock=2557_77c1_3>
...
006 (10042517.000.000) 08/09 16:15:27 Image size of job updated: 12264
	8  -  MemoryUsage of job (MB)
	7920  -  ResidentSetSize of job (KB)
...
006 (10042517.000.000) 08/09 18:00:37 Image size of job updated: 12340
	8  -  MemoryUsage of job (MB)
	7920  -  ResidentSetSize of job (KB)
...
006 (10042517.000.000) 08/09 18:20:30 Image size of job updated: 143784
	8  -  MemoryUsage of job (MB)
	7920  -  ResidentSetSize of job (KB)
...
005 (10042517.000.000) 08/09 18:20:30 Job terminated.
	(1) Normal termination (return value 0)
		Usr 0 02:02:57, Sys 0 00:00:24  -  Run Remote Usage
		Usr 0 00:00:00, Sys 0 00:00:00  -  Run Local Usage
		Usr 0 02:02:57, Sys 0 00:00:24  -  Total Remote Usage
		Usr 0 00:00:00, Sys 0 00:00:00  -  Total Local Usage
	0  -  Run Bytes Sent By Job
	0  -  Run Bytes Received By Job
	0  -  Total Bytes Sent By Job
	0  -  Total Bytes Received By Job
	Partitionable Resources :    Usage  Request Allocated
	   Cpus                 :                 1         1
	   Disk (KB)            :        5        5   1508644
	   Memory (MB)          :        8        1         1
...
