000 (10042796.000.000) 08/09 16:20:26 Job submitted from host: <10.5.0.46:9618?addrs=10.5.0.46-9618&noUDP&sock=2497_a07a_3>
...
001 (10042796.000.000) 08/09 17:09:03 Job executing on host: <10.5.155.56:9618?addrs=10.5.155.56-9618+[--1]-9618&noUDP&sock=2548_4b67_3>
...
006 (10042796.000.000) 08/09 17:09:12 Image size of job updated: 11784
	8  -  MemoryUsage of job (MB)
	7428  -  ResidentSetSize of job (KB)
...
006 (10042796.000.000) 08/09 17:14:13 Image size of job updated: 11912
	8  -  MemoryUsage of job (MB)
	7468  -  ResidentSetSize of job (KB)
...
006 (10042796.000.000) 08/09 17:19:14 Image size of job updated: 11920
	8  -  MemoryUsage of job (MB)
	7476  -  ResidentSetSize of job (KB)
...
006 (10042796.000.000) 08/09 17:24:14 Image size of job updated: 11956
	8  -  MemoryUsage of job (MB)
	7512  -  ResidentSetSize of job (KB)
...
006 (10042796.000.000) 08/09 17:34:15 Image size of job updated: 12128
	8  -  MemoryUsage of job (MB)
	7672  -  ResidentSetSize of job (KB)
...
006 (10042796.000.000) 08/09 17:39:15 Image size of job updated: 12128
	8  -  MemoryUsage of job (MB)
	7888  -  ResidentSetSize of job (KB)
...
005 (10042796.000.000) 08/09 19:10:34 Job terminated.
	(1) Normal termination (return value 0)
		Usr 0 02:00:29, Sys 0 00:00:19  -  Run Remote Usage
		Usr 0 00:00:00, Sys 0 00:00:00  -  Run Local Usage
		Usr 0 02:00:29, Sys 0 00:00:19  -  Total Remote Usage
		Usr 0 00:00:00, Sys 0 00:00:00  -  Total Local Usage
	0  -  Run Bytes Sent By Job
	0  -  Run Bytes Received By Job
	0  -  Total Bytes Sent By Job
	0  -  Total Bytes Received By Job
	Partitionable Resources :    Usage  Request Allocated
	   Cpus                 :                 1         1
	   Disk (KB)            :        5        5   1508651
	   Memory (MB)          :        8        1         1
...
