000 (10042196.000.000) 08/09 16:09:28 Job submitted from host: <10.5.0.46:9618?addrs=10.5.0.46-9618&noUDP&sock=2497_a07a_3>
...
001 (10042196.000.000) 08/09 16:09:44 Job executing on host: <10.5.155.250:9618?addrs=10.5.155.250-9618+[--1]-9618&noUDP&sock=2560_868a_3>
...
006 (10042196.000.000) 08/09 16:09:52 Image size of job updated: 13012
	8  -  MemoryUsage of job (MB)
	7320  -  ResidentSetSize of job (KB)
...
006 (10042196.000.000) 08/09 16:14:52 Image size of job updated: 13608
	8  -  MemoryUsage of job (MB)
	7796  -  ResidentSetSize of job (KB)
...
006 (10042196.000.000) 08/09 16:19:53 Image size of job updated: 13720
	8  -  MemoryUsage of job (MB)
	7908  -  ResidentSetSize of job (KB)
...
006 (10042196.000.000) 08/09 16:34:54 Image size of job updated: 13756
	8  -  MemoryUsage of job (MB)
	7908  -  ResidentSetSize of job (KB)
...
006 (10042196.000.000) 08/09 16:54:57 Image size of job updated: 13772
	8  -  MemoryUsage of job (MB)
	7916  -  ResidentSetSize of job (KB)
...
006 (10042196.000.000) 08/09 17:55:02 Image size of job updated: 13948
	8  -  MemoryUsage of job (MB)
	8092  -  ResidentSetSize of job (KB)
...
006 (10042196.000.000) 08/09 18:00:03 Image size of job updated: 13948
	9  -  MemoryUsage of job (MB)
	8248  -  ResidentSetSize of job (KB)
...
005 (10042196.000.000) 08/09 18:14:47 Job terminated.
	(1) Normal termination (return value 0)
		Usr 0 02:03:09, Sys 0 00:00:24  -  Run Remote Usage
		Usr 0 00:00:00, Sys 0 00:00:00  -  Run Local Usage
		Usr 0 02:03:09, Sys 0 00:00:24  -  Total Remote Usage
		Usr 0 00:00:00, Sys 0 00:00:00  -  Total Local Usage
	0  -  Run Bytes Sent By Job
	0  -  Run Bytes Received By Job
	0  -  Total Bytes Sent By Job
	0  -  Total Bytes Received By Job
	Partitionable Resources :    Usage  Request Allocated
	   Cpus                 :                 1         1
	   Disk (KB)            :        5        5   1508654
	   Memory (MB)          :        9        1         1
...
