000 (10042236.000.000) 08/09 16:10:10 Job submitted from host: <10.5.0.46:9618?addrs=10.5.0.46-9618&noUDP&sock=2497_a07a_3>
...
001 (10042236.000.000) 08/09 16:10:25 Job executing on host: <10.5.243.220:9618?addrs=10.5.243.220-9618+[--1]-9618&noUDP&sock=2555_1890_3>
...
006 (10042236.000.000) 08/09 16:10:33 Image size of job updated: 11680
	8  -  MemoryUsage of job (MB)
	7336  -  ResidentSetSize of job (KB)
...
006 (10042236.000.000) 08/09 16:15:33 Image size of job updated: 12532
	8  -  MemoryUsage of job (MB)
	8100  -  ResidentSetSize of job (KB)
...
006 (10042236.000.000) 08/09 16:35:34 Image size of job updated: 12540
	8  -  MemoryUsage of job (MB)
	8100  -  ResidentSetSize of job (KB)
...
006 (10042236.000.000) 08/09 16:40:35 Image size of job updated: 12540
	9  -  MemoryUsage of job (MB)
	8260  -  ResidentSetSize of job (KB)
...
006 (10042236.000.000) 08/09 17:45:42 Image size of job updated: 12796
	9  -  MemoryUsage of job (MB)
	8320  -  ResidentSetSize of job (KB)
...
006 (10042236.000.000) 08/09 18:14:45 Image size of job updated: 143652
	9  -  MemoryUsage of job (MB)
	8320  -  ResidentSetSize of job (KB)
...
005 (10042236.000.000) 08/09 18:14:45 Job terminated.
	(1) Normal termination (return value 0)
		Usr 0 02:02:30, Sys 0 00:00:25  -  Run Remote Usage
		Usr 0 00:00:00, Sys 0 00:00:00  -  Run Local Usage
		Usr 0 02:02:30, Sys 0 00:00:25  -  Total Remote Usage
		Usr 0 00:00:00, Sys 0 00:00:00  -  Total Local Usage
	0  -  Run Bytes Sent By Job
	0  -  Run Bytes Received By Job
	0  -  Total Bytes Sent By Job
	0  -  Total Bytes Received By Job
	Partitionable Resources :    Usage  Request Allocated
	   Cpus                 :                 1         1
	   Disk (KB)            :        5        5   1508651
	   Memory (MB)          :        9        1         1
...
