000 (10042373.000.000) 08/09 16:12:34 Job submitted from host: <10.5.0.46:9618?addrs=10.5.0.46-9618&noUDP&sock=2497_a07a_3>
...
001 (10042373.000.000) 08/09 16:12:58 Job executing on host: <10.5.202.3:9618?addrs=10.5.202.3-9618+[--1]-9618&noUDP&sock=2544_8d06_3>
...
006 (10042373.000.000) 08/09 16:13:07 Image size of job updated: 11812
	8  -  MemoryUsage of job (MB)
	7456  -  ResidentSetSize of job (KB)
...
006 (10042373.000.000) 08/09 16:18:08 Image size of job updated: 11924
	8  -  MemoryUsage of job (MB)
	7456  -  ResidentSetSize of job (KB)
...
006 (10042373.000.000) 08/09 16:33:09 Image size of job updated: 11944
	8  -  MemoryUsage of job (MB)
	7464  -  ResidentSetSize of job (KB)
...
006 (10042373.000.000) 08/09 16:43:10 Image size of job updated: 12136
	8  -  MemoryUsage of job (MB)
	7656  -  ResidentSetSize of job (KB)
...
006 (10042373.000.000) 08/09 18:13:19 Image size of job updated: 12136
	8  -  MemoryUsage of job (MB)
	7772  -  ResidentSetSize of job (KB)
...
005 (10042373.000.000) 08/09 18:18:13 Job terminated.
	(1) Normal termination (return value 0)
		Usr 0 02:02:51, Sys 0 00:00:30  -  Run Remote Usage
		Usr 0 00:00:00, Sys 0 00:00:00  -  Run Local Usage
		Usr 0 02:02:51, Sys 0 00:00:30  -  Total Remote Usage
		Usr 0 00:00:00, Sys 0 00:00:00  -  Total Local Usage
	0  -  Run Bytes Sent By Job
	0  -  Run Bytes Received By Job
	0  -  Total Bytes Sent By Job
	0  -  Total Bytes Received By Job
	Partitionable Resources :    Usage  Request Allocated
	   Cpus                 :                 1         1
	   Disk (KB)            :        5        5   1508651
	   Memory (MB)          :        8        1         1
...
