000 (10042342.000.000) 08/09 16:12:01 Job submitted from host: <10.5.0.46:9618?addrs=10.5.0.46-9618&noUDP&sock=2497_a07a_3>
...
001 (10042342.000.000) 08/09 16:12:16 Job executing on host: <10.5.202.3:9618?addrs=10.5.202.3-9618+[--1]-9618&noUDP&sock=2544_8d06_3>
...
006 (10042342.000.000) 08/09 16:12:25 Image size of job updated: 12012
	8  -  MemoryUsage of job (MB)
	7660  -  ResidentSetSize of job (KB)
...
006 (10042342.000.000) 08/09 16:17:26 Image size of job updated: 12012
	8  -  MemoryUsage of job (MB)
	7880  -  ResidentSetSize of job (KB)
...
006 (10042342.000.000) 08/09 16:27:26 Image size of job updated: 12092
	8  -  MemoryUsage of job (MB)
	7880  -  ResidentSetSize of job (KB)
...
006 (10042342.000.000) 08/09 18:07:35 Image size of job updated: 12104
	8  -  MemoryUsage of job (MB)
	7880  -  ResidentSetSize of job (KB)
...
006 (10042342.000.000) 08/09 18:12:36 Image size of job updated: 12300
	8  -  MemoryUsage of job (MB)
	7880  -  ResidentSetSize of job (KB)
...
006 (10042342.000.000) 08/09 18:18:19 Image size of job updated: 143748
	8  -  MemoryUsage of job (MB)
	7880  -  ResidentSetSize of job (KB)
...
005 (10042342.000.000) 08/09 18:18:19 Job terminated.
	(1) Normal termination (return value 0)
		Usr 0 02:03:43, Sys 0 00:00:29  -  Run Remote Usage
		Usr 0 00:00:00, Sys 0 00:00:00  -  Run Local Usage
		Usr 0 02:03:43, Sys 0 00:00:29  -  Total Remote Usage
		Usr 0 00:00:00, Sys 0 00:00:00  -  Total Local Usage
	0  -  Run Bytes Sent By Job
	0  -  Run Bytes Received By Job
	0  -  Total Bytes Sent By Job
	0  -  Total Bytes Received By Job
	Partitionable Resources :    Usage  Request Allocated
	   Cpus                 :                 1         1
	   Disk (KB)            :        5        5   1508651
	   Memory (MB)          :        8        1         1
...
