000 (10042502.000.000) 08/09 16:14:51 Job submitted from host: <10.5.0.46:9618?addrs=10.5.0.46-9618&noUDP&sock=2497_a07a_3>
...
001 (10042502.000.000) 08/09 16:15:06 Job executing on host: <10.5.155.56:9618?addrs=10.5.155.56-9618+[--1]-9618&noUDP&sock=2548_4b67_3>
...
006 (10042502.000.000) 08/09 16:15:15 Image size of job updated: 11712
	8  -  MemoryUsage of job (MB)
	7360  -  ResidentSetSize of job (KB)
...
006 (10042502.000.000) 08/09 16:20:16 Image size of job updated: 11824
	8  -  MemoryUsage of job (MB)
	7384  -  ResidentSetSize of job (KB)
...
006 (10042502.000.000) 08/09 16:25:16 Image size of job updated: 11884
	8  -  MemoryUsage of job (MB)
	7444  -  ResidentSetSize of job (KB)
...
006 (10042502.000.000) 08/09 16:30:16 Image size of job updated: 11884
	8  -  MemoryUsage of job (MB)
	7648  -  ResidentSetSize of job (KB)
...
006 (10042502.000.000) 08/09 16:45:17 Image size of job updated: 11948
	8  -  MemoryUsage of job (MB)
	7648  -  ResidentSetSize of job (KB)
...
005 (10042502.000.000) 08/09 18:20:31 Job terminated.
	(1) Normal termination (return value 0)
		Usr 0 02:03:11, Sys 0 00:00:24  -  Run Remote Usage
		Usr 0 00:00:00, Sys 0 00:00:00  -  Run Local Usage
		Usr 0 02:03:11, Sys 0 00:00:24  -  Total Remote Usage
		Usr 0 00:00:00, Sys 0 00:00:00  -  Total Local Usage
	0  -  Run Bytes Sent By Job
	0  -  Run Bytes Received By Job
	0  -  Total Bytes Sent By Job
	0  -  Total Bytes Received By Job
	Partitionable Resources :    Usage  Request Allocated
	   Cpus                 :                 1         1
	   Disk (KB)            :        5        5   1508651
	   Memory (MB)          :        8        1         1
...
