000 (10042595.000.000) 08/09 16:16:37 Job submitted from host: <10.5.0.46:9618?addrs=10.5.0.46-9618&noUDP&sock=2497_a07a_3>
...
001 (10042595.000.000) 08/09 16:16:49 Job executing on host: <10.5.155.73:9618?addrs=10.5.155.73-9618+[--1]-9618&noUDP&sock=2544_8d06_3>
...
006 (10042595.000.000) 08/09 16:16:57 Image size of job updated: 11704
	8  -  MemoryUsage of job (MB)
	7360  -  ResidentSetSize of job (KB)
...
006 (10042595.000.000) 08/09 16:21:57 Image size of job updated: 11920
	8  -  MemoryUsage of job (MB)
	7488  -  ResidentSetSize of job (KB)
...
006 (10042595.000.000) 08/09 16:31:59 Image size of job updated: 11956
	8  -  MemoryUsage of job (MB)
	7492  -  ResidentSetSize of job (KB)
...
006 (10042595.000.000) 08/09 16:36:59 Image size of job updated: 11960
	8  -  MemoryUsage of job (MB)
	7492  -  ResidentSetSize of job (KB)
...
006 (10042595.000.000) 08/09 16:47:01 Image size of job updated: 12084
	8  -  MemoryUsage of job (MB)
	7608  -  ResidentSetSize of job (KB)
...
006 (10042595.000.000) 08/09 17:32:05 Image size of job updated: 12092
	8  -  MemoryUsage of job (MB)
	7616  -  ResidentSetSize of job (KB)
...
006 (10042595.000.000) 08/09 17:52:07 Image size of job updated: 12180
	8  -  MemoryUsage of job (MB)
	7704  -  ResidentSetSize of job (KB)
...
006 (10042595.000.000) 08/09 18:02:07 Image size of job updated: 12180
	8  -  MemoryUsage of job (MB)
	7836  -  ResidentSetSize of job (KB)
...
005 (10042595.000.000) 08/09 18:21:35 Job terminated.
	(1) Normal termination (return value 0)
		Usr 0 02:02:23, Sys 0 00:00:28  -  Run Remote Usage
		Usr 0 00:00:00, Sys 0 00:00:00  -  Run Local Usage
		Usr 0 02:02:23, Sys 0 00:00:28  -  Total Remote Usage
		Usr 0 00:00:00, Sys 0 00:00:00  -  Total Local Usage
	0  -  Run Bytes Sent By Job
	0  -  Run Bytes Received By Job
	0  -  Total Bytes Sent By Job
	0  -  Total Bytes Received By Job
	Partitionable Resources :    Usage  Request Allocated
	   Cpus                 :                 1         1
	   Disk (KB)            :        5        5   1508648
	   Memory (MB)          :        8        1         1
...
