000 (10042347.000.000) 08/09 16:12:07 Job submitted from host: <10.5.0.46:9618?addrs=10.5.0.46-9618&noUDP&sock=2497_a07a_3>
...
001 (10042347.000.000) 08/09 16:12:23 Job executing on host: <10.5.226.32:9618?addrs=10.5.226.32-9618+[--1]-9618&noUDP&sock=2551_5a2f_3>
...
006 (10042347.000.000) 08/09 16:12:32 Image size of job updated: 11756
	8  -  MemoryUsage of job (MB)
	7400  -  ResidentSetSize of job (KB)
...
006 (10042347.000.000) 08/09 16:17:33 Image size of job updated: 12108
	8  -  MemoryUsage of job (MB)
	7664  -  ResidentSetSize of job (KB)
...
006 (10042347.000.000) 08/09 16:22:33 Image size of job updated: 12168
	8  -  MemoryUsage of job (MB)
	7724  -  ResidentSetSize of job (KB)
...
006 (10042347.000.000) 08/09 16:32:35 Image size of job updated: 12208
	8  -  MemoryUsage of job (MB)
	7752  -  ResidentSetSize of job (KB)
...
006 (10042347.000.000) 08/09 16:37:35 Image size of job updated: 12272
	8  -  MemoryUsage of job (MB)
	7816  -  ResidentSetSize of job (KB)
...
006 (10042347.000.000) 08/09 16:57:36 Image size of job updated: 12272
	8  -  MemoryUsage of job (MB)
	7992  -  ResidentSetSize of job (KB)
...
006 (10042347.000.000) 08/09 17:22:40 Image size of job updated: 12308
	8  -  MemoryUsage of job (MB)
	7992  -  ResidentSetSize of job (KB)
...
006 (10042347.000.000) 08/09 17:52:42 Image size of job updated: 12352
	8  -  MemoryUsage of job (MB)
	7992  -  ResidentSetSize of job (KB)
...
006 (10042347.000.000) 08/09 17:57:43 Image size of job updated: 12352
	8  -  MemoryUsage of job (MB)
	8168  -  ResidentSetSize of job (KB)
...
005 (10042347.000.000) 08/09 18:20:29 Job terminated.
	(1) Normal termination (return value 0)
		Usr 0 02:05:55, Sys 0 00:00:29  -  Run Remote Usage
		Usr 0 00:00:00, Sys 0 00:00:00  -  Run Local Usage
		Usr 0 02:05:55, Sys 0 00:00:29  -  Total Remote Usage
		Usr 0 00:00:00, Sys 0 00:00:00  -  Total Local Usage
	0  -  Run Bytes Sent By Job
	0  -  Run Bytes Received By Job
	0  -  Total Bytes Sent By Job
	0  -  Total Bytes Received By Job
	Partitionable Resources :    Usage  Request Allocated
	   Cpus                 :                 1         1
	   Disk (KB)            :        5        5   1508650
	   Memory (MB)          :        8        1         1
...
