000 (10042650.000.000) 08/09 16:17:35 Job submitted from host: <10.5.0.46:9618?addrs=10.5.0.46-9618&noUDP&sock=2497_a07a_3>
...
001 (10042650.000.000) 08/09 16:17:45 Job executing on host: <10.5.228.158:9618?addrs=10.5.228.158-9618+[--1]-9618&noUDP&sock=2540_1f0c_3>
...
006 (10042650.000.000) 08/09 16:17:54 Image size of job updated: 11712
	8  -  MemoryUsage of job (MB)
	7368  -  ResidentSetSize of job (KB)
...
006 (10042650.000.000) 08/09 16:22:55 Image size of job updated: 11876
	8  -  MemoryUsage of job (MB)
	7444  -  ResidentSetSize of job (KB)
...
006 (10042650.000.000) 08/09 16:27:55 Image size of job updated: 11888
	8  -  MemoryUsage of job (MB)
	7456  -  ResidentSetSize of job (KB)
...
006 (10042650.000.000) 08/09 16:32:55 Image size of job updated: 12056
	8  -  MemoryUsage of job (MB)
	7688  -  ResidentSetSize of job (KB)
...
006 (10042650.000.000) 08/09 16:42:57 Image size of job updated: 12076
	8  -  MemoryUsage of job (MB)
	7688  -  ResidentSetSize of job (KB)
...
006 (10042650.000.000) 08/09 17:02:59 Image size of job updated: 12116
	8  -  MemoryUsage of job (MB)
	7688  -  ResidentSetSize of job (KB)
...
006 (10042650.000.000) 08/09 17:07:59 Image size of job updated: 12116
	8  -  MemoryUsage of job (MB)
	7908  -  ResidentSetSize of job (KB)
...
006 (10042650.000.000) 08/09 18:05:39 Image size of job updated: 12144
	8  -  MemoryUsage of job (MB)
	7908  -  ResidentSetSize of job (KB)
...
005 (10042650.000.000) 08/09 18:05:39 Job terminated.
	(1) Normal termination (return value 0)
		Usr 0 01:46:26, Sys 0 00:00:18  -  Run Remote Usage
		Usr 0 00:00:00, Sys 0 00:00:00  -  Run Local Usage
		Usr 0 01:46:26, Sys 0 00:00:18  -  Total Remote Usage
		Usr 0 00:00:00, Sys 0 00:00:00  -  Total Local Usage
	0  -  Run Bytes Sent By Job
	0  -  Run Bytes Received By Job
	0  -  Total Bytes Sent By Job
	0  -  Total Bytes Received By Job
	Partitionable Resources :    Usage  Request Allocated
	   Cpus                 :                 1         1
	   Disk (KB)            :        5        5   1508013
	   Memory (MB)          :        8        1         1
...
