000 (10042423.000.000) 08/09 16:13:27 Job submitted from host: <10.5.0.46:9618?addrs=10.5.0.46-9618&noUDP&sock=2497_a07a_3>
...
001 (10042423.000.000) 08/09 16:13:38 Job executing on host: <10.5.160.99:9618?addrs=10.5.160.99-9618+[--1]-9618&noUDP&sock=2557_77c1_3>
...
006 (10042423.000.000) 08/09 16:13:47 Image size of job updated: 11860
	8  -  MemoryUsage of job (MB)
	7504  -  ResidentSetSize of job (KB)
...
006 (10042423.000.000) 08/09 16:18:48 Image size of job updated: 11980
	8  -  MemoryUsage of job (MB)
	7536  -  ResidentSetSize of job (KB)
...
006 (10042423.000.000) 08/09 16:23:48 Image size of job updated: 11984
	8  -  MemoryUsage of job (MB)
	7736  -  ResidentSetSize of job (KB)
...
006 (10042423.000.000) 08/09 16:38:50 Image size of job updated: 12104
	8  -  MemoryUsage of job (MB)
	7736  -  ResidentSetSize of job (KB)
...
006 (10042423.000.000) 08/09 16:48:51 Image size of job updated: 12240
	8  -  MemoryUsage of job (MB)
	7760  -  ResidentSetSize of job (KB)
...
006 (10042423.000.000) 08/09 17:28:55 Image size of job updated: 12348
	8  -  MemoryUsage of job (MB)
	7868  -  ResidentSetSize of job (KB)
...
005 (10042423.000.000) 08/09 18:19:03 Job terminated.
	(1) Normal termination (return value 0)
		Usr 0 02:03:06, Sys 0 00:00:27  -  Run Remote Usage
		Usr 0 00:00:00, Sys 0 00:00:00  -  Run Local Usage
		Usr 0 02:03:06, Sys 0 00:00:27  -  Total Remote Usage
		Usr 0 00:00:00, Sys 0 00:00:00  -  Total Local Usage
	0  -  Run Bytes Sent By Job
	0  -  Run Bytes Received By Job
	0  -  Total Bytes Sent By Job
	0  -  Total Bytes Received By Job
	Partitionable Resources :    Usage  Request Allocated
	   Cpus                 :                 1         1
	   Disk (KB)            :        5        5   1508644
	   Memory (MB)          :        8        1         1
...
