000 (10042641.000.000) 08/09 16:17:26 Job submitted from host: <10.5.0.46:9618?addrs=10.5.0.46-9618&noUDP&sock=2497_a07a_3>
...
001 (10042641.000.000) 08/09 16:17:51 Job executing on host: <10.5.155.46:9618?addrs=10.5.155.46-9618+[--1]-9618&noUDP&sock=2548_4b67_3>
...
006 (10042641.000.000) 08/09 16:18:00 Image size of job updated: 11816
	8  -  MemoryUsage of job (MB)
	7464  -  ResidentSetSize of job (KB)
...
006 (10042641.000.000) 08/09 16:28:02 Image size of job updated: 11884
	8  -  MemoryUsage of job (MB)
	7464  -  ResidentSetSize of job (KB)
...
006 (10042641.000.000) 08/09 16:33:02 Image size of job updated: 11900
	8  -  MemoryUsage of job (MB)
	7464  -  ResidentSetSize of job (KB)
...
006 (10042641.000.000) 08/09 16:38:03 Image size of job updated: 12120
	8  -  MemoryUsage of job (MB)
	7668  -  ResidentSetSize of job (KB)
...
005 (10042641.000.000) 08/09 18:23:04 Job terminated.
	(1) Normal termination (return value 0)
		Usr 0 02:02:50, Sys 0 00:00:27  -  Run Remote Usage
		Usr 0 00:00:00, Sys 0 00:00:00  -  Run Local Usage
		Usr 0 02:02:50, Sys 0 00:00:27  -  Total Remote Usage
		Usr 0 00:00:00, Sys 0 00:00:00  -  Total Local Usage
	0  -  Run Bytes Sent By Job
	0  -  Run Bytes Received By Job
	0  -  Total Bytes Sent By Job
	0  -  Total Bytes Received By Job
	Partitionable Resources :    Usage  Request Allocated
	   Cpus                 :                 1         1
	   Disk (KB)            :        5        5   1508643
	   Memory (MB)          :        8        1         1
...
