000 (10042243.000.000) 08/09 16:10:17 Job submitted from host: <10.5.0.46:9618?addrs=10.5.0.46-9618&noUDP&sock=2497_a07a_3>
...
001 (10042243.000.000) 08/09 16:10:38 Job executing on host: <10.5.229.57:9618?addrs=10.5.229.57-9618+[--1]-9618&noUDP&sock=2564_9552_3>
...
006 (10042243.000.000) 08/09 16:10:46 Image size of job updated: 11760
	8  -  MemoryUsage of job (MB)
	7416  -  ResidentSetSize of job (KB)
...
006 (10042243.000.000) 08/09 16:15:46 Image size of job updated: 11772
	8  -  MemoryUsage of job (MB)
	7416  -  ResidentSetSize of job (KB)
...
006 (10042243.000.000) 08/09 16:20:46 Image size of job updated: 11836
	8  -  MemoryUsage of job (MB)
	7416  -  ResidentSetSize of job (KB)
...
006 (10042243.000.000) 08/09 16:25:47 Image size of job updated: 11916
	8  -  MemoryUsage of job (MB)
	7452  -  ResidentSetSize of job (KB)
...
006 (10042243.000.000) 08/09 16:30:47 Image size of job updated: 11984
	8  -  MemoryUsage of job (MB)
	7508  -  ResidentSetSize of job (KB)
...
006 (10042243.000.000) 08/09 17:20:53 Image size of job updated: 12036
	8  -  MemoryUsage of job (MB)
	7560  -  ResidentSetSize of job (KB)
...
006 (10042243.000.000) 08/09 17:45:55 Image size of job updated: 12172
	8  -  MemoryUsage of job (MB)
	7696  -  ResidentSetSize of job (KB)
...
006 (10042243.000.000) 08/09 17:50:56 Image size of job updated: 12172
	8  -  MemoryUsage of job (MB)
	7864  -  ResidentSetSize of job (KB)
...
006 (10042243.000.000) 08/09 18:15:15 Image size of job updated: 12260
	8  -  MemoryUsage of job (MB)
	7864  -  ResidentSetSize of job (KB)
...
005 (10042243.000.000) 08/09 18:15:15 Job terminated.
	(1) Normal termination (return value 0)
		Usr 0 02:02:28, Sys 0 00:00:36  -  Run Remote Usage
		Usr 0 00:00:00, Sys 0 00:00:00  -  Run Local Usage
		Usr 0 02:02:28, Sys 0 00:00:36  -  Total Remote Usage
		Usr 0 00:00:00, Sys 0 00:00:00  -  Total Local Usage
	0  -  Run Bytes Sent By Job
	0  -  Run Bytes Received By Job
	0  -  Total Bytes Sent By Job
	0  -  Total Bytes Received By Job
	Partitionable Resources :    Usage  Request Allocated
	   Cpus                 :                 1         1
	   Disk (KB)            :        5        5   1508009
	   Memory (MB)          :        8        1         1
...
