000 (10042487.000.000) 08/09 16:14:35 Job submitted from host: <10.5.0.46:9618?addrs=10.5.0.46-9618&noUDP&sock=2497_a07a_3>
...
001 (10042487.000.000) 08/09 16:15:06 Job executing on host: <10.5.197.36:9618?addrs=10.5.197.36-9618+[--1]-9618&noUDP&sock=2559_d6f1_3>
...
006 (10042487.000.000) 08/09 16:15:15 Image size of job updated: 11728
	8  -  MemoryUsage of job (MB)
	7372  -  ResidentSetSize of job (KB)
...
006 (10042487.000.000) 08/09 16:20:15 Image size of job updated: 11992
	8  -  MemoryUsage of job (MB)
	7524  -  ResidentSetSize of job (KB)
...
006 (10042487.000.000) 08/09 16:25:15 Image size of job updated: 12372
	8  -  MemoryUsage of job (MB)
	7904  -  ResidentSetSize of job (KB)
...
006 (10042487.000.000) 08/09 17:55:26 Image size of job updated: 12388
	8  -  MemoryUsage of job (MB)
	7908  -  ResidentSetSize of job (KB)
...
006 (10042487.000.000) 08/09 18:20:53 Image size of job updated: 143640
	8  -  MemoryUsage of job (MB)
	7908  -  ResidentSetSize of job (KB)
...
005 (10042487.000.000) 08/09 18:20:53 Job terminated.
	(1) Normal termination (return value 0)
		Usr 0 02:03:39, Sys 0 00:00:23  -  Run Remote Usage
		Usr 0 00:00:00, Sys 0 00:00:00  -  Run Local Usage
		Usr 0 02:03:39, Sys 0 00:00:23  -  Total Remote Usage
		Usr 0 00:00:00, Sys 0 00:00:00  -  Total Local Usage
	0  -  Run Bytes Sent By Job
	0  -  Run Bytes Received By Job
	0  -  Total Bytes Sent By Job
	0  -  Total Bytes Received By Job
	Partitionable Resources :    Usage  Request Allocated
	   Cpus                 :                 1         1
	   Disk (KB)            :        5        5   1508636
	   Memory (MB)          :        8        1         1
...
