000 (10042794.000.000) 08/09 16:20:24 Job submitted from host: <10.5.0.46:9618?addrs=10.5.0.46-9618&noUDP&sock=2497_a07a_3>
...
001 (10042794.000.000) 08/09 17:09:03 Job executing on host: <10.5.230.167:9618?addrs=10.5.230.167-9618+[--1]-9618&noUDP&sock=2542_2dd5_3>
...
006 (10042794.000.000) 08/09 17:09:12 Image size of job updated: 12064
	8  -  MemoryUsage of job (MB)
	7712  -  ResidentSetSize of job (KB)
...
006 (10042794.000.000) 08/09 17:14:13 Image size of job updated: 12064
	8  -  MemoryUsage of job (MB)
	7900  -  ResidentSetSize of job (KB)
...
006 (10042794.000.000) 08/09 17:19:14 Image size of job updated: 12080
	8  -  MemoryUsage of job (MB)
	7900  -  ResidentSetSize of job (KB)
...
005 (10042794.000.000) 08/09 19:10:10 Job terminated.
	(1) Normal termination (return value 0)
		Usr 0 02:00:05, Sys 0 00:00:23  -  Run Remote Usage
		Usr 0 00:00:00, Sys 0 00:00:00  -  Run Local Usage
		Usr 0 02:00:05, Sys 0 00:00:23  -  Total Remote Usage
		Usr 0 00:00:00, Sys 0 00:00:00  -  Total Local Usage
	0  -  Run Bytes Sent By Job
	0  -  Run Bytes Received By Job
	0  -  Total Bytes Sent By Job
	0  -  Total Bytes Received By Job
	Partitionable Resources :    Usage  Request Allocated
	   Cpus                 :                 1         1
	   Disk (KB)            :        5        5   1508650
	   Memory (MB)          :        8        1         1
...
