000 (10042412.000.000) 08/09 16:13:15 Job submitted from host: <10.5.0.46:9618?addrs=10.5.0.46-9618&noUDP&sock=2497_a07a_3>
...
001 (10042412.000.000) 08/09 16:13:38 Job executing on host: <10.5.166.184:9618?addrs=10.5.166.184-9618+[--1]-9618&noUDP&sock=2306_4d7b_3>
...
006 (10042412.000.000) 08/09 16:13:47 Image size of job updated: 11732
	8  -  MemoryUsage of job (MB)
	7404  -  ResidentSetSize of job (KB)
...
006 (10042412.000.000) 08/09 16:18:48 Image size of job updated: 12088
	8  -  MemoryUsage of job (MB)
	7672  -  ResidentSetSize of job (KB)
...
006 (10042412.000.000) 08/09 16:23:48 Image size of job updated: 12160
	8  -  MemoryUsage of job (MB)
	7744  -  ResidentSetSize of job (KB)
...
006 (10042412.000.000) 08/09 16:33:49 Image size of job updated: 12204
	8  -  MemoryUsage of job (MB)
	7788  -  ResidentSetSize of job (KB)
...
006 (10042412.000.000) 08/09 16:58:51 Image size of job updated: 12220
	8  -  MemoryUsage of job (MB)
	7792  -  ResidentSetSize of job (KB)
...
006 (10042412.000.000) 08/09 17:43:55 Image size of job updated: 12568
	8  -  MemoryUsage of job (MB)
	8140  -  ResidentSetSize of job (KB)
...
006 (10042412.000.000) 08/09 17:48:55 Image size of job updated: 12612
	8  -  MemoryUsage of job (MB)
	8184  -  ResidentSetSize of job (KB)
...
005 (10042412.000.000) 08/09 19:37:27 Job terminated.
	(1) Normal termination (return value 0)
		Usr 0 03:22:37, Sys 0 00:00:23  -  Run Remote Usage
		Usr 0 00:00:00, Sys 0 00:00:00  -  Run Local Usage
		Usr 0 03:22:37, Sys 0 00:00:23  -  Total Remote Usage
		Usr 0 00:00:00, Sys 0 00:00:00  -  Total Local Usage
	0  -  Run Bytes Sent By Job
	0  -  Run Bytes Received By Job
	0  -  Total Bytes Sent By Job
	0  -  Total Bytes Received By Job
	Partitionable Resources :    Usage  Request Allocated
	   Cpus                 :                 1         1
	   Disk (KB)            :        5        5   1508648
	   Memory (MB)          :        8        1         1
...
