000 (10042572.000.000) 08/09 16:16:06 Job submitted from host: <10.5.0.46:9618?addrs=10.5.0.46-9618&noUDP&sock=2497_a07a_3>
...
001 (10042572.000.000) 08/09 16:16:24 Job executing on host: <10.5.155.46:9618?addrs=10.5.155.46-9618+[--1]-9618&noUDP&sock=2548_4b67_3>
...
006 (10042572.000.000) 08/09 16:16:32 Image size of job updated: 11740
	8  -  MemoryUsage of job (MB)
	7384  -  ResidentSetSize of job (KB)
...
006 (10042572.000.000) 08/09 16:21:32 Image size of job updated: 11832
	8  -  MemoryUsage of job (MB)
	7388  -  ResidentSetSize of job (KB)
...
006 (10042572.000.000) 08/09 16:26:32 Image size of job updated: 11940
	8  -  MemoryUsage of job (MB)
	7496  -  ResidentSetSize of job (KB)
...
006 (10042572.000.000) 08/09 17:16:37 Image size of job updated: 11940
	8  -  MemoryUsage of job (MB)
	7644  -  ResidentSetSize of job (KB)
...
006 (10042572.000.000) 08/09 17:31:38 Image size of job updated: 12300
	8  -  MemoryUsage of job (MB)
	7820  -  ResidentSetSize of job (KB)
...
006 (10042572.000.000) 08/09 17:36:39 Image size of job updated: 12300
	8  -  MemoryUsage of job (MB)
	7884  -  ResidentSetSize of job (KB)
...
006 (10042572.000.000) 08/09 18:21:37 Image size of job updated: 143764
	8  -  MemoryUsage of job (MB)
	7884  -  ResidentSetSize of job (KB)
...
005 (10042572.000.000) 08/09 18:21:37 Job terminated.
	(1) Normal termination (return value 0)
		Usr 0 02:03:04, Sys 0 00:00:27  -  Run Remote Usage
		Usr 0 00:00:00, Sys 0 00:00:00  -  Run Local Usage
		Usr 0 02:03:04, Sys 0 00:00:27  -  Total Remote Usage
		Usr 0 00:00:00, Sys 0 00:00:00  -  Total Local Usage
	0  -  Run Bytes Sent By Job
	0  -  Run Bytes Received By Job
	0  -  Total Bytes Sent By Job
	0  -  Total Bytes Received By Job
	Partitionable Resources :    Usage  Request Allocated
	   Cpus                 :                 1         1
	   Disk (KB)            :        5        5   1508643
	   Memory (MB)          :        8        1         1
...
