000 (10042299.000.000) 08/09 16:11:16 Job submitted from host: <10.5.0.46:9618?addrs=10.5.0.46-9618&noUDP&sock=2497_a07a_3>
...
001 (10042299.000.000) 08/09 16:11:37 Job executing on host: <10.5.229.57:9618?addrs=10.5.229.57-9618+[--1]-9618&noUDP&sock=2564_9552_3>
...
006 (10042299.000.000) 08/09 16:11:45 Image size of job updated: 11800
	8  -  MemoryUsage of job (MB)
	7456  -  ResidentSetSize of job (KB)
...
006 (10042299.000.000) 08/09 16:16:45 Image size of job updated: 11900
	8  -  MemoryUsage of job (MB)
	7544  -  ResidentSetSize of job (KB)
...
006 (10042299.000.000) 08/09 16:26:47 Image size of job updated: 12204
	8  -  MemoryUsage of job (MB)
	7740  -  ResidentSetSize of job (KB)
...
006 (10042299.000.000) 08/09 16:46:48 Image size of job updated: 12204
	8  -  MemoryUsage of job (MB)
	7756  -  ResidentSetSize of job (KB)
...
005 (10042299.000.000) 08/09 18:18:34 Job terminated.
	(1) Normal termination (return value 0)
		Usr 0 02:04:35, Sys 0 00:00:31  -  Run Remote Usage
		Usr 0 00:00:00, Sys 0 00:00:00  -  Run Local Usage
		Usr 0 02:04:35, Sys 0 00:00:31  -  Total Remote Usage
		Usr 0 00:00:00, Sys 0 00:00:00  -  Total Local Usage
	0  -  Run Bytes Sent By Job
	0  -  Run Bytes Received By Job
	0  -  Total Bytes Sent By Job
	0  -  Total Bytes Received By Job
	Partitionable Resources :    Usage  Request Allocated
	   Cpus                 :                 1         1
	   Disk (KB)            :        5        5   1508009
	   Memory (MB)          :        8        1         1
...
