000 (10042206.000.000) 08/09 16:09:38 Job submitted from host: <10.5.0.46:9618?addrs=10.5.0.46-9618&noUDP&sock=2497_a07a_3>
...
001 (10042206.000.000) 08/09 16:09:56 Job executing on host: <10.5.156.5:9618?addrs=10.5.156.5-9618+[--1]-9618&noUDP&sock=2548_4b67_3>
...
006 (10042206.000.000) 08/09 16:10:05 Image size of job updated: 11744
	8  -  MemoryUsage of job (MB)
	7392  -  ResidentSetSize of job (KB)
...
006 (10042206.000.000) 08/09 16:15:06 Image size of job updated: 11992
	8  -  MemoryUsage of job (MB)
	7552  -  ResidentSetSize of job (KB)
...
006 (10042206.000.000) 08/09 16:20:06 Image size of job updated: 12268
	8  -  MemoryUsage of job (MB)
	7828  -  ResidentSetSize of job (KB)
...
006 (10042206.000.000) 08/09 16:25:07 Image size of job updated: 12372
	8  -  MemoryUsage of job (MB)
	7932  -  ResidentSetSize of job (KB)
...
006 (10042206.000.000) 08/09 16:45:09 Image size of job updated: 12420
	8  -  MemoryUsage of job (MB)
	7940  -  ResidentSetSize of job (KB)
...
006 (10042206.000.000) 08/09 17:10:11 Image size of job updated: 12788
	9  -  MemoryUsage of job (MB)
	8308  -  ResidentSetSize of job (KB)
...
005 (10042206.000.000) 08/09 18:14:37 Job terminated.
	(1) Normal termination (return value 0)
		Usr 0 02:02:41, Sys 0 00:00:27  -  Run Remote Usage
		Usr 0 00:00:00, Sys 0 00:00:00  -  Run Local Usage
		Usr 0 02:02:41, Sys 0 00:00:27  -  Total Remote Usage
		Usr 0 00:00:00, Sys 0 00:00:00  -  Total Local Usage
	0  -  Run Bytes Sent By Job
	0  -  Run Bytes Received By Job
	0  -  Total Bytes Sent By Job
	0  -  Total Bytes Received By Job
	Partitionable Resources :    Usage  Request Allocated
	   Cpus                 :                 1         1
	   Disk (KB)            :        5        5   1508653
	   Memory (MB)          :        9        1         1
...
