000 (10042431.000.000) 08/09 16:13:36 Job submitted from host: <10.5.0.46:9618?addrs=10.5.0.46-9618&noUDP&sock=2497_a07a_3>
...
001 (10042431.000.000) 08/09 16:14:06 Job executing on host: <10.5.191.160:9618?addrs=10.5.191.160-9618+[--1]-9618&noUDP&sock=2560_868a_3>
...
006 (10042431.000.000) 08/09 16:14:15 Image size of job updated: 11716
	8  -  MemoryUsage of job (MB)
	7360  -  ResidentSetSize of job (KB)
...
006 (10042431.000.000) 08/09 16:19:16 Image size of job updated: 11868
	8  -  MemoryUsage of job (MB)
	7424  -  ResidentSetSize of job (KB)
...
006 (10042431.000.000) 08/09 16:24:16 Image size of job updated: 11988
	8  -  MemoryUsage of job (MB)
	7520  -  ResidentSetSize of job (KB)
...
006 (10042431.000.000) 08/09 16:49:19 Image size of job updated: 12384
	8  -  MemoryUsage of job (MB)
	7904  -  ResidentSetSize of job (KB)
...
005 (10042431.000.000) 08/09 18:22:26 Job terminated.
	(1) Normal termination (return value 0)
		Usr 0 02:06:04, Sys 0 00:00:25  -  Run Remote Usage
		Usr 0 00:00:00, Sys 0 00:00:00  -  Run Local Usage
		Usr 0 02:06:04, Sys 0 00:00:25  -  Total Remote Usage
		Usr 0 00:00:00, Sys 0 00:00:00  -  Total Local Usage
	0  -  Run Bytes Sent By Job
	0  -  Run Bytes Received By Job
	0  -  Total Bytes Sent By Job
	0  -  Total Bytes Received By Job
	Partitionable Resources :    Usage  Request Allocated
	   Cpus                 :                 1         1
	   Disk (KB)            :        5        5   1508646
	   Memory (MB)          :        8        1         1
...
