000 (10042801.000.000) 08/09 16:20:31 Job submitted from host: <10.5.0.46:9618?addrs=10.5.0.46-9618&noUDP&sock=2497_a07a_3>
...
001 (10042801.000.000) 08/09 17:09:03 Job executing on host: <10.5.160.99:9618?addrs=10.5.160.99-9618+[--1]-9618&noUDP&sock=2557_77c1_3>
...
006 (10042801.000.000) 08/09 17:09:12 Image size of job updated: 11704
	8  -  MemoryUsage of job (MB)
	7360  -  ResidentSetSize of job (KB)
...
006 (10042801.000.000) 08/09 17:14:13 Image size of job updated: 11980
	8  -  MemoryUsage of job (MB)
	7548  -  ResidentSetSize of job (KB)
...
006 (10042801.000.000) 08/09 17:19:14 Image size of job updated: 11980
	8  -  MemoryUsage of job (MB)
	7700  -  ResidentSetSize of job (KB)
...
006 (10042801.000.000) 08/09 17:29:15 Image size of job updated: 12060
	8  -  MemoryUsage of job (MB)
	7700  -  ResidentSetSize of job (KB)
...
006 (10042801.000.000) 08/09 17:44:16 Image size of job updated: 12096
	8  -  MemoryUsage of job (MB)
	7700  -  ResidentSetSize of job (KB)
...
005 (10042801.000.000) 08/09 19:10:28 Job terminated.
	(1) Normal termination (return value 0)
		Usr 0 02:00:33, Sys 0 00:00:20  -  Run Remote Usage
		Usr 0 00:00:00, Sys 0 00:00:00  -  Run Local Usage
		Usr 0 02:00:33, Sys 0 00:00:20  -  Total Remote Usage
		Usr 0 00:00:00, Sys 0 00:00:00  -  Total Local Usage
	0  -  Run Bytes Sent By Job
	0  -  Run Bytes Received By Job
	0  -  Total Bytes Sent By Job
	0  -  Total Bytes Received By Job
	Partitionable Resources :    Usage  Request Allocated
	   Cpus                 :                 1         1
	   Disk (KB)            :        5        5   1508644
	   Memory (MB)          :        8        1         1
...
