000 (10042732.000.000) 08/09 16:19:00 Job submitted from host: <10.5.0.46:9618?addrs=10.5.0.46-9618&noUDP&sock=2497_a07a_3>
...
001 (10042732.000.000) 08/09 16:20:21 Job executing on host: <10.5.157.101:9618?addrs=10.5.157.101-9618+[--1]-9618&noUDP&sock=2553_09c8_3>
...
006 (10042732.000.000) 08/09 16:20:30 Image size of job updated: 11692
	8  -  MemoryUsage of job (MB)
	7348  -  ResidentSetSize of job (KB)
...
006 (10042732.000.000) 08/09 16:25:30 Image size of job updated: 11824
	8  -  MemoryUsage of job (MB)
	7392  -  ResidentSetSize of job (KB)
...
006 (10042732.000.000) 08/09 16:30:30 Image size of job updated: 11872
	8  -  MemoryUsage of job (MB)
	7416  -  ResidentSetSize of job (KB)
...
006 (10042732.000.000) 08/09 16:40:31 Image size of job updated: 11936
	8  -  MemoryUsage of job (MB)
	7456  -  ResidentSetSize of job (KB)
...
006 (10042732.000.000) 08/09 17:00:33 Image size of job updated: 12116
	8  -  MemoryUsage of job (MB)
	7636  -  ResidentSetSize of job (KB)
...
006 (10042732.000.000) 08/09 17:15:35 Image size of job updated: 12192
	8  -  MemoryUsage of job (MB)
	7712  -  ResidentSetSize of job (KB)
...
006 (10042732.000.000) 08/09 17:25:36 Image size of job updated: 12192
	8  -  MemoryUsage of job (MB)
	7816  -  ResidentSetSize of job (KB)
...
006 (10042732.000.000) 08/09 18:25:41 Image size of job updated: 12240
	8  -  MemoryUsage of job (MB)
	7816  -  ResidentSetSize of job (KB)
...
005 (10042732.000.000) 08/09 18:31:55 Job terminated.
	(1) Normal termination (return value 0)
		Usr 0 02:10:35, Sys 0 00:00:30  -  Run Remote Usage
		Usr 0 00:00:00, Sys 0 00:00:00  -  Run Local Usage
		Usr 0 02:10:35, Sys 0 00:00:30  -  Total Remote Usage
		Usr 0 00:00:00, Sys 0 00:00:00  -  Total Local Usage
	0  -  Run Bytes Sent By Job
	0  -  Run Bytes Received By Job
	0  -  Total Bytes Sent By Job
	0  -  Total Bytes Received By Job
	Partitionable Resources :    Usage  Request Allocated
	   Cpus                 :                 1         1
	   Disk (KB)            :        5        5   1508637
	   Memory (MB)          :        8        1         1
...
