000 (10042692.000.000) 08/09 16:18:20 Job submitted from host: <10.5.0.46:9618?addrs=10.5.0.46-9618&noUDP&sock=2497_a07a_3>
...
001 (10042692.000.000) 08/09 16:18:46 Job executing on host: <10.5.155.70:9618?addrs=10.5.155.70-9618+[--1]-9618&noUDP&sock=2556_c829_3>
...
006 (10042692.000.000) 08/09 16:18:54 Image size of job updated: 11748
	8  -  MemoryUsage of job (MB)
	7396  -  ResidentSetSize of job (KB)
...
006 (10042692.000.000) 08/09 16:23:54 Image size of job updated: 11988
	8  -  MemoryUsage of job (MB)
	7548  -  ResidentSetSize of job (KB)
...
006 (10042692.000.000) 08/09 16:33:55 Image size of job updated: 12024
	8  -  MemoryUsage of job (MB)
	7556  -  ResidentSetSize of job (KB)
...
006 (10042692.000.000) 08/09 16:48:57 Image size of job updated: 12104
	8  -  MemoryUsage of job (MB)
	7624  -  ResidentSetSize of job (KB)
...
006 (10042692.000.000) 08/09 17:13:59 Image size of job updated: 12232
	8  -  MemoryUsage of job (MB)
	7752  -  ResidentSetSize of job (KB)
...
006 (10042692.000.000) 08/09 18:24:06 Image size of job updated: 12236
	8  -  MemoryUsage of job (MB)
	7756  -  ResidentSetSize of job (KB)
...
005 (10042692.000.000) 08/09 18:24:30 Job terminated.
	(1) Normal termination (return value 0)
		Usr 0 02:04:32, Sys 0 00:00:24  -  Run Remote Usage
		Usr 0 00:00:00, Sys 0 00:00:00  -  Run Local Usage
		Usr 0 02:04:32, Sys 0 00:00:24  -  Total Remote Usage
		Usr 0 00:00:00, Sys 0 00:00:00  -  Total Local Usage
	0  -  Run Bytes Sent By Job
	0  -  Run Bytes Received By Job
	0  -  Total Bytes Sent By Job
	0  -  Total Bytes Received By Job
	Partitionable Resources :    Usage  Request Allocated
	   Cpus                 :                 1         1
	   Disk (KB)            :        5        5   1508647
	   Memory (MB)          :        8        1         1
...
