000 (10042516.000.000) 08/09 16:15:06 Job submitted from host: <10.5.0.46:9618?addrs=10.5.0.46-9618&noUDP&sock=2497_a07a_3>
...
001 (10042516.000.000) 08/09 16:15:19 Job executing on host: <10.5.230.167:9618?addrs=10.5.230.167-9618+[--1]-9618&noUDP&sock=2542_2dd5_3>
...
006 (10042516.000.000) 08/09 16:15:27 Image size of job updated: 11808
	8  -  MemoryUsage of job (MB)
	7464  -  ResidentSetSize of job (KB)
...
006 (10042516.000.000) 08/09 16:20:27 Image size of job updated: 11852
	8  -  MemoryUsage of job (MB)
	7464  -  ResidentSetSize of job (KB)
...
006 (10042516.000.000) 08/09 16:25:28 Image size of job updated: 11912
	8  -  MemoryUsage of job (MB)
	7464  -  ResidentSetSize of job (KB)
...
006 (10042516.000.000) 08/09 16:45:31 Image size of job updated: 11940
	8  -  MemoryUsage of job (MB)
	7464  -  ResidentSetSize of job (KB)
...
006 (10042516.000.000) 08/09 16:50:31 Image size of job updated: 12072
	8  -  MemoryUsage of job (MB)
	7596  -  ResidentSetSize of job (KB)
...
006 (10042516.000.000) 08/09 18:15:40 Image size of job updated: 12320
	8  -  MemoryUsage of job (MB)
	7844  -  ResidentSetSize of job (KB)
...
005 (10042516.000.000) 08/09 18:19:49 Job terminated.
	(1) Normal termination (return value 0)
		Usr 0 02:02:06, Sys 0 00:00:27  -  Run Remote Usage
		Usr 0 00:00:00, Sys 0 00:00:00  -  Run Local Usage
		Usr 0 02:02:06, Sys 0 00:00:27  -  Total Remote Usage
		Usr 0 00:00:00, Sys 0 00:00:00  -  Total Local Usage
	0  -  Run Bytes Sent By Job
	0  -  Run Bytes Received By Job
	0  -  Total Bytes Sent By Job
	0  -  Total Bytes Received By Job
	Partitionable Resources :    Usage  Request Allocated
	   Cpus                 :                 1         1
	   Disk (KB)            :        5        5   1508650
	   Memory (MB)          :        8        1         1
...
