000 (10042322.000.000) 08/09 16:11:40 Job submitted from host: <10.5.0.46:9618?addrs=10.5.0.46-9618&noUDP&sock=2497_a07a_3>
...
001 (10042322.000.000) 08/09 16:11:59 Job executing on host: <10.5.172.143:9618?addrs=10.5.172.143-9618+[--1]-9618&noUDP&sock=2542_2dd5_3>
...
006 (10042322.000.000) 08/09 16:12:08 Image size of job updated: 11748
	8  -  MemoryUsage of job (MB)
	7392  -  ResidentSetSize of job (KB)
...
006 (10042322.000.000) 08/09 16:17:09 Image size of job updated: 11864
	8  -  MemoryUsage of job (MB)
	7420  -  ResidentSetSize of job (KB)
...
006 (10042322.000.000) 08/09 16:22:09 Image size of job updated: 11980
	8  -  MemoryUsage of job (MB)
	7536  -  ResidentSetSize of job (KB)
...
006 (10042322.000.000) 08/09 16:42:12 Image size of job updated: 12344
	8  -  MemoryUsage of job (MB)
	7888  -  ResidentSetSize of job (KB)
...
006 (10042322.000.000) 08/09 18:21:07 Image size of job updated: 143772
	8  -  MemoryUsage of job (MB)
	7888  -  ResidentSetSize of job (KB)
...
005 (10042322.000.000) 08/09 18:21:07 Job terminated.
	(1) Normal termination (return value 0)
		Usr 0 02:06:52, Sys 0 00:00:33  -  Run Remote Usage
		Usr 0 00:00:00, Sys 0 00:00:00  -  Run Local Usage
		Usr 0 02:06:52, Sys 0 00:00:33  -  Total Remote Usage
		Usr 0 00:00:00, Sys 0 00:00:00  -  Total Local Usage
	0  -  Run Bytes Sent By Job
	0  -  Run Bytes Received By Job
	0  -  Total Bytes Sent By Job
	0  -  Total Bytes Received By Job
	Partitionable Resources :    Usage  Request Allocated
	   Cpus                 :                 1         1
	   Disk (KB)            :        5        5   1508653
	   Memory (MB)          :        8        1         1
...
