000 (10042425.000.000) 08/09 16:13:29 Job submitted from host: <10.5.0.46:9618?addrs=10.5.0.46-9618&noUDP&sock=2497_a07a_3>
...
001 (10042425.000.000) 08/09 16:13:38 Job executing on host: <10.5.155.56:9618?addrs=10.5.155.56-9618+[--1]-9618&noUDP&sock=2548_4b67_3>
...
006 (10042425.000.000) 08/09 16:13:47 Image size of job updated: 12096
	8  -  MemoryUsage of job (MB)
	7752  -  ResidentSetSize of job (KB)
...
006 (10042425.000.000) 08/09 16:18:48 Image size of job updated: 12240
	8  -  MemoryUsage of job (MB)
	7796  -  ResidentSetSize of job (KB)
...
006 (10042425.000.000) 08/09 16:23:49 Image size of job updated: 12268
	8  -  MemoryUsage of job (MB)
	7804  -  ResidentSetSize of job (KB)
...
006 (10042425.000.000) 08/09 17:08:53 Image size of job updated: 12312
	8  -  MemoryUsage of job (MB)
	7836  -  ResidentSetSize of job (KB)
...
006 (10042425.000.000) 08/09 17:28:55 Image size of job updated: 12472
	8  -  MemoryUsage of job (MB)
	7996  -  ResidentSetSize of job (KB)
...
006 (10042425.000.000) 08/09 17:33:55 Image size of job updated: 12472
	9  -  MemoryUsage of job (MB)
	8216  -  ResidentSetSize of job (KB)
...
005 (10042425.000.000) 08/09 18:18:09 Job terminated.
	(1) Normal termination (return value 0)
		Usr 0 02:02:10, Sys 0 00:00:26  -  Run Remote Usage
		Usr 0 00:00:00, Sys 0 00:00:00  -  Run Local Usage
		Usr 0 02:02:10, Sys 0 00:00:26  -  Total Remote Usage
		Usr 0 00:00:00, Sys 0 00:00:00  -  Total Local Usage
	0  -  Run Bytes Sent By Job
	0  -  Run Bytes Received By Job
	0  -  Total Bytes Sent By Job
	0  -  Total Bytes Received By Job
	Partitionable Resources :    Usage  Request Allocated
	   Cpus                 :                 1         1
	   Disk (KB)            :        5        5   1508651
	   Memory (MB)          :        9        1         1
...
