000 (10042180.000.000) 08/09 16:09:11 Job submitted from host: <10.5.0.46:9618?addrs=10.5.0.46-9618&noUDP&sock=2497_a07a_3>
...
001 (10042180.000.000) 08/09 16:09:11 Job executing on host: <10.5.218.149:9618?addrs=10.5.218.149-9618+[--1]-9618&noUDP&sock=2001_6980_3>
...
006 (10042180.000.000) 08/09 16:09:20 Image size of job updated: 12224
	8  -  MemoryUsage of job (MB)
	7384  -  ResidentSetSize of job (KB)
...
006 (10042180.000.000) 08/09 16:14:21 Image size of job updated: 12432
	8  -  MemoryUsage of job (MB)
	7488  -  ResidentSetSize of job (KB)
...
006 (10042180.000.000) 08/09 16:19:21 Image size of job updated: 12448
	8  -  MemoryUsage of job (MB)
	7540  -  ResidentSetSize of job (KB)
...
006 (10042180.000.000) 08/09 16:34:22 Image size of job updated: 12472
	8  -  MemoryUsage of job (MB)
	7540  -  ResidentSetSize of job (KB)
...
006 (10042180.000.000) 08/09 16:44:23 Image size of job updated: 12544
	8  -  MemoryUsage of job (MB)
	7572  -  ResidentSetSize of job (KB)
...
006 (10042180.000.000) 08/09 16:49:24 Image size of job updated: 12544
	8  -  MemoryUsage of job (MB)
	7876  -  ResidentSetSize of job (KB)
...
006 (10042180.000.000) 08/09 17:14:26 Image size of job updated: 12548
	8  -  MemoryUsage of job (MB)
	7876  -  ResidentSetSize of job (KB)
...
006 (10042180.000.000) 08/09 17:49:30 Image size of job updated: 12716
	8  -  MemoryUsage of job (MB)
	7876  -  ResidentSetSize of job (KB)
...
006 (10042180.000.000) 08/09 17:54:31 Image size of job updated: 12716
	8  -  MemoryUsage of job (MB)
	7964  -  ResidentSetSize of job (KB)
...
005 (10042180.000.000) 08/09 18:55:04 Job terminated.
	(1) Normal termination (return value 0)
		Usr 0 02:43:52, Sys 0 00:00:27  -  Run Remote Usage
		Usr 0 00:00:00, Sys 0 00:00:00  -  Run Local Usage
		Usr 0 02:43:52, Sys 0 00:00:27  -  Total Remote Usage
		Usr 0 00:00:00, Sys 0 00:00:00  -  Total Local Usage
	0  -  Run Bytes Sent By Job
	0  -  Run Bytes Received By Job
	0  -  Total Bytes Sent By Job
	0  -  Total Bytes Received By Job
	Partitionable Resources :    Usage  Request Allocated
	   Cpus                 :                 1         1
	   Disk (KB)            :        5        5   1506088
	   Memory (MB)          :        8        1         1
...
