000 (10042670.000.000) 08/09 16:17:57 Job submitted from host: <10.5.0.46:9618?addrs=10.5.0.46-9618&noUDP&sock=2497_a07a_3>
...
001 (10042670.000.000) 08/09 16:18:05 Job executing on host: <10.5.157.101:9618?addrs=10.5.157.101-9618+[--1]-9618&noUDP&sock=2553_09c8_3>
...
006 (10042670.000.000) 08/09 16:18:13 Image size of job updated: 12544
	8  -  MemoryUsage of job (MB)
	8192  -  ResidentSetSize of job (KB)
...
006 (10042670.000.000) 08/09 16:33:15 Image size of job updated: 12604
	8  -  MemoryUsage of job (MB)
	8192  -  ResidentSetSize of job (KB)
...
005 (10042670.000.000) 08/09 18:29:43 Job terminated.
	(1) Normal termination (return value 0)
		Usr 0 02:10:35, Sys 0 00:00:32  -  Run Remote Usage
		Usr 0 00:00:00, Sys 0 00:00:00  -  Run Local Usage
		Usr 0 02:10:35, Sys 0 00:00:32  -  Total Remote Usage
		Usr 0 00:00:00, Sys 0 00:00:00  -  Total Local Usage
	0  -  Run Bytes Sent By Job
	0  -  Run Bytes Received By Job
	0  -  Total Bytes Sent By Job
	0  -  Total Bytes Received By Job
	Partitionable Resources :    Usage  Request Allocated
	   Cpus                 :                 1         1
	   Disk (KB)            :        5        5   1508637
	   Memory (MB)          :        8        1         1
...
