000 (10042618.000.000) 08/09 16:17:01 Job submitted from host: <10.5.0.46:9618?addrs=10.5.0.46-9618&noUDP&sock=2497_a07a_3>
...
001 (10042618.000.000) 08/09 16:17:23 Job executing on host: <10.5.234.205:9618?addrs=10.5.234.205-9618+[--1]-9618&noUDP&sock=2565_44eb_3>
...
006 (10042618.000.000) 08/09 16:17:32 Image size of job updated: 11988
	8  -  MemoryUsage of job (MB)
	7644  -  ResidentSetSize of job (KB)
...
006 (10042618.000.000) 08/09 16:22:33 Image size of job updated: 12092
	8  -  MemoryUsage of job (MB)
	7868  -  ResidentSetSize of job (KB)
...
006 (10042618.000.000) 08/09 16:42:36 Image size of job updated: 12280
	8  -  MemoryUsage of job (MB)
	7868  -  ResidentSetSize of job (KB)
...
006 (10042618.000.000) 08/09 17:37:41 Image size of job updated: 12348
	8  -  MemoryUsage of job (MB)
	7872  -  ResidentSetSize of job (KB)
...
005 (10042618.000.000) 08/09 18:21:22 Job terminated.
	(1) Normal termination (return value 0)
		Usr 0 02:01:41, Sys 0 00:00:26  -  Run Remote Usage
		Usr 0 00:00:00, Sys 0 00:00:00  -  Run Local Usage
		Usr 0 02:01:41, Sys 0 00:00:26  -  Total Remote Usage
		Usr 0 00:00:00, Sys 0 00:00:00  -  Total Local Usage
	0  -  Run Bytes Sent By Job
	0  -  Run Bytes Received By Job
	0  -  Total Bytes Sent By Job
	0  -  Total Bytes Received By Job
	Partitionable Resources :    Usage  Request Allocated
	   Cpus                 :                 1         1
	   Disk (KB)            :        5        5   1508057
	   Memory (MB)          :        8        1         1
...
