000 (10042365.000.000) 08/09 16:12:26 Job submitted from host: <10.5.0.46:9618?addrs=10.5.0.46-9618&noUDP&sock=2497_a07a_3>
...
001 (10042365.000.000) 08/09 16:12:38 Job executing on host: <10.5.226.32:9618?addrs=10.5.226.32-9618+[--1]-9618&noUDP&sock=2551_5a2f_3>
...
006 (10042365.000.000) 08/09 16:12:46 Image size of job updated: 11744
	8  -  MemoryUsage of job (MB)
	7400  -  ResidentSetSize of job (KB)
...
006 (10042365.000.000) 08/09 16:17:46 Image size of job updated: 11892
	8  -  MemoryUsage of job (MB)
	7616  -  ResidentSetSize of job (KB)
...
006 (10042365.000.000) 08/09 16:22:46 Image size of job updated: 12008
	8  -  MemoryUsage of job (MB)
	7616  -  ResidentSetSize of job (KB)
...
006 (10042365.000.000) 08/09 16:32:47 Image size of job updated: 12096
	8  -  MemoryUsage of job (MB)
	7620  -  ResidentSetSize of job (KB)
...
006 (10042365.000.000) 08/09 17:07:51 Image size of job updated: 12156
	8  -  MemoryUsage of job (MB)
	7680  -  ResidentSetSize of job (KB)
...
006 (10042365.000.000) 08/09 17:52:56 Image size of job updated: 12304
	8  -  MemoryUsage of job (MB)
	7828  -  ResidentSetSize of job (KB)
...
006 (10042365.000.000) 08/09 17:57:56 Image size of job updated: 12304
	8  -  MemoryUsage of job (MB)
	7864  -  ResidentSetSize of job (KB)
...
005 (10042365.000.000) 08/09 18:20:39 Job terminated.
	(1) Normal termination (return value 0)
		Usr 0 02:05:44, Sys 0 00:00:31  -  Run Remote Usage
		Usr 0 00:00:00, Sys 0 00:00:00  -  Run Local Usage
		Usr 0 02:05:44, Sys 0 00:00:31  -  Total Remote Usage
		Usr 0 00:00:00, Sys 0 00:00:00  -  Total Local Usage
	0  -  Run Bytes Sent By Job
	0  -  Run Bytes Received By Job
	0  -  Total Bytes Sent By Job
	0  -  Total Bytes Received By Job
	Partitionable Resources :    Usage  Request Allocated
	   Cpus                 :                 1         1
	   Disk (KB)            :        5        5   1508650
	   Memory (MB)          :        8        1         1
...
