000 (10042627.000.000) 08/09 16:17:11 Job submitted from host: <10.5.0.46:9618?addrs=10.5.0.46-9618&noUDP&sock=2497_a07a_3>
...
001 (10042627.000.000) 08/09 16:17:24 Job executing on host: <10.5.155.56:9618?addrs=10.5.155.56-9618+[--1]-9618&noUDP&sock=2548_4b67_3>
...
006 (10042627.000.000) 08/09 16:17:33 Image size of job updated: 12244
	8  -  MemoryUsage of job (MB)
	7900  -  ResidentSetSize of job (KB)
...
006 (10042627.000.000) 08/09 16:22:34 Image size of job updated: 12364
	8  -  MemoryUsage of job (MB)
	7940  -  ResidentSetSize of job (KB)
...
006 (10042627.000.000) 08/09 16:32:34 Image size of job updated: 12384
	8  -  MemoryUsage of job (MB)
	7952  -  ResidentSetSize of job (KB)
...
006 (10042627.000.000) 08/09 16:37:35 Image size of job updated: 12452
	8  -  MemoryUsage of job (MB)
	8008  -  ResidentSetSize of job (KB)
...
006 (10042627.000.000) 08/09 16:42:35 Image size of job updated: 12624
	8  -  MemoryUsage of job (MB)
	8180  -  ResidentSetSize of job (KB)
...
006 (10042627.000.000) 08/09 16:52:36 Image size of job updated: 12624
	9  -  MemoryUsage of job (MB)
	8204  -  ResidentSetSize of job (KB)
...
005 (10042627.000.000) 08/09 18:22:06 Job terminated.
	(1) Normal termination (return value 0)
		Usr 0 02:02:25, Sys 0 00:00:27  -  Run Remote Usage
		Usr 0 00:00:00, Sys 0 00:00:00  -  Run Local Usage
		Usr 0 02:02:25, Sys 0 00:00:27  -  Total Remote Usage
		Usr 0 00:00:00, Sys 0 00:00:00  -  Total Local Usage
	0  -  Run Bytes Sent By Job
	0  -  Run Bytes Received By Job
	0  -  Total Bytes Sent By Job
	0  -  Total Bytes Received By Job
	Partitionable Resources :    Usage  Request Allocated
	   Cpus                 :                 1         1
	   Disk (KB)            :        5        5   1508651
	   Memory (MB)          :        9        1         1
...
