000 (10042840.000.000) 08/09 16:21:13 Job submitted from host: <10.5.0.46:9618?addrs=10.5.0.46-9618&noUDP&sock=2497_a07a_3>
...
001 (10042840.000.000) 08/09 18:17:37 Job executing on host: <10.5.197.36:9618?addrs=10.5.197.36-9618+[--1]-9618&noUDP&sock=2559_d6f1_3>
...
006 (10042840.000.000) 08/09 18:17:46 Image size of job updated: 11712
	8  -  MemoryUsage of job (MB)
	7352  -  ResidentSetSize of job (KB)
...
006 (10042840.000.000) 08/09 18:22:47 Image size of job updated: 12048
	8  -  MemoryUsage of job (MB)
	7600  -  ResidentSetSize of job (KB)
...
006 (10042840.000.000) 08/09 19:27:54 Image size of job updated: 12284
	8  -  MemoryUsage of job (MB)
	7800  -  ResidentSetSize of job (KB)
...
006 (10042840.000.000) 08/09 19:52:56 Image size of job updated: 12348
	8  -  MemoryUsage of job (MB)
	7864  -  ResidentSetSize of job (KB)
...
006 (10042840.000.000) 08/09 20:12:59 Image size of job updated: 12380
	8  -  MemoryUsage of job (MB)
	7896  -  ResidentSetSize of job (KB)
...
005 (10042840.000.000) 08/09 20:15:05 Job terminated.
	(1) Normal termination (return value 0)
		Usr 0 01:56:14, Sys 0 00:00:31  -  Run Remote Usage
		Usr 0 00:00:00, Sys 0 00:00:00  -  Run Local Usage
		Usr 0 01:56:14, Sys 0 00:00:31  -  Total Remote Usage
		Usr 0 00:00:00, Sys 0 00:00:00  -  Total Local Usage
	0  -  Run Bytes Sent By Job
	0  -  Run Bytes Received By Job
	0  -  Total Bytes Sent By Job
	0  -  Total Bytes Received By Job
	Partitionable Resources :    Usage  Request Allocated
	   Cpus                 :                 1         1
	   Disk (KB)            :        5        5   1508636
	   Memory (MB)          :        8        1         1
...
