000 (10042871.000.000) 08/09 16:21:46 Job submitted from host: <10.5.0.46:9618?addrs=10.5.0.46-9618&noUDP&sock=2497_a07a_3>
...
001 (10042871.000.000) 08/09 18:18:30 Job executing on host: <10.5.155.250:9618?addrs=10.5.155.250-9618+[--1]-9618&noUDP&sock=2560_868a_3>
...
006 (10042871.000.000) 08/09 18:18:39 Image size of job updated: 11744
	8  -  MemoryUsage of job (MB)
	7388  -  ResidentSetSize of job (KB)
...
006 (10042871.000.000) 08/09 18:23:40 Image size of job updated: 12048
	8  -  MemoryUsage of job (MB)
	7604  -  ResidentSetSize of job (KB)
...
006 (10042871.000.000) 08/09 19:58:49 Image size of job updated: 12160
	8  -  MemoryUsage of job (MB)
	7684  -  ResidentSetSize of job (KB)
...
006 (10042871.000.000) 08/09 20:03:50 Image size of job updated: 12160
	8  -  MemoryUsage of job (MB)
	7868  -  ResidentSetSize of job (KB)
...
006 (10042871.000.000) 08/09 20:13:50 Image size of job updated: 12268
	8  -  MemoryUsage of job (MB)
	7868  -  ResidentSetSize of job (KB)
...
005 (10042871.000.000) 08/09 20:16:20 Job terminated.
	(1) Normal termination (return value 0)
		Usr 0 01:56:49, Sys 0 00:00:29  -  Run Remote Usage
		Usr 0 00:00:00, Sys 0 00:00:00  -  Run Local Usage
		Usr 0 01:56:49, Sys 0 00:00:29  -  Total Remote Usage
		Usr 0 00:00:00, Sys 0 00:00:00  -  Total Local Usage
	0  -  Run Bytes Sent By Job
	0  -  Run Bytes Received By Job
	0  -  Total Bytes Sent By Job
	0  -  Total Bytes Received By Job
	Partitionable Resources :    Usage  Request Allocated
	   Cpus                 :                 1         1
	   Disk (KB)            :        5        5   1508654
	   Memory (MB)          :        8        1         1
...
