000 (10042702.000.000) 08/09 16:18:30 Job submitted from host: <10.5.0.46:9618?addrs=10.5.0.46-9618&noUDP&sock=2497_a07a_3>
...
001 (10042702.000.000) 08/09 16:18:53 Job executing on host: <10.5.155.73:9618?addrs=10.5.155.73-9618+[--1]-9618&noUDP&sock=2544_8d06_3>
...
006 (10042702.000.000) 08/09 16:19:01 Image size of job updated: 11816
	8  -  MemoryUsage of job (MB)
	7460  -  ResidentSetSize of job (KB)
...
006 (10042702.000.000) 08/09 16:24:01 Image size of job updated: 12336
	8  -  MemoryUsage of job (MB)
	7868  -  ResidentSetSize of job (KB)
...
006 (10042702.000.000) 08/09 16:39:03 Image size of job updated: 12336
	8  -  MemoryUsage of job (MB)
	8048  -  ResidentSetSize of job (KB)
...
006 (10042702.000.000) 08/09 16:49:04 Image size of job updated: 12376
	8  -  MemoryUsage of job (MB)
	8048  -  ResidentSetSize of job (KB)
...
006 (10042702.000.000) 08/09 17:19:07 Image size of job updated: 12376
	8  -  MemoryUsage of job (MB)
	8108  -  ResidentSetSize of job (KB)
...
005 (10042702.000.000) 08/09 18:22:36 Job terminated.
	(1) Normal termination (return value 0)
		Usr 0 02:02:03, Sys 0 00:00:23  -  Run Remote Usage
		Usr 0 00:00:00, Sys 0 00:00:00  -  Run Local Usage
		Usr 0 02:02:03, Sys 0 00:00:23  -  Total Remote Usage
		Usr 0 00:00:00, Sys 0 00:00:00  -  Total Local Usage
	0  -  Run Bytes Sent By Job
	0  -  Run Bytes Received By Job
	0  -  Total Bytes Sent By Job
	0  -  Total Bytes Received By Job
	Partitionable Resources :    Usage  Request Allocated
	   Cpus                 :                 1         1
	   Disk (KB)            :        5        5   1508648
	   Memory (MB)          :        8        1         1
...
