000 (10042556.000.000) 08/09 16:15:48 Job submitted from host: <10.5.0.46:9618?addrs=10.5.0.46-9618&noUDP&sock=2497_a07a_3>
...
001 (10042556.000.000) 08/09 16:16:07 Job executing on host: <10.5.155.44:9618?addrs=10.5.155.44-9618+[--1]-9618&noUDP&sock=2546_ec36_3>
...
006 (10042556.000.000) 08/09 16:16:16 Image size of job updated: 11692
	8  -  MemoryUsage of job (MB)
	7348  -  ResidentSetSize of job (KB)
...
006 (10042556.000.000) 08/09 16:21:17 Image size of job updated: 11972
	8  -  MemoryUsage of job (MB)
	7540  -  ResidentSetSize of job (KB)
...
006 (10042556.000.000) 08/09 16:41:19 Image size of job updated: 12000
	8  -  MemoryUsage of job (MB)
	7556  -  ResidentSetSize of job (KB)
...
006 (10042556.000.000) 08/09 16:46:19 Image size of job updated: 12460
	8  -  MemoryUsage of job (MB)
	8016  -  ResidentSetSize of job (KB)
...
006 (10042556.000.000) 08/09 18:22:33 Image size of job updated: 12472
	8  -  MemoryUsage of job (MB)
	8016  -  ResidentSetSize of job (KB)
...
005 (10042556.000.000) 08/09 18:22:33 Job terminated.
	(1) Normal termination (return value 0)
		Usr 0 02:04:13, Sys 0 00:00:27  -  Run Remote Usage
		Usr 0 00:00:00, Sys 0 00:00:00  -  Run Local Usage
		Usr 0 02:04:13, Sys 0 00:00:27  -  Total Remote Usage
		Usr 0 00:00:00, Sys 0 00:00:00  -  Total Local Usage
	0  -  Run Bytes Sent By Job
	0  -  Run Bytes Received By Job
	0  -  Total Bytes Sent By Job
	0  -  Total Bytes Received By Job
	Partitionable Resources :    Usage  Request Allocated
	   Cpus                 :                 1         1
	   Disk (KB)            :        5        5   1508647
	   Memory (MB)          :        8        1         1
...
