000 (10042386.000.000) 08/09 16:12:48 Job submitted from host: <10.5.0.46:9618?addrs=10.5.0.46-9618&noUDP&sock=2497_a07a_3>
...
001 (10042386.000.000) 08/09 16:12:58 Job executing on host: <10.5.228.89:9618?addrs=10.5.228.89-9618+[--1]-9618&noUDP&sock=2560_d6f1_3>
...
006 (10042386.000.000) 08/09 16:13:07 Image size of job updated: 12352
	8  -  MemoryUsage of job (MB)
	7504  -  ResidentSetSize of job (KB)
...
006 (10042386.000.000) 08/09 16:18:08 Image size of job updated: 12420
	8  -  MemoryUsage of job (MB)
	7504  -  ResidentSetSize of job (KB)
...
006 (10042386.000.000) 08/09 16:33:09 Image size of job updated: 12448
	8  -  MemoryUsage of job (MB)
	7504  -  ResidentSetSize of job (KB)
...
006 (10042386.000.000) 08/09 16:43:11 Image size of job updated: 12616
	8  -  MemoryUsage of job (MB)
	7640  -  ResidentSetSize of job (KB)
...
005 (10042386.000.000) 08/09 18:24:01 Job terminated.
	(1) Normal termination (return value 0)
		Usr 0 02:08:33, Sys 0 00:00:34  -  Run Remote Usage
		Usr 0 00:00:00, Sys 0 00:00:00  -  Run Local Usage
		Usr 0 02:08:33, Sys 0 00:00:34  -  Total Remote Usage
		Usr 0 00:00:00, Sys 0 00:00:00  -  Total Local Usage
	0  -  Run Bytes Sent By Job
	0  -  Run Bytes Received By Job
	0  -  Total Bytes Sent By Job
	0  -  Total Bytes Received By Job
	Partitionable Resources :    Usage  Request Allocated
	   Cpus                 :                 1         1
	   Disk (KB)            :        5        5   1508010
	   Memory (MB)          :        8        1         1
...
