000 (10042604.000.000) 08/09 16:16:46 Job submitted from host: <10.5.0.46:9618?addrs=10.5.0.46-9618&noUDP&sock=2497_a07a_3>
...
001 (10042604.000.000) 08/09 16:17:04 Job executing on host: <10.5.155.46:9618?addrs=10.5.155.46-9618+[--1]-9618&noUDP&sock=2548_4b67_3>
...
006 (10042604.000.000) 08/09 16:17:12 Image size of job updated: 11764
	8  -  MemoryUsage of job (MB)
	7412  -  ResidentSetSize of job (KB)
...
006 (10042604.000.000) 08/09 16:22:12 Image size of job updated: 11848
	8  -  MemoryUsage of job (MB)
	7412  -  ResidentSetSize of job (KB)
...
006 (10042604.000.000) 08/09 16:27:13 Image size of job updated: 11900
	8  -  MemoryUsage of job (MB)
	7460  -  ResidentSetSize of job (KB)
...
006 (10042604.000.000) 08/09 16:37:14 Image size of job updated: 11912
	8  -  MemoryUsage of job (MB)
	7460  -  ResidentSetSize of job (KB)
...
006 (10042604.000.000) 08/09 16:42:14 Image size of job updated: 11916
	8  -  MemoryUsage of job (MB)
	7464  -  ResidentSetSize of job (KB)
...
006 (10042604.000.000) 08/09 17:17:17 Image size of job updated: 11916
	8  -  MemoryUsage of job (MB)
	7536  -  ResidentSetSize of job (KB)
...
006 (10042604.000.000) 08/09 17:32:19 Image size of job updated: 11920
	8  -  MemoryUsage of job (MB)
	7536  -  ResidentSetSize of job (KB)
...
006 (10042604.000.000) 08/09 17:57:21 Image size of job updated: 11936
	8  -  MemoryUsage of job (MB)
	7536  -  ResidentSetSize of job (KB)
...
006 (10042604.000.000) 08/09 18:02:21 Image size of job updated: 11936
	8  -  MemoryUsage of job (MB)
	7628  -  ResidentSetSize of job (KB)
...
006 (10042604.000.000) 08/09 18:07:22 Image size of job updated: 11944
	8  -  MemoryUsage of job (MB)
	7628  -  ResidentSetSize of job (KB)
...
006 (10042604.000.000) 08/09 18:17:23 Image size of job updated: 11988
	8  -  MemoryUsage of job (MB)
	7628  -  ResidentSetSize of job (KB)
...
006 (10042604.000.000) 08/09 18:22:28 Image size of job updated: 12132
	8  -  MemoryUsage of job (MB)
	7656  -  ResidentSetSize of job (KB)
...
005 (10042604.000.000) 08/09 18:22:28 Job terminated.
	(1) Normal termination (return value 0)
		Usr 0 02:03:09, Sys 0 00:00:26  -  Run Remote Usage
		Usr 0 00:00:00, Sys 0 00:00:00  -  Run Local Usage
		Usr 0 02:03:09, Sys 0 00:00:26  -  Total Remote Usage
		Usr 0 00:00:00, Sys 0 00:00:00  -  Total Local Usage
	0  -  Run Bytes Sent By Job
	0  -  Run Bytes Received By Job
	0  -  Total Bytes Sent By Job
	0  -  Total Bytes Received By Job
	Partitionable Resources :    Usage  Request Allocated
	   Cpus                 :                 1         1
	   Disk (KB)            :        5        5   1508643
	   Memory (MB)          :        8        1         1
...
