000 (10042778.000.000) 08/09 16:19:51 Job submitted from host: <10.5.0.46:9618?addrs=10.5.0.46-9618&noUDP&sock=2497_a07a_3>
...
001 (10042778.000.000) 08/09 16:27:03 Job executing on host: <10.5.157.67:9618?addrs=10.5.157.67-9618+[--1]-9618&noUDP&sock=2561_868a_3>
...
006 (10042778.000.000) 08/09 16:27:12 Image size of job updated: 11748
	8  -  MemoryUsage of job (MB)
	7404  -  ResidentSetSize of job (KB)
...
006 (10042778.000.000) 08/09 16:32:13 Image size of job updated: 11924
	8  -  MemoryUsage of job (MB)
	7492  -  ResidentSetSize of job (KB)
...
006 (10042778.000.000) 08/09 16:37:14 Image size of job updated: 11956
	8  -  MemoryUsage of job (MB)
	7492  -  ResidentSetSize of job (KB)
...
006 (10042778.000.000) 08/09 16:47:15 Image size of job updated: 12068
	8  -  MemoryUsage of job (MB)
	7588  -  ResidentSetSize of job (KB)
...
006 (10042778.000.000) 08/09 16:52:16 Image size of job updated: 12228
	8  -  MemoryUsage of job (MB)
	7748  -  ResidentSetSize of job (KB)
...
006 (10042778.000.000) 08/09 17:22:19 Image size of job updated: 12228
	8  -  MemoryUsage of job (MB)
	7856  -  ResidentSetSize of job (KB)
...
005 (10042778.000.000) 08/09 18:30:13 Job terminated.
	(1) Normal termination (return value 0)
		Usr 0 02:01:15, Sys 0 00:00:21  -  Run Remote Usage
		Usr 0 00:00:00, Sys 0 00:00:00  -  Run Local Usage
		Usr 0 02:01:15, Sys 0 00:00:21  -  Total Remote Usage
		Usr 0 00:00:00, Sys 0 00:00:00  -  Total Local Usage
	0  -  Run Bytes Sent By Job
	0  -  Run Bytes Received By Job
	0  -  Total Bytes Sent By Job
	0  -  Total Bytes Received By Job
	Partitionable Resources :    Usage  Request Allocated
	   Cpus                 :                 1         1
	   Disk (KB)            :        5        5   1508637
	   Memory (MB)          :        8        1         1
...
