000 (10042568.000.000) 08/09 16:16:01 Job submitted from host: <10.5.0.46:9618?addrs=10.5.0.46-9618&noUDP&sock=2497_a07a_3>
...
001 (10042568.000.000) 08/09 16:16:22 Job executing on host: <10.5.234.205:9618?addrs=10.5.234.205-9618+[--1]-9618&noUDP&sock=2565_44eb_3>
...
006 (10042568.000.000) 08/09 16:16:31 Image size of job updated: 11800
	8  -  MemoryUsage of job (MB)
	7456  -  ResidentSetSize of job (KB)
...
006 (10042568.000.000) 08/09 16:26:32 Image size of job updated: 12008
	8  -  MemoryUsage of job (MB)
	7576  -  ResidentSetSize of job (KB)
...
006 (10042568.000.000) 08/09 16:51:35 Image size of job updated: 12008
	8  -  MemoryUsage of job (MB)
	7640  -  ResidentSetSize of job (KB)
...
006 (10042568.000.000) 08/09 17:36:39 Image size of job updated: 12144
	8  -  MemoryUsage of job (MB)
	7668  -  ResidentSetSize of job (KB)
...
005 (10042568.000.000) 08/09 18:22:10 Job terminated.
	(1) Normal termination (return value 0)
		Usr 0 02:03:26, Sys 0 00:00:23  -  Run Remote Usage
		Usr 0 00:00:00, Sys 0 00:00:00  -  Run Local Usage
		Usr 0 02:03:26, Sys 0 00:00:23  -  Total Remote Usage
		Usr 0 00:00:00, Sys 0 00:00:00  -  Total Local Usage
	0  -  Run Bytes Sent By Job
	0  -  Run Bytes Received By Job
	0  -  Total Bytes Sent By Job
	0  -  Total Bytes Received By Job
	Partitionable Resources :    Usage  Request Allocated
	   Cpus                 :                 1         1
	   Disk (KB)            :        5        5   1508057
	   Memory (MB)          :        8        1         1
...
