000 (10042557.000.000) 08/09 16:15:49 Job submitted from host: <10.5.0.46:9618?addrs=10.5.0.46-9618&noUDP&sock=2497_a07a_3>
...
001 (10042557.000.000) 08/09 16:16:08 Job executing on host: <10.5.192.180:9618?addrs=10.5.192.180-9618+[--1]-9618&noUDP&sock=2185_9eed_3>
...
006 (10042557.000.000) 08/09 16:16:17 Image size of job updated: 11796
	8  -  MemoryUsage of job (MB)
	7476  -  ResidentSetSize of job (KB)
...
006 (10042557.000.000) 08/09 16:21:18 Image size of job updated: 11888
	8  -  MemoryUsage of job (MB)
	7476  -  ResidentSetSize of job (KB)
...
006 (10042557.000.000) 08/09 16:26:18 Image size of job updated: 11904
	8  -  MemoryUsage of job (MB)
	7476  -  ResidentSetSize of job (KB)
...
006 (10042557.000.000) 08/09 16:31:18 Image size of job updated: 11904
	8  -  MemoryUsage of job (MB)
	7484  -  ResidentSetSize of job (KB)
...
006 (10042557.000.000) 08/09 16:36:19 Image size of job updated: 11996
	8  -  MemoryUsage of job (MB)
	7552  -  ResidentSetSize of job (KB)
...
006 (10042557.000.000) 08/09 17:16:23 Image size of job updated: 12004
	8  -  MemoryUsage of job (MB)
	7560  -  ResidentSetSize of job (KB)
...
006 (10042557.000.000) 08/09 18:11:28 Image size of job updated: 12064
	8  -  MemoryUsage of job (MB)
	7780  -  ResidentSetSize of job (KB)
...
006 (10042557.000.000) 08/09 18:31:30 Image size of job updated: 12400
	8  -  MemoryUsage of job (MB)
	7956  -  ResidentSetSize of job (KB)
...
005 (10042557.000.000) 08/09 18:36:44 Job terminated.
	(1) Normal termination (return value 0)
		Usr 0 02:19:42, Sys 0 00:00:24  -  Run Remote Usage
		Usr 0 00:00:00, Sys 0 00:00:00  -  Run Local Usage
		Usr 0 02:19:42, Sys 0 00:00:24  -  Total Remote Usage
		Usr 0 00:00:00, Sys 0 00:00:00  -  Total Local Usage
	0  -  Run Bytes Sent By Job
	0  -  Run Bytes Received By Job
	0  -  Total Bytes Sent By Job
	0  -  Total Bytes Received By Job
	Partitionable Resources :    Usage  Request Allocated
	   Cpus                 :                 1         1
	   Disk (KB)            :        5        5   1505013
	   Memory (MB)          :        8        1         1
...
