000 (10042814.000.000) 08/09 16:20:45 Job submitted from host: <10.5.0.46:9618?addrs=10.5.0.46-9618&noUDP&sock=2497_a07a_3>
...
001 (10042814.000.000) 08/09 18:15:30 Job executing on host: <10.5.228.158:9618?addrs=10.5.228.158-9618+[--1]-9618&noUDP&sock=2540_1f0c_3>
...
006 (10042814.000.000) 08/09 18:15:39 Image size of job updated: 11808
	8  -  MemoryUsage of job (MB)
	7456  -  ResidentSetSize of job (KB)
...
006 (10042814.000.000) 08/09 18:20:39 Image size of job updated: 11948
	8  -  MemoryUsage of job (MB)
	7508  -  ResidentSetSize of job (KB)
...
006 (10042814.000.000) 08/09 18:55:43 Image size of job updated: 11992
	8  -  MemoryUsage of job (MB)
	7540  -  ResidentSetSize of job (KB)
...
006 (10042814.000.000) 08/09 19:10:44 Image size of job updated: 12044
	8  -  MemoryUsage of job (MB)
	7592  -  ResidentSetSize of job (KB)
...
006 (10042814.000.000) 08/09 19:35:47 Image size of job updated: 12080
	8  -  MemoryUsage of job (MB)
	7600  -  ResidentSetSize of job (KB)
...
005 (10042814.000.000) 08/09 20:05:31 Job terminated.
	(1) Normal termination (return value 0)
		Usr 0 01:46:44, Sys 0 00:01:37  -  Run Remote Usage
		Usr 0 00:00:00, Sys 0 00:00:00  -  Run Local Usage
		Usr 0 01:46:44, Sys 0 00:01:37  -  Total Remote Usage
		Usr 0 00:00:00, Sys 0 00:00:00  -  Total Local Usage
	0  -  Run Bytes Sent By Job
	0  -  Run Bytes Received By Job
	0  -  Total Bytes Sent By Job
	0  -  Total Bytes Received By Job
	Partitionable Resources :    Usage  Request Allocated
	   Cpus                 :                 1         1
	   Disk (KB)            :        5        5   1508013
	   Memory (MB)          :        8        1         1
...
