000 (10042213.000.000) 08/09 16:09:45 Job submitted from host: <10.5.0.46:9618?addrs=10.5.0.46-9618&noUDP&sock=2497_a07a_3>
...
001 (10042213.000.000) 08/09 16:09:59 Job executing on host: <10.5.202.3:9618?addrs=10.5.202.3-9618+[--1]-9618&noUDP&sock=2544_8d06_3>
...
006 (10042213.000.000) 08/09 16:10:08 Image size of job updated: 11760
	8  -  MemoryUsage of job (MB)
	7416  -  ResidentSetSize of job (KB)
...
006 (10042213.000.000) 08/09 16:15:09 Image size of job updated: 12016
	8  -  MemoryUsage of job (MB)
	7584  -  ResidentSetSize of job (KB)
...
006 (10042213.000.000) 08/09 16:20:09 Image size of job updated: 12152
	8  -  MemoryUsage of job (MB)
	7688  -  ResidentSetSize of job (KB)
...
006 (10042213.000.000) 08/09 16:25:10 Image size of job updated: 12332
	8  -  MemoryUsage of job (MB)
	7912  -  ResidentSetSize of job (KB)
...
006 (10042213.000.000) 08/09 16:40:11 Image size of job updated: 12332
	8  -  MemoryUsage of job (MB)
	8072  -  ResidentSetSize of job (KB)
...
006 (10042213.000.000) 08/09 17:10:13 Image size of job updated: 12400
	8  -  MemoryUsage of job (MB)
	8072  -  ResidentSetSize of job (KB)
...
005 (10042213.000.000) 08/09 18:15:42 Job terminated.
	(1) Normal termination (return value 0)
		Usr 0 02:03:20, Sys 0 00:00:35  -  Run Remote Usage
		Usr 0 00:00:00, Sys 0 00:00:00  -  Run Local Usage
		Usr 0 02:03:20, Sys 0 00:00:35  -  Total Remote Usage
		Usr 0 00:00:00, Sys 0 00:00:00  -  Total Local Usage
	0  -  Run Bytes Sent By Job
	0  -  Run Bytes Received By Job
	0  -  Total Bytes Sent By Job
	0  -  Total Bytes Received By Job
	Partitionable Resources :    Usage  Request Allocated
	   Cpus                 :                 1         1
	   Disk (KB)            :        5        5   1508651
	   Memory (MB)          :        8        1         1
...
