000 (10042331.000.000) 08/09 16:11:50 Job submitted from host: <10.5.0.46:9618?addrs=10.5.0.46-9618&noUDP&sock=2497_a07a_3>
...
001 (10042331.000.000) 08/09 16:11:51 Job executing on host: <10.5.166.184:9618?addrs=10.5.166.184-9618+[--1]-9618&noUDP&sock=2306_4d7b_3>
...
006 (10042331.000.000) 08/09 16:12:00 Image size of job updated: 12044
	8  -  MemoryUsage of job (MB)
	7724  -  ResidentSetSize of job (KB)
...
006 (10042331.000.000) 08/09 16:17:01 Image size of job updated: 12064
	8  -  MemoryUsage of job (MB)
	7724  -  ResidentSetSize of job (KB)
...
006 (10042331.000.000) 08/09 16:22:01 Image size of job updated: 12136
	8  -  MemoryUsage of job (MB)
	7728  -  ResidentSetSize of job (KB)
...
006 (10042331.000.000) 08/09 16:37:03 Image size of job updated: 12156
	8  -  MemoryUsage of job (MB)
	7736  -  ResidentSetSize of job (KB)
...
006 (10042331.000.000) 08/09 17:27:08 Image size of job updated: 12160
	8  -  MemoryUsage of job (MB)
	7736  -  ResidentSetSize of job (KB)
...
006 (10042331.000.000) 08/09 17:42:09 Image size of job updated: 12184
	8  -  MemoryUsage of job (MB)
	7740  -  ResidentSetSize of job (KB)
...
006 (10042331.000.000) 08/09 18:07:12 Image size of job updated: 12216
	8  -  MemoryUsage of job (MB)
	7772  -  ResidentSetSize of job (KB)
...
006 (10042331.000.000) 08/09 18:47:16 Image size of job updated: 12228
	8  -  MemoryUsage of job (MB)
	7784  -  ResidentSetSize of job (KB)
...
006 (10042331.000.000) 08/09 18:52:16 Image size of job updated: 12228
	9  -  MemoryUsage of job (MB)
	8208  -  ResidentSetSize of job (KB)
...
006 (10042331.000.000) 08/09 19:22:20 Image size of job updated: 12288
	9  -  MemoryUsage of job (MB)
	8208  -  ResidentSetSize of job (KB)
...
005 (10042331.000.000) 08/09 19:33:17 Job terminated.
	(1) Normal termination (return value 0)
		Usr 0 03:19:18, Sys 0 00:00:24  -  Run Remote Usage
		Usr 0 00:00:00, Sys 0 00:00:00  -  Run Local Usage
		Usr 0 03:19:18, Sys 0 00:00:24  -  Total Remote Usage
		Usr 0 00:00:00, Sys 0 00:00:00  -  Total Local Usage
	0  -  Run Bytes Sent By Job
	0  -  Run Bytes Received By Job
	0  -  Total Bytes Sent By Job
	0  -  Total Bytes Received By Job
	Partitionable Resources :    Usage  Request Allocated
	   Cpus                 :                 1         1
	   Disk (KB)            :        5        5   1508648
	   Memory (MB)          :        9        1         1
...
