000 (10042689.000.000) 08/09 16:18:17 Job submitted from host: <10.5.0.46:9618?addrs=10.5.0.46-9618&noUDP&sock=2497_a07a_3>
...
001 (10042689.000.000) 08/09 16:18:25 Job executing on host: <10.5.156.64:9618?addrs=10.5.156.64-9618+[--1]-9618&noUDP&sock=2561_868a_3>
...
006 (10042689.000.000) 08/09 16:18:34 Image size of job updated: 11848
	8  -  MemoryUsage of job (MB)
	7504  -  ResidentSetSize of job (KB)
...
006 (10042689.000.000) 08/09 16:23:34 Image size of job updated: 11864
	8  -  MemoryUsage of job (MB)
	7504  -  ResidentSetSize of job (KB)
...
006 (10042689.000.000) 08/09 16:33:35 Image size of job updated: 11888
	8  -  MemoryUsage of job (MB)
	7504  -  ResidentSetSize of job (KB)
...
006 (10042689.000.000) 08/09 16:43:36 Image size of job updated: 12056
	8  -  MemoryUsage of job (MB)
	7580  -  ResidentSetSize of job (KB)
...
006 (10042689.000.000) 08/09 17:18:39 Image size of job updated: 12092
	8  -  MemoryUsage of job (MB)
	7616  -  ResidentSetSize of job (KB)
...
005 (10042689.000.000) 08/09 18:24:29 Job terminated.
	(1) Normal termination (return value 0)
		Usr 0 02:04:40, Sys 0 00:00:26  -  Run Remote Usage
		Usr 0 00:00:00, Sys 0 00:00:00  -  Run Local Usage
		Usr 0 02:04:40, Sys 0 00:00:26  -  Total Remote Usage
		Usr 0 00:00:00, Sys 0 00:00:00  -  Total Local Usage
	0  -  Run Bytes Sent By Job
	0  -  Run Bytes Received By Job
	0  -  Total Bytes Sent By Job
	0  -  Total Bytes Received By Job
	Partitionable Resources :    Usage  Request Allocated
	   Cpus                 :                 1         1
	   Disk (KB)            :        5        5   1508637
	   Memory (MB)          :        8        1         1
...
