000 (10042546.000.000) 08/09 16:15:38 Job submitted from host: <10.5.0.46:9618?addrs=10.5.0.46-9618&noUDP&sock=2497_a07a_3>
...
001 (10042546.000.000) 08/09 16:16:07 Job executing on host: <10.5.199.12:9618?addrs=10.5.199.12-9618+[--1]-9618&noUDP&sock=2559_d6f1_3>
...
006 (10042546.000.000) 08/09 16:16:16 Image size of job updated: 11852
	8  -  MemoryUsage of job (MB)
	7508  -  ResidentSetSize of job (KB)
...
006 (10042546.000.000) 08/09 16:21:17 Image size of job updated: 11856
	8  -  MemoryUsage of job (MB)
	7684  -  ResidentSetSize of job (KB)
...
006 (10042546.000.000) 08/09 16:31:18 Image size of job updated: 12328
	8  -  MemoryUsage of job (MB)
	7864  -  ResidentSetSize of job (KB)
...
006 (10042546.000.000) 08/09 16:41:20 Image size of job updated: 12524
	8  -  MemoryUsage of job (MB)
	8048  -  ResidentSetSize of job (KB)
...
006 (10042546.000.000) 08/09 16:46:20 Image size of job updated: 12524
	9  -  MemoryUsage of job (MB)
	8264  -  ResidentSetSize of job (KB)
...
006 (10042546.000.000) 08/09 17:36:25 Image size of job updated: 12588
	9  -  MemoryUsage of job (MB)
	8264  -  ResidentSetSize of job (KB)
...
005 (10042546.000.000) 08/09 18:20:13 Job terminated.
	(1) Normal termination (return value 0)
		Usr 0 02:01:53, Sys 0 00:00:24  -  Run Remote Usage
		Usr 0 00:00:00, Sys 0 00:00:00  -  Run Local Usage
		Usr 0 02:01:53, Sys 0 00:00:24  -  Total Remote Usage
		Usr 0 00:00:00, Sys 0 00:00:00  -  Total Local Usage
	0  -  Run Bytes Sent By Job
	0  -  Run Bytes Received By Job
	0  -  Total Bytes Sent By Job
	0  -  Total Bytes Received By Job
	Partitionable Resources :    Usage  Request Allocated
	   Cpus                 :                 1         1
	   Disk (KB)            :        5        5   1508651
	   Memory (MB)          :        9        1         1
...
