000 (10042258.000.000) 08/09 16:10:33 Job submitted from host: <10.5.0.46:9618?addrs=10.5.0.46-9618&noUDP&sock=2497_a07a_3>
...
001 (10042258.000.000) 08/09 16:10:59 Job executing on host: <10.5.192.180:9618?addrs=10.5.192.180-9618+[--1]-9618&noUDP&sock=2185_9eed_3>
...
006 (10042258.000.000) 08/09 16:11:07 Image size of job updated: 11652
	8  -  MemoryUsage of job (MB)
	7324  -  ResidentSetSize of job (KB)
...
006 (10042258.000.000) 08/09 16:16:07 Image size of job updated: 11960
	8  -  MemoryUsage of job (MB)
	7544  -  ResidentSetSize of job (KB)
...
006 (10042258.000.000) 08/09 16:21:08 Image size of job updated: 12008
	8  -  MemoryUsage of job (MB)
	7592  -  ResidentSetSize of job (KB)
...
006 (10042258.000.000) 08/09 16:31:09 Image size of job updated: 12108
	8  -  MemoryUsage of job (MB)
	7680  -  ResidentSetSize of job (KB)
...
006 (10042258.000.000) 08/09 16:46:10 Image size of job updated: 12444
	8  -  MemoryUsage of job (MB)
	8000  -  ResidentSetSize of job (KB)
...
005 (10042258.000.000) 08/09 18:30:28 Job terminated.
	(1) Normal termination (return value 0)
		Usr 0 02:18:34, Sys 0 00:00:24  -  Run Remote Usage
		Usr 0 00:00:00, Sys 0 00:00:00  -  Run Local Usage
		Usr 0 02:18:34, Sys 0 00:00:24  -  Total Remote Usage
		Usr 0 00:00:00, Sys 0 00:00:00  -  Total Local Usage
	0  -  Run Bytes Sent By Job
	0  -  Run Bytes Received By Job
	0  -  Total Bytes Sent By Job
	0  -  Total Bytes Received By Job
	Partitionable Resources :    Usage  Request Allocated
	   Cpus                 :                 1         1
	   Disk (KB)            :        5        5   1505013
	   Memory (MB)          :        8        1         1
...
