000 (10042741.000.000) 08/09 16:19:10 Job submitted from host: <10.5.0.46:9618?addrs=10.5.0.46-9618&noUDP&sock=2497_a07a_3>
...
001 (10042741.000.000) 08/09 16:20:44 Job executing on host: <10.5.238.76:9618?addrs=10.5.238.76-9618+[--1]-9618&noUDP&sock=3127_c124_3>
...
006 (10042741.000.000) 08/09 16:20:52 Image size of job updated: 11676
	8  -  MemoryUsage of job (MB)
	7328  -  ResidentSetSize of job (KB)
...
006 (10042741.000.000) 08/09 16:25:52 Image size of job updated: 11924
	8  -  MemoryUsage of job (MB)
	7488  -  ResidentSetSize of job (KB)
...
006 (10042741.000.000) 08/09 16:35:53 Image size of job updated: 12008
	8  -  MemoryUsage of job (MB)
	7540  -  ResidentSetSize of job (KB)
...
006 (10042741.000.000) 08/09 17:20:57 Image size of job updated: 12020
	8  -  MemoryUsage of job (MB)
	7540  -  ResidentSetSize of job (KB)
...
006 (10042741.000.000) 08/09 17:46:00 Image size of job updated: 12124
	8  -  MemoryUsage of job (MB)
	7644  -  ResidentSetSize of job (KB)
...
005 (10042741.000.000) 08/09 18:22:21 Job terminated.
	(1) Normal termination (return value 0)
		Usr 0 01:59:28, Sys 0 00:00:20  -  Run Remote Usage
		Usr 0 00:00:00, Sys 0 00:00:00  -  Run Local Usage
		Usr 0 01:59:28, Sys 0 00:00:20  -  Total Remote Usage
		Usr 0 00:00:00, Sys 0 00:00:00  -  Total Local Usage
	0  -  Run Bytes Sent By Job
	0  -  Run Bytes Received By Job
	0  -  Total Bytes Sent By Job
	0  -  Total Bytes Received By Job
	Partitionable Resources :    Usage  Request Allocated
	   Cpus                 :                 1         1
	   Disk (KB)            :        5        5   1508535
	   Memory (MB)          :        8        1         1
...
