000 (10042461.000.000) 08/09 16:14:07 Job submitted from host: <10.5.0.46:9618?addrs=10.5.0.46-9618&noUDP&sock=2497_a07a_3>
...
001 (10042461.000.000) 08/09 16:14:19 Job executing on host: <10.5.230.167:9618?addrs=10.5.230.167-9618+[--1]-9618&noUDP&sock=2542_2dd5_3>
...
006 (10042461.000.000) 08/09 16:14:28 Image size of job updated: 11700
	8  -  MemoryUsage of job (MB)
	7348  -  ResidentSetSize of job (KB)
...
006 (10042461.000.000) 08/09 16:19:29 Image size of job updated: 12324
	8  -  MemoryUsage of job (MB)
	7884  -  ResidentSetSize of job (KB)
...
006 (10042461.000.000) 08/09 16:24:29 Image size of job updated: 12424
	8  -  MemoryUsage of job (MB)
	7956  -  ResidentSetSize of job (KB)
...
006 (10042461.000.000) 08/09 16:34:30 Image size of job updated: 12464
	8  -  MemoryUsage of job (MB)
	7984  -  ResidentSetSize of job (KB)
...
006 (10042461.000.000) 08/09 17:24:35 Image size of job updated: 12476
	8  -  MemoryUsage of job (MB)
	7996  -  ResidentSetSize of job (KB)
...
006 (10042461.000.000) 08/09 17:34:35 Image size of job updated: 12604
	8  -  MemoryUsage of job (MB)
	8124  -  ResidentSetSize of job (KB)
...
006 (10042461.000.000) 08/09 18:18:16 Image size of job updated: 143684
	8  -  MemoryUsage of job (MB)
	8124  -  ResidentSetSize of job (KB)
...
005 (10042461.000.000) 08/09 18:18:16 Job terminated.
	(1) Normal termination (return value 0)
		Usr 0 02:01:32, Sys 0 00:00:26  -  Run Remote Usage
		Usr 0 00:00:00, Sys 0 00:00:00  -  Run Local Usage
		Usr 0 02:01:32, Sys 0 00:00:26  -  Total Remote Usage
		Usr 0 00:00:00, Sys 0 00:00:00  -  Total Local Usage
	0  -  Run Bytes Sent By Job
	0  -  Run Bytes Received By Job
	0  -  Total Bytes Sent By Job
	0  -  Total Bytes Received By Job
	Partitionable Resources :    Usage  Request Allocated
	   Cpus                 :                 1         1
	   Disk (KB)            :        5        5   1508650
	   Memory (MB)          :        8        1         1
...
