000 (10042704.000.000) 08/09 16:18:33 Job submitted from host: <10.5.0.46:9618?addrs=10.5.0.46-9618&noUDP&sock=2497_a07a_3>
...
001 (10042704.000.000) 08/09 16:18:48 Job executing on host: <10.5.157.101:9618?addrs=10.5.157.101-9618+[--1]-9618&noUDP&sock=2553_09c8_3>
...
006 (10042704.000.000) 08/09 16:18:57 Image size of job updated: 11808
	8  -  MemoryUsage of job (MB)
	7464  -  ResidentSetSize of job (KB)
...
006 (10042704.000.000) 08/09 16:23:58 Image size of job updated: 11832
	8  -  MemoryUsage of job (MB)
	7464  -  ResidentSetSize of job (KB)
...
006 (10042704.000.000) 08/09 16:28:59 Image size of job updated: 11872
	8  -  MemoryUsage of job (MB)
	7464  -  ResidentSetSize of job (KB)
...
006 (10042704.000.000) 08/09 16:39:00 Image size of job updated: 11884
	8  -  MemoryUsage of job (MB)
	7464  -  ResidentSetSize of job (KB)
...
006 (10042704.000.000) 08/09 16:49:01 Image size of job updated: 12188
	8  -  MemoryUsage of job (MB)
	7744  -  ResidentSetSize of job (KB)
...
006 (10042704.000.000) 08/09 18:09:09 Image size of job updated: 12188
	8  -  MemoryUsage of job (MB)
	7820  -  ResidentSetSize of job (KB)
...
006 (10042704.000.000) 08/09 18:30:51 Image size of job updated: 143572
	8  -  MemoryUsage of job (MB)
	7820  -  ResidentSetSize of job (KB)
...
005 (10042704.000.000) 08/09 18:30:51 Job terminated.
	(1) Normal termination (return value 0)
		Usr 0 02:10:18, Sys 0 00:00:38  -  Run Remote Usage
		Usr 0 00:00:00, Sys 0 00:00:00  -  Run Local Usage
		Usr 0 02:10:18, Sys 0 00:00:38  -  Total Remote Usage
		Usr 0 00:00:00, Sys 0 00:00:00  -  Total Local Usage
	0  -  Run Bytes Sent By Job
	0  -  Run Bytes Received By Job
	0  -  Total Bytes Sent By Job
	0  -  Total Bytes Received By Job
	Partitionable Resources :    Usage  Request Allocated
	   Cpus                 :                 1         1
	   Disk (KB)            :        5        5   1508637
	   Memory (MB)          :        8        1         1
...
