000 (10042648.000.000) 08/09 16:17:33 Job submitted from host: <10.5.0.46:9618?addrs=10.5.0.46-9618&noUDP&sock=2497_a07a_3>
...
001 (10042648.000.000) 08/09 16:17:52 Job executing on host: <10.5.199.70:9618?addrs=10.5.199.70-9618+[--1]-9618&noUDP&sock=2543_dd6d_3>
...
006 (10042648.000.000) 08/09 16:18:01 Image size of job updated: 11716
	8  -  MemoryUsage of job (MB)
	7372  -  ResidentSetSize of job (KB)
...
006 (10042648.000.000) 08/09 16:23:02 Image size of job updated: 12060
	8  -  MemoryUsage of job (MB)
	7628  -  ResidentSetSize of job (KB)
...
006 (10042648.000.000) 08/09 16:28:02 Image size of job updated: 12060
	8  -  MemoryUsage of job (MB)
	7768  -  ResidentSetSize of job (KB)
...
006 (10042648.000.000) 08/09 16:33:03 Image size of job updated: 12080
	8  -  MemoryUsage of job (MB)
	7768  -  ResidentSetSize of job (KB)
...
006 (10042648.000.000) 08/09 16:43:04 Image size of job updated: 12116
	8  -  MemoryUsage of job (MB)
	7768  -  ResidentSetSize of job (KB)
...
006 (10042648.000.000) 08/09 16:53:05 Image size of job updated: 12260
	8  -  MemoryUsage of job (MB)
	7784  -  ResidentSetSize of job (KB)
...
006 (10042648.000.000) 08/09 16:58:05 Image size of job updated: 12352
	8  -  MemoryUsage of job (MB)
	7876  -  ResidentSetSize of job (KB)
...
006 (10042648.000.000) 08/09 18:24:22 Image size of job updated: 144124
	8  -  MemoryUsage of job (MB)
	7876  -  ResidentSetSize of job (KB)
...
005 (10042648.000.000) 08/09 18:24:22 Job terminated.
	(1) Normal termination (return value 0)
		Usr 0 02:05:12, Sys 0 00:00:26  -  Run Remote Usage
		Usr 0 00:00:00, Sys 0 00:00:00  -  Run Local Usage
		Usr 0 02:05:12, Sys 0 00:00:26  -  Total Remote Usage
		Usr 0 00:00:00, Sys 0 00:00:00  -  Total Local Usage
	0  -  Run Bytes Sent By Job
	0  -  Run Bytes Received By Job
	0  -  Total Bytes Sent By Job
	0  -  Total Bytes Received By Job
	Partitionable Resources :    Usage  Request Allocated
	   Cpus                 :                 1         1
	   Disk (KB)            :        5        5   1508653
	   Memory (MB)          :        8        1         1
...
