000 (10042579.000.000) 08/09 16:16:17 Job submitted from host: <10.5.0.46:9618?addrs=10.5.0.46-9618&noUDP&sock=2497_a07a_3>
...
001 (10042579.000.000) 08/09 16:16:23 Job executing on host: <10.5.199.70:9618?addrs=10.5.199.70-9618+[--1]-9618&noUDP&sock=2543_dd6d_3>
...
006 (10042579.000.000) 08/09 16:16:32 Image size of job updated: 11744
	8  -  MemoryUsage of job (MB)
	7392  -  ResidentSetSize of job (KB)
...
006 (10042579.000.000) 08/09 16:21:33 Image size of job updated: 11852
	8  -  MemoryUsage of job (MB)
	7392  -  ResidentSetSize of job (KB)
...
006 (10042579.000.000) 08/09 16:26:33 Image size of job updated: 11880
	8  -  MemoryUsage of job (MB)
	7412  -  ResidentSetSize of job (KB)
...
006 (10042579.000.000) 08/09 16:31:33 Image size of job updated: 11904
	8  -  MemoryUsage of job (MB)
	7436  -  ResidentSetSize of job (KB)
...
006 (10042579.000.000) 08/09 16:36:34 Image size of job updated: 11996
	8  -  MemoryUsage of job (MB)
	7516  -  ResidentSetSize of job (KB)
...
006 (10042579.000.000) 08/09 16:51:35 Image size of job updated: 12216
	8  -  MemoryUsage of job (MB)
	7736  -  ResidentSetSize of job (KB)
...
005 (10042579.000.000) 08/09 18:22:27 Job terminated.
	(1) Normal termination (return value 0)
		Usr 0 02:03:46, Sys 0 00:00:30  -  Run Remote Usage
		Usr 0 00:00:00, Sys 0 00:00:00  -  Run Local Usage
		Usr 0 02:03:46, Sys 0 00:00:30  -  Total Remote Usage
		Usr 0 00:00:00, Sys 0 00:00:00  -  Total Local Usage
	0  -  Run Bytes Sent By Job
	0  -  Run Bytes Received By Job
	0  -  Total Bytes Sent By Job
	0  -  Total Bytes Received By Job
	Partitionable Resources :    Usage  Request Allocated
	   Cpus                 :                 1         1
	   Disk (KB)            :        5        5   1508653
	   Memory (MB)          :        8        1         1
...
