000 (10042339.000.000) 08/09 16:11:58 Job submitted from host: <10.5.0.46:9618?addrs=10.5.0.46-9618&noUDP&sock=2497_a07a_3>
...
001 (10042339.000.000) 08/09 16:12:18 Job executing on host: <10.5.199.195:9618?addrs=10.5.199.195-9618+[--1]-9618&noUDP&sock=2554_68f8_3>
...
006 (10042339.000.000) 08/09 16:12:27 Image size of job updated: 11728
	8  -  MemoryUsage of job (MB)
	7388  -  ResidentSetSize of job (KB)
...
006 (10042339.000.000) 08/09 16:17:28 Image size of job updated: 11796
	8  -  MemoryUsage of job (MB)
	7388  -  ResidentSetSize of job (KB)
...
006 (10042339.000.000) 08/09 16:22:28 Image size of job updated: 11816
	8  -  MemoryUsage of job (MB)
	7388  -  ResidentSetSize of job (KB)
...
006 (10042339.000.000) 08/09 16:27:29 Image size of job updated: 12016
	8  -  MemoryUsage of job (MB)
	7556  -  ResidentSetSize of job (KB)
...
006 (10042339.000.000) 08/09 16:37:30 Image size of job updated: 12136
	8  -  MemoryUsage of job (MB)
	7664  -  ResidentSetSize of job (KB)
...
006 (10042339.000.000) 08/09 16:42:30 Image size of job updated: 12136
	8  -  MemoryUsage of job (MB)
	7936  -  ResidentSetSize of job (KB)
...
006 (10042339.000.000) 08/09 16:47:31 Image size of job updated: 12412
	8  -  MemoryUsage of job (MB)
	7940  -  ResidentSetSize of job (KB)
...
005 (10042339.000.000) 08/09 18:19:58 Job terminated.
	(1) Normal termination (return value 0)
		Usr 0 02:05:30, Sys 0 00:00:28  -  Run Remote Usage
		Usr 0 00:00:00, Sys 0 00:00:00  -  Run Local Usage
		Usr 0 02:05:30, Sys 0 00:00:28  -  Total Remote Usage
		Usr 0 00:00:00, Sys 0 00:00:00  -  Total Local Usage
	0  -  Run Bytes Sent By Job
	0  -  Run Bytes Received By Job
	0  -  Total Bytes Sent By Job
	0  -  Total Bytes Received By Job
	Partitionable Resources :    Usage  Request Allocated
	   Cpus                 :                 1         1
	   Disk (KB)            :        5        5   1508647
	   Memory (MB)          :        8        1         1
...
