000 (10042473.000.000) 08/09 16:14:20 Job submitted from host: <10.5.0.46:9618?addrs=10.5.0.46-9618&noUDP&sock=2497_a07a_3>
...
001 (10042473.000.000) 08/09 16:14:40 Job executing on host: <10.5.228.57:9618?addrs=10.5.228.57-9618+[--1]-9618&noUDP&sock=2558_2759_3>
...
006 (10042473.000.000) 08/09 16:14:48 Image size of job updated: 11800
	8  -  MemoryUsage of job (MB)
	7456  -  ResidentSetSize of job (KB)
...
006 (10042473.000.000) 08/09 16:19:48 Image size of job updated: 11848
	8  -  MemoryUsage of job (MB)
	7456  -  ResidentSetSize of job (KB)
...
006 (10042473.000.000) 08/09 16:24:48 Image size of job updated: 11876
	8  -  MemoryUsage of job (MB)
	7456  -  ResidentSetSize of job (KB)
...
006 (10042473.000.000) 08/09 16:29:49 Image size of job updated: 11956
	8  -  MemoryUsage of job (MB)
	7492  -  ResidentSetSize of job (KB)
...
006 (10042473.000.000) 08/09 16:34:49 Image size of job updated: 11968
	8  -  MemoryUsage of job (MB)
	7492  -  ResidentSetSize of job (KB)
...
006 (10042473.000.000) 08/09 17:59:58 Image size of job updated: 12028
	8  -  MemoryUsage of job (MB)
	7552  -  ResidentSetSize of job (KB)
...
006 (10042473.000.000) 08/09 18:19:59 Image size of job updated: 12376
	8  -  MemoryUsage of job (MB)
	7900  -  ResidentSetSize of job (KB)
...
005 (10042473.000.000) 08/09 18:22:52 Job terminated.
	(1) Normal termination (return value 0)
		Usr 0 02:05:30, Sys 0 00:00:28  -  Run Remote Usage
		Usr 0 00:00:00, Sys 0 00:00:00  -  Run Local Usage
		Usr 0 02:05:30, Sys 0 00:00:28  -  Total Remote Usage
		Usr 0 00:00:00, Sys 0 00:00:00  -  Total Local Usage
	0  -  Run Bytes Sent By Job
	0  -  Run Bytes Received By Job
	0  -  Total Bytes Sent By Job
	0  -  Total Bytes Received By Job
	Partitionable Resources :    Usage  Request Allocated
	   Cpus                 :                 1         1
	   Disk (KB)            :        5        5   1508651
	   Memory (MB)          :        8        1         1
...
