000 (10042301.000.000) 08/09 16:11:18 Job submitted from host: <10.5.0.46:9618?addrs=10.5.0.46-9618&noUDP&sock=2497_a07a_3>
...
001 (10042301.000.000) 08/09 16:11:36 Job executing on host: <10.5.157.60:9618?addrs=10.5.157.60-9618+[--1]-9618&noUDP&sock=2533_017b_3>
...
006 (10042301.000.000) 08/09 16:11:45 Image size of job updated: 11796
	8  -  MemoryUsage of job (MB)
	7452  -  ResidentSetSize of job (KB)
...
006 (10042301.000.000) 08/09 16:16:45 Image size of job updated: 12060
	8  -  MemoryUsage of job (MB)
	7596  -  ResidentSetSize of job (KB)
...
006 (10042301.000.000) 08/09 16:26:46 Image size of job updated: 12420
	8  -  MemoryUsage of job (MB)
	7956  -  ResidentSetSize of job (KB)
...
005 (10042301.000.000) 08/09 18:16:23 Job terminated.
	(1) Normal termination (return value 0)
		Usr 0 02:02:54, Sys 0 00:00:27  -  Run Remote Usage
		Usr 0 00:00:00, Sys 0 00:00:00  -  Run Local Usage
		Usr 0 02:02:54, Sys 0 00:00:27  -  Total Remote Usage
		Usr 0 00:00:00, Sys 0 00:00:00  -  Total Local Usage
	0  -  Run Bytes Sent By Job
	0  -  Run Bytes Received By Job
	0  -  Total Bytes Sent By Job
	0  -  Total Bytes Received By Job
	Partitionable Resources :    Usage  Request Allocated
	   Cpus                 :                 1         1
	   Disk (KB)            :        5        5   1508650
	   Memory (MB)          :        8        1         1
...
