000 (10042503.000.000) 08/09 16:14:52 Job submitted from host: <10.5.0.46:9618?addrs=10.5.0.46-9618&noUDP&sock=2497_a07a_3>
...
001 (10042503.000.000) 08/09 16:15:05 Job executing on host: <10.5.160.239:9618?addrs=10.5.160.239-9618+[--1]-9618&noUDP&sock=2556_c829_3>
...
006 (10042503.000.000) 08/09 16:15:14 Image size of job updated: 11736
	8  -  MemoryUsage of job (MB)
	7392  -  ResidentSetSize of job (KB)
...
006 (10042503.000.000) 08/09 16:20:15 Image size of job updated: 11872
	8  -  MemoryUsage of job (MB)
	7440  -  ResidentSetSize of job (KB)
...
006 (10042503.000.000) 08/09 16:25:15 Image size of job updated: 11932
	8  -  MemoryUsage of job (MB)
	7500  -  ResidentSetSize of job (KB)
...
006 (10042503.000.000) 08/09 16:45:17 Image size of job updated: 11936
	8  -  MemoryUsage of job (MB)
	7500  -  ResidentSetSize of job (KB)
...
006 (10042503.000.000) 08/09 16:50:18 Image size of job updated: 11940
	8  -  MemoryUsage of job (MB)
	7500  -  ResidentSetSize of job (KB)
...
006 (10042503.000.000) 08/09 16:55:18 Image size of job updated: 11944
	8  -  MemoryUsage of job (MB)
	7500  -  ResidentSetSize of job (KB)
...
006 (10042503.000.000) 08/09 17:00:18 Image size of job updated: 11968
	8  -  MemoryUsage of job (MB)
	7500  -  ResidentSetSize of job (KB)
...
006 (10042503.000.000) 08/09 17:25:22 Image size of job updated: 12052
	8  -  MemoryUsage of job (MB)
	7584  -  ResidentSetSize of job (KB)
...
006 (10042503.000.000) 08/09 17:35:22 Image size of job updated: 12264
	8  -  MemoryUsage of job (MB)
	7796  -  ResidentSetSize of job (KB)
...
006 (10042503.000.000) 08/09 18:00:25 Image size of job updated: 12300
	8  -  MemoryUsage of job (MB)
	7832  -  ResidentSetSize of job (KB)
...
006 (10042503.000.000) 08/09 18:19:57 Image size of job updated: 143912
	8  -  MemoryUsage of job (MB)
	7852  -  ResidentSetSize of job (KB)
...
005 (10042503.000.000) 08/09 18:19:57 Job terminated.
	(1) Normal termination (return value 0)
		Usr 0 02:02:16, Sys 0 00:00:26  -  Run Remote Usage
		Usr 0 00:00:00, Sys 0 00:00:00  -  Run Local Usage
		Usr 0 02:02:16, Sys 0 00:00:26  -  Total Remote Usage
		Usr 0 00:00:00, Sys 0 00:00:00  -  Total Local Usage
	0  -  Run Bytes Sent By Job
	0  -  Run Bytes Received By Job
	0  -  Total Bytes Sent By Job
	0  -  Total Bytes Received By Job
	Partitionable Resources :    Usage  Request Allocated
	   Cpus                 :                 1         1
	   Disk (KB)            :        5        5   1508652
	   Memory (MB)          :        8        1         1
...
