000 (10042513.000.000) 08/09 16:15:02 Job submitted from host: <10.5.0.46:9618?addrs=10.5.0.46-9618&noUDP&sock=2497_a07a_3>
...
001 (10042513.000.000) 08/09 16:15:26 Job executing on host: <10.5.163.227:9618?addrs=10.5.163.227-9618+[--1]-9618&noUDP&sock=2560_d6f1_3>
...
006 (10042513.000.000) 08/09 16:15:34 Image size of job updated: 11744
	8  -  MemoryUsage of job (MB)
	7392  -  ResidentSetSize of job (KB)
...
006 (10042513.000.000) 08/09 16:20:34 Image size of job updated: 11944
	8  -  MemoryUsage of job (MB)
	7504  -  ResidentSetSize of job (KB)
...
006 (10042513.000.000) 08/09 16:25:35 Image size of job updated: 11996
	8  -  MemoryUsage of job (MB)
	7556  -  ResidentSetSize of job (KB)
...
006 (10042513.000.000) 08/09 16:35:36 Image size of job updated: 12016
	8  -  MemoryUsage of job (MB)
	7564  -  ResidentSetSize of job (KB)
...
006 (10042513.000.000) 08/09 16:50:38 Image size of job updated: 12020
	8  -  MemoryUsage of job (MB)
	7568  -  ResidentSetSize of job (KB)
...
006 (10042513.000.000) 08/09 16:55:38 Image size of job updated: 12020
	8  -  MemoryUsage of job (MB)
	7760  -  ResidentSetSize of job (KB)
...
006 (10042513.000.000) 08/09 17:20:41 Image size of job updated: 12392
	8  -  MemoryUsage of job (MB)
	7940  -  ResidentSetSize of job (KB)
...
005 (10042513.000.000) 08/09 18:19:51 Job terminated.
	(1) Normal termination (return value 0)
		Usr 0 02:01:55, Sys 0 00:00:23  -  Run Remote Usage
		Usr 0 00:00:00, Sys 0 00:00:00  -  Run Local Usage
		Usr 0 02:01:55, Sys 0 00:00:23  -  Total Remote Usage
		Usr 0 00:00:00, Sys 0 00:00:00  -  Total Local Usage
	0  -  Run Bytes Sent By Job
	0  -  Run Bytes Received By Job
	0  -  Total Bytes Sent By Job
	0  -  Total Bytes Received By Job
	Partitionable Resources :    Usage  Request Allocated
	   Cpus                 :                 1         1
	   Disk (KB)            :        5        5   1508636
	   Memory (MB)          :        8        1         1
...
