000 (10042616.000.000) 08/09 16:16:59 Job submitted from host: <10.5.0.46:9618?addrs=10.5.0.46-9618&noUDP&sock=2497_a07a_3>
...
001 (10042616.000.000) 08/09 16:17:24 Job executing on host: <10.5.160.228:9618?addrs=10.5.160.228-9618+[--1]-9618&noUDP&sock=2547_9bce_3>
...
006 (10042616.000.000) 08/09 16:17:33 Image size of job updated: 11676
	8  -  MemoryUsage of job (MB)
	7332  -  ResidentSetSize of job (KB)
...
006 (10042616.000.000) 08/09 16:22:34 Image size of job updated: 12000
	8  -  MemoryUsage of job (MB)
	7568  -  ResidentSetSize of job (KB)
...
006 (10042616.000.000) 08/09 16:27:34 Image size of job updated: 12152
	8  -  MemoryUsage of job (MB)
	7720  -  ResidentSetSize of job (KB)
...
006 (10042616.000.000) 08/09 18:24:31 Image size of job updated: 12152
	8  -  MemoryUsage of job (MB)
	7792  -  ResidentSetSize of job (KB)
...
005 (10042616.000.000) 08/09 18:24:31 Job terminated.
	(1) Normal termination (return value 0)
		Usr 0 02:05:19, Sys 0 00:00:26  -  Run Remote Usage
		Usr 0 00:00:00, Sys 0 00:00:00  -  Run Local Usage
		Usr 0 02:05:19, Sys 0 00:00:26  -  Total Remote Usage
		Usr 0 00:00:00, Sys 0 00:00:00  -  Total Local Usage
	0  -  Run Bytes Sent By Job
	0  -  Run Bytes Received By Job
	0  -  Total Bytes Sent By Job
	0  -  Total Bytes Received By Job
	Partitionable Resources :    Usage  Request Allocated
	   Cpus                 :                 1         1
	   Disk (KB)            :        5        5   1508653
	   Memory (MB)          :        8        1         1
...
