000 (10042175.000.000) 08/09 14:59:24 Job submitted from host: <10.5.0.46:9618?addrs=10.5.0.46-9618&noUDP&sock=2497_a07a_3>
...
001 (10042175.000.000) 08/09 14:59:31 Job executing on host: <10.5.210.143:9618?addrs=10.5.210.143-9618+[--1]-9618&noUDP&sock=2366_c592_3>
...
006 (10042175.000.000) 08/09 14:59:40 Image size of job updated: 12364
	8  -  MemoryUsage of job (MB)
	7440  -  ResidentSetSize of job (KB)
...
006 (10042175.000.000) 08/09 15:04:41 Image size of job updated: 12636
	8  -  MemoryUsage of job (MB)
	7692  -  ResidentSetSize of job (KB)
...
004 (10042175.000.000) 08/09 15:08:26 Job was evicted.
	(0) Job was not checkpointed.
		Usr 0 00:08:28, Sys 0 00:00:23  -  Run Remote Usage
		Usr 0 00:00:00, Sys 0 00:00:00  -  Run Local Usage
	0  -  Run Bytes Sent By Job
	0  -  Run Bytes Received By Job
	Partitionable Resources :    Usage  Request Allocated
	   Cpus                 :                 1         1
	   Disk (KB)            :        5        5   1508312
	   Memory (MB)          :        8        1         1
...
009 (10042175.000.000) 08/09 15:08:26 Job was aborted by the user.
	via condor_rm (by user elawsonk)
...
000 (10042178.000.000) 08/09 15:11:47 Job submitted from host: <10.5.0.46:9618?addrs=10.5.0.46-9618&noUDP&sock=2497_a07a_3>
...
001 (10042178.000.000) 08/09 15:11:52 Job executing on host: <10.5.210.143:9618?addrs=10.5.210.143-9618+[--1]-9618&noUDP&sock=2366_c592_3>
...
006 (10042178.000.000) 08/09 15:12:00 Image size of job updated: 12296
	8  -  MemoryUsage of job (MB)
	7384  -  ResidentSetSize of job (KB)
...
006 (10042178.000.000) 08/09 15:17:00 Image size of job updated: 12356
	8  -  MemoryUsage of job (MB)
	7424  -  ResidentSetSize of job (KB)
...
006 (10042178.000.000) 08/09 15:37:02 Image size of job updated: 12416
	8  -  MemoryUsage of job (MB)
	7472  -  ResidentSetSize of job (KB)
...
006 (10042178.000.000) 08/09 15:57:05 Image size of job updated: 12772
	8  -  MemoryUsage of job (MB)
	7828  -  ResidentSetSize of job (KB)
...
006 (10042178.000.000) 08/09 16:01:46 Image size of job updated: 12772
	8  -  MemoryUsage of job (MB)
	7888  -  ResidentSetSize of job (KB)
...
004 (10042178.000.000) 08/09 16:01:46 Job was evicted.
	(0) Job was not checkpointed.
		Usr 0 00:49:33, Sys 0 00:00:11  -  Run Remote Usage
		Usr 0 00:00:00, Sys 0 00:00:00  -  Run Local Usage
	0  -  Run Bytes Sent By Job
	0  -  Run Bytes Received By Job
	Partitionable Resources :    Usage  Request Allocated
	   Cpus                 :                 1         1
	   Disk (KB)            :        5        5   1508312
	   Memory (MB)          :        8        1         1
...
009 (10042178.000.000) 08/09 16:01:46 Job was aborted by the user.
	via condor_rm (by user elawsonk)
...
