000 (10042504.000.000) 08/09 16:14:53 Job submitted from host: <10.5.0.46:9618?addrs=10.5.0.46-9618&noUDP&sock=2497_a07a_3>
...
001 (10042504.000.000) 08/09 16:15:06 Job executing on host: <10.5.199.70:9618?addrs=10.5.199.70-9618+[--1]-9618&noUDP&sock=2543_dd6d_3>
...
006 (10042504.000.000) 08/09 16:15:15 Image size of job updated: 11812
	8  -  MemoryUsage of job (MB)
	7460  -  ResidentSetSize of job (KB)
...
006 (10042504.000.000) 08/09 16:20:16 Image size of job updated: 11980
	8  -  MemoryUsage of job (MB)
	7512  -  ResidentSetSize of job (KB)
...
006 (10042504.000.000) 08/09 16:55:20 Image size of job updated: 12236
	8  -  MemoryUsage of job (MB)
	7756  -  ResidentSetSize of job (KB)
...
006 (10042504.000.000) 08/09 17:10:22 Image size of job updated: 12412
	8  -  MemoryUsage of job (MB)
	7932  -  ResidentSetSize of job (KB)
...
005 (10042504.000.000) 08/09 18:22:44 Job terminated.
	(1) Normal termination (return value 0)
		Usr 0 02:05:17, Sys 0 00:00:27  -  Run Remote Usage
		Usr 0 00:00:00, Sys 0 00:00:00  -  Run Local Usage
		Usr 0 02:05:17, Sys 0 00:00:27  -  Total Remote Usage
		Usr 0 00:00:00, Sys 0 00:00:00  -  Total Local Usage
	0  -  Run Bytes Sent By Job
	0  -  Run Bytes Received By Job
	0  -  Total Bytes Sent By Job
	0  -  Total Bytes Received By Job
	Partitionable Resources :    Usage  Request Allocated
	   Cpus                 :                 1         1
	   Disk (KB)            :        5        5   1508653
	   Memory (MB)          :        8        1         1
...
