000 (10042442.000.000) 08/09 16:13:47 Job submitted from host: <10.5.0.46:9618?addrs=10.5.0.46-9618&noUDP&sock=2497_a07a_3>
...
001 (10042442.000.000) 08/09 16:14:04 Job executing on host: <10.5.230.167:9618?addrs=10.5.230.167-9618+[--1]-9618&noUDP&sock=2542_2dd5_3>
...
006 (10042442.000.000) 08/09 16:14:13 Image size of job updated: 11716
	8  -  MemoryUsage of job (MB)
	7372  -  ResidentSetSize of job (KB)
...
006 (10042442.000.000) 08/09 16:19:14 Image size of job updated: 11952
	8  -  MemoryUsage of job (MB)
	7488  -  ResidentSetSize of job (KB)
...
006 (10042442.000.000) 08/09 16:39:16 Image size of job updated: 12352
	8  -  MemoryUsage of job (MB)
	7876  -  ResidentSetSize of job (KB)
...
006 (10042442.000.000) 08/09 16:44:16 Image size of job updated: 12420
	8  -  MemoryUsage of job (MB)
	7944  -  ResidentSetSize of job (KB)
...
006 (10042442.000.000) 08/09 18:20:17 Image size of job updated: 143564
	8  -  MemoryUsage of job (MB)
	7944  -  ResidentSetSize of job (KB)
...
005 (10042442.000.000) 08/09 18:20:17 Job terminated.
	(1) Normal termination (return value 0)
		Usr 0 02:03:55, Sys 0 00:00:27  -  Run Remote Usage
		Usr 0 00:00:00, Sys 0 00:00:00  -  Run Local Usage
		Usr 0 02:03:55, Sys 0 00:00:27  -  Total Remote Usage
		Usr 0 00:00:00, Sys 0 00:00:00  -  Total Local Usage
	0  -  Run Bytes Sent By Job
	0  -  Run Bytes Received By Job
	0  -  Total Bytes Sent By Job
	0  -  Total Bytes Received By Job
	Partitionable Resources :    Usage  Request Allocated
	   Cpus                 :                 1         1
	   Disk (KB)            :        5        5   1508650
	   Memory (MB)          :        8        1         1
...
