000 (10042687.000.000) 08/09 16:18:15 Job submitted from host: <10.5.0.46:9618?addrs=10.5.0.46-9618&noUDP&sock=2497_a07a_3>
...
001 (10042687.000.000) 08/09 16:18:25 Job executing on host: <10.5.228.158:9618?addrs=10.5.228.158-9618+[--1]-9618&noUDP&sock=2540_1f0c_3>
...
006 (10042687.000.000) 08/09 16:18:34 Image size of job updated: 11728
	8  -  MemoryUsage of job (MB)
	7384  -  ResidentSetSize of job (KB)
...
006 (10042687.000.000) 08/09 16:23:35 Image size of job updated: 11840
	8  -  MemoryUsage of job (MB)
	7408  -  ResidentSetSize of job (KB)
...
006 (10042687.000.000) 08/09 16:28:35 Image size of job updated: 11868
	8  -  MemoryUsage of job (MB)
	7436  -  ResidentSetSize of job (KB)
...
006 (10042687.000.000) 08/09 16:43:37 Image size of job updated: 12152
	8  -  MemoryUsage of job (MB)
	7708  -  ResidentSetSize of job (KB)
...
006 (10042687.000.000) 08/09 17:08:40 Image size of job updated: 12404
	8  -  MemoryUsage of job (MB)
	7928  -  ResidentSetSize of job (KB)
...
006 (10042687.000.000) 08/09 18:06:08 Image size of job updated: 12404
	8  -  MemoryUsage of job (MB)
	7932  -  ResidentSetSize of job (KB)
...
005 (10042687.000.000) 08/09 18:06:08 Job terminated.
	(1) Normal termination (return value 0)
		Usr 0 01:46:08, Sys 0 00:00:22  -  Run Remote Usage
		Usr 0 00:00:00, Sys 0 00:00:00  -  Run Local Usage
		Usr 0 01:46:08, Sys 0 00:00:22  -  Total Remote Usage
		Usr 0 00:00:00, Sys 0 00:00:00  -  Total Local Usage
	0  -  Run Bytes Sent By Job
	0  -  Run Bytes Received By Job
	0  -  Total Bytes Sent By Job
	0  -  Total Bytes Received By Job
	Partitionable Resources :    Usage  Request Allocated
	   Cpus                 :                 1         1
	   Disk (KB)            :        5        5   1508013
	   Memory (MB)          :        8        1         1
...
