000 (10042353.000.000) 08/09 16:12:13 Job submitted from host: <10.5.0.46:9618?addrs=10.5.0.46-9618&noUDP&sock=2497_a07a_3>
...
001 (10042353.000.000) 08/09 16:12:38 Job executing on host: <10.5.156.5:9618?addrs=10.5.156.5-9618+[--1]-9618&noUDP&sock=2548_4b67_3>
...
006 (10042353.000.000) 08/09 16:12:46 Image size of job updated: 11828
	8  -  MemoryUsage of job (MB)
	7472  -  ResidentSetSize of job (KB)
...
006 (10042353.000.000) 08/09 16:17:46 Image size of job updated: 11896
	8  -  MemoryUsage of job (MB)
	7472  -  ResidentSetSize of job (KB)
...
006 (10042353.000.000) 08/09 16:22:46 Image size of job updated: 11976
	8  -  MemoryUsage of job (MB)
	7532  -  ResidentSetSize of job (KB)
...
006 (10042353.000.000) 08/09 16:27:47 Image size of job updated: 12188
	8  -  MemoryUsage of job (MB)
	7720  -  ResidentSetSize of job (KB)
...
005 (10042353.000.000) 08/09 18:20:44 Job terminated.
	(1) Normal termination (return value 0)
		Usr 0 02:05:53, Sys 0 00:00:24  -  Run Remote Usage
		Usr 0 00:00:00, Sys 0 00:00:00  -  Run Local Usage
		Usr 0 02:05:53, Sys 0 00:00:24  -  Total Remote Usage
		Usr 0 00:00:00, Sys 0 00:00:00  -  Total Local Usage
	0  -  Run Bytes Sent By Job
	0  -  Run Bytes Received By Job
	0  -  Total Bytes Sent By Job
	0  -  Total Bytes Received By Job
	Partitionable Resources :    Usage  Request Allocated
	   Cpus                 :                 1         1
	   Disk (KB)            :        5        5   1508653
	   Memory (MB)          :        8        1         1
...
