000 (10042677.000.000) 08/09 16:18:04 Job submitted from host: <10.5.0.46:9618?addrs=10.5.0.46-9618&noUDP&sock=2497_a07a_3>
...
001 (10042677.000.000) 08/09 16:18:25 Job executing on host: <10.5.163.227:9618?addrs=10.5.163.227-9618+[--1]-9618&noUDP&sock=2560_d6f1_3>
...
006 (10042677.000.000) 08/09 16:18:34 Image size of job updated: 11796
	8  -  MemoryUsage of job (MB)
	7452  -  ResidentSetSize of job (KB)
...
006 (10042677.000.000) 08/09 16:23:34 Image size of job updated: 12128
	8  -  MemoryUsage of job (MB)
	7696  -  ResidentSetSize of job (KB)
...
006 (10042677.000.000) 08/09 16:28:34 Image size of job updated: 12128
	8  -  MemoryUsage of job (MB)
	7916  -  ResidentSetSize of job (KB)
...
006 (10042677.000.000) 08/09 17:28:41 Image size of job updated: 12228
	8  -  MemoryUsage of job (MB)
	7916  -  ResidentSetSize of job (KB)
...
006 (10042677.000.000) 08/09 17:53:43 Image size of job updated: 12476
	8  -  MemoryUsage of job (MB)
	8000  -  ResidentSetSize of job (KB)
...
005 (10042677.000.000) 08/09 18:23:32 Job terminated.
	(1) Normal termination (return value 0)
		Usr 0 02:02:59, Sys 0 00:00:25  -  Run Remote Usage
		Usr 0 00:00:00, Sys 0 00:00:00  -  Run Local Usage
		Usr 0 02:02:59, Sys 0 00:00:25  -  Total Remote Usage
		Usr 0 00:00:00, Sys 0 00:00:00  -  Total Local Usage
	0  -  Run Bytes Sent By Job
	0  -  Run Bytes Received By Job
	0  -  Total Bytes Sent By Job
	0  -  Total Bytes Received By Job
	Partitionable Resources :    Usage  Request Allocated
	   Cpus                 :                 1         1
	   Disk (KB)            :        5        5   1508636
	   Memory (MB)          :        8        1         1
...
