000 (10042314.000.000) 08/09 16:11:32 Job submitted from host: <10.5.0.46:9618?addrs=10.5.0.46-9618&noUDP&sock=2497_a07a_3>
...
001 (10042314.000.000) 08/09 16:11:56 Job executing on host: <10.5.176.239:9618?addrs=10.5.176.239-9618+[--1]-9618&noUDP&sock=2556_c829_3>
...
006 (10042314.000.000) 08/09 16:12:05 Image size of job updated: 11748
	8  -  MemoryUsage of job (MB)
	7392  -  ResidentSetSize of job (KB)
...
006 (10042314.000.000) 08/09 16:17:05 Image size of job updated: 12120
	8  -  MemoryUsage of job (MB)
	7676  -  ResidentSetSize of job (KB)
...
006 (10042314.000.000) 08/09 16:27:06 Image size of job updated: 12192
	8  -  MemoryUsage of job (MB)
	7748  -  ResidentSetSize of job (KB)
...
006 (10042314.000.000) 08/09 16:42:08 Image size of job updated: 12300
	8  -  MemoryUsage of job (MB)
	7844  -  ResidentSetSize of job (KB)
...
006 (10042314.000.000) 08/09 16:57:10 Image size of job updated: 12300
	8  -  MemoryUsage of job (MB)
	7940  -  ResidentSetSize of job (KB)
...
006 (10042314.000.000) 08/09 17:12:11 Image size of job updated: 12320
	8  -  MemoryUsage of job (MB)
	7940  -  ResidentSetSize of job (KB)
...
005 (10042314.000.000) 08/09 18:19:44 Job terminated.
	(1) Normal termination (return value 0)
		Usr 0 02:05:39, Sys 0 00:00:27  -  Run Remote Usage
		Usr 0 00:00:00, Sys 0 00:00:00  -  Run Local Usage
		Usr 0 02:05:39, Sys 0 00:00:27  -  Total Remote Usage
		Usr 0 00:00:00, Sys 0 00:00:00  -  Total Local Usage
	0  -  Run Bytes Sent By Job
	0  -  Run Bytes Received By Job
	0  -  Total Bytes Sent By Job
	0  -  Total Bytes Received By Job
	Partitionable Resources :    Usage  Request Allocated
	   Cpus                 :                 1         1
	   Disk (KB)            :        5        5   1508653
	   Memory (MB)          :        8        1         1
...
