000 (10042402.000.000) 08/09 16:13:05 Job submitted from host: <10.5.0.46:9618?addrs=10.5.0.46-9618&noUDP&sock=2497_a07a_3>
...
001 (10042402.000.000) 08/09 16:13:17 Job executing on host: <10.5.155.46:9618?addrs=10.5.155.46-9618+[--1]-9618&noUDP&sock=2548_4b67_3>
...
006 (10042402.000.000) 08/09 16:13:25 Image size of job updated: 11772
	8  -  MemoryUsage of job (MB)
	7420  -  ResidentSetSize of job (KB)
...
006 (10042402.000.000) 08/09 16:18:25 Image size of job updated: 12176
	8  -  MemoryUsage of job (MB)
	7708  -  ResidentSetSize of job (KB)
...
006 (10042402.000.000) 08/09 16:23:26 Image size of job updated: 12176
	8  -  MemoryUsage of job (MB)
	7864  -  ResidentSetSize of job (KB)
...
006 (10042402.000.000) 08/09 18:17:21 Image size of job updated: 143628
	8  -  MemoryUsage of job (MB)
	7864  -  ResidentSetSize of job (KB)
...
005 (10042402.000.000) 08/09 18:17:21 Job terminated.
	(1) Normal termination (return value 0)
		Usr 0 02:01:52, Sys 0 00:00:27  -  Run Remote Usage
		Usr 0 00:00:00, Sys 0 00:00:00  -  Run Local Usage
		Usr 0 02:01:52, Sys 0 00:00:27  -  Total Remote Usage
		Usr 0 00:00:00, Sys 0 00:00:00  -  Total Local Usage
	0  -  Run Bytes Sent By Job
	0  -  Run Bytes Received By Job
	0  -  Total Bytes Sent By Job
	0  -  Total Bytes Received By Job
	Partitionable Resources :    Usage  Request Allocated
	   Cpus                 :                 1         1
	   Disk (KB)            :        5        5   1508643
	   Memory (MB)          :        8        1         1
...
