000 (10042645.000.000) 08/09 16:17:30 Job submitted from host: <10.5.0.46:9618?addrs=10.5.0.46-9618&noUDP&sock=2497_a07a_3>
...
001 (10042645.000.000) 08/09 16:17:51 Job executing on host: <10.5.164.155:9618?addrs=10.5.164.155-9618+[--1]-9618&noUDP&sock=2553_b960_3>
...
006 (10042645.000.000) 08/09 16:18:00 Image size of job updated: 12268
	8  -  MemoryUsage of job (MB)
	7924  -  ResidentSetSize of job (KB)
...
006 (10042645.000.000) 08/09 18:03:12 Image size of job updated: 12276
	8  -  MemoryUsage of job (MB)
	7924  -  ResidentSetSize of job (KB)
...
005 (10042645.000.000) 08/09 18:23:49 Job terminated.
	(1) Normal termination (return value 0)
		Usr 0 02:04:36, Sys 0 00:00:30  -  Run Remote Usage
		Usr 0 00:00:00, Sys 0 00:00:00  -  Run Local Usage
		Usr 0 02:04:36, Sys 0 00:00:30  -  Total Remote Usage
		Usr 0 00:00:00, Sys 0 00:00:00  -  Total Local Usage
	0  -  Run Bytes Sent By Job
	0  -  Run Bytes Received By Job
	0  -  Total Bytes Sent By Job
	0  -  Total Bytes Received By Job
	Partitionable Resources :    Usage  Request Allocated
	   Cpus                 :                 1         1
	   Disk (KB)            :        5        5   1508649
	   Memory (MB)          :        8        1         1
...
