000 (10042608.000.000) 08/09 16:16:51 Job submitted from host: <10.5.0.46:9618?addrs=10.5.0.46-9618&noUDP&sock=2497_a07a_3>
...
001 (10042608.000.000) 08/09 16:17:10 Job executing on host: <10.5.164.155:9618?addrs=10.5.164.155-9618+[--1]-9618&noUDP&sock=2553_b960_3>
...
006 (10042608.000.000) 08/09 16:17:19 Image size of job updated: 11744
	8  -  MemoryUsage of job (MB)
	7400  -  ResidentSetSize of job (KB)
...
006 (10042608.000.000) 08/09 16:22:20 Image size of job updated: 11920
	8  -  MemoryUsage of job (MB)
	7488  -  ResidentSetSize of job (KB)
...
006 (10042608.000.000) 08/09 16:27:20 Image size of job updated: 12124
	8  -  MemoryUsage of job (MB)
	7692  -  ResidentSetSize of job (KB)
...
006 (10042608.000.000) 08/09 16:32:20 Image size of job updated: 12284
	8  -  MemoryUsage of job (MB)
	7852  -  ResidentSetSize of job (KB)
...
006 (10042608.000.000) 08/09 16:37:21 Image size of job updated: 12284
	8  -  MemoryUsage of job (MB)
	8008  -  ResidentSetSize of job (KB)
...
006 (10042608.000.000) 08/09 16:52:22 Image size of job updated: 12332
	8  -  MemoryUsage of job (MB)
	8008  -  ResidentSetSize of job (KB)
...
006 (10042608.000.000) 08/09 17:17:25 Image size of job updated: 12388
	8  -  MemoryUsage of job (MB)
	8008  -  ResidentSetSize of job (KB)
...
005 (10042608.000.000) 08/09 18:23:11 Job terminated.
	(1) Normal termination (return value 0)
		Usr 0 02:03:47, Sys 0 00:00:27  -  Run Remote Usage
		Usr 0 00:00:00, Sys 0 00:00:00  -  Run Local Usage
		Usr 0 02:03:47, Sys 0 00:00:27  -  Total Remote Usage
		Usr 0 00:00:00, Sys 0 00:00:00  -  Total Local Usage
	0  -  Run Bytes Sent By Job
	0  -  Run Bytes Received By Job
	0  -  Total Bytes Sent By Job
	0  -  Total Bytes Received By Job
	Partitionable Resources :    Usage  Request Allocated
	   Cpus                 :                 1         1
	   Disk (KB)            :        5        5   1508649
	   Memory (MB)          :        8        1         1
...
