000 (10042292.000.000) 08/09 16:11:09 Job submitted from host: <10.5.0.46:9618?addrs=10.5.0.46-9618&noUDP&sock=2497_a07a_3>
...
001 (10042292.000.000) 08/09 16:11:17 Job executing on host: <10.5.197.36:9618?addrs=10.5.197.36-9618+[--1]-9618&noUDP&sock=2559_d6f1_3>
...
006 (10042292.000.000) 08/09 16:11:26 Image size of job updated: 11900
	8  -  MemoryUsage of job (MB)
	7552  -  ResidentSetSize of job (KB)
...
006 (10042292.000.000) 08/09 16:16:26 Image size of job updated: 11900
	8  -  MemoryUsage of job (MB)
	7828  -  ResidentSetSize of job (KB)
...
006 (10042292.000.000) 08/09 16:21:26 Image size of job updated: 11912
	8  -  MemoryUsage of job (MB)
	7828  -  ResidentSetSize of job (KB)
...
006 (10042292.000.000) 08/09 16:26:27 Image size of job updated: 11952
	8  -  MemoryUsage of job (MB)
	7828  -  ResidentSetSize of job (KB)
...
006 (10042292.000.000) 08/09 16:41:28 Image size of job updated: 11992
	8  -  MemoryUsage of job (MB)
	7828  -  ResidentSetSize of job (KB)
...
006 (10042292.000.000) 08/09 16:46:29 Image size of job updated: 12156
	8  -  MemoryUsage of job (MB)
	7828  -  ResidentSetSize of job (KB)
...
006 (10042292.000.000) 08/09 17:46:35 Image size of job updated: 12292
	8  -  MemoryUsage of job (MB)
	7828  -  ResidentSetSize of job (KB)
...
005 (10042292.000.000) 08/09 18:15:12 Job terminated.
	(1) Normal termination (return value 0)
		Usr 0 02:02:12, Sys 0 00:00:22  -  Run Remote Usage
		Usr 0 00:00:00, Sys 0 00:00:00  -  Run Local Usage
		Usr 0 02:02:12, Sys 0 00:00:22  -  Total Remote Usage
		Usr 0 00:00:00, Sys 0 00:00:00  -  Total Local Usage
	0  -  Run Bytes Sent By Job
	0  -  Run Bytes Received By Job
	0  -  Total Bytes Sent By Job
	0  -  Total Bytes Received By Job
	Partitionable Resources :    Usage  Request Allocated
	   Cpus                 :                 1         1
	   Disk (KB)            :        5        5   1508636
	   Memory (MB)          :        8        1         1
...
