000 (10042834.000.000) 08/09 16:21:06 Job submitted from host: <10.5.0.46:9618?addrs=10.5.0.46-9618&noUDP&sock=2497_a07a_3>
...
001 (10042834.000.000) 08/09 18:17:31 Job executing on host: <10.5.189.225:9618?addrs=10.5.189.225-9618+[--1]-9618&noUDP&sock=2555_1890_3>
...
006 (10042834.000.000) 08/09 18:17:40 Image size of job updated: 11728
	8  -  MemoryUsage of job (MB)
	7380  -  ResidentSetSize of job (KB)
...
006 (10042834.000.000) 08/09 18:22:41 Image size of job updated: 12076
	8  -  MemoryUsage of job (MB)
	7608  -  ResidentSetSize of job (KB)
...
006 (10042834.000.000) 08/09 18:27:41 Image size of job updated: 12264
	8  -  MemoryUsage of job (MB)
	7796  -  ResidentSetSize of job (KB)
...
006 (10042834.000.000) 08/09 18:52:44 Image size of job updated: 12264
	8  -  MemoryUsage of job (MB)
	7964  -  ResidentSetSize of job (KB)
...
006 (10042834.000.000) 08/09 19:52:49 Image size of job updated: 12444
	8  -  MemoryUsage of job (MB)
	7964  -  ResidentSetSize of job (KB)
...
005 (10042834.000.000) 08/09 20:21:45 Job terminated.
	(1) Normal termination (return value 0)
		Usr 0 02:02:51, Sys 0 00:00:49  -  Run Remote Usage
		Usr 0 00:00:00, Sys 0 00:00:00  -  Run Local Usage
		Usr 0 02:02:51, Sys 0 00:00:49  -  Total Remote Usage
		Usr 0 00:00:00, Sys 0 00:00:00  -  Total Local Usage
	0  -  Run Bytes Sent By Job
	0  -  Run Bytes Received By Job
	0  -  Total Bytes Sent By Job
	0  -  Total Bytes Received By Job
	Partitionable Resources :    Usage  Request Allocated
	   Cpus                 :                 1         1
	   Disk (KB)            :        5        5   1508654
	   Memory (MB)          :        8        1         1
...
