000 (10042845.000.000) 08/09 16:21:18 Job submitted from host: <10.5.0.46:9618?addrs=10.5.0.46-9618&noUDP&sock=2497_a07a_3>
...
001 (10042845.000.000) 08/09 18:17:39 Job executing on host: <10.5.155.250:9618?addrs=10.5.155.250-9618+[--1]-9618&noUDP&sock=2560_868a_3>
...
006 (10042845.000.000) 08/09 18:17:48 Image size of job updated: 11804
	8  -  MemoryUsage of job (MB)
	7460  -  ResidentSetSize of job (KB)
...
006 (10042845.000.000) 08/09 18:22:49 Image size of job updated: 11916
	8  -  MemoryUsage of job (MB)
	7460  -  ResidentSetSize of job (KB)
...
006 (10042845.000.000) 08/09 18:32:50 Image size of job updated: 12020
	8  -  MemoryUsage of job (MB)
	7556  -  ResidentSetSize of job (KB)
...
006 (10042845.000.000) 08/09 18:42:51 Image size of job updated: 12120
	8  -  MemoryUsage of job (MB)
	7644  -  ResidentSetSize of job (KB)
...
006 (10042845.000.000) 08/09 20:02:58 Image size of job updated: 12128
	8  -  MemoryUsage of job (MB)
	7728  -  ResidentSetSize of job (KB)
...
006 (10042845.000.000) 08/09 20:12:59 Image size of job updated: 12128
	8  -  MemoryUsage of job (MB)
	7748  -  ResidentSetSize of job (KB)
...
005 (10042845.000.000) 08/09 20:15:29 Job terminated.
	(1) Normal termination (return value 0)
		Usr 0 01:56:50, Sys 0 00:00:28  -  Run Remote Usage
		Usr 0 00:00:00, Sys 0 00:00:00  -  Run Local Usage
		Usr 0 01:56:50, Sys 0 00:00:28  -  Total Remote Usage
		Usr 0 00:00:00, Sys 0 00:00:00  -  Total Local Usage
	0  -  Run Bytes Sent By Job
	0  -  Run Bytes Received By Job
	0  -  Total Bytes Sent By Job
	0  -  Total Bytes Received By Job
	Partitionable Resources :    Usage  Request Allocated
	   Cpus                 :                 1         1
	   Disk (KB)            :        5        5   1508654
	   Memory (MB)          :        8        1         1
...
