000 (10042582.000.000) 08/09 16:16:21 Job submitted from host: <10.5.0.46:9618?addrs=10.5.0.46-9618&noUDP&sock=2497_a07a_3>
...
001 (10042582.000.000) 08/09 16:16:49 Job executing on host: <10.5.228.57:9618?addrs=10.5.228.57-9618+[--1]-9618&noUDP&sock=2558_2759_3>
...
006 (10042582.000.000) 08/09 16:16:57 Image size of job updated: 11772
	8  -  MemoryUsage of job (MB)
	7428  -  ResidentSetSize of job (KB)
...
006 (10042582.000.000) 08/09 16:21:57 Image size of job updated: 11956
	8  -  MemoryUsage of job (MB)
	7524  -  ResidentSetSize of job (KB)
...
006 (10042582.000.000) 08/09 16:47:00 Image size of job updated: 12040
	8  -  MemoryUsage of job (MB)
	7596  -  ResidentSetSize of job (KB)
...
006 (10042582.000.000) 08/09 17:37:05 Image size of job updated: 12076
	8  -  MemoryUsage of job (MB)
	7600  -  ResidentSetSize of job (KB)
...
006 (10042582.000.000) 08/09 17:52:07 Image size of job updated: 12144
	8  -  MemoryUsage of job (MB)
	7668  -  ResidentSetSize of job (KB)
...
005 (10042582.000.000) 08/09 18:23:59 Job terminated.
	(1) Normal termination (return value 0)
		Usr 0 02:04:35, Sys 0 00:00:23  -  Run Remote Usage
		Usr 0 00:00:00, Sys 0 00:00:00  -  Run Local Usage
		Usr 0 02:04:35, Sys 0 00:00:23  -  Total Remote Usage
		Usr 0 00:00:00, Sys 0 00:00:00  -  Total Local Usage
	0  -  Run Bytes Sent By Job
	0  -  Run Bytes Received By Job
	0  -  Total Bytes Sent By Job
	0  -  Total Bytes Received By Job
	Partitionable Resources :    Usage  Request Allocated
	   Cpus                 :                 1         1
	   Disk (KB)            :        5        5   1508651
	   Memory (MB)          :        8        1         1
...
