000 (10042720.000.000) 08/09 16:18:49 Job submitted from host: <10.5.0.46:9618?addrs=10.5.0.46-9618&noUDP&sock=2497_a07a_3>
...
001 (10042720.000.000) 08/09 16:19:50 Job executing on host: <10.5.160.239:9618?addrs=10.5.160.239-9618+[--1]-9618&noUDP&sock=2556_c829_3>
...
006 (10042720.000.000) 08/09 16:19:59 Image size of job updated: 11800
	8  -  MemoryUsage of job (MB)
	7444  -  ResidentSetSize of job (KB)
...
006 (10042720.000.000) 08/09 16:25:00 Image size of job updated: 12528
	8  -  MemoryUsage of job (MB)
	8084  -  ResidentSetSize of job (KB)
...
006 (10042720.000.000) 08/09 16:30:00 Image size of job updated: 12528
	9  -  MemoryUsage of job (MB)
	8380  -  ResidentSetSize of job (KB)
...
006 (10042720.000.000) 08/09 17:20:05 Image size of job updated: 12644
	9  -  MemoryUsage of job (MB)
	8380  -  ResidentSetSize of job (KB)
...
005 (10042720.000.000) 08/09 18:24:45 Job terminated.
	(1) Normal termination (return value 0)
		Usr 0 02:03:27, Sys 0 00:00:26  -  Run Remote Usage
		Usr 0 00:00:00, Sys 0 00:00:00  -  Run Local Usage
		Usr 0 02:03:27, Sys 0 00:00:26  -  Total Remote Usage
		Usr 0 00:00:00, Sys 0 00:00:00  -  Total Local Usage
	0  -  Run Bytes Sent By Job
	0  -  Run Bytes Received By Job
	0  -  Total Bytes Sent By Job
	0  -  Total Bytes Received By Job
	Partitionable Resources :    Usage  Request Allocated
	   Cpus                 :                 1         1
	   Disk (KB)            :        5        5   1508652
	   Memory (MB)          :        9        1         1
...
