000 (10042657.000.000) 08/09 16:17:43 Job submitted from host: <10.5.0.46:9618?addrs=10.5.0.46-9618&noUDP&sock=2497_a07a_3>
...
001 (10042657.000.000) 08/09 16:18:12 Job executing on host: <10.5.228.89:9618?addrs=10.5.228.89-9618+[--1]-9618&noUDP&sock=2560_d6f1_3>
...
006 (10042657.000.000) 08/09 16:18:21 Image size of job updated: 12232
	8  -  MemoryUsage of job (MB)
	7876  -  ResidentSetSize of job (KB)
...
006 (10042657.000.000) 08/09 16:53:24 Image size of job updated: 12444
	8  -  MemoryUsage of job (MB)
	7988  -  ResidentSetSize of job (KB)
...
006 (10042657.000.000) 08/09 18:28:34 Image size of job updated: 12572
	8  -  MemoryUsage of job (MB)
	8092  -  ResidentSetSize of job (KB)
...
005 (10042657.000.000) 08/09 18:28:46 Job terminated.
	(1) Normal termination (return value 0)
		Usr 0 02:09:21, Sys 0 00:00:35  -  Run Remote Usage
		Usr 0 00:00:00, Sys 0 00:00:00  -  Run Local Usage
		Usr 0 02:09:21, Sys 0 00:00:35  -  Total Remote Usage
		Usr 0 00:00:00, Sys 0 00:00:00  -  Total Local Usage
	0  -  Run Bytes Sent By Job
	0  -  Run Bytes Received By Job
	0  -  Total Bytes Sent By Job
	0  -  Total Bytes Received By Job
	Partitionable Resources :    Usage  Request Allocated
	   Cpus                 :                 1         1
	   Disk (KB)            :        5        5   1508010
	   Memory (MB)          :        8        1         1
...
