000 (10042779.000.000) 08/09 16:19:52 Job submitted from host: <10.5.0.46:9618?addrs=10.5.0.46-9618&noUDP&sock=2497_a07a_3>
...
001 (10042779.000.000) 08/09 16:27:05 Job executing on host: <10.5.238.76:9618?addrs=10.5.238.76-9618+[--1]-9618&noUDP&sock=3127_c124_3>
...
006 (10042779.000.000) 08/09 16:27:14 Image size of job updated: 11776
	8  -  MemoryUsage of job (MB)
	7416  -  ResidentSetSize of job (KB)
...
006 (10042779.000.000) 08/09 16:32:15 Image size of job updated: 12024
	8  -  MemoryUsage of job (MB)
	7576  -  ResidentSetSize of job (KB)
...
006 (10042779.000.000) 08/09 16:42:15 Image size of job updated: 12068
	8  -  MemoryUsage of job (MB)
	7620  -  ResidentSetSize of job (KB)
...
006 (10042779.000.000) 08/09 16:47:16 Image size of job updated: 12108
	8  -  MemoryUsage of job (MB)
	7648  -  ResidentSetSize of job (KB)
...
006 (10042779.000.000) 08/09 16:57:17 Image size of job updated: 12112
	8  -  MemoryUsage of job (MB)
	7648  -  ResidentSetSize of job (KB)
...
006 (10042779.000.000) 08/09 17:07:19 Image size of job updated: 12204
	8  -  MemoryUsage of job (MB)
	7720  -  ResidentSetSize of job (KB)
...
006 (10042779.000.000) 08/09 17:27:20 Image size of job updated: 12248
	8  -  MemoryUsage of job (MB)
	7764  -  ResidentSetSize of job (KB)
...
006 (10042779.000.000) 08/09 18:27:24 Image size of job updated: 12532
	8  -  MemoryUsage of job (MB)
	8048  -  ResidentSetSize of job (KB)
...
005 (10042779.000.000) 08/09 18:27:28 Job terminated.
	(1) Normal termination (return value 0)
		Usr 0 01:58:29, Sys 0 00:00:21  -  Run Remote Usage
		Usr 0 00:00:00, Sys 0 00:00:00  -  Run Local Usage
		Usr 0 01:58:29, Sys 0 00:00:21  -  Total Remote Usage
		Usr 0 00:00:00, Sys 0 00:00:00  -  Total Local Usage
	0  -  Run Bytes Sent By Job
	0  -  Run Bytes Received By Job
	0  -  Total Bytes Sent By Job
	0  -  Total Bytes Received By Job
	Partitionable Resources :    Usage  Request Allocated
	   Cpus                 :                 1         1
	   Disk (KB)            :        5        5   1508535
	   Memory (MB)          :        8        1         1
...
