000 (10042586.000.000) 08/09 16:16:27 Job submitted from host: <10.5.0.46:9618?addrs=10.5.0.46-9618&noUDP&sock=2497_a07a_3>
...
001 (10042586.000.000) 08/09 16:16:49 Job executing on host: <10.5.163.227:9618?addrs=10.5.163.227-9618+[--1]-9618&noUDP&sock=2560_d6f1_3>
...
006 (10042586.000.000) 08/09 16:16:57 Image size of job updated: 11748
	8  -  MemoryUsage of job (MB)
	7392  -  ResidentSetSize of job (KB)
...
006 (10042586.000.000) 08/09 16:21:57 Image size of job updated: 11980
	8  -  MemoryUsage of job (MB)
	7536  -  ResidentSetSize of job (KB)
...
006 (10042586.000.000) 08/09 16:26:58 Image size of job updated: 12032
	8  -  MemoryUsage of job (MB)
	7588  -  ResidentSetSize of job (KB)
...
006 (10042586.000.000) 08/09 16:47:01 Image size of job updated: 12112
	8  -  MemoryUsage of job (MB)
	7656  -  ResidentSetSize of job (KB)
...
006 (10042586.000.000) 08/09 16:52:01 Image size of job updated: 12112
	8  -  MemoryUsage of job (MB)
	7844  -  ResidentSetSize of job (KB)
...
006 (10042586.000.000) 08/09 17:27:04 Image size of job updated: 12340
	8  -  MemoryUsage of job (MB)
	7884  -  ResidentSetSize of job (KB)
...
006 (10042586.000.000) 08/09 18:21:40 Image size of job updated: 143652
	8  -  MemoryUsage of job (MB)
	7884  -  ResidentSetSize of job (KB)
...
005 (10042586.000.000) 08/09 18:21:40 Job terminated.
	(1) Normal termination (return value 0)
		Usr 0 02:02:31, Sys 0 00:00:26  -  Run Remote Usage
		Usr 0 00:00:00, Sys 0 00:00:00  -  Run Local Usage
		Usr 0 02:02:31, Sys 0 00:00:26  -  Total Remote Usage
		Usr 0 00:00:00, Sys 0 00:00:00  -  Total Local Usage
	0  -  Run Bytes Sent By Job
	0  -  Run Bytes Received By Job
	0  -  Total Bytes Sent By Job
	0  -  Total Bytes Received By Job
	Partitionable Resources :    Usage  Request Allocated
	   Cpus                 :                 1         1
	   Disk (KB)            :        5        5   1508636
	   Memory (MB)          :        8        1         1
...
