000 (10042395.000.000) 08/09 16:12:57 Job submitted from host: <10.5.0.46:9618?addrs=10.5.0.46-9618&noUDP&sock=2497_a07a_3>
...
001 (10042395.000.000) 08/09 16:13:18 Job executing on host: <10.5.175.78:9618?addrs=10.5.175.78-9618+[--1]-9618&noUDP&sock=2570_627c_3>
...
006 (10042395.000.000) 08/09 16:13:26 Image size of job updated: 11740
	8  -  MemoryUsage of job (MB)
	7388  -  ResidentSetSize of job (KB)
...
006 (10042395.000.000) 08/09 16:18:26 Image size of job updated: 11860
	8  -  MemoryUsage of job (MB)
	7420  -  ResidentSetSize of job (KB)
...
006 (10042395.000.000) 08/09 16:33:27 Image size of job updated: 11952
	8  -  MemoryUsage of job (MB)
	7472  -  ResidentSetSize of job (KB)
...
006 (10042395.000.000) 08/09 16:38:28 Image size of job updated: 12208
	8  -  MemoryUsage of job (MB)
	7728  -  ResidentSetSize of job (KB)
...
005 (10042395.000.000) 08/09 18:20:11 Job terminated.
	(1) Normal termination (return value 0)
		Usr 0 02:04:47, Sys 0 00:00:23  -  Run Remote Usage
		Usr 0 00:00:00, Sys 0 00:00:00  -  Run Local Usage
		Usr 0 02:04:47, Sys 0 00:00:23  -  Total Remote Usage
		Usr 0 00:00:00, Sys 0 00:00:00  -  Total Local Usage
	0  -  Run Bytes Sent By Job
	0  -  Run Bytes Received By Job
	0  -  Total Bytes Sent By Job
	0  -  Total Bytes Received By Job
	Partitionable Resources :    Usage  Request Allocated
	   Cpus                 :                 1         1
	   Disk (KB)            :        5        5   1508649
	   Memory (MB)          :        8        1         1
...
