000 (10042392.000.000) 08/09 16:12:54 Job submitted from host: <10.5.0.46:9618?addrs=10.5.0.46-9618&noUDP&sock=2497_a07a_3>
...
001 (10042392.000.000) 08/09 16:13:23 Job executing on host: <10.5.197.36:9618?addrs=10.5.197.36-9618+[--1]-9618&noUDP&sock=2559_d6f1_3>
...
006 (10042392.000.000) 08/09 16:13:31 Image size of job updated: 11872
	8  -  MemoryUsage of job (MB)
	7524  -  ResidentSetSize of job (KB)
...
006 (10042392.000.000) 08/09 16:18:31 Image size of job updated: 11928
	8  -  MemoryUsage of job (MB)
	7524  -  ResidentSetSize of job (KB)
...
006 (10042392.000.000) 08/09 16:28:32 Image size of job updated: 11964
	8  -  MemoryUsage of job (MB)
	7524  -  ResidentSetSize of job (KB)
...
006 (10042392.000.000) 08/09 16:33:32 Image size of job updated: 11980
	8  -  MemoryUsage of job (MB)
	7524  -  ResidentSetSize of job (KB)
...
006 (10042392.000.000) 08/09 16:43:34 Image size of job updated: 12072
	8  -  MemoryUsage of job (MB)
	7592  -  ResidentSetSize of job (KB)
...
006 (10042392.000.000) 08/09 17:03:36 Image size of job updated: 12220
	8  -  MemoryUsage of job (MB)
	7740  -  ResidentSetSize of job (KB)
...
006 (10042392.000.000) 08/09 18:03:43 Image size of job updated: 12220
	8  -  MemoryUsage of job (MB)
	7840  -  ResidentSetSize of job (KB)
...
006 (10042392.000.000) 08/09 18:19:08 Image size of job updated: 143576
	8  -  MemoryUsage of job (MB)
	7840  -  ResidentSetSize of job (KB)
...
005 (10042392.000.000) 08/09 18:19:08 Job terminated.
	(1) Normal termination (return value 0)
		Usr 0 02:03:39, Sys 0 00:00:24  -  Run Remote Usage
		Usr 0 00:00:00, Sys 0 00:00:00  -  Run Local Usage
		Usr 0 02:03:39, Sys 0 00:00:24  -  Total Remote Usage
		Usr 0 00:00:00, Sys 0 00:00:00  -  Total Local Usage
	0  -  Run Bytes Sent By Job
	0  -  Run Bytes Received By Job
	0  -  Total Bytes Sent By Job
	0  -  Total Bytes Received By Job
	Partitionable Resources :    Usage  Request Allocated
	   Cpus                 :                 1         1
	   Disk (KB)            :        5        5   1508636
	   Memory (MB)          :        8        1         1
...
