000 (10042859.000.000) 08/09 16:21:33 Job submitted from host: <10.5.0.46:9618?addrs=10.5.0.46-9618&noUDP&sock=2497_a07a_3>
...
001 (10042859.000.000) 08/09 18:18:33 Job executing on host: <10.5.230.167:9618?addrs=10.5.230.167-9618+[--1]-9618&noUDP&sock=2542_2dd5_3>
...
006 (10042859.000.000) 08/09 18:18:42 Image size of job updated: 11848
	8  -  MemoryUsage of job (MB)
	7504  -  ResidentSetSize of job (KB)
...
006 (10042859.000.000) 08/09 18:23:43 Image size of job updated: 11968
	8  -  MemoryUsage of job (MB)
	7504  -  ResidentSetSize of job (KB)
...
006 (10042859.000.000) 08/09 18:48:45 Image size of job updated: 12008
	8  -  MemoryUsage of job (MB)
	7532  -  ResidentSetSize of job (KB)
...
006 (10042859.000.000) 08/09 18:53:46 Image size of job updated: 12136
	8  -  MemoryUsage of job (MB)
	7660  -  ResidentSetSize of job (KB)
...
006 (10042859.000.000) 08/09 19:08:47 Image size of job updated: 12416
	8  -  MemoryUsage of job (MB)
	7940  -  ResidentSetSize of job (KB)
...
006 (10042859.000.000) 08/09 19:38:50 Image size of job updated: 12432
	8  -  MemoryUsage of job (MB)
	7952  -  ResidentSetSize of job (KB)
...
005 (10042859.000.000) 08/09 20:15:57 Job terminated.
	(1) Normal termination (return value 0)
		Usr 0 01:56:33, Sys 0 00:00:25  -  Run Remote Usage
		Usr 0 00:00:00, Sys 0 00:00:00  -  Run Local Usage
		Usr 0 01:56:33, Sys 0 00:00:25  -  Total Remote Usage
		Usr 0 00:00:00, Sys 0 00:00:00  -  Total Local Usage
	0  -  Run Bytes Sent By Job
	0  -  Run Bytes Received By Job
	0  -  Total Bytes Sent By Job
	0  -  Total Bytes Received By Job
	Partitionable Resources :    Usage  Request Allocated
	   Cpus                 :                 1         1
	   Disk (KB)            :        5        5   1508650
	   Memory (MB)          :        8        1         1
...
