000 (10042742.000.000) 08/09 16:19:11 Job submitted from host: <10.5.0.46:9618?addrs=10.5.0.46-9618&noUDP&sock=2497_a07a_3>
...
001 (10042742.000.000) 08/09 16:21:10 Job executing on host: <10.5.228.158:9618?addrs=10.5.228.158-9618+[--1]-9618&noUDP&sock=2540_1f0c_3>
...
006 (10042742.000.000) 08/09 16:21:18 Image size of job updated: 11788
	8  -  MemoryUsage of job (MB)
	7444  -  ResidentSetSize of job (KB)
...
006 (10042742.000.000) 08/09 16:26:18 Image size of job updated: 11844
	8  -  MemoryUsage of job (MB)
	7444  -  ResidentSetSize of job (KB)
...
006 (10042742.000.000) 08/09 16:31:19 Image size of job updated: 11848
	8  -  MemoryUsage of job (MB)
	7444  -  ResidentSetSize of job (KB)
...
006 (10042742.000.000) 08/09 16:36:20 Image size of job updated: 11876
	8  -  MemoryUsage of job (MB)
	7444  -  ResidentSetSize of job (KB)
...
006 (10042742.000.000) 08/09 16:46:21 Image size of job updated: 11912
	8  -  MemoryUsage of job (MB)
	7468  -  ResidentSetSize of job (KB)
...
006 (10042742.000.000) 08/09 17:11:24 Image size of job updated: 11912
	8  -  MemoryUsage of job (MB)
	7508  -  ResidentSetSize of job (KB)
...
005 (10042742.000.000) 08/09 18:09:23 Job terminated.
	(1) Normal termination (return value 0)
		Usr 0 01:46:35, Sys 0 00:00:22  -  Run Remote Usage
		Usr 0 00:00:00, Sys 0 00:00:00  -  Run Local Usage
		Usr 0 01:46:35, Sys 0 00:00:22  -  Total Remote Usage
		Usr 0 00:00:00, Sys 0 00:00:00  -  Total Local Usage
	0  -  Run Bytes Sent By Job
	0  -  Run Bytes Received By Job
	0  -  Total Bytes Sent By Job
	0  -  Total Bytes Received By Job
	Partitionable Resources :    Usage  Request Allocated
	   Cpus                 :                 1         1
	   Disk (KB)            :        5        5   1508013
	   Memory (MB)          :        8        1         1
...
