000 (10042409.000.000) 08/09 16:13:12 Job submitted from host: <10.5.0.46:9618?addrs=10.5.0.46-9618&noUDP&sock=2497_a07a_3>
...
001 (10042409.000.000) 08/09 16:13:25 Job executing on host: <10.5.199.70:9618?addrs=10.5.199.70-9618+[--1]-9618&noUDP&sock=2543_dd6d_3>
...
006 (10042409.000.000) 08/09 16:13:33 Image size of job updated: 13084
	8  -  MemoryUsage of job (MB)
	7388  -  ResidentSetSize of job (KB)
...
006 (10042409.000.000) 08/09 16:18:33 Image size of job updated: 13200
	8  -  MemoryUsage of job (MB)
	7392  -  ResidentSetSize of job (KB)
...
006 (10042409.000.000) 08/09 16:23:34 Image size of job updated: 13256
	8  -  MemoryUsage of job (MB)
	7448  -  ResidentSetSize of job (KB)
...
006 (10042409.000.000) 08/09 16:28:35 Image size of job updated: 13296
	8  -  MemoryUsage of job (MB)
	7456  -  ResidentSetSize of job (KB)
...
006 (10042409.000.000) 08/09 16:33:35 Image size of job updated: 13324
	8  -  MemoryUsage of job (MB)
	7472  -  ResidentSetSize of job (KB)
...
006 (10042409.000.000) 08/09 16:38:36 Image size of job updated: 13468
	8  -  MemoryUsage of job (MB)
	7616  -  ResidentSetSize of job (KB)
...
006 (10042409.000.000) 08/09 16:48:37 Image size of job updated: 13572
	8  -  MemoryUsage of job (MB)
	7720  -  ResidentSetSize of job (KB)
...
006 (10042409.000.000) 08/09 17:03:39 Image size of job updated: 13812
	8  -  MemoryUsage of job (MB)
	7960  -  ResidentSetSize of job (KB)
...
006 (10042409.000.000) 08/09 17:38:42 Image size of job updated: 13860
	8  -  MemoryUsage of job (MB)
	8008  -  ResidentSetSize of job (KB)
...
005 (10042409.000.000) 08/09 18:19:56 Job terminated.
	(1) Normal termination (return value 0)
		Usr 0 02:04:19, Sys 0 00:00:24  -  Run Remote Usage
		Usr 0 00:00:00, Sys 0 00:00:00  -  Run Local Usage
		Usr 0 02:04:19, Sys 0 00:00:24  -  Total Remote Usage
		Usr 0 00:00:00, Sys 0 00:00:00  -  Total Local Usage
	0  -  Run Bytes Sent By Job
	0  -  Run Bytes Received By Job
	0  -  Total Bytes Sent By Job
	0  -  Total Bytes Received By Job
	Partitionable Resources :    Usage  Request Allocated
	   Cpus                 :                 1         1
	   Disk (KB)            :        5        5   1508653
	   Memory (MB)          :        8        1         1
...
