000 (10042328.000.000) 08/09 16:11:47 Job submitted from host: <10.5.0.46:9618?addrs=10.5.0.46-9618&noUDP&sock=2497_a07a_3>
...
001 (10042328.000.000) 08/09 16:11:56 Job executing on host: <10.5.226.32:9618?addrs=10.5.226.32-9618+[--1]-9618&noUDP&sock=2551_5a2f_3>
...
006 (10042328.000.000) 08/09 16:12:05 Image size of job updated: 11700
	8  -  MemoryUsage of job (MB)
	7348  -  ResidentSetSize of job (KB)
...
006 (10042328.000.000) 08/09 16:17:06 Image size of job updated: 11916
	8  -  MemoryUsage of job (MB)
	7476  -  ResidentSetSize of job (KB)
...
006 (10042328.000.000) 08/09 16:32:07 Image size of job updated: 12084
	8  -  MemoryUsage of job (MB)
	7604  -  ResidentSetSize of job (KB)
...
006 (10042328.000.000) 08/09 16:57:09 Image size of job updated: 12116
	8  -  MemoryUsage of job (MB)
	7636  -  ResidentSetSize of job (KB)
...
005 (10042328.000.000) 08/09 18:19:20 Job terminated.
	(1) Normal termination (return value 0)
		Usr 0 02:05:09, Sys 0 00:00:31  -  Run Remote Usage
		Usr 0 00:00:00, Sys 0 00:00:00  -  Run Local Usage
		Usr 0 02:05:09, Sys 0 00:00:31  -  Total Remote Usage
		Usr 0 00:00:00, Sys 0 00:00:00  -  Total Local Usage
	0  -  Run Bytes Sent By Job
	0  -  Run Bytes Received By Job
	0  -  Total Bytes Sent By Job
	0  -  Total Bytes Received By Job
	Partitionable Resources :    Usage  Request Allocated
	   Cpus                 :                 1         1
	   Disk (KB)            :        5        5   1508650
	   Memory (MB)          :        8        1         1
...
