000 (10042329.000.000) 08/09 16:11:48 Job submitted from host: <10.5.0.46:9618?addrs=10.5.0.46-9618&noUDP&sock=2497_a07a_3>
...
001 (10042329.000.000) 08/09 16:11:56 Job executing on host: <10.5.197.36:9618?addrs=10.5.197.36-9618+[--1]-9618&noUDP&sock=2559_d6f1_3>
...
006 (10042329.000.000) 08/09 16:12:05 Image size of job updated: 11840
	8  -  MemoryUsage of job (MB)
	7484  -  ResidentSetSize of job (KB)
...
006 (10042329.000.000) 08/09 16:22:06 Image size of job updated: 11968
	8  -  MemoryUsage of job (MB)
	7524  -  ResidentSetSize of job (KB)
...
006 (10042329.000.000) 08/09 16:32:07 Image size of job updated: 12564
	8  -  MemoryUsage of job (MB)
	8080  -  ResidentSetSize of job (KB)
...
006 (10042329.000.000) 08/09 17:12:11 Image size of job updated: 12664
	8  -  MemoryUsage of job (MB)
	8180  -  ResidentSetSize of job (KB)
...
006 (10042329.000.000) 08/09 17:42:14 Image size of job updated: 12664
	9  -  MemoryUsage of job (MB)
	8260  -  ResidentSetSize of job (KB)
...
006 (10042329.000.000) 08/09 18:17:00 Image size of job updated: 143656
	9  -  MemoryUsage of job (MB)
	8260  -  ResidentSetSize of job (KB)
...
005 (10042329.000.000) 08/09 18:17:00 Job terminated.
	(1) Normal termination (return value 0)
		Usr 0 02:03:14, Sys 0 00:00:24  -  Run Remote Usage
		Usr 0 00:00:00, Sys 0 00:00:00  -  Run Local Usage
		Usr 0 02:03:14, Sys 0 00:00:24  -  Total Remote Usage
		Usr 0 00:00:00, Sys 0 00:00:00  -  Total Local Usage
	0  -  Run Bytes Sent By Job
	0  -  Run Bytes Received By Job
	0  -  Total Bytes Sent By Job
	0  -  Total Bytes Received By Job
	Partitionable Resources :    Usage  Request Allocated
	   Cpus                 :                 1         1
	   Disk (KB)            :        5        5   1508636
	   Memory (MB)          :        9        1         1
...
