000 (10042219.000.000) 08/09 16:09:52 Job submitted from host: <10.5.0.46:9618?addrs=10.5.0.46-9618&noUDP&sock=2497_a07a_3>
...
001 (10042219.000.000) 08/09 16:10:16 Job executing on host: <10.5.207.106:9618?addrs=10.5.207.106-9618+[--1]-9618&noUDP&sock=1976_f33b_3>
...
006 (10042219.000.000) 08/09 16:10:25 Image size of job updated: 11736
	8  -  MemoryUsage of job (MB)
	7404  -  ResidentSetSize of job (KB)
...
006 (10042219.000.000) 08/09 16:15:26 Image size of job updated: 11928
	8  -  MemoryUsage of job (MB)
	7508  -  ResidentSetSize of job (KB)
...
006 (10042219.000.000) 08/09 16:20:26 Image size of job updated: 12080
	8  -  MemoryUsage of job (MB)
	7640  -  ResidentSetSize of job (KB)
...
006 (10042219.000.000) 08/09 17:55:37 Image size of job updated: 12192
	8  -  MemoryUsage of job (MB)
	7740  -  ResidentSetSize of job (KB)
...
006 (10042219.000.000) 08/09 18:00:37 Image size of job updated: 12192
	8  -  MemoryUsage of job (MB)
	7928  -  ResidentSetSize of job (KB)
...
006 (10042219.000.000) 08/09 18:56:01 Image size of job updated: 12348
	8  -  MemoryUsage of job (MB)
	7928  -  ResidentSetSize of job (KB)
...
005 (10042219.000.000) 08/09 18:56:01 Job terminated.
	(1) Normal termination (return value 0)
		Usr 0 02:43:46, Sys 0 00:00:24  -  Run Remote Usage
		Usr 0 00:00:00, Sys 0 00:00:00  -  Run Local Usage
		Usr 0 02:43:46, Sys 0 00:00:24  -  Total Remote Usage
		Usr 0 00:00:00, Sys 0 00:00:00  -  Total Local Usage
	0  -  Run Bytes Sent By Job
	0  -  Run Bytes Received By Job
	0  -  Total Bytes Sent By Job
	0  -  Total Bytes Received By Job
	Partitionable Resources :    Usage  Request Allocated
	   Cpus                 :                 1         1
	   Disk (KB)            :        5        5   1505161
	   Memory (MB)          :        8        1         1
...
