000 (10042760.000.000) 08/09 16:19:31 Job submitted from host: <10.5.0.46:9618?addrs=10.5.0.46-9618&noUDP&sock=2497_a07a_3>
...
001 (10042760.000.000) 08/09 16:22:07 Job executing on host: <10.5.157.67:9618?addrs=10.5.157.67-9618+[--1]-9618&noUDP&sock=2561_868a_3>
...
006 (10042760.000.000) 08/09 16:22:16 Image size of job updated: 11728
	8  -  MemoryUsage of job (MB)
	7384  -  ResidentSetSize of job (KB)
...
006 (10042760.000.000) 08/09 16:27:17 Image size of job updated: 11864
	8  -  MemoryUsage of job (MB)
	7432  -  ResidentSetSize of job (KB)
...
006 (10042760.000.000) 08/09 16:32:18 Image size of job updated: 11864
	8  -  MemoryUsage of job (MB)
	7612  -  ResidentSetSize of job (KB)
...
006 (10042760.000.000) 08/09 16:42:19 Image size of job updated: 11904
	8  -  MemoryUsage of job (MB)
	7612  -  ResidentSetSize of job (KB)
...
006 (10042760.000.000) 08/09 17:17:22 Image size of job updated: 11984
	8  -  MemoryUsage of job (MB)
	7612  -  ResidentSetSize of job (KB)
...
006 (10042760.000.000) 08/09 17:57:26 Image size of job updated: 12064
	8  -  MemoryUsage of job (MB)
	7612  -  ResidentSetSize of job (KB)
...
006 (10042760.000.000) 08/09 18:24:46 Image size of job updated: 12420
	8  -  MemoryUsage of job (MB)
	7612  -  ResidentSetSize of job (KB)
...
005 (10042760.000.000) 08/09 18:24:46 Job terminated.
	(1) Normal termination (return value 0)
		Usr 0 02:01:23, Sys 0 00:00:20  -  Run Remote Usage
		Usr 0 00:00:00, Sys 0 00:00:00  -  Run Local Usage
		Usr 0 02:01:23, Sys 0 00:00:20  -  Total Remote Usage
		Usr 0 00:00:00, Sys 0 00:00:00  -  Total Local Usage
	0  -  Run Bytes Sent By Job
	0  -  Run Bytes Received By Job
	0  -  Total Bytes Sent By Job
	0  -  Total Bytes Received By Job
	Partitionable Resources :    Usage  Request Allocated
	   Cpus                 :                 1         1
	   Disk (KB)            :        5        5   1508637
	   Memory (MB)          :        8        1         1
...
