000 (10042263.000.000) 08/09 16:10:38 Job submitted from host: <10.5.0.46:9618?addrs=10.5.0.46-9618&noUDP&sock=2497_a07a_3>
...
001 (10042263.000.000) 08/09 16:10:57 Job executing on host: <10.5.205.90:9618?addrs=10.5.205.90-9618+[--1]-9618&noUDP&sock=2562_e5ba_3>
...
006 (10042263.000.000) 08/09 16:11:05 Image size of job updated: 11696
	8  -  MemoryUsage of job (MB)
	7348  -  ResidentSetSize of job (KB)
...
006 (10042263.000.000) 08/09 16:16:05 Image size of job updated: 12296
	8  -  MemoryUsage of job (MB)
	7860  -  ResidentSetSize of job (KB)
...
005 (10042263.000.000) 08/09 18:15:59 Job terminated.
	(1) Normal termination (return value 0)
		Usr 0 02:02:47, Sys 0 00:00:30  -  Run Remote Usage
		Usr 0 00:00:00, Sys 0 00:00:00  -  Run Local Usage
		Usr 0 02:02:47, Sys 0 00:00:30  -  Total Remote Usage
		Usr 0 00:00:00, Sys 0 00:00:00  -  Total Local Usage
	0  -  Run Bytes Sent By Job
	0  -  Run Bytes Received By Job
	0  -  Total Bytes Sent By Job
	0  -  Total Bytes Received By Job
	Partitionable Resources :    Usage  Request Allocated
	   Cpus                 :                 1         1
	   Disk (KB)            :        5        5   1508642
	   Memory (MB)          :        8        1         1
...
