000 (10042285.000.000) 08/09 16:11:02 Job submitted from host: <10.5.0.46:9618?addrs=10.5.0.46-9618&noUDP&sock=2497_a07a_3>
...
001 (10042285.000.000) 08/09 16:11:24 Job executing on host: <10.5.172.143:9618?addrs=10.5.172.143-9618+[--1]-9618&noUDP&sock=2542_2dd5_3>
...
006 (10042285.000.000) 08/09 16:11:32 Image size of job updated: 11916
	8  -  MemoryUsage of job (MB)
	7576  -  ResidentSetSize of job (KB)
...
006 (10042285.000.000) 08/09 16:16:32 Image size of job updated: 11920
	8  -  MemoryUsage of job (MB)
	7576  -  ResidentSetSize of job (KB)
...
006 (10042285.000.000) 08/09 16:21:33 Image size of job updated: 11964
	8  -  MemoryUsage of job (MB)
	7576  -  ResidentSetSize of job (KB)
...
006 (10042285.000.000) 08/09 16:31:34 Image size of job updated: 12004
	8  -  MemoryUsage of job (MB)
	7712  -  ResidentSetSize of job (KB)
...
006 (10042285.000.000) 08/09 16:36:34 Image size of job updated: 12196
	8  -  MemoryUsage of job (MB)
	7724  -  ResidentSetSize of job (KB)
...
006 (10042285.000.000) 08/09 17:11:38 Image size of job updated: 12436
	8  -  MemoryUsage of job (MB)
	7964  -  ResidentSetSize of job (KB)
...
006 (10042285.000.000) 08/09 18:19:34 Image size of job updated: 143644
	8  -  MemoryUsage of job (MB)
	7964  -  ResidentSetSize of job (KB)
...
005 (10042285.000.000) 08/09 18:19:34 Job terminated.
	(1) Normal termination (return value 0)
		Usr 0 02:05:51, Sys 0 00:00:32  -  Run Remote Usage
		Usr 0 00:00:00, Sys 0 00:00:00  -  Run Local Usage
		Usr 0 02:05:51, Sys 0 00:00:32  -  Total Remote Usage
		Usr 0 00:00:00, Sys 0 00:00:00  -  Total Local Usage
	0  -  Run Bytes Sent By Job
	0  -  Run Bytes Received By Job
	0  -  Total Bytes Sent By Job
	0  -  Total Bytes Received By Job
	Partitionable Resources :    Usage  Request Allocated
	   Cpus                 :                 1         1
	   Disk (KB)            :        5        5   1508653
	   Memory (MB)          :        8        1         1
...
