000 (10042756.000.000) 08/09 16:19:27 Job submitted from host: <10.5.0.46:9618?addrs=10.5.0.46-9618&noUDP&sock=2497_a07a_3>
...
001 (10042756.000.000) 08/09 16:21:46 Job executing on host: <10.5.238.76:9618?addrs=10.5.238.76-9618+[--1]-9618&noUDP&sock=3127_c124_3>
...
006 (10042756.000.000) 08/09 16:21:55 Image size of job updated: 11804
	8  -  MemoryUsage of job (MB)
	7456  -  ResidentSetSize of job (KB)
...
006 (10042756.000.000) 08/09 16:26:56 Image size of job updated: 11844
	8  -  MemoryUsage of job (MB)
	7456  -  ResidentSetSize of job (KB)
...
006 (10042756.000.000) 08/09 16:31:56 Image size of job updated: 11888
	8  -  MemoryUsage of job (MB)
	7456  -  ResidentSetSize of job (KB)
...
006 (10042756.000.000) 08/09 16:36:56 Image size of job updated: 11924
	8  -  MemoryUsage of job (MB)
	7456  -  ResidentSetSize of job (KB)
...
006 (10042756.000.000) 08/09 16:46:57 Image size of job updated: 11932
	8  -  MemoryUsage of job (MB)
	7456  -  ResidentSetSize of job (KB)
...
006 (10042756.000.000) 08/09 16:51:57 Image size of job updated: 12040
	8  -  MemoryUsage of job (MB)
	7560  -  ResidentSetSize of job (KB)
...
006 (10042756.000.000) 08/09 16:56:58 Image size of job updated: 12040
	8  -  MemoryUsage of job (MB)
	7788  -  ResidentSetSize of job (KB)
...
006 (10042756.000.000) 08/09 17:22:01 Image size of job updated: 12116
	8  -  MemoryUsage of job (MB)
	7788  -  ResidentSetSize of job (KB)
...
006 (10042756.000.000) 08/09 18:21:59 Image size of job updated: 143776
	8  -  MemoryUsage of job (MB)
	7788  -  ResidentSetSize of job (KB)
...
005 (10042756.000.000) 08/09 18:21:59 Job terminated.
	(1) Normal termination (return value 0)
		Usr 0 01:58:55, Sys 0 00:00:21  -  Run Remote Usage
		Usr 0 00:00:00, Sys 0 00:00:00  -  Run Local Usage
		Usr 0 01:58:55, Sys 0 00:00:21  -  Total Remote Usage
		Usr 0 00:00:00, Sys 0 00:00:00  -  Total Local Usage
	0  -  Run Bytes Sent By Job
	0  -  Run Bytes Received By Job
	0  -  Total Bytes Sent By Job
	0  -  Total Bytes Received By Job
	Partitionable Resources :    Usage  Request Allocated
	   Cpus                 :                 1         1
	   Disk (KB)            :        5        5   1508535
	   Memory (MB)          :        8        1         1
...
