000 (10042856.000.000) 08/09 16:21:30 Job submitted from host: <10.5.0.46:9618?addrs=10.5.0.46-9618&noUDP&sock=2497_a07a_3>
...
001 (10042856.000.000) 08/09 18:18:36 Job executing on host: <10.5.155.56:9618?addrs=10.5.155.56-9618+[--1]-9618&noUDP&sock=2548_4b67_3>
...
006 (10042856.000.000) 08/09 18:18:45 Image size of job updated: 11728
	8  -  MemoryUsage of job (MB)
	7384  -  ResidentSetSize of job (KB)
...
006 (10042856.000.000) 08/09 18:23:46 Image size of job updated: 11928
	8  -  MemoryUsage of job (MB)
	7496  -  ResidentSetSize of job (KB)
...
006 (10042856.000.000) 08/09 18:58:49 Image size of job updated: 11948
	8  -  MemoryUsage of job (MB)
	7504  -  ResidentSetSize of job (KB)
...
006 (10042856.000.000) 08/09 19:08:50 Image size of job updated: 12052
	8  -  MemoryUsage of job (MB)
	7576  -  ResidentSetSize of job (KB)
...
006 (10042856.000.000) 08/09 19:53:55 Image size of job updated: 12232
	8  -  MemoryUsage of job (MB)
	7756  -  ResidentSetSize of job (KB)
...
006 (10042856.000.000) 08/09 19:58:56 Image size of job updated: 12232
	8  -  MemoryUsage of job (MB)
	7880  -  ResidentSetSize of job (KB)
...
006 (10042856.000.000) 08/09 20:08:57 Image size of job updated: 12280
	8  -  MemoryUsage of job (MB)
	7880  -  ResidentSetSize of job (KB)
...
005 (10042856.000.000) 08/09 20:16:28 Job terminated.
	(1) Normal termination (return value 0)
		Usr 0 01:57:07, Sys 0 00:00:19  -  Run Remote Usage
		Usr 0 00:00:00, Sys 0 00:00:00  -  Run Local Usage
		Usr 0 01:57:07, Sys 0 00:00:19  -  Total Remote Usage
		Usr 0 00:00:00, Sys 0 00:00:00  -  Total Local Usage
	0  -  Run Bytes Sent By Job
	0  -  Run Bytes Received By Job
	0  -  Total Bytes Sent By Job
	0  -  Total Bytes Received By Job
	Partitionable Resources :    Usage  Request Allocated
	   Cpus                 :                 1         1
	   Disk (KB)            :        5        5   1508651
	   Memory (MB)          :        8        1         1
...
