000 (10042227.000.000) 08/09 16:10:00 Job submitted from host: <10.5.0.46:9618?addrs=10.5.0.46-9618&noUDP&sock=2497_a07a_3>
...
001 (10042227.000.000) 08/09 16:10:25 Job executing on host: <10.5.205.90:9618?addrs=10.5.205.90-9618+[--1]-9618&noUDP&sock=2562_e5ba_3>
...
006 (10042227.000.000) 08/09 16:10:33 Image size of job updated: 11744
	8  -  MemoryUsage of job (MB)
	7396  -  ResidentSetSize of job (KB)
...
006 (10042227.000.000) 08/09 16:15:33 Image size of job updated: 11848
	8  -  MemoryUsage of job (MB)
	7412  -  ResidentSetSize of job (KB)
...
006 (10042227.000.000) 08/09 16:20:33 Image size of job updated: 11848
	8  -  MemoryUsage of job (MB)
	7620  -  ResidentSetSize of job (KB)
...
006 (10042227.000.000) 08/09 16:25:34 Image size of job updated: 11880
	8  -  MemoryUsage of job (MB)
	7620  -  ResidentSetSize of job (KB)
...
006 (10042227.000.000) 08/09 16:35:34 Image size of job updated: 11912
	8  -  MemoryUsage of job (MB)
	7620  -  ResidentSetSize of job (KB)
...
006 (10042227.000.000) 08/09 16:45:36 Image size of job updated: 11928
	8  -  MemoryUsage of job (MB)
	7620  -  ResidentSetSize of job (KB)
...
006 (10042227.000.000) 08/09 16:50:36 Image size of job updated: 11964
	8  -  MemoryUsage of job (MB)
	7620  -  ResidentSetSize of job (KB)
...
006 (10042227.000.000) 08/09 16:55:37 Image size of job updated: 12488
	8  -  MemoryUsage of job (MB)
	8008  -  ResidentSetSize of job (KB)
...
006 (10042227.000.000) 08/09 18:15:36 Image size of job updated: 143608
	8  -  MemoryUsage of job (MB)
	8008  -  ResidentSetSize of job (KB)
...
005 (10042227.000.000) 08/09 18:15:36 Job terminated.
	(1) Normal termination (return value 0)
		Usr 0 02:03:07, Sys 0 00:00:27  -  Run Remote Usage
		Usr 0 00:00:00, Sys 0 00:00:00  -  Run Local Usage
		Usr 0 02:03:07, Sys 0 00:00:27  -  Total Remote Usage
		Usr 0 00:00:00, Sys 0 00:00:00  -  Total Local Usage
	0  -  Run Bytes Sent By Job
	0  -  Run Bytes Received By Job
	0  -  Total Bytes Sent By Job
	0  -  Total Bytes Received By Job
	Partitionable Resources :    Usage  Request Allocated
	   Cpus                 :                 1         1
	   Disk (KB)            :        5        5   1508642
	   Memory (MB)          :        8        1         1
...
