000 (10042229.000.000) 08/09 16:10:02 Job submitted from host: <10.5.0.46:9618?addrs=10.5.0.46-9618&noUDP&sock=2497_a07a_3>
...
001 (10042229.000.000) 08/09 16:10:25 Job executing on host: <10.5.199.195:9618?addrs=10.5.199.195-9618+[--1]-9618&noUDP&sock=2554_68f8_3>
...
006 (10042229.000.000) 08/09 16:10:33 Image size of job updated: 11776
	8  -  MemoryUsage of job (MB)
	7420  -  ResidentSetSize of job (KB)
...
006 (10042229.000.000) 08/09 16:15:33 Image size of job updated: 11828
	8  -  MemoryUsage of job (MB)
	7420  -  ResidentSetSize of job (KB)
...
006 (10042229.000.000) 08/09 16:20:33 Image size of job updated: 12012
	8  -  MemoryUsage of job (MB)
	7568  -  ResidentSetSize of job (KB)
...
006 (10042229.000.000) 08/09 16:30:34 Image size of job updated: 12052
	8  -  MemoryUsage of job (MB)
	7596  -  ResidentSetSize of job (KB)
...
006 (10042229.000.000) 08/09 17:35:41 Image size of job updated: 12128
	8  -  MemoryUsage of job (MB)
	7648  -  ResidentSetSize of job (KB)
...
006 (10042229.000.000) 08/09 17:45:42 Image size of job updated: 12420
	8  -  MemoryUsage of job (MB)
	7940  -  ResidentSetSize of job (KB)
...
005 (10042229.000.000) 08/09 18:17:38 Job terminated.
	(1) Normal termination (return value 0)
		Usr 0 02:05:18, Sys 0 00:00:27  -  Run Remote Usage
		Usr 0 00:00:00, Sys 0 00:00:00  -  Run Local Usage
		Usr 0 02:05:18, Sys 0 00:00:27  -  Total Remote Usage
		Usr 0 00:00:00, Sys 0 00:00:00  -  Total Local Usage
	0  -  Run Bytes Sent By Job
	0  -  Run Bytes Received By Job
	0  -  Total Bytes Sent By Job
	0  -  Total Bytes Received By Job
	Partitionable Resources :    Usage  Request Allocated
	   Cpus                 :                 1         1
	   Disk (KB)            :        5        5   1508647
	   Memory (MB)          :        8        1         1
...
