000 (10042558.000.000) 08/09 16:15:50 Job submitted from host: <10.5.0.46:9618?addrs=10.5.0.46-9618&noUDP&sock=2497_a07a_3>
...
001 (10042558.000.000) 08/09 16:16:07 Job executing on host: <10.5.210.143:9618?addrs=10.5.210.143-9618+[--1]-9618&noUDP&sock=2366_c592_3>
...
006 (10042558.000.000) 08/09 16:16:16 Image size of job updated: 11724
	8  -  MemoryUsage of job (MB)
	7404  -  ResidentSetSize of job (KB)
...
006 (10042558.000.000) 08/09 16:21:17 Image size of job updated: 11824
	8  -  MemoryUsage of job (MB)
	7416  -  ResidentSetSize of job (KB)
...
006 (10042558.000.000) 08/09 16:26:17 Image size of job updated: 11904
	8  -  MemoryUsage of job (MB)
	7496  -  ResidentSetSize of job (KB)
...
006 (10042558.000.000) 08/09 17:01:21 Image size of job updated: 11940
	8  -  MemoryUsage of job (MB)
	7520  -  ResidentSetSize of job (KB)
...
006 (10042558.000.000) 08/09 17:46:26 Image size of job updated: 11996
	8  -  MemoryUsage of job (MB)
	7576  -  ResidentSetSize of job (KB)
...
006 (10042558.000.000) 08/09 18:56:33 Image size of job updated: 12340
	8  -  MemoryUsage of job (MB)
	7896  -  ResidentSetSize of job (KB)
...
005 (10042558.000.000) 08/09 19:36:16 Job terminated.
	(1) Normal termination (return value 0)
		Usr 0 03:18:52, Sys 0 00:00:27  -  Run Remote Usage
		Usr 0 00:00:00, Sys 0 00:00:00  -  Run Local Usage
		Usr 0 03:18:52, Sys 0 00:00:27  -  Total Remote Usage
		Usr 0 00:00:00, Sys 0 00:00:00  -  Total Local Usage
	0  -  Run Bytes Sent By Job
	0  -  Run Bytes Received By Job
	0  -  Total Bytes Sent By Job
	0  -  Total Bytes Received By Job
	Partitionable Resources :    Usage  Request Allocated
	   Cpus                 :                 1         1
	   Disk (KB)            :        5        5   1508312
	   Memory (MB)          :        8        1         1
...
