000 (10042321.000.000) 08/09 16:11:39 Job submitted from host: <10.5.0.46:9618?addrs=10.5.0.46-9618&noUDP&sock=2497_a07a_3>
...
001 (10042321.000.000) 08/09 16:11:56 Job executing on host: <10.5.230.127:9618?addrs=10.5.230.127-9618+[--1]-9618&noUDP&sock=2572_1214_3>
...
006 (10042321.000.000) 08/09 16:12:05 Image size of job updated: 11820
	8  -  MemoryUsage of job (MB)
	7468  -  ResidentSetSize of job (KB)
...
006 (10042321.000.000) 08/09 16:22:06 Image size of job updated: 11844
	8  -  MemoryUsage of job (MB)
	7468  -  ResidentSetSize of job (KB)
...
006 (10042321.000.000) 08/09 16:27:07 Image size of job updated: 11904
	8  -  MemoryUsage of job (MB)
	7468  -  ResidentSetSize of job (KB)
...
006 (10042321.000.000) 08/09 16:32:08 Image size of job updated: 11920
	8  -  MemoryUsage of job (MB)
	7468  -  ResidentSetSize of job (KB)
...
006 (10042321.000.000) 08/09 16:37:08 Image size of job updated: 12212
	8  -  MemoryUsage of job (MB)
	7736  -  ResidentSetSize of job (KB)
...
006 (10042321.000.000) 08/09 16:42:08 Image size of job updated: 12212
	8  -  MemoryUsage of job (MB)
	7868  -  ResidentSetSize of job (KB)
...
005 (10042321.000.000) 08/09 18:18:29 Job terminated.
	(1) Normal termination (return value 0)
		Usr 0 02:04:01, Sys 0 00:00:29  -  Run Remote Usage
		Usr 0 00:00:00, Sys 0 00:00:00  -  Run Local Usage
		Usr 0 02:04:01, Sys 0 00:00:29  -  Total Remote Usage
		Usr 0 00:00:00, Sys 0 00:00:00  -  Total Local Usage
	0  -  Run Bytes Sent By Job
	0  -  Run Bytes Received By Job
	0  -  Total Bytes Sent By Job
	0  -  Total Bytes Received By Job
	Partitionable Resources :    Usage  Request Allocated
	   Cpus                 :                 1         1
	   Disk (KB)            :        5        5   1504613
	   Memory (MB)          :        8        1         1
...
