000 (10042455.000.000) 08/09 16:14:01 Job submitted from host: <10.5.0.46:9618?addrs=10.5.0.46-9618&noUDP&sock=2497_a07a_3>
...
001 (10042455.000.000) 08/09 16:14:17 Job executing on host: <10.5.234.205:9618?addrs=10.5.234.205-9618+[--1]-9618&noUDP&sock=2565_44eb_3>
...
006 (10042455.000.000) 08/09 16:14:26 Image size of job updated: 11756
	8  -  MemoryUsage of job (MB)
	7412  -  ResidentSetSize of job (KB)
...
006 (10042455.000.000) 08/09 16:19:27 Image size of job updated: 11856
	8  -  MemoryUsage of job (MB)
	7424  -  ResidentSetSize of job (KB)
...
006 (10042455.000.000) 08/09 16:29:27 Image size of job updated: 11900
	8  -  MemoryUsage of job (MB)
	7468  -  ResidentSetSize of job (KB)
...
006 (10042455.000.000) 08/09 16:39:29 Image size of job updated: 11920
	8  -  MemoryUsage of job (MB)
	7476  -  ResidentSetSize of job (KB)
...
006 (10042455.000.000) 08/09 16:44:29 Image size of job updated: 11968
	8  -  MemoryUsage of job (MB)
	7524  -  ResidentSetSize of job (KB)
...
006 (10042455.000.000) 08/09 17:04:31 Image size of job updated: 12148
	8  -  MemoryUsage of job (MB)
	7704  -  ResidentSetSize of job (KB)
...
006 (10042455.000.000) 08/09 18:09:38 Image size of job updated: 12216
	8  -  MemoryUsage of job (MB)
	7740  -  ResidentSetSize of job (KB)
...
005 (10042455.000.000) 08/09 18:19:01 Job terminated.
	(1) Normal termination (return value 0)
		Usr 0 02:02:26, Sys 0 00:00:24  -  Run Remote Usage
		Usr 0 00:00:00, Sys 0 00:00:00  -  Run Local Usage
		Usr 0 02:02:26, Sys 0 00:00:24  -  Total Remote Usage
		Usr 0 00:00:00, Sys 0 00:00:00  -  Total Local Usage
	0  -  Run Bytes Sent By Job
	0  -  Run Bytes Received By Job
	0  -  Total Bytes Sent By Job
	0  -  Total Bytes Received By Job
	Partitionable Resources :    Usage  Request Allocated
	   Cpus                 :                 1         1
	   Disk (KB)            :        5        5   1508057
	   Memory (MB)          :        8        1         1
...
