000 (10042200.000.000) 08/09 16:09:32 Job submitted from host: <10.5.0.46:9618?addrs=10.5.0.46-9618&noUDP&sock=2497_a07a_3>
...
001 (10042200.000.000) 08/09 16:09:56 Job executing on host: <10.5.207.106:9618?addrs=10.5.207.106-9618+[--1]-9618&noUDP&sock=1976_f33b_3>
...
006 (10042200.000.000) 08/09 16:10:05 Image size of job updated: 11712
	8  -  MemoryUsage of job (MB)
	7376  -  ResidentSetSize of job (KB)
...
006 (10042200.000.000) 08/09 16:15:06 Image size of job updated: 11792
	8  -  MemoryUsage of job (MB)
	7376  -  ResidentSetSize of job (KB)
...
006 (10042200.000.000) 08/09 16:20:06 Image size of job updated: 12044
	8  -  MemoryUsage of job (MB)
	7620  -  ResidentSetSize of job (KB)
...
006 (10042200.000.000) 08/09 16:25:07 Image size of job updated: 12060
	8  -  MemoryUsage of job (MB)
	7636  -  ResidentSetSize of job (KB)
...
006 (10042200.000.000) 08/09 16:50:10 Image size of job updated: 12060
	8  -  MemoryUsage of job (MB)
	7784  -  ResidentSetSize of job (KB)
...
006 (10042200.000.000) 08/09 17:15:13 Image size of job updated: 12204
	8  -  MemoryUsage of job (MB)
	7784  -  ResidentSetSize of job (KB)
...
006 (10042200.000.000) 08/09 17:20:14 Image size of job updated: 12204
	8  -  MemoryUsage of job (MB)
	7900  -  ResidentSetSize of job (KB)
...
006 (10042200.000.000) 08/09 17:25:14 Image size of job updated: 12212
	8  -  MemoryUsage of job (MB)
	7900  -  ResidentSetSize of job (KB)
...
006 (10042200.000.000) 08/09 18:50:23 Image size of job updated: 12396
	8  -  MemoryUsage of job (MB)
	7960  -  ResidentSetSize of job (KB)
...
006 (10042200.000.000) 08/09 18:56:23 Image size of job updated: 143796
	8  -  MemoryUsage of job (MB)
	7960  -  ResidentSetSize of job (KB)
...
005 (10042200.000.000) 08/09 18:56:23 Job terminated.
	(1) Normal termination (return value 0)
		Usr 0 02:44:27, Sys 0 00:00:21  -  Run Remote Usage
		Usr 0 00:00:00, Sys 0 00:00:00  -  Run Local Usage
		Usr 0 02:44:27, Sys 0 00:00:21  -  Total Remote Usage
		Usr 0 00:00:00, Sys 0 00:00:00  -  Total Local Usage
	0  -  Run Bytes Sent By Job
	0  -  Run Bytes Received By Job
	0  -  Total Bytes Sent By Job
	0  -  Total Bytes Received By Job
	Partitionable Resources :    Usage  Request Allocated
	   Cpus                 :                 1         1
	   Disk (KB)            :        5        5   1505161
	   Memory (MB)          :        8        1         1
...
