000 (10042194.000.000) 08/09 16:09:25 Job submitted from host: <10.5.0.46:9618?addrs=10.5.0.46-9618&noUDP&sock=2497_a07a_3>
...
001 (10042194.000.000) 08/09 16:09:44 Job executing on host: <10.5.202.3:9618?addrs=10.5.202.3-9618+[--1]-9618&noUDP&sock=2544_8d06_3>
...
006 (10042194.000.000) 08/09 16:09:52 Image size of job updated: 13616
	8  -  MemoryUsage of job (MB)
	7924  -  ResidentSetSize of job (KB)
...
006 (10042194.000.000) 08/09 17:19:59 Image size of job updated: 13748
	8  -  MemoryUsage of job (MB)
	7924  -  ResidentSetSize of job (KB)
...
006 (10042194.000.000) 08/09 17:35:01 Image size of job updated: 13784
	8  -  MemoryUsage of job (MB)
	7924  -  ResidentSetSize of job (KB)
...
006 (10042194.000.000) 08/09 17:40:02 Image size of job updated: 13816
	8  -  MemoryUsage of job (MB)
	7952  -  ResidentSetSize of job (KB)
...
005 (10042194.000.000) 08/09 18:15:05 Job terminated.
	(1) Normal termination (return value 0)
		Usr 0 02:03:03, Sys 0 00:00:37  -  Run Remote Usage
		Usr 0 00:00:00, Sys 0 00:00:00  -  Run Local Usage
		Usr 0 02:03:03, Sys 0 00:00:37  -  Total Remote Usage
		Usr 0 00:00:00, Sys 0 00:00:00  -  Total Local Usage
	0  -  Run Bytes Sent By Job
	0  -  Run Bytes Received By Job
	0  -  Total Bytes Sent By Job
	0  -  Total Bytes Received By Job
	Partitionable Resources :    Usage  Request Allocated
	   Cpus                 :                 1         1
	   Disk (KB)            :        5        5   1508651
	   Memory (MB)          :        8        1         1
...
