000 (10042284.000.000) 08/09 16:11:01 Job submitted from host: <10.5.0.46:9618?addrs=10.5.0.46-9618&noUDP&sock=2497_a07a_3>
...
001 (10042284.000.000) 08/09 16:11:23 Job executing on host: <10.5.230.127:9618?addrs=10.5.230.127-9618+[--1]-9618&noUDP&sock=2572_1214_3>
...
006 (10042284.000.000) 08/09 16:11:31 Image size of job updated: 11764
	8  -  MemoryUsage of job (MB)
	7412  -  ResidentSetSize of job (KB)
...
006 (10042284.000.000) 08/09 16:16:31 Image size of job updated: 11888
	8  -  MemoryUsage of job (MB)
	7448  -  ResidentSetSize of job (KB)
...
006 (10042284.000.000) 08/09 16:31:33 Image size of job updated: 12008
	8  -  MemoryUsage of job (MB)
	7528  -  ResidentSetSize of job (KB)
...
006 (10042284.000.000) 08/09 16:36:33 Image size of job updated: 12304
	8  -  MemoryUsage of job (MB)
	7824  -  ResidentSetSize of job (KB)
...
006 (10042284.000.000) 08/09 17:31:39 Image size of job updated: 12440
	8  -  MemoryUsage of job (MB)
	7960  -  ResidentSetSize of job (KB)
...
006 (10042284.000.000) 08/09 17:56:40 Image size of job updated: 12440
	8  -  MemoryUsage of job (MB)
	7976  -  ResidentSetSize of job (KB)
...
005 (10042284.000.000) 08/09 18:16:47 Job terminated.
	(1) Normal termination (return value 0)
		Usr 0 02:03:33, Sys 0 00:00:26  -  Run Remote Usage
		Usr 0 00:00:00, Sys 0 00:00:00  -  Run Local Usage
		Usr 0 02:03:33, Sys 0 00:00:26  -  Total Remote Usage
		Usr 0 00:00:00, Sys 0 00:00:00  -  Total Local Usage
	0  -  Run Bytes Sent By Job
	0  -  Run Bytes Received By Job
	0  -  Total Bytes Sent By Job
	0  -  Total Bytes Received By Job
	Partitionable Resources :    Usage  Request Allocated
	   Cpus                 :                 1         1
	   Disk (KB)            :        5        5   1504613
	   Memory (MB)          :        8        1         1
...
