000 (10042809.000.000) 08/09 16:20:40 Job submitted from host: <10.5.0.46:9618?addrs=10.5.0.46-9618&noUDP&sock=2497_a07a_3>
...
001 (10042809.000.000) 08/09 18:15:30 Job executing on host: <10.5.156.5:9618?addrs=10.5.156.5-9618+[--1]-9618&noUDP&sock=2548_4b67_3>
...
006 (10042809.000.000) 08/09 18:15:38 Image size of job updated: 11756
	8  -  MemoryUsage of job (MB)
	7400  -  ResidentSetSize of job (KB)
...
006 (10042809.000.000) 08/09 18:20:38 Image size of job updated: 11920
	8  -  MemoryUsage of job (MB)
	7476  -  ResidentSetSize of job (KB)
...
006 (10042809.000.000) 08/09 18:30:40 Image size of job updated: 11964
	8  -  MemoryUsage of job (MB)
	7496  -  ResidentSetSize of job (KB)
...
006 (10042809.000.000) 08/09 19:15:44 Image size of job updated: 12060
	8  -  MemoryUsage of job (MB)
	7580  -  ResidentSetSize of job (KB)
...
006 (10042809.000.000) 08/09 20:05:49 Image size of job updated: 12428
	8  -  MemoryUsage of job (MB)
	7948  -  ResidentSetSize of job (KB)
...
005 (10042809.000.000) 08/09 20:14:53 Job terminated.
	(1) Normal termination (return value 0)
		Usr 0 01:58:11, Sys 0 00:00:23  -  Run Remote Usage
		Usr 0 00:00:00, Sys 0 00:00:00  -  Run Local Usage
		Usr 0 01:58:11, Sys 0 00:00:23  -  Total Remote Usage
		Usr 0 00:00:00, Sys 0 00:00:00  -  Total Local Usage
	0  -  Run Bytes Sent By Job
	0  -  Run Bytes Received By Job
	0  -  Total Bytes Sent By Job
	0  -  Total Bytes Received By Job
	Partitionable Resources :    Usage  Request Allocated
	   Cpus                 :                 1         1
	   Disk (KB)            :        5        5   1508653
	   Memory (MB)          :        8        1         1
...
