000 (10042555.000.000) 08/09 16:15:47 Job submitted from host: <10.5.0.46:9618?addrs=10.5.0.46-9618&noUDP&sock=2497_a07a_3>
...
001 (10042555.000.000) 08/09 16:16:07 Job executing on host: <10.5.155.250:9618?addrs=10.5.155.250-9618+[--1]-9618&noUDP&sock=2560_868a_3>
...
006 (10042555.000.000) 08/09 16:16:16 Image size of job updated: 11748
	8  -  MemoryUsage of job (MB)
	7404  -  ResidentSetSize of job (KB)
...
006 (10042555.000.000) 08/09 16:21:17 Image size of job updated: 11980
	8  -  MemoryUsage of job (MB)
	7548  -  ResidentSetSize of job (KB)
...
006 (10042555.000.000) 08/09 16:41:19 Image size of job updated: 12052
	8  -  MemoryUsage of job (MB)
	7608  -  ResidentSetSize of job (KB)
...
006 (10042555.000.000) 08/09 18:11:27 Image size of job updated: 12288
	8  -  MemoryUsage of job (MB)
	7812  -  ResidentSetSize of job (KB)
...
005 (10042555.000.000) 08/09 18:19:35 Job terminated.
	(1) Normal termination (return value 0)
		Usr 0 02:01:16, Sys 0 00:00:25  -  Run Remote Usage
		Usr 0 00:00:00, Sys 0 00:00:00  -  Run Local Usage
		Usr 0 02:01:16, Sys 0 00:00:25  -  Total Remote Usage
		Usr 0 00:00:00, Sys 0 00:00:00  -  Total Local Usage
	0  -  Run Bytes Sent By Job
	0  -  Run Bytes Received By Job
	0  -  Total Bytes Sent By Job
	0  -  Total Bytes Received By Job
	Partitionable Resources :    Usage  Request Allocated
	   Cpus                 :                 1         1
	   Disk (KB)            :        5        5   1508654
	   Memory (MB)          :        8        1         1
...
