000 (10042366.000.000) 08/09 16:12:27 Job submitted from host: <10.5.0.46:9618?addrs=10.5.0.46-9618&noUDP&sock=2497_a07a_3>
...
001 (10042366.000.000) 08/09 16:12:38 Job executing on host: <10.5.197.36:9618?addrs=10.5.197.36-9618+[--1]-9618&noUDP&sock=2559_d6f1_3>
...
006 (10042366.000.000) 08/09 16:12:46 Image size of job updated: 11688
	8  -  MemoryUsage of job (MB)
	7340  -  ResidentSetSize of job (KB)
...
006 (10042366.000.000) 08/09 16:17:46 Image size of job updated: 11760
	8  -  MemoryUsage of job (MB)
	7340  -  ResidentSetSize of job (KB)
...
006 (10042366.000.000) 08/09 16:22:47 Image size of job updated: 11984
	8  -  MemoryUsage of job (MB)
	7548  -  ResidentSetSize of job (KB)
...
006 (10042366.000.000) 08/09 16:32:48 Image size of job updated: 12020
	8  -  MemoryUsage of job (MB)
	7548  -  ResidentSetSize of job (KB)
...
006 (10042366.000.000) 08/09 18:12:58 Image size of job updated: 12052
	8  -  MemoryUsage of job (MB)
	7572  -  ResidentSetSize of job (KB)
...
006 (10042366.000.000) 08/09 18:17:58 Image size of job updated: 12052
	8  -  MemoryUsage of job (MB)
	7832  -  ResidentSetSize of job (KB)
...
006 (10042366.000.000) 08/09 18:19:48 Image size of job updated: 12068
	8  -  MemoryUsage of job (MB)
	7832  -  ResidentSetSize of job (KB)
...
005 (10042366.000.000) 08/09 18:19:48 Job terminated.
	(1) Normal termination (return value 0)
		Usr 0 02:04:55, Sys 0 00:00:23  -  Run Remote Usage
		Usr 0 00:00:00, Sys 0 00:00:00  -  Run Local Usage
		Usr 0 02:04:55, Sys 0 00:00:23  -  Total Remote Usage
		Usr 0 00:00:00, Sys 0 00:00:00  -  Total Local Usage
	0  -  Run Bytes Sent By Job
	0  -  Run Bytes Received By Job
	0  -  Total Bytes Sent By Job
	0  -  Total Bytes Received By Job
	Partitionable Resources :    Usage  Request Allocated
	   Cpus                 :                 1         1
	   Disk (KB)            :        5        5   1508636
	   Memory (MB)          :        8        1         1
...
