000 (10042857.000.000) 08/09 16:21:31 Job submitted from host: <10.5.0.46:9618?addrs=10.5.0.46-9618&noUDP&sock=2497_a07a_3>
...
001 (10042857.000.000) 08/09 18:18:30 Job executing on host: <10.5.176.239:9618?addrs=10.5.176.239-9618+[--1]-9618&noUDP&sock=2556_c829_3>
...
006 (10042857.000.000) 08/09 18:18:39 Image size of job updated: 11776
	8  -  MemoryUsage of job (MB)
	7424  -  ResidentSetSize of job (KB)
...
006 (10042857.000.000) 08/09 18:23:40 Image size of job updated: 11964
	8  -  MemoryUsage of job (MB)
	7524  -  ResidentSetSize of job (KB)
...
006 (10042857.000.000) 08/09 18:28:40 Image size of job updated: 11964
	8  -  MemoryUsage of job (MB)
	7756  -  ResidentSetSize of job (KB)
...
006 (10042857.000.000) 08/09 18:33:40 Image size of job updated: 11976
	8  -  MemoryUsage of job (MB)
	7756  -  ResidentSetSize of job (KB)
...
006 (10042857.000.000) 08/09 19:18:45 Image size of job updated: 11992
	8  -  MemoryUsage of job (MB)
	7756  -  ResidentSetSize of job (KB)
...
006 (10042857.000.000) 08/09 19:28:46 Image size of job updated: 12236
	8  -  MemoryUsage of job (MB)
	7756  -  ResidentSetSize of job (KB)
...
006 (10042857.000.000) 08/09 20:15:51 Image size of job updated: 143660
	8  -  MemoryUsage of job (MB)
	7756  -  ResidentSetSize of job (KB)
...
005 (10042857.000.000) 08/09 20:15:51 Job terminated.
	(1) Normal termination (return value 0)
		Usr 0 01:56:26, Sys 0 00:00:23  -  Run Remote Usage
		Usr 0 00:00:00, Sys 0 00:00:00  -  Run Local Usage
		Usr 0 01:56:26, Sys 0 00:00:23  -  Total Remote Usage
		Usr 0 00:00:00, Sys 0 00:00:00  -  Total Local Usage
	0  -  Run Bytes Sent By Job
	0  -  Run Bytes Received By Job
	0  -  Total Bytes Sent By Job
	0  -  Total Bytes Received By Job
	Partitionable Resources :    Usage  Request Allocated
	   Cpus                 :                 1         1
	   Disk (KB)            :        5        5   1508653
	   Memory (MB)          :        8        1         1
...
