000 (10042222.000.000) 08/09 16:09:55 Job submitted from host: <10.5.0.46:9618?addrs=10.5.0.46-9618&noUDP&sock=2497_a07a_3>
...
001 (10042222.000.000) 08/09 16:10:24 Job executing on host: <10.5.192.180:9618?addrs=10.5.192.180-9618+[--1]-9618&noUDP&sock=2185_9eed_3>
...
006 (10042222.000.000) 08/09 16:10:32 Image size of job updated: 11820
	8  -  MemoryUsage of job (MB)
	7492  -  ResidentSetSize of job (KB)
...
006 (10042222.000.000) 08/09 16:15:32 Image size of job updated: 12180
	8  -  MemoryUsage of job (MB)
	7764  -  ResidentSetSize of job (KB)
...
006 (10042222.000.000) 08/09 16:20:32 Image size of job updated: 12180
	8  -  MemoryUsage of job (MB)
	7884  -  ResidentSetSize of job (KB)
...
006 (10042222.000.000) 08/09 18:30:37 Image size of job updated: 12180
	8  -  MemoryUsage of job (MB)
	7892  -  ResidentSetSize of job (KB)
...
005 (10042222.000.000) 08/09 18:30:37 Job terminated.
	(1) Normal termination (return value 0)
		Usr 0 02:19:12, Sys 0 00:00:27  -  Run Remote Usage
		Usr 0 00:00:00, Sys 0 00:00:00  -  Run Local Usage
		Usr 0 02:19:12, Sys 0 00:00:27  -  Total Remote Usage
		Usr 0 00:00:00, Sys 0 00:00:00  -  Total Local Usage
	0  -  Run Bytes Sent By Job
	0  -  Run Bytes Received By Job
	0  -  Total Bytes Sent By Job
	0  -  Total Bytes Received By Job
	Partitionable Resources :    Usage  Request Allocated
	   Cpus                 :                 1         1
	   Disk (KB)            :        5        5   1505013
	   Memory (MB)          :        8        1         1
...
