000 (10042232.000.000) 08/09 16:10:06 Job submitted from host: <10.5.0.46:9618?addrs=10.5.0.46-9618&noUDP&sock=2497_a07a_3>
...
001 (10042232.000.000) 08/09 16:10:25 Job executing on host: <10.5.202.3:9618?addrs=10.5.202.3-9618+[--1]-9618&noUDP&sock=2544_8d06_3>
...
006 (10042232.000.000) 08/09 16:10:33 Image size of job updated: 11740
	8  -  MemoryUsage of job (MB)
	7396  -  ResidentSetSize of job (KB)
...
006 (10042232.000.000) 08/09 16:15:33 Image size of job updated: 12032
	8  -  MemoryUsage of job (MB)
	7568  -  ResidentSetSize of job (KB)
...
006 (10042232.000.000) 08/09 16:20:33 Image size of job updated: 12080
	8  -  MemoryUsage of job (MB)
	7616  -  ResidentSetSize of job (KB)
...
006 (10042232.000.000) 08/09 17:00:38 Image size of job updated: 12492
	8  -  MemoryUsage of job (MB)
	8016  -  ResidentSetSize of job (KB)
...
006 (10042232.000.000) 08/09 18:14:15 Image size of job updated: 143588
	8  -  MemoryUsage of job (MB)
	8016  -  ResidentSetSize of job (KB)
...
005 (10042232.000.000) 08/09 18:14:15 Job terminated.
	(1) Normal termination (return value 0)
		Usr 0 02:01:41, Sys 0 00:00:31  -  Run Remote Usage
		Usr 0 00:00:00, Sys 0 00:00:00  -  Run Local Usage
		Usr 0 02:01:41, Sys 0 00:00:31  -  Total Remote Usage
		Usr 0 00:00:00, Sys 0 00:00:00  -  Total Local Usage
	0  -  Run Bytes Sent By Job
	0  -  Run Bytes Received By Job
	0  -  Total Bytes Sent By Job
	0  -  Total Bytes Received By Job
	Partitionable Resources :    Usage  Request Allocated
	   Cpus                 :                 1         1
	   Disk (KB)            :        5        5   1508651
	   Memory (MB)          :        8        1         1
...
