000 (10042343.000.000) 08/09 16:12:03 Job submitted from host: <10.5.0.46:9618?addrs=10.5.0.46-9618&noUDP&sock=2497_a07a_3>
...
001 (10042343.000.000) 08/09 16:12:24 Job executing on host: <10.5.155.76:9618?addrs=10.5.155.76-9618+[--1]-9618&noUDP&sock=2550_aa97_3>
...
006 (10042343.000.000) 08/09 16:12:33 Image size of job updated: 11716
	8  -  MemoryUsage of job (MB)
	7372  -  ResidentSetSize of job (KB)
...
006 (10042343.000.000) 08/09 16:17:34 Image size of job updated: 11808
	8  -  MemoryUsage of job (MB)
	7376  -  ResidentSetSize of job (KB)
...
006 (10042343.000.000) 08/09 16:22:34 Image size of job updated: 11844
	8  -  MemoryUsage of job (MB)
	7412  -  ResidentSetSize of job (KB)
...
006 (10042343.000.000) 08/09 16:27:35 Image size of job updated: 11900
	8  -  MemoryUsage of job (MB)
	7436  -  ResidentSetSize of job (KB)
...
006 (10042343.000.000) 08/09 17:02:39 Image size of job updated: 11936
	8  -  MemoryUsage of job (MB)
	7460  -  ResidentSetSize of job (KB)
...
006 (10042343.000.000) 08/09 17:07:39 Image size of job updated: 11936
	8  -  MemoryUsage of job (MB)
	7748  -  ResidentSetSize of job (KB)
...
006 (10042343.000.000) 08/09 17:37:43 Image size of job updated: 12192
	8  -  MemoryUsage of job (MB)
	7748  -  ResidentSetSize of job (KB)
...
006 (10042343.000.000) 08/09 17:42:43 Image size of job updated: 12192
	8  -  MemoryUsage of job (MB)
	7872  -  ResidentSetSize of job (KB)
...
006 (10042343.000.000) 08/09 18:21:05 Image size of job updated: 12352
	8  -  MemoryUsage of job (MB)
	7872  -  ResidentSetSize of job (KB)
...
005 (10042343.000.000) 08/09 18:21:05 Job terminated.
	(1) Normal termination (return value 0)
		Usr 0 02:06:24, Sys 0 00:00:31  -  Run Remote Usage
		Usr 0 00:00:00, Sys 0 00:00:00  -  Run Local Usage
		Usr 0 02:06:24, Sys 0 00:00:31  -  Total Remote Usage
		Usr 0 00:00:00, Sys 0 00:00:00  -  Total Local Usage
	0  -  Run Bytes Sent By Job
	0  -  Run Bytes Received By Job
	0  -  Total Bytes Sent By Job
	0  -  Total Bytes Received By Job
	Partitionable Resources :    Usage  Request Allocated
	   Cpus                 :                 1         1
	   Disk (KB)            :        5        5   1508646
	   Memory (MB)          :        8        1         1
...
