000 (10042585.000.000) 08/09 16:16:26 Job submitted from host: <10.5.0.46:9618?addrs=10.5.0.46-9618&noUDP&sock=2497_a07a_3>
...
001 (10042585.000.000) 08/09 16:16:49 Job executing on host: <10.5.155.70:9618?addrs=10.5.155.70-9618+[--1]-9618&noUDP&sock=2556_c829_3>
...
006 (10042585.000.000) 08/09 16:16:57 Image size of job updated: 11836
	8  -  MemoryUsage of job (MB)
	7480  -  ResidentSetSize of job (KB)
...
006 (10042585.000.000) 08/09 16:21:57 Image size of job updated: 11864
	8  -  MemoryUsage of job (MB)
	7480  -  ResidentSetSize of job (KB)
...
006 (10042585.000.000) 08/09 16:26:58 Image size of job updated: 12388
	8  -  MemoryUsage of job (MB)
	7944  -  ResidentSetSize of job (KB)
...
005 (10042585.000.000) 08/09 18:23:20 Job terminated.
	(1) Normal termination (return value 0)
		Usr 0 02:04:07, Sys 0 00:00:25  -  Run Remote Usage
		Usr 0 00:00:00, Sys 0 00:00:00  -  Run Local Usage
		Usr 0 02:04:07, Sys 0 00:00:25  -  Total Remote Usage
		Usr 0 00:00:00, Sys 0 00:00:00  -  Total Local Usage
	0  -  Run Bytes Sent By Job
	0  -  Run Bytes Received By Job
	0  -  Total Bytes Sent By Job
	0  -  Total Bytes Received By Job
	Partitionable Resources :    Usage  Request Allocated
	   Cpus                 :                 1         1
	   Disk (KB)            :        5        5   1508647
	   Memory (MB)          :        8        1         1
...
