000 (10042257.000.000) 08/09 16:10:32 Job submitted from host: <10.5.0.46:9618?addrs=10.5.0.46-9618&noUDP&sock=2497_a07a_3>
...
001 (10042257.000.000) 08/09 16:10:58 Job executing on host: <10.5.189.225:9618?addrs=10.5.189.225-9618+[--1]-9618&noUDP&sock=2555_1890_3>
...
006 (10042257.000.000) 08/09 16:11:06 Image size of job updated: 11816
	8  -  MemoryUsage of job (MB)
	7468  -  ResidentSetSize of job (KB)
...
006 (10042257.000.000) 08/09 16:16:06 Image size of job updated: 12360
	8  -  MemoryUsage of job (MB)
	7924  -  ResidentSetSize of job (KB)
...
006 (10042257.000.000) 08/09 17:26:14 Image size of job updated: 12420
	8  -  MemoryUsage of job (MB)
	7972  -  ResidentSetSize of job (KB)
...
006 (10042257.000.000) 08/09 18:15:49 Image size of job updated: 143548
	8  -  MemoryUsage of job (MB)
	7972  -  ResidentSetSize of job (KB)
...
005 (10042257.000.000) 08/09 18:15:49 Job terminated.
	(1) Normal termination (return value 0)
		Usr 0 02:03:00, Sys 0 00:00:31  -  Run Remote Usage
		Usr 0 00:00:00, Sys 0 00:00:00  -  Run Local Usage
		Usr 0 02:03:00, Sys 0 00:00:31  -  Total Remote Usage
		Usr 0 00:00:00, Sys 0 00:00:00  -  Total Local Usage
	0  -  Run Bytes Sent By Job
	0  -  Run Bytes Received By Job
	0  -  Total Bytes Sent By Job
	0  -  Total Bytes Received By Job
	Partitionable Resources :    Usage  Request Allocated
	   Cpus                 :                 1         1
	   Disk (KB)            :        5        5   1508654
	   Memory (MB)          :        8        1         1
...
