000 (10042389.000.000) 08/09 16:12:51 Job submitted from host: <10.5.0.46:9618?addrs=10.5.0.46-9618&noUDP&sock=2497_a07a_3>
...
001 (10042389.000.000) 08/09 16:12:57 Job executing on host: <10.5.155.46:9618?addrs=10.5.155.46-9618+[--1]-9618&noUDP&sock=2548_4b67_3>
...
006 (10042389.000.000) 08/09 16:13:06 Image size of job updated: 13084
	8  -  MemoryUsage of job (MB)
	7376  -  ResidentSetSize of job (KB)
...
006 (10042389.000.000) 08/09 16:18:07 Image size of job updated: 13452
	8  -  MemoryUsage of job (MB)
	7640  -  ResidentSetSize of job (KB)
...
006 (10042389.000.000) 08/09 16:23:07 Image size of job updated: 13452
	8  -  MemoryUsage of job (MB)
	7876  -  ResidentSetSize of job (KB)
...
006 (10042389.000.000) 08/09 16:48:09 Image size of job updated: 13532
	8  -  MemoryUsage of job (MB)
	7876  -  ResidentSetSize of job (KB)
...
005 (10042389.000.000) 08/09 18:16:58 Job terminated.
	(1) Normal termination (return value 0)
		Usr 0 02:01:45, Sys 0 00:00:26  -  Run Remote Usage
		Usr 0 00:00:00, Sys 0 00:00:00  -  Run Local Usage
		Usr 0 02:01:45, Sys 0 00:00:26  -  Total Remote Usage
		Usr 0 00:00:00, Sys 0 00:00:00  -  Total Local Usage
	0  -  Run Bytes Sent By Job
	0  -  Run Bytes Received By Job
	0  -  Total Bytes Sent By Job
	0  -  Total Bytes Received By Job
	Partitionable Resources :    Usage  Request Allocated
	   Cpus                 :                 1         1
	   Disk (KB)            :        5        5   1508643
	   Memory (MB)          :        8        1         1
...
