000 (10042875.000.000) 08/09 16:21:50 Job submitted from host: <10.5.0.46:9618?addrs=10.5.0.46-9618&noUDP&sock=2497_a07a_3>
...
001 (10042875.000.000) 08/09 18:18:30 Job executing on host: <10.5.243.220:9618?addrs=10.5.243.220-9618+[--1]-9618&noUDP&sock=2555_1890_3>
...
006 (10042875.000.000) 08/09 18:18:39 Image size of job updated: 11740
	8  -  MemoryUsage of job (MB)
	7384  -  ResidentSetSize of job (KB)
...
006 (10042875.000.000) 08/09 18:23:41 Image size of job updated: 11900
	8  -  MemoryUsage of job (MB)
	7568  -  ResidentSetSize of job (KB)
...
006 (10042875.000.000) 08/09 18:33:41 Image size of job updated: 12228
	8  -  MemoryUsage of job (MB)
	7784  -  ResidentSetSize of job (KB)
...
005 (10042875.000.000) 08/09 20:16:11 Job terminated.
	(1) Normal termination (return value 0)
		Usr 0 01:56:48, Sys 0 00:00:24  -  Run Remote Usage
		Usr 0 00:00:00, Sys 0 00:00:00  -  Run Local Usage
		Usr 0 01:56:48, Sys 0 00:00:24  -  Total Remote Usage
		Usr 0 00:00:00, Sys 0 00:00:00  -  Total Local Usage
	0  -  Run Bytes Sent By Job
	0  -  Run Bytes Received By Job
	0  -  Total Bytes Sent By Job
	0  -  Total Bytes Received By Job
	Partitionable Resources :    Usage  Request Allocated
	   Cpus                 :                 1         1
	   Disk (KB)            :        5        5   1508651
	   Memory (MB)          :        8        1         1
...
