000 (10042369.000.000) 08/09 16:12:30 Job submitted from host: <10.5.0.46:9618?addrs=10.5.0.46-9618&noUDP&sock=2497_a07a_3>
...
001 (10042369.000.000) 08/09 16:12:32 Job executing on host: <10.5.175.78:9618?addrs=10.5.175.78-9618+[--1]-9618&noUDP&sock=2570_627c_3>
...
006 (10042369.000.000) 08/09 16:12:40 Image size of job updated: 11836
	8  -  MemoryUsage of job (MB)
	7480  -  ResidentSetSize of job (KB)
...
006 (10042369.000.000) 08/09 16:17:40 Image size of job updated: 11900
	8  -  MemoryUsage of job (MB)
	7480  -  ResidentSetSize of job (KB)
...
006 (10042369.000.000) 08/09 16:27:41 Image size of job updated: 11952
	8  -  MemoryUsage of job (MB)
	7508  -  ResidentSetSize of job (KB)
...
006 (10042369.000.000) 08/09 17:27:46 Image size of job updated: 11976
	8  -  MemoryUsage of job (MB)
	7508  -  ResidentSetSize of job (KB)
...
006 (10042369.000.000) 08/09 17:52:49 Image size of job updated: 12036
	8  -  MemoryUsage of job (MB)
	7556  -  ResidentSetSize of job (KB)
...
006 (10042369.000.000) 08/09 17:57:50 Image size of job updated: 12036
	8  -  MemoryUsage of job (MB)
	7796  -  ResidentSetSize of job (KB)
...
006 (10042369.000.000) 08/09 18:19:55 Image size of job updated: 143824
	8  -  MemoryUsage of job (MB)
	7796  -  ResidentSetSize of job (KB)
...
005 (10042369.000.000) 08/09 18:19:55 Job terminated.
	(1) Normal termination (return value 0)
		Usr 0 02:05:12, Sys 0 00:00:23  -  Run Remote Usage
		Usr 0 00:00:00, Sys 0 00:00:00  -  Run Local Usage
		Usr 0 02:05:12, Sys 0 00:00:23  -  Total Remote Usage
		Usr 0 00:00:00, Sys 0 00:00:00  -  Total Local Usage
	0  -  Run Bytes Sent By Job
	0  -  Run Bytes Received By Job
	0  -  Total Bytes Sent By Job
	0  -  Total Bytes Received By Job
	Partitionable Resources :    Usage  Request Allocated
	   Cpus                 :                 1         1
	   Disk (KB)            :        5        5   1508649
	   Memory (MB)          :        8        1         1
...
