000 (10042654.000.000) 08/09 16:17:39 Job submitted from host: <10.5.0.46:9618?addrs=10.5.0.46-9618&noUDP&sock=2497_a07a_3>
...
001 (10042654.000.000) 08/09 16:17:45 Job executing on host: <10.5.238.76:9618?addrs=10.5.238.76-9618+[--1]-9618&noUDP&sock=3127_c124_3>
...
006 (10042654.000.000) 08/09 16:17:54 Image size of job updated: 12332
	8  -  MemoryUsage of job (MB)
	7476  -  ResidentSetSize of job (KB)
...
006 (10042654.000.000) 08/09 16:22:55 Image size of job updated: 12856
	8  -  MemoryUsage of job (MB)
	7856  -  ResidentSetSize of job (KB)
...
006 (10042654.000.000) 08/09 16:37:56 Image size of job updated: 12940
	8  -  MemoryUsage of job (MB)
	7928  -  ResidentSetSize of job (KB)
...
006 (10042654.000.000) 08/09 17:48:03 Image size of job updated: 12968
	8  -  MemoryUsage of job (MB)
	7956  -  ResidentSetSize of job (KB)
...
005 (10042654.000.000) 08/09 18:18:30 Job terminated.
	(1) Normal termination (return value 0)
		Usr 0 01:58:33, Sys 0 00:00:21  -  Run Remote Usage
		Usr 0 00:00:00, Sys 0 00:00:00  -  Run Local Usage
		Usr 0 01:58:33, Sys 0 00:00:21  -  Total Remote Usage
		Usr 0 00:00:00, Sys 0 00:00:00  -  Total Local Usage
	0  -  Run Bytes Sent By Job
	0  -  Run Bytes Received By Job
	0  -  Total Bytes Sent By Job
	0  -  Total Bytes Received By Job
	Partitionable Resources :    Usage  Request Allocated
	   Cpus                 :                 1         1
	   Disk (KB)            :        5        5   1508535
	   Memory (MB)          :        8        1         1
...
