000 (10042354.000.000) 08/09 16:12:14 Job submitted from host: <10.5.0.46:9618?addrs=10.5.0.46-9618&noUDP&sock=2497_a07a_3>
...
001 (10042354.000.000) 08/09 16:12:38 Job executing on host: <10.5.229.57:9618?addrs=10.5.229.57-9618+[--1]-9618&noUDP&sock=2564_9552_3>
...
006 (10042354.000.000) 08/09 16:12:46 Image size of job updated: 11924
	8  -  MemoryUsage of job (MB)
	7580  -  ResidentSetSize of job (KB)
...
006 (10042354.000.000) 08/09 16:17:46 Image size of job updated: 11924
	8  -  MemoryUsage of job (MB)
	7736  -  ResidentSetSize of job (KB)
...
006 (10042354.000.000) 08/09 17:27:53 Image size of job updated: 11948
	8  -  MemoryUsage of job (MB)
	7736  -  ResidentSetSize of job (KB)
...
006 (10042354.000.000) 08/09 17:32:54 Image size of job updated: 11952
	8  -  MemoryUsage of job (MB)
	7736  -  ResidentSetSize of job (KB)
...
006 (10042354.000.000) 08/09 18:16:54 Image size of job updated: 143692
	8  -  MemoryUsage of job (MB)
	7736  -  ResidentSetSize of job (KB)
...
005 (10042354.000.000) 08/09 18:16:54 Job terminated.
	(1) Normal termination (return value 0)
		Usr 0 02:02:20, Sys 0 00:00:33  -  Run Remote Usage
		Usr 0 00:00:00, Sys 0 00:00:00  -  Run Local Usage
		Usr 0 02:02:20, Sys 0 00:00:33  -  Total Remote Usage
		Usr 0 00:00:00, Sys 0 00:00:00  -  Total Local Usage
	0  -  Run Bytes Sent By Job
	0  -  Run Bytes Received By Job
	0  -  Total Bytes Sent By Job
	0  -  Total Bytes Received By Job
	Partitionable Resources :    Usage  Request Allocated
	   Cpus                 :                 1         1
	   Disk (KB)            :        5        5   1508009
	   Memory (MB)          :        8        1         1
...
