000 (10042640.000.000) 08/09 16:17:24 Job submitted from host: <10.5.0.46:9618?addrs=10.5.0.46-9618&noUDP&sock=2497_a07a_3>
...
001 (10042640.000.000) 08/09 16:17:50 Job executing on host: <10.5.163.227:9618?addrs=10.5.163.227-9618+[--1]-9618&noUDP&sock=2560_d6f1_3>
...
006 (10042640.000.000) 08/09 16:17:59 Image size of job updated: 11736
	8  -  MemoryUsage of job (MB)
	7392  -  ResidentSetSize of job (KB)
...
006 (10042640.000.000) 08/09 16:23:00 Image size of job updated: 11840
	8  -  MemoryUsage of job (MB)
	7408  -  ResidentSetSize of job (KB)
...
006 (10042640.000.000) 08/09 16:28:01 Image size of job updated: 11864
	8  -  MemoryUsage of job (MB)
	7432  -  ResidentSetSize of job (KB)
...
006 (10042640.000.000) 08/09 16:33:01 Image size of job updated: 11868
	8  -  MemoryUsage of job (MB)
	7436  -  ResidentSetSize of job (KB)
...
006 (10042640.000.000) 08/09 16:43:03 Image size of job updated: 11900
	8  -  MemoryUsage of job (MB)
	7436  -  ResidentSetSize of job (KB)
...
006 (10042640.000.000) 08/09 16:48:03 Image size of job updated: 12080
	8  -  MemoryUsage of job (MB)
	7604  -  ResidentSetSize of job (KB)
...
005 (10042640.000.000) 08/09 18:22:37 Job terminated.
	(1) Normal termination (return value 0)
		Usr 0 02:02:25, Sys 0 00:00:27  -  Run Remote Usage
		Usr 0 00:00:00, Sys 0 00:00:00  -  Run Local Usage
		Usr 0 02:02:25, Sys 0 00:00:27  -  Total Remote Usage
		Usr 0 00:00:00, Sys 0 00:00:00  -  Total Local Usage
	0  -  Run Bytes Sent By Job
	0  -  Run Bytes Received By Job
	0  -  Total Bytes Sent By Job
	0  -  Total Bytes Received By Job
	Partitionable Resources :    Usage  Request Allocated
	   Cpus                 :                 1         1
	   Disk (KB)            :        5        5   1508636
	   Memory (MB)          :        8        1         1
...
