000 (10042204.000.000) 08/09 16:09:36 Job submitted from host: <10.5.0.46:9618?addrs=10.5.0.46-9618&noUDP&sock=2497_a07a_3>
...
001 (10042204.000.000) 08/09 16:09:58 Job executing on host: <10.5.176.239:9618?addrs=10.5.176.239-9618+[--1]-9618&noUDP&sock=2556_c829_3>
...
006 (10042204.000.000) 08/09 16:10:07 Image size of job updated: 12180
	8  -  MemoryUsage of job (MB)
	7836  -  ResidentSetSize of job (KB)
...
006 (10042204.000.000) 08/09 16:15:08 Image size of job updated: 12180
	8  -  MemoryUsage of job (MB)
	7860  -  ResidentSetSize of job (KB)
...
006 (10042204.000.000) 08/09 17:45:15 Image size of job updated: 12424
	8  -  MemoryUsage of job (MB)
	7948  -  ResidentSetSize of job (KB)
...
005 (10042204.000.000) 08/09 18:19:10 Job terminated.
	(1) Normal termination (return value 0)
		Usr 0 02:07:02, Sys 0 00:00:27  -  Run Remote Usage
		Usr 0 00:00:00, Sys 0 00:00:00  -  Run Local Usage
		Usr 0 02:07:02, Sys 0 00:00:27  -  Total Remote Usage
		Usr 0 00:00:00, Sys 0 00:00:00  -  Total Local Usage
	0  -  Run Bytes Sent By Job
	0  -  Run Bytes Received By Job
	0  -  Total Bytes Sent By Job
	0  -  Total Bytes Received By Job
	Partitionable Resources :    Usage  Request Allocated
	   Cpus                 :                 1         1
	   Disk (KB)            :        5        5   1508653
	   Memory (MB)          :        8        1         1
...
