000 (10042282.000.000) 08/09 16:10:58 Job submitted from host: <10.5.0.46:9618?addrs=10.5.0.46-9618&noUDP&sock=2497_a07a_3>
...
001 (10042282.000.000) 08/09 16:11:22 Job executing on host: <10.5.157.60:9618?addrs=10.5.157.60-9618+[--1]-9618&noUDP&sock=2533_017b_3>
...
006 (10042282.000.000) 08/09 16:11:30 Image size of job updated: 11796
	8  -  MemoryUsage of job (MB)
	7440  -  ResidentSetSize of job (KB)
...
006 (10042282.000.000) 08/09 16:16:30 Image size of job updated: 12340
	8  -  MemoryUsage of job (MB)
	7872  -  ResidentSetSize of job (KB)
...
006 (10042282.000.000) 08/09 16:21:31 Image size of job updated: 12364
	8  -  MemoryUsage of job (MB)
	7896  -  ResidentSetSize of job (KB)
...
006 (10042282.000.000) 08/09 16:26:32 Image size of job updated: 12500
	8  -  MemoryUsage of job (MB)
	8032  -  ResidentSetSize of job (KB)
...
006 (10042282.000.000) 08/09 17:26:37 Image size of job updated: 12500
	9  -  MemoryUsage of job (MB)
	8328  -  ResidentSetSize of job (KB)
...
006 (10042282.000.000) 08/09 18:06:42 Image size of job updated: 12792
	9  -  MemoryUsage of job (MB)
	8328  -  ResidentSetSize of job (KB)
...
005 (10042282.000.000) 08/09 18:15:46 Job terminated.
	(1) Normal termination (return value 0)
		Usr 0 02:02:32, Sys 0 00:00:25  -  Run Remote Usage
		Usr 0 00:00:00, Sys 0 00:00:00  -  Run Local Usage
		Usr 0 02:02:32, Sys 0 00:00:25  -  Total Remote Usage
		Usr 0 00:00:00, Sys 0 00:00:00  -  Total Local Usage
	0  -  Run Bytes Sent By Job
	0  -  Run Bytes Received By Job
	0  -  Total Bytes Sent By Job
	0  -  Total Bytes Received By Job
	Partitionable Resources :    Usage  Request Allocated
	   Cpus                 :                 1         1
	   Disk (KB)            :        5        5   1508650
	   Memory (MB)          :        9        1         1
...
