000 (10042551.000.000) 08/09 16:15:43 Job submitted from host: <10.5.0.46:9618?addrs=10.5.0.46-9618&noUDP&sock=2497_a07a_3>
...
001 (10042551.000.000) 08/09 16:16:07 Job executing on host: <10.5.199.195:9618?addrs=10.5.199.195-9618+[--1]-9618&noUDP&sock=2554_68f8_3>
...
006 (10042551.000.000) 08/09 16:16:16 Image size of job updated: 11704
	8  -  MemoryUsage of job (MB)
	7360  -  ResidentSetSize of job (KB)
...
006 (10042551.000.000) 08/09 16:21:17 Image size of job updated: 11888
	8  -  MemoryUsage of job (MB)
	7624  -  ResidentSetSize of job (KB)
...
006 (10042551.000.000) 08/09 16:26:18 Image size of job updated: 11952
	8  -  MemoryUsage of job (MB)
	7624  -  ResidentSetSize of job (KB)
...
006 (10042551.000.000) 08/09 16:41:20 Image size of job updated: 11956
	8  -  MemoryUsage of job (MB)
	7624  -  ResidentSetSize of job (KB)
...
006 (10042551.000.000) 08/09 17:06:21 Image size of job updated: 12376
	8  -  MemoryUsage of job (MB)
	7900  -  ResidentSetSize of job (KB)
...
006 (10042551.000.000) 08/09 17:31:24 Image size of job updated: 12444
	8  -  MemoryUsage of job (MB)
	7968  -  ResidentSetSize of job (KB)
...
006 (10042551.000.000) 08/09 18:23:03 Image size of job updated: 143652
	8  -  MemoryUsage of job (MB)
	7968  -  ResidentSetSize of job (KB)
...
005 (10042551.000.000) 08/09 18:23:03 Job terminated.
	(1) Normal termination (return value 0)
		Usr 0 02:04:48, Sys 0 00:00:25  -  Run Remote Usage
		Usr 0 00:00:00, Sys 0 00:00:00  -  Run Local Usage
		Usr 0 02:04:48, Sys 0 00:00:25  -  Total Remote Usage
		Usr 0 00:00:00, Sys 0 00:00:00  -  Total Local Usage
	0  -  Run Bytes Sent By Job
	0  -  Run Bytes Received By Job
	0  -  Total Bytes Sent By Job
	0  -  Total Bytes Received By Job
	Partitionable Resources :    Usage  Request Allocated
	   Cpus                 :                 1         1
	   Disk (KB)            :        5        5   1508647
	   Memory (MB)          :        8        1         1
...
