000 (10042825.000.000) 08/09 16:20:57 Job submitted from host: <10.5.0.46:9618?addrs=10.5.0.46-9618&noUDP&sock=2497_a07a_3>
...
001 (10042825.000.000) 08/09 18:16:31 Job executing on host: <10.5.228.158:9618?addrs=10.5.228.158-9618+[--1]-9618&noUDP&sock=2540_1f0c_3>
...
006 (10042825.000.000) 08/09 18:16:39 Image size of job updated: 11840
	8  -  MemoryUsage of job (MB)
	7484  -  ResidentSetSize of job (KB)
...
006 (10042825.000.000) 08/09 18:26:39 Image size of job updated: 11856
	8  -  MemoryUsage of job (MB)
	7484  -  ResidentSetSize of job (KB)
...
006 (10042825.000.000) 08/09 18:31:40 Image size of job updated: 12136
	8  -  MemoryUsage of job (MB)
	7680  -  ResidentSetSize of job (KB)
...
006 (10042825.000.000) 08/09 19:26:45 Image size of job updated: 12140
	8  -  MemoryUsage of job (MB)
	7680  -  ResidentSetSize of job (KB)
...
006 (10042825.000.000) 08/09 19:51:48 Image size of job updated: 12252
	8  -  MemoryUsage of job (MB)
	7772  -  ResidentSetSize of job (KB)
...
005 (10042825.000.000) 08/09 20:06:12 Job terminated.
	(1) Normal termination (return value 0)
		Usr 0 01:47:28, Sys 0 00:01:05  -  Run Remote Usage
		Usr 0 00:00:00, Sys 0 00:00:00  -  Run Local Usage
		Usr 0 01:47:28, Sys 0 00:01:05  -  Total Remote Usage
		Usr 0 00:00:00, Sys 0 00:00:00  -  Total Local Usage
	0  -  Run Bytes Sent By Job
	0  -  Run Bytes Received By Job
	0  -  Total Bytes Sent By Job
	0  -  Total Bytes Received By Job
	Partitionable Resources :    Usage  Request Allocated
	   Cpus                 :                 1         1
	   Disk (KB)            :        5        5   1508013
	   Memory (MB)          :        8        1         1
...
