000 (10042780.000.000) 08/09 16:19:53 Job submitted from host: <10.5.0.46:9618?addrs=10.5.0.46-9618&noUDP&sock=2497_a07a_3>
...
001 (10042780.000.000) 08/09 16:28:05 Job executing on host: <10.5.157.67:9618?addrs=10.5.157.67-9618+[--1]-9618&noUDP&sock=2561_868a_3>
...
006 (10042780.000.000) 08/09 16:28:14 Image size of job updated: 11812
	8  -  MemoryUsage of job (MB)
	7468  -  ResidentSetSize of job (KB)
...
006 (10042780.000.000) 08/09 16:33:15 Image size of job updated: 11908
	8  -  MemoryUsage of job (MB)
	7476  -  ResidentSetSize of job (KB)
...
006 (10042780.000.000) 08/09 17:08:18 Image size of job updated: 12100
	8  -  MemoryUsage of job (MB)
	7656  -  ResidentSetSize of job (KB)
...
005 (10042780.000.000) 08/09 18:31:44 Job terminated.
	(1) Normal termination (return value 0)
		Usr 0 02:01:33, Sys 0 00:00:21  -  Run Remote Usage
		Usr 0 00:00:00, Sys 0 00:00:00  -  Run Local Usage
		Usr 0 02:01:33, Sys 0 00:00:21  -  Total Remote Usage
		Usr 0 00:00:00, Sys 0 00:00:00  -  Total Local Usage
	0  -  Run Bytes Sent By Job
	0  -  Run Bytes Received By Job
	0  -  Total Bytes Sent By Job
	0  -  Total Bytes Received By Job
	Partitionable Resources :    Usage  Request Allocated
	   Cpus                 :                 1         1
	   Disk (KB)            :        5        5   1508637
	   Memory (MB)          :        8        1         1
...
