000 (10042400.000.000) 08/09 16:13:03 Job submitted from host: <10.5.0.46:9618?addrs=10.5.0.46-9618&noUDP&sock=2497_a07a_3>
...
001 (10042400.000.000) 08/09 16:13:18 Job executing on host: <10.5.155.70:9618?addrs=10.5.155.70-9618+[--1]-9618&noUDP&sock=2556_c829_3>
...
006 (10042400.000.000) 08/09 16:13:26 Image size of job updated: 11712
	8  -  MemoryUsage of job (MB)
	7368  -  ResidentSetSize of job (KB)
...
006 (10042400.000.000) 08/09 16:18:26 Image size of job updated: 11856
	8  -  MemoryUsage of job (MB)
	7424  -  ResidentSetSize of job (KB)
...
006 (10042400.000.000) 08/09 16:23:27 Image size of job updated: 11924
	8  -  MemoryUsage of job (MB)
	7460  -  ResidentSetSize of job (KB)
...
006 (10042400.000.000) 08/09 16:38:28 Image size of job updated: 12020
	8  -  MemoryUsage of job (MB)
	7544  -  ResidentSetSize of job (KB)
...
006 (10042400.000.000) 08/09 16:43:29 Image size of job updated: 12036
	8  -  MemoryUsage of job (MB)
	7560  -  ResidentSetSize of job (KB)
...
006 (10042400.000.000) 08/09 16:48:29 Image size of job updated: 12036
	8  -  MemoryUsage of job (MB)
	7672  -  ResidentSetSize of job (KB)
...
006 (10042400.000.000) 08/09 18:18:38 Image size of job updated: 12072
	8  -  MemoryUsage of job (MB)
	7672  -  ResidentSetSize of job (KB)
...
006 (10042400.000.000) 08/09 18:20:25 Image size of job updated: 143692
	8  -  MemoryUsage of job (MB)
	7672  -  ResidentSetSize of job (KB)
...
005 (10042400.000.000) 08/09 18:20:25 Job terminated.
	(1) Normal termination (return value 0)
		Usr 0 02:04:42, Sys 0 00:00:24  -  Run Remote Usage
		Usr 0 00:00:00, Sys 0 00:00:00  -  Run Local Usage
		Usr 0 02:04:42, Sys 0 00:00:24  -  Total Remote Usage
		Usr 0 00:00:00, Sys 0 00:00:00  -  Total Local Usage
	0  -  Run Bytes Sent By Job
	0  -  Run Bytes Received By Job
	0  -  Total Bytes Sent By Job
	0  -  Total Bytes Received By Job
	Partitionable Resources :    Usage  Request Allocated
	   Cpus                 :                 1         1
	   Disk (KB)            :        5        5   1508647
	   Memory (MB)          :        8        1         1
...
