000 (10042605.000.000) 08/09 16:16:47 Job submitted from host: <10.5.0.46:9618?addrs=10.5.0.46-9618&noUDP&sock=2497_a07a_3>
...
001 (10042605.000.000) 08/09 16:17:08 Job executing on host: <10.5.214.36:9618?addrs=10.5.214.36-9618+[--1]-9618&noUDP&sock=2546_ec36_3>
...
006 (10042605.000.000) 08/09 16:17:17 Image size of job updated: 11796
	8  -  MemoryUsage of job (MB)
	7444  -  ResidentSetSize of job (KB)
...
006 (10042605.000.000) 08/09 16:22:18 Image size of job updated: 11920
	8  -  MemoryUsage of job (MB)
	7480  -  ResidentSetSize of job (KB)
...
006 (10042605.000.000) 08/09 16:27:19 Image size of job updated: 12120
	8  -  MemoryUsage of job (MB)
	7680  -  ResidentSetSize of job (KB)
...
006 (10042605.000.000) 08/09 16:57:21 Image size of job updated: 12200
	8  -  MemoryUsage of job (MB)
	7720  -  ResidentSetSize of job (KB)
...
006 (10042605.000.000) 08/09 17:12:23 Image size of job updated: 12200
	8  -  MemoryUsage of job (MB)
	7800  -  ResidentSetSize of job (KB)
...
006 (10042605.000.000) 08/09 17:32:25 Image size of job updated: 12360
	8  -  MemoryUsage of job (MB)
	7880  -  ResidentSetSize of job (KB)
...
005 (10042605.000.000) 08/09 18:25:46 Job terminated.
	(1) Normal termination (return value 0)
		Usr 0 02:07:15, Sys 0 00:00:30  -  Run Remote Usage
		Usr 0 00:00:00, Sys 0 00:00:00  -  Run Local Usage
		Usr 0 02:07:15, Sys 0 00:00:30  -  Total Remote Usage
		Usr 0 00:00:00, Sys 0 00:00:00  -  Total Local Usage
	0  -  Run Bytes Sent By Job
	0  -  Run Bytes Received By Job
	0  -  Total Bytes Sent By Job
	0  -  Total Bytes Received By Job
	Partitionable Resources :    Usage  Request Allocated
	   Cpus                 :                 1         1
	   Disk (KB)            :        5        5   1508644
	   Memory (MB)          :        8        1         1
...
