000 (10042594.000.000) 08/09 16:16:36 Job submitted from host: <10.5.0.46:9618?addrs=10.5.0.46-9618&noUDP&sock=2497_a07a_3>
...
001 (10042594.000.000) 08/09 16:16:51 Job executing on host: <10.5.199.70:9618?addrs=10.5.199.70-9618+[--1]-9618&noUDP&sock=2543_dd6d_3>
...
006 (10042594.000.000) 08/09 16:16:59 Image size of job updated: 11744
	8  -  MemoryUsage of job (MB)
	7392  -  ResidentSetSize of job (KB)
...
006 (10042594.000.000) 08/09 16:21:59 Image size of job updated: 11856
	8  -  MemoryUsage of job (MB)
	7416  -  ResidentSetSize of job (KB)
...
006 (10042594.000.000) 08/09 16:27:00 Image size of job updated: 11864
	8  -  MemoryUsage of job (MB)
	7424  -  ResidentSetSize of job (KB)
...
006 (10042594.000.000) 08/09 16:32:01 Image size of job updated: 11916
	8  -  MemoryUsage of job (MB)
	7452  -  ResidentSetSize of job (KB)
...
006 (10042594.000.000) 08/09 16:57:02 Image size of job updated: 11932
	8  -  MemoryUsage of job (MB)
	7456  -  ResidentSetSize of job (KB)
...
006 (10042594.000.000) 08/09 17:02:03 Image size of job updated: 11976
	8  -  MemoryUsage of job (MB)
	7500  -  ResidentSetSize of job (KB)
...
006 (10042594.000.000) 08/09 17:37:08 Image size of job updated: 11980
	8  -  MemoryUsage of job (MB)
	7500  -  ResidentSetSize of job (KB)
...
005 (10042594.000.000) 08/09 18:23:17 Job terminated.
	(1) Normal termination (return value 0)
		Usr 0 02:04:23, Sys 0 00:00:28  -  Run Remote Usage
		Usr 0 00:00:00, Sys 0 00:00:00  -  Run Local Usage
		Usr 0 02:04:23, Sys 0 00:00:28  -  Total Remote Usage
		Usr 0 00:00:00, Sys 0 00:00:00  -  Total Local Usage
	0  -  Run Bytes Sent By Job
	0  -  Run Bytes Received By Job
	0  -  Total Bytes Sent By Job
	0  -  Total Bytes Received By Job
	Partitionable Resources :    Usage  Request Allocated
	   Cpus                 :                 1         1
	   Disk (KB)            :        5        5   1508653
	   Memory (MB)          :        8        1         1
...
