000 (10042260.000.000) 08/09 16:10:35 Job submitted from host: <10.5.0.46:9618?addrs=10.5.0.46-9618&noUDP&sock=2497_a07a_3>
...
001 (10042260.000.000) 08/09 16:10:57 Job executing on host: <10.5.199.12:9618?addrs=10.5.199.12-9618+[--1]-9618&noUDP&sock=2559_d6f1_3>
...
006 (10042260.000.000) 08/09 16:11:05 Image size of job updated: 11736
	8  -  MemoryUsage of job (MB)
	7392  -  ResidentSetSize of job (KB)
...
006 (10042260.000.000) 08/09 16:16:05 Image size of job updated: 11832
	8  -  MemoryUsage of job (MB)
	7400  -  ResidentSetSize of job (KB)
...
006 (10042260.000.000) 08/09 16:21:06 Image size of job updated: 11916
	8  -  MemoryUsage of job (MB)
	7452  -  ResidentSetSize of job (KB)
...
006 (10042260.000.000) 08/09 16:31:07 Image size of job updated: 12220
	8  -  MemoryUsage of job (MB)
	7744  -  ResidentSetSize of job (KB)
...
006 (10042260.000.000) 08/09 16:36:07 Image size of job updated: 12272
	8  -  MemoryUsage of job (MB)
	7796  -  ResidentSetSize of job (KB)
...
006 (10042260.000.000) 08/09 17:01:10 Image size of job updated: 12388
	8  -  MemoryUsage of job (MB)
	7912  -  ResidentSetSize of job (KB)
...
006 (10042260.000.000) 08/09 17:46:14 Image size of job updated: 12436
	8  -  MemoryUsage of job (MB)
	7960  -  ResidentSetSize of job (KB)
...
005 (10042260.000.000) 08/09 18:16:01 Job terminated.
	(1) Normal termination (return value 0)
		Usr 0 02:03:08, Sys 0 00:00:29  -  Run Remote Usage
		Usr 0 00:00:00, Sys 0 00:00:00  -  Run Local Usage
		Usr 0 02:03:08, Sys 0 00:00:29  -  Total Remote Usage
		Usr 0 00:00:00, Sys 0 00:00:00  -  Total Local Usage
	0  -  Run Bytes Sent By Job
	0  -  Run Bytes Received By Job
	0  -  Total Bytes Sent By Job
	0  -  Total Bytes Received By Job
	Partitionable Resources :    Usage  Request Allocated
	   Cpus                 :                 1         1
	   Disk (KB)            :        5        5   1508651
	   Memory (MB)          :        8        1         1
...
