000 (10042274.000.000) 08/09 16:10:50 Job submitted from host: <10.5.0.46:9618?addrs=10.5.0.46-9618&noUDP&sock=2497_a07a_3>
...
001 (10042274.000.000) 08/09 16:10:56 Job executing on host: <10.5.197.36:9618?addrs=10.5.197.36-9618+[--1]-9618&noUDP&sock=2559_d6f1_3>
...
006 (10042274.000.000) 08/09 16:11:06 Image size of job updated: 12192
	8  -  MemoryUsage of job (MB)
	7836  -  ResidentSetSize of job (KB)
...
006 (10042274.000.000) 08/09 16:31:08 Image size of job updated: 12260
	8  -  MemoryUsage of job (MB)
	7836  -  ResidentSetSize of job (KB)
...
006 (10042274.000.000) 08/09 16:36:08 Image size of job updated: 12272
	8  -  MemoryUsage of job (MB)
	7836  -  ResidentSetSize of job (KB)
...
006 (10042274.000.000) 08/09 16:41:09 Image size of job updated: 12288
	8  -  MemoryUsage of job (MB)
	7836  -  ResidentSetSize of job (KB)
...
006 (10042274.000.000) 08/09 16:46:10 Image size of job updated: 12332
	8  -  MemoryUsage of job (MB)
	7876  -  ResidentSetSize of job (KB)
...
006 (10042274.000.000) 08/09 16:56:10 Image size of job updated: 12464
	8  -  MemoryUsage of job (MB)
	8008  -  ResidentSetSize of job (KB)
...
006 (10042274.000.000) 08/09 17:06:11 Image size of job updated: 12496
	8  -  MemoryUsage of job (MB)
	8012  -  ResidentSetSize of job (KB)
...
006 (10042274.000.000) 08/09 17:31:14 Image size of job updated: 12500
	8  -  MemoryUsage of job (MB)
	8016  -  ResidentSetSize of job (KB)
...
005 (10042274.000.000) 08/09 18:15:34 Job terminated.
	(1) Normal termination (return value 0)
		Usr 0 02:02:48, Sys 0 00:00:21  -  Run Remote Usage
		Usr 0 00:00:00, Sys 0 00:00:00  -  Run Local Usage
		Usr 0 02:02:48, Sys 0 00:00:21  -  Total Remote Usage
		Usr 0 00:00:00, Sys 0 00:00:00  -  Total Local Usage
	0  -  Run Bytes Sent By Job
	0  -  Run Bytes Received By Job
	0  -  Total Bytes Sent By Job
	0  -  Total Bytes Received By Job
	Partitionable Resources :    Usage  Request Allocated
	   Cpus                 :                 1         1
	   Disk (KB)            :        5        5   1508636
	   Memory (MB)          :        8        1         1
...
