000 (10042193.000.000) 08/09 16:09:24 Job submitted from host: <10.5.0.46:9618?addrs=10.5.0.46-9618&noUDP&sock=2497_a07a_3>
...
001 (10042193.000.000) 08/09 16:09:45 Job executing on host: <10.5.172.143:9618?addrs=10.5.172.143-9618+[--1]-9618&noUDP&sock=2542_2dd5_3>
...
006 (10042193.000.000) 08/09 16:09:54 Image size of job updated: 13280
	8  -  MemoryUsage of job (MB)
	7584  -  ResidentSetSize of job (KB)
...
006 (10042193.000.000) 08/09 16:19:56 Image size of job updated: 13296
	8  -  MemoryUsage of job (MB)
	7584  -  ResidentSetSize of job (KB)
...
006 (10042193.000.000) 08/09 16:24:56 Image size of job updated: 13296
	8  -  MemoryUsage of job (MB)
	7612  -  ResidentSetSize of job (KB)
...
006 (10042193.000.000) 08/09 16:39:58 Image size of job updated: 13360
	8  -  MemoryUsage of job (MB)
	7612  -  ResidentSetSize of job (KB)
...
006 (10042193.000.000) 08/09 16:44:58 Image size of job updated: 13368
	8  -  MemoryUsage of job (MB)
	7612  -  ResidentSetSize of job (KB)
...
006 (10042193.000.000) 08/09 17:05:00 Image size of job updated: 13464
	8  -  MemoryUsage of job (MB)
	7612  -  ResidentSetSize of job (KB)
...
005 (10042193.000.000) 08/09 18:17:18 Job terminated.
	(1) Normal termination (return value 0)
		Usr 0 02:05:34, Sys 0 00:00:31  -  Run Remote Usage
		Usr 0 00:00:00, Sys 0 00:00:00  -  Run Local Usage
		Usr 0 02:05:34, Sys 0 00:00:31  -  Total Remote Usage
		Usr 0 00:00:00, Sys 0 00:00:00  -  Total Local Usage
	0  -  Run Bytes Sent By Job
	0  -  Run Bytes Received By Job
	0  -  Total Bytes Sent By Job
	0  -  Total Bytes Received By Job
	Partitionable Resources :    Usage  Request Allocated
	   Cpus                 :                 1         1
	   Disk (KB)            :        5        5   1508653
	   Memory (MB)          :        8        1         1
...
