000 (10042279.000.000) 08/09 16:10:55 Job submitted from host: <10.5.0.46:9618?addrs=10.5.0.46-9618&noUDP&sock=2497_a07a_3>
...
001 (10042279.000.000) 08/09 16:11:17 Job executing on host: <10.5.156.5:9618?addrs=10.5.156.5-9618+[--1]-9618&noUDP&sock=2548_4b67_3>
...
006 (10042279.000.000) 08/09 16:11:25 Image size of job updated: 11884
	8  -  MemoryUsage of job (MB)
	7540  -  ResidentSetSize of job (KB)
...
006 (10042279.000.000) 08/09 16:16:25 Image size of job updated: 11896
	8  -  MemoryUsage of job (MB)
	7540  -  ResidentSetSize of job (KB)
...
006 (10042279.000.000) 08/09 16:21:25 Image size of job updated: 11896
	8  -  MemoryUsage of job (MB)
	7884  -  ResidentSetSize of job (KB)
...
006 (10042279.000.000) 08/09 16:26:26 Image size of job updated: 11916
	8  -  MemoryUsage of job (MB)
	7884  -  ResidentSetSize of job (KB)
...
006 (10042279.000.000) 08/09 16:36:26 Image size of job updated: 11964
	8  -  MemoryUsage of job (MB)
	7884  -  ResidentSetSize of job (KB)
...
006 (10042279.000.000) 08/09 16:46:28 Image size of job updated: 11992
	8  -  MemoryUsage of job (MB)
	7884  -  ResidentSetSize of job (KB)
...
006 (10042279.000.000) 08/09 16:56:29 Image size of job updated: 11996
	8  -  MemoryUsage of job (MB)
	7884  -  ResidentSetSize of job (KB)
...
006 (10042279.000.000) 08/09 17:21:31 Image size of job updated: 12028
	8  -  MemoryUsage of job (MB)
	7884  -  ResidentSetSize of job (KB)
...
006 (10042279.000.000) 08/09 17:41:33 Image size of job updated: 12200
	8  -  MemoryUsage of job (MB)
	7884  -  ResidentSetSize of job (KB)
...
006 (10042279.000.000) 08/09 18:16:31 Image size of job updated: 143852
	8  -  MemoryUsage of job (MB)
	7884  -  ResidentSetSize of job (KB)
...
005 (10042279.000.000) 08/09 18:16:31 Job terminated.
	(1) Normal termination (return value 0)
		Usr 0 02:03:21, Sys 0 00:00:23  -  Run Remote Usage
		Usr 0 00:00:00, Sys 0 00:00:00  -  Run Local Usage
		Usr 0 02:03:21, Sys 0 00:00:23  -  Total Remote Usage
		Usr 0 00:00:00, Sys 0 00:00:00  -  Total Local Usage
	0  -  Run Bytes Sent By Job
	0  -  Run Bytes Received By Job
	0  -  Total Bytes Sent By Job
	0  -  Total Bytes Received By Job
	Partitionable Resources :    Usage  Request Allocated
	   Cpus                 :                 1         1
	   Disk (KB)            :        5        5   1508653
	   Memory (MB)          :        8        1         1
...
