000 (10042547.000.000) 08/09 16:15:39 Job submitted from host: <10.5.0.46:9618?addrs=10.5.0.46-9618&noUDP&sock=2497_a07a_3>
...
001 (10042547.000.000) 08/09 16:16:07 Job executing on host: <10.5.156.5:9618?addrs=10.5.156.5-9618+[--1]-9618&noUDP&sock=2548_4b67_3>
...
006 (10042547.000.000) 08/09 16:16:16 Image size of job updated: 11736
	8  -  MemoryUsage of job (MB)
	7392  -  ResidentSetSize of job (KB)
...
006 (10042547.000.000) 08/09 16:21:17 Image size of job updated: 11784
	8  -  MemoryUsage of job (MB)
	7392  -  ResidentSetSize of job (KB)
...
006 (10042547.000.000) 08/09 16:26:18 Image size of job updated: 11852
	8  -  MemoryUsage of job (MB)
	7420  -  ResidentSetSize of job (KB)
...
006 (10042547.000.000) 08/09 16:31:18 Image size of job updated: 12324
	8  -  MemoryUsage of job (MB)
	7892  -  ResidentSetSize of job (KB)
...
005 (10042547.000.000) 08/09 18:21:43 Job terminated.
	(1) Normal termination (return value 0)
		Usr 0 02:03:23, Sys 0 00:00:27  -  Run Remote Usage
		Usr 0 00:00:00, Sys 0 00:00:00  -  Run Local Usage
		Usr 0 02:03:23, Sys 0 00:00:27  -  Total Remote Usage
		Usr 0 00:00:00, Sys 0 00:00:00  -  Total Local Usage
	0  -  Run Bytes Sent By Job
	0  -  Run Bytes Received By Job
	0  -  Total Bytes Sent By Job
	0  -  Total Bytes Received By Job
	Partitionable Resources :    Usage  Request Allocated
	   Cpus                 :                 1         1
	   Disk (KB)            :        5        5   1508653
	   Memory (MB)          :        8        1         1
...
