000 (10042785.000.000) 08/09 16:19:58 Job submitted from host: <10.5.0.46:9618?addrs=10.5.0.46-9618&noUDP&sock=2497_a07a_3>
...
001 (10042785.000.000) 08/09 16:30:05 Job executing on host: <10.5.155.56:9618?addrs=10.5.155.56-9618+[--1]-9618&noUDP&sock=2548_4b67_3>
...
006 (10042785.000.000) 08/09 16:30:14 Image size of job updated: 11744
	8  -  MemoryUsage of job (MB)
	7388  -  ResidentSetSize of job (KB)
...
006 (10042785.000.000) 08/09 16:35:15 Image size of job updated: 11892
	8  -  MemoryUsage of job (MB)
	7448  -  ResidentSetSize of job (KB)
...
006 (10042785.000.000) 08/09 16:45:15 Image size of job updated: 11996
	8  -  MemoryUsage of job (MB)
	7552  -  ResidentSetSize of job (KB)
...
006 (10042785.000.000) 08/09 16:50:16 Image size of job updated: 12168
	8  -  MemoryUsage of job (MB)
	7712  -  ResidentSetSize of job (KB)
...
005 (10042785.000.000) 08/09 18:33:00 Job terminated.
	(1) Normal termination (return value 0)
		Usr 0 02:01:10, Sys 0 00:00:22  -  Run Remote Usage
		Usr 0 00:00:00, Sys 0 00:00:00  -  Run Local Usage
		Usr 0 02:01:10, Sys 0 00:00:22  -  Total Remote Usage
		Usr 0 00:00:00, Sys 0 00:00:00  -  Total Local Usage
	0  -  Run Bytes Sent By Job
	0  -  Run Bytes Received By Job
	0  -  Total Bytes Sent By Job
	0  -  Total Bytes Received By Job
	Partitionable Resources :    Usage  Request Allocated
	   Cpus                 :                 1         1
	   Disk (KB)            :        5        5   1508651
	   Memory (MB)          :        8        1         1
...
