000 (10042358.000.000) 08/09 16:12:18 Job submitted from host: <10.5.0.46:9618?addrs=10.5.0.46-9618&noUDP&sock=2497_a07a_3>
...
001 (10042358.000.000) 08/09 16:12:37 Job executing on host: <10.5.230.127:9618?addrs=10.5.230.127-9618+[--1]-9618&noUDP&sock=2572_1214_3>
...
006 (10042358.000.000) 08/09 16:12:45 Image size of job updated: 11700
	8  -  MemoryUsage of job (MB)
	7356  -  ResidentSetSize of job (KB)
...
006 (10042358.000.000) 08/09 16:17:45 Image size of job updated: 12116
	8  -  MemoryUsage of job (MB)
	7684  -  ResidentSetSize of job (KB)
...
006 (10042358.000.000) 08/09 17:32:53 Image size of job updated: 12388
	8  -  MemoryUsage of job (MB)
	7912  -  ResidentSetSize of job (KB)
...
005 (10042358.000.000) 08/09 18:18:29 Job terminated.
	(1) Normal termination (return value 0)
		Usr 0 02:03:30, Sys 0 00:00:34  -  Run Remote Usage
		Usr 0 00:00:00, Sys 0 00:00:00  -  Run Local Usage
		Usr 0 02:03:30, Sys 0 00:00:34  -  Total Remote Usage
		Usr 0 00:00:00, Sys 0 00:00:00  -  Total Local Usage
	0  -  Run Bytes Sent By Job
	0  -  Run Bytes Received By Job
	0  -  Total Bytes Sent By Job
	0  -  Total Bytes Received By Job
	Partitionable Resources :    Usage  Request Allocated
	   Cpus                 :                 1         1
	   Disk (KB)            :        5        5   1504613
	   Memory (MB)          :        8        1         1
...
