000 (10042755.000.000) 08/09 16:19:26 Job submitted from host: <10.5.0.46:9618?addrs=10.5.0.46-9618&noUDP&sock=2497_a07a_3>
...
001 (10042755.000.000) 08/09 16:21:45 Job executing on host: <10.5.157.67:9618?addrs=10.5.157.67-9618+[--1]-9618&noUDP&sock=2561_868a_3>
...
006 (10042755.000.000) 08/09 16:21:54 Image size of job updated: 11720
	8  -  MemoryUsage of job (MB)
	7368  -  ResidentSetSize of job (KB)
...
006 (10042755.000.000) 08/09 16:26:55 Image size of job updated: 12012
	8  -  MemoryUsage of job (MB)
	7572  -  ResidentSetSize of job (KB)
...
006 (10042755.000.000) 08/09 16:31:55 Image size of job updated: 12052
	8  -  MemoryUsage of job (MB)
	7612  -  ResidentSetSize of job (KB)
...
006 (10042755.000.000) 08/09 16:36:56 Image size of job updated: 12288
	8  -  MemoryUsage of job (MB)
	7848  -  ResidentSetSize of job (KB)
...
006 (10042755.000.000) 08/09 16:51:57 Image size of job updated: 12288
	8  -  MemoryUsage of job (MB)
	7992  -  ResidentSetSize of job (KB)
...
006 (10042755.000.000) 08/09 17:01:58 Image size of job updated: 12292
	8  -  MemoryUsage of job (MB)
	7992  -  ResidentSetSize of job (KB)
...
006 (10042755.000.000) 08/09 17:32:02 Image size of job updated: 12388
	8  -  MemoryUsage of job (MB)
	7992  -  ResidentSetSize of job (KB)
...
005 (10042755.000.000) 08/09 18:26:54 Job terminated.
	(1) Normal termination (return value 0)
		Usr 0 02:03:35, Sys 0 00:00:24  -  Run Remote Usage
		Usr 0 00:00:00, Sys 0 00:00:00  -  Run Local Usage
		Usr 0 02:03:35, Sys 0 00:00:24  -  Total Remote Usage
		Usr 0 00:00:00, Sys 0 00:00:00  -  Total Local Usage
	0  -  Run Bytes Sent By Job
	0  -  Run Bytes Received By Job
	0  -  Total Bytes Sent By Job
	0  -  Total Bytes Received By Job
	Partitionable Resources :    Usage  Request Allocated
	   Cpus                 :                 1         1
	   Disk (KB)            :        5        5   1508637
	   Memory (MB)          :        8        1         1
...
