000 (10042703.000.000) 08/09 16:18:32 Job submitted from host: <10.5.0.46:9618?addrs=10.5.0.46-9618&noUDP&sock=2497_a07a_3>
...
001 (10042703.000.000) 08/09 16:18:46 Job executing on host: <10.5.228.158:9618?addrs=10.5.228.158-9618+[--1]-9618&noUDP&sock=2540_1f0c_3>
...
006 (10042703.000.000) 08/09 16:18:55 Image size of job updated: 11760
	8  -  MemoryUsage of job (MB)
	7416  -  ResidentSetSize of job (KB)
...
006 (10042703.000.000) 08/09 16:23:56 Image size of job updated: 11904
	8  -  MemoryUsage of job (MB)
	7472  -  ResidentSetSize of job (KB)
...
006 (10042703.000.000) 08/09 16:33:57 Image size of job updated: 12164
	8  -  MemoryUsage of job (MB)
	7720  -  ResidentSetSize of job (KB)
...
006 (10042703.000.000) 08/09 17:04:00 Image size of job updated: 12164
	8  -  MemoryUsage of job (MB)
	7840  -  ResidentSetSize of job (KB)
...
005 (10042703.000.000) 08/09 18:06:46 Job terminated.
	(1) Normal termination (return value 0)
		Usr 0 01:46:30, Sys 0 00:00:19  -  Run Remote Usage
		Usr 0 00:00:00, Sys 0 00:00:00  -  Run Local Usage
		Usr 0 01:46:30, Sys 0 00:00:19  -  Total Remote Usage
		Usr 0 00:00:00, Sys 0 00:00:00  -  Total Local Usage
	0  -  Run Bytes Sent By Job
	0  -  Run Bytes Received By Job
	0  -  Total Bytes Sent By Job
	0  -  Total Bytes Received By Job
	Partitionable Resources :    Usage  Request Allocated
	   Cpus                 :                 1         1
	   Disk (KB)            :        5        5   1508013
	   Memory (MB)          :        8        1         1
...
