000 (10042738.000.000) 08/09 16:19:06 Job submitted from host: <10.5.0.46:9618?addrs=10.5.0.46-9618&noUDP&sock=2497_a07a_3>
...
001 (10042738.000.000) 08/09 16:20:42 Job executing on host: <10.5.157.101:9618?addrs=10.5.157.101-9618+[--1]-9618&noUDP&sock=2553_09c8_3>
...
006 (10042738.000.000) 08/09 16:20:51 Image size of job updated: 11792
	8  -  MemoryUsage of job (MB)
	7448  -  ResidentSetSize of job (KB)
...
006 (10042738.000.000) 08/09 16:25:52 Image size of job updated: 11840
	8  -  MemoryUsage of job (MB)
	7448  -  ResidentSetSize of job (KB)
...
006 (10042738.000.000) 08/09 16:30:52 Image size of job updated: 11864
	8  -  MemoryUsage of job (MB)
	7448  -  ResidentSetSize of job (KB)
...
006 (10042738.000.000) 08/09 16:35:53 Image size of job updated: 11888
	8  -  MemoryUsage of job (MB)
	7456  -  ResidentSetSize of job (KB)
...
006 (10042738.000.000) 08/09 16:40:54 Image size of job updated: 11956
	8  -  MemoryUsage of job (MB)
	7512  -  ResidentSetSize of job (KB)
...
006 (10042738.000.000) 08/09 17:15:57 Image size of job updated: 12064
	8  -  MemoryUsage of job (MB)
	7620  -  ResidentSetSize of job (KB)
...
006 (10042738.000.000) 08/09 17:25:58 Image size of job updated: 12212
	8  -  MemoryUsage of job (MB)
	7736  -  ResidentSetSize of job (KB)
...
005 (10042738.000.000) 08/09 18:32:37 Job terminated.
	(1) Normal termination (return value 0)
		Usr 0 02:10:33, Sys 0 00:00:34  -  Run Remote Usage
		Usr 0 00:00:00, Sys 0 00:00:00  -  Run Local Usage
		Usr 0 02:10:33, Sys 0 00:00:34  -  Total Remote Usage
		Usr 0 00:00:00, Sys 0 00:00:00  -  Total Local Usage
	0  -  Run Bytes Sent By Job
	0  -  Run Bytes Received By Job
	0  -  Total Bytes Sent By Job
	0  -  Total Bytes Received By Job
	Partitionable Resources :    Usage  Request Allocated
	   Cpus                 :                 1         1
	   Disk (KB)            :        5        5   1508637
	   Memory (MB)          :        8        1         1
...
