000 (10042364.000.000) 08/09 16:12:25 Job submitted from host: <10.5.0.46:9618?addrs=10.5.0.46-9618&noUDP&sock=2497_a07a_3>
...
001 (10042364.000.000) 08/09 16:12:36 Job executing on host: <10.5.243.220:9618?addrs=10.5.243.220-9618+[--1]-9618&noUDP&sock=2555_1890_3>
...
006 (10042364.000.000) 08/09 16:12:45 Image size of job updated: 11940
	8  -  MemoryUsage of job (MB)
	7584  -  ResidentSetSize of job (KB)
...
006 (10042364.000.000) 08/09 16:17:45 Image size of job updated: 12068
	8  -  MemoryUsage of job (MB)
	7600  -  ResidentSetSize of job (KB)
...
006 (10042364.000.000) 08/09 16:22:45 Image size of job updated: 12152
	8  -  MemoryUsage of job (MB)
	7756  -  ResidentSetSize of job (KB)
...
006 (10042364.000.000) 08/09 17:02:50 Image size of job updated: 12156
	8  -  MemoryUsage of job (MB)
	7756  -  ResidentSetSize of job (KB)
...
006 (10042364.000.000) 08/09 17:27:52 Image size of job updated: 12212
	8  -  MemoryUsage of job (MB)
	7756  -  ResidentSetSize of job (KB)
...
006 (10042364.000.000) 08/09 17:32:53 Image size of job updated: 12380
	8  -  MemoryUsage of job (MB)
	7900  -  ResidentSetSize of job (KB)
...
006 (10042364.000.000) 08/09 17:37:53 Image size of job updated: 12380
	8  -  MemoryUsage of job (MB)
	8088  -  ResidentSetSize of job (KB)
...
005 (10042364.000.000) 08/09 18:16:05 Job terminated.
	(1) Normal termination (return value 0)
		Usr 0 02:01:37, Sys 0 00:00:25  -  Run Remote Usage
		Usr 0 00:00:00, Sys 0 00:00:00  -  Run Local Usage
		Usr 0 02:01:37, Sys 0 00:00:25  -  Total Remote Usage
		Usr 0 00:00:00, Sys 0 00:00:00  -  Total Local Usage
	0  -  Run Bytes Sent By Job
	0  -  Run Bytes Received By Job
	0  -  Total Bytes Sent By Job
	0  -  Total Bytes Received By Job
	Partitionable Resources :    Usage  Request Allocated
	   Cpus                 :                 1         1
	   Disk (KB)            :        5        5   1508651
	   Memory (MB)          :        8        1         1
...
