000 (10042725.000.000) 08/09 16:18:55 Job submitted from host: <10.5.0.46:9618?addrs=10.5.0.46-9618&noUDP&sock=2497_a07a_3>
...
001 (10042725.000.000) 08/09 16:19:44 Job executing on host: <10.5.156.64:9618?addrs=10.5.156.64-9618+[--1]-9618&noUDP&sock=2561_868a_3>
...
006 (10042725.000.000) 08/09 16:19:53 Image size of job updated: 12016
	8  -  MemoryUsage of job (MB)
	7660  -  ResidentSetSize of job (KB)
...
006 (10042725.000.000) 08/09 16:24:54 Image size of job updated: 12016
	8  -  MemoryUsage of job (MB)
	7848  -  ResidentSetSize of job (KB)
...
006 (10042725.000.000) 08/09 16:49:57 Image size of job updated: 12336
	8  -  MemoryUsage of job (MB)
	7860  -  ResidentSetSize of job (KB)
...
006 (10042725.000.000) 08/09 17:20:00 Image size of job updated: 12336
	8  -  MemoryUsage of job (MB)
	7880  -  ResidentSetSize of job (KB)
...
005 (10042725.000.000) 08/09 18:25:54 Job terminated.
	(1) Normal termination (return value 0)
		Usr 0 02:04:38, Sys 0 00:00:26  -  Run Remote Usage
		Usr 0 00:00:00, Sys 0 00:00:00  -  Run Local Usage
		Usr 0 02:04:38, Sys 0 00:00:26  -  Total Remote Usage
		Usr 0 00:00:00, Sys 0 00:00:00  -  Total Local Usage
	0  -  Run Bytes Sent By Job
	0  -  Run Bytes Received By Job
	0  -  Total Bytes Sent By Job
	0  -  Total Bytes Received By Job
	Partitionable Resources :    Usage  Request Allocated
	   Cpus                 :                 1         1
	   Disk (KB)            :        5        5   1508637
	   Memory (MB)          :        8        1         1
...
