000 (10042824.000.000) 08/09 16:20:56 Job submitted from host: <10.5.0.46:9618?addrs=10.5.0.46-9618&noUDP&sock=2497_a07a_3>
...
001 (10042824.000.000) 08/09 18:16:31 Job executing on host: <10.5.155.250:9618?addrs=10.5.155.250-9618+[--1]-9618&noUDP&sock=2560_868a_3>
...
006 (10042824.000.000) 08/09 18:16:39 Image size of job updated: 11744
	8  -  MemoryUsage of job (MB)
	7400  -  ResidentSetSize of job (KB)
...
006 (10042824.000.000) 08/09 18:21:39 Image size of job updated: 11988
	8  -  MemoryUsage of job (MB)
	7556  -  ResidentSetSize of job (KB)
...
006 (10042824.000.000) 08/09 19:01:43 Image size of job updated: 12008
	8  -  MemoryUsage of job (MB)
	7556  -  ResidentSetSize of job (KB)
...
006 (10042824.000.000) 08/09 19:06:44 Image size of job updated: 12040
	8  -  MemoryUsage of job (MB)
	7564  -  ResidentSetSize of job (KB)
...
006 (10042824.000.000) 08/09 19:31:45 Image size of job updated: 12080
	8  -  MemoryUsage of job (MB)
	7604  -  ResidentSetSize of job (KB)
...
006 (10042824.000.000) 08/09 19:36:46 Image size of job updated: 12080
	8  -  MemoryUsage of job (MB)
	7828  -  ResidentSetSize of job (KB)
...
005 (10042824.000.000) 08/09 20:14:47 Job terminated.
	(1) Normal termination (return value 0)
		Usr 0 01:56:54, Sys 0 00:00:29  -  Run Remote Usage
		Usr 0 00:00:00, Sys 0 00:00:00  -  Run Local Usage
		Usr 0 01:56:54, Sys 0 00:00:29  -  Total Remote Usage
		Usr 0 00:00:00, Sys 0 00:00:00  -  Total Local Usage
	0  -  Run Bytes Sent By Job
	0  -  Run Bytes Received By Job
	0  -  Total Bytes Sent By Job
	0  -  Total Bytes Received By Job
	Partitionable Resources :    Usage  Request Allocated
	   Cpus                 :                 1         1
	   Disk (KB)            :        5        5   1508654
	   Memory (MB)          :        8        1         1
...
