000 (10042420.000.000) 08/09 16:13:24 Job submitted from host: <10.5.0.46:9618?addrs=10.5.0.46-9618&noUDP&sock=2497_a07a_3>
...
001 (10042420.000.000) 08/09 16:13:38 Job executing on host: <10.5.155.46:9618?addrs=10.5.155.46-9618+[--1]-9618&noUDP&sock=2548_4b67_3>
...
006 (10042420.000.000) 08/09 16:13:47 Image size of job updated: 11800
	8  -  MemoryUsage of job (MB)
	7460  -  ResidentSetSize of job (KB)
...
006 (10042420.000.000) 08/09 16:18:48 Image size of job updated: 11880
	8  -  MemoryUsage of job (MB)
	7460  -  ResidentSetSize of job (KB)
...
006 (10042420.000.000) 08/09 16:23:49 Image size of job updated: 11884
	8  -  MemoryUsage of job (MB)
	7460  -  ResidentSetSize of job (KB)
...
006 (10042420.000.000) 08/09 16:28:49 Image size of job updated: 11948
	8  -  MemoryUsage of job (MB)
	7628  -  ResidentSetSize of job (KB)
...
006 (10042420.000.000) 08/09 16:38:51 Image size of job updated: 11960
	8  -  MemoryUsage of job (MB)
	7628  -  ResidentSetSize of job (KB)
...
006 (10042420.000.000) 08/09 16:53:52 Image size of job updated: 11980
	8  -  MemoryUsage of job (MB)
	7628  -  ResidentSetSize of job (KB)
...
006 (10042420.000.000) 08/09 16:58:52 Image size of job updated: 12060
	8  -  MemoryUsage of job (MB)
	7628  -  ResidentSetSize of job (KB)
...
006 (10042420.000.000) 08/09 17:08:53 Image size of job updated: 12060
	8  -  MemoryUsage of job (MB)
	7740  -  ResidentSetSize of job (KB)
...
006 (10042420.000.000) 08/09 17:38:56 Image size of job updated: 12124
	8  -  MemoryUsage of job (MB)
	7740  -  ResidentSetSize of job (KB)
...
006 (10042420.000.000) 08/09 17:43:57 Image size of job updated: 12124
	8  -  MemoryUsage of job (MB)
	7888  -  ResidentSetSize of job (KB)
...
006 (10042420.000.000) 08/09 17:53:57 Image size of job updated: 12220
	8  -  MemoryUsage of job (MB)
	7888  -  ResidentSetSize of job (KB)
...
006 (10042420.000.000) 08/09 17:58:58 Image size of job updated: 12220
	8  -  MemoryUsage of job (MB)
	7968  -  ResidentSetSize of job (KB)
...
006 (10042420.000.000) 08/09 18:08:59 Image size of job updated: 12344
	8  -  MemoryUsage of job (MB)
	7968  -  ResidentSetSize of job (KB)
...
006 (10042420.000.000) 08/09 18:18:34 Image size of job updated: 143628
	8  -  MemoryUsage of job (MB)
	7968  -  ResidentSetSize of job (KB)
...
005 (10042420.000.000) 08/09 18:18:34 Job terminated.
	(1) Normal termination (return value 0)
		Usr 0 02:02:31, Sys 0 00:00:27  -  Run Remote Usage
		Usr 0 00:00:00, Sys 0 00:00:00  -  Run Local Usage
		Usr 0 02:02:31, Sys 0 00:00:27  -  Total Remote Usage
		Usr 0 00:00:00, Sys 0 00:00:00  -  Total Local Usage
	0  -  Run Bytes Sent By Job
	0  -  Run Bytes Received By Job
	0  -  Total Bytes Sent By Job
	0  -  Total Bytes Received By Job
	Partitionable Resources :    Usage  Request Allocated
	   Cpus                 :                 1         1
	   Disk (KB)            :        5        5   1508643
	   Memory (MB)          :        8        1         1
...
