000 (10042440.000.000) 08/09 16:13:45 Job submitted from host: <10.5.0.46:9618?addrs=10.5.0.46-9618&noUDP&sock=2497_a07a_3>
...
001 (10042440.000.000) 08/09 16:14:04 Job executing on host: <10.5.155.46:9618?addrs=10.5.155.46-9618+[--1]-9618&noUDP&sock=2548_4b67_3>
...
006 (10042440.000.000) 08/09 16:14:13 Image size of job updated: 11784
	8  -  MemoryUsage of job (MB)
	7440  -  ResidentSetSize of job (KB)
...
006 (10042440.000.000) 08/09 16:19:14 Image size of job updated: 11824
	8  -  MemoryUsage of job (MB)
	7516  -  ResidentSetSize of job (KB)
...
006 (10042440.000.000) 08/09 16:29:14 Image size of job updated: 11872
	8  -  MemoryUsage of job (MB)
	7516  -  ResidentSetSize of job (KB)
...
006 (10042440.000.000) 08/09 16:34:15 Image size of job updated: 11944
	8  -  MemoryUsage of job (MB)
	7516  -  ResidentSetSize of job (KB)
...
006 (10042440.000.000) 08/09 16:44:15 Image size of job updated: 12060
	8  -  MemoryUsage of job (MB)
	7584  -  ResidentSetSize of job (KB)
...
006 (10042440.000.000) 08/09 17:04:18 Image size of job updated: 12204
	8  -  MemoryUsage of job (MB)
	7728  -  ResidentSetSize of job (KB)
...
006 (10042440.000.000) 08/09 18:04:24 Image size of job updated: 12204
	8  -  MemoryUsage of job (MB)
	7832  -  ResidentSetSize of job (KB)
...
005 (10042440.000.000) 08/09 18:18:48 Job terminated.
	(1) Normal termination (return value 0)
		Usr 0 02:02:06, Sys 0 00:00:28  -  Run Remote Usage
		Usr 0 00:00:00, Sys 0 00:00:00  -  Run Local Usage
		Usr 0 02:02:06, Sys 0 00:00:28  -  Total Remote Usage
		Usr 0 00:00:00, Sys 0 00:00:00  -  Total Local Usage
	0  -  Run Bytes Sent By Job
	0  -  Run Bytes Received By Job
	0  -  Total Bytes Sent By Job
	0  -  Total Bytes Received By Job
	Partitionable Resources :    Usage  Request Allocated
	   Cpus                 :                 1         1
	   Disk (KB)            :        5        5   1508643
	   Memory (MB)          :        8        1         1
...
