000 (10042878.000.000) 08/09 16:21:53 Job submitted from host: <10.5.0.46:9618?addrs=10.5.0.46-9618&noUDP&sock=2497_a07a_3>
...
001 (10042878.000.000) 08/09 18:19:27 Job executing on host: <10.5.160.99:9618?addrs=10.5.160.99-9618+[--1]-9618&noUDP&sock=2557_77c1_3>
...
006 (10042878.000.000) 08/09 18:19:36 Image size of job updated: 11764
	8  -  MemoryUsage of job (MB)
	7420  -  ResidentSetSize of job (KB)
...
006 (10042878.000.000) 08/09 18:24:37 Image size of job updated: 11920
	8  -  MemoryUsage of job (MB)
	7488  -  ResidentSetSize of job (KB)
...
006 (10042878.000.000) 08/09 18:29:37 Image size of job updated: 11952
	8  -  MemoryUsage of job (MB)
	7624  -  ResidentSetSize of job (KB)
...
006 (10042878.000.000) 08/09 18:34:37 Image size of job updated: 12084
	8  -  MemoryUsage of job (MB)
	7652  -  ResidentSetSize of job (KB)
...
006 (10042878.000.000) 08/09 19:19:42 Image size of job updated: 12084
	8  -  MemoryUsage of job (MB)
	7680  -  ResidentSetSize of job (KB)
...
006 (10042878.000.000) 08/09 19:44:44 Image size of job updated: 12168
	8  -  MemoryUsage of job (MB)
	7692  -  ResidentSetSize of job (KB)
...
005 (10042878.000.000) 08/09 20:17:25 Job terminated.
	(1) Normal termination (return value 0)
		Usr 0 01:57:15, Sys 0 00:00:19  -  Run Remote Usage
		Usr 0 00:00:00, Sys 0 00:00:00  -  Run Local Usage
		Usr 0 01:57:15, Sys 0 00:00:19  -  Total Remote Usage
		Usr 0 00:00:00, Sys 0 00:00:00  -  Total Local Usage
	0  -  Run Bytes Sent By Job
	0  -  Run Bytes Received By Job
	0  -  Total Bytes Sent By Job
	0  -  Total Bytes Received By Job
	Partitionable Resources :    Usage  Request Allocated
	   Cpus                 :                 1         1
	   Disk (KB)            :        5        5   1508644
	   Memory (MB)          :        8        1         1
...
