000 (10042698.000.000) 08/09 16:18:26 Job submitted from host: <10.5.0.46:9618?addrs=10.5.0.46-9618&noUDP&sock=2497_a07a_3>
...
001 (10042698.000.000) 08/09 16:18:52 Job executing on host: <10.5.164.155:9618?addrs=10.5.164.155-9618+[--1]-9618&noUDP&sock=2553_b960_3>
...
006 (10042698.000.000) 08/09 16:19:00 Image size of job updated: 11716
	8  -  MemoryUsage of job (MB)
	7372  -  ResidentSetSize of job (KB)
...
006 (10042698.000.000) 08/09 16:24:00 Image size of job updated: 12016
	8  -  MemoryUsage of job (MB)
	7584  -  ResidentSetSize of job (KB)
...
006 (10042698.000.000) 08/09 16:29:01 Image size of job updated: 12172
	8  -  MemoryUsage of job (MB)
	7712  -  ResidentSetSize of job (KB)
...
006 (10042698.000.000) 08/09 16:54:03 Image size of job updated: 12244
	8  -  MemoryUsage of job (MB)
	7768  -  ResidentSetSize of job (KB)
...
006 (10042698.000.000) 08/09 16:59:03 Image size of job updated: 12244
	8  -  MemoryUsage of job (MB)
	7932  -  ResidentSetSize of job (KB)
...
006 (10042698.000.000) 08/09 17:44:08 Image size of job updated: 12272
	8  -  MemoryUsage of job (MB)
	7932  -  ResidentSetSize of job (KB)
...
005 (10042698.000.000) 08/09 18:25:21 Job terminated.
	(1) Normal termination (return value 0)
		Usr 0 02:05:09, Sys 0 00:00:28  -  Run Remote Usage
		Usr 0 00:00:00, Sys 0 00:00:00  -  Run Local Usage
		Usr 0 02:05:09, Sys 0 00:00:28  -  Total Remote Usage
		Usr 0 00:00:00, Sys 0 00:00:00  -  Total Local Usage
	0  -  Run Bytes Sent By Job
	0  -  Run Bytes Received By Job
	0  -  Total Bytes Sent By Job
	0  -  Total Bytes Received By Job
	Partitionable Resources :    Usage  Request Allocated
	   Cpus                 :                 1         1
	   Disk (KB)            :        5        5   1508649
	   Memory (MB)          :        8        1         1
...
