000 (10042539.000.000) 08/09 16:15:30 Job submitted from host: <10.5.0.46:9618?addrs=10.5.0.46-9618&noUDP&sock=2497_a07a_3>
...
001 (10042539.000.000) 08/09 16:15:41 Job executing on host: <10.5.160.239:9618?addrs=10.5.160.239-9618+[--1]-9618&noUDP&sock=2556_c829_3>
...
006 (10042539.000.000) 08/09 16:15:50 Image size of job updated: 11712
	8  -  MemoryUsage of job (MB)
	7368  -  ResidentSetSize of job (KB)
...
006 (10042539.000.000) 08/09 16:20:51 Image size of job updated: 11964
	8  -  MemoryUsage of job (MB)
	7500  -  ResidentSetSize of job (KB)
...
006 (10042539.000.000) 08/09 17:30:58 Image size of job updated: 12060
	8  -  MemoryUsage of job (MB)
	7584  -  ResidentSetSize of job (KB)
...
006 (10042539.000.000) 08/09 17:35:58 Image size of job updated: 12060
	8  -  MemoryUsage of job (MB)
	7840  -  ResidentSetSize of job (KB)
...
006 (10042539.000.000) 08/09 17:51:00 Image size of job updated: 12084
	8  -  MemoryUsage of job (MB)
	7840  -  ResidentSetSize of job (KB)
...
006 (10042539.000.000) 08/09 17:56:01 Image size of job updated: 12120
	8  -  MemoryUsage of job (MB)
	7876  -  ResidentSetSize of job (KB)
...
005 (10042539.000.000) 08/09 18:20:11 Job terminated.
	(1) Normal termination (return value 0)
		Usr 0 02:02:02, Sys 0 00:00:28  -  Run Remote Usage
		Usr 0 00:00:00, Sys 0 00:00:00  -  Run Local Usage
		Usr 0 02:02:02, Sys 0 00:00:28  -  Total Remote Usage
		Usr 0 00:00:00, Sys 0 00:00:00  -  Total Local Usage
	0  -  Run Bytes Sent By Job
	0  -  Run Bytes Received By Job
	0  -  Total Bytes Sent By Job
	0  -  Total Bytes Received By Job
	Partitionable Resources :    Usage  Request Allocated
	   Cpus                 :                 1         1
	   Disk (KB)            :        5        5   1508652
	   Memory (MB)          :        8        1         1
...
