000 (10042803.000.000) 08/09 16:20:33 Job submitted from host: <10.5.0.46:9618?addrs=10.5.0.46-9618&noUDP&sock=2497_a07a_3>
...
001 (10042803.000.000) 08/09 17:10:03 Job executing on host: <10.5.214.36:9618?addrs=10.5.214.36-9618+[--1]-9618&noUDP&sock=2546_ec36_3>
...
006 (10042803.000.000) 08/09 17:10:12 Image size of job updated: 11708
	8  -  MemoryUsage of job (MB)
	7368  -  ResidentSetSize of job (KB)
...
006 (10042803.000.000) 08/09 17:15:13 Image size of job updated: 11848
	8  -  MemoryUsage of job (MB)
	7420  -  ResidentSetSize of job (KB)
...
006 (10042803.000.000) 08/09 17:20:14 Image size of job updated: 11932
	8  -  MemoryUsage of job (MB)
	7504  -  ResidentSetSize of job (KB)
...
006 (10042803.000.000) 08/09 17:25:14 Image size of job updated: 12392
	8  -  MemoryUsage of job (MB)
	7940  -  ResidentSetSize of job (KB)
...
005 (10042803.000.000) 08/09 19:10:59 Job terminated.
	(1) Normal termination (return value 0)
		Usr 0 02:00:02, Sys 0 00:00:21  -  Run Remote Usage
		Usr 0 00:00:00, Sys 0 00:00:00  -  Run Local Usage
		Usr 0 02:00:02, Sys 0 00:00:21  -  Total Remote Usage
		Usr 0 00:00:00, Sys 0 00:00:00  -  Total Local Usage
	0  -  Run Bytes Sent By Job
	0  -  Run Bytes Received By Job
	0  -  Total Bytes Sent By Job
	0  -  Total Bytes Received By Job
	Partitionable Resources :    Usage  Request Allocated
	   Cpus                 :                 1         1
	   Disk (KB)            :        5        5   1508644
	   Memory (MB)          :        8        1         1
...
