000 (10042360.000.000) 08/09 16:12:20 Job submitted from host: <10.5.0.46:9618?addrs=10.5.0.46-9618&noUDP&sock=2497_a07a_3>
...
001 (10042360.000.000) 08/09 16:12:37 Job executing on host: <10.5.202.3:9618?addrs=10.5.202.3-9618+[--1]-9618&noUDP&sock=2544_8d06_3>
...
006 (10042360.000.000) 08/09 16:12:45 Image size of job updated: 11776
	8  -  MemoryUsage of job (MB)
	7424  -  ResidentSetSize of job (KB)
...
006 (10042360.000.000) 08/09 16:17:45 Image size of job updated: 12400
	8  -  MemoryUsage of job (MB)
	7960  -  ResidentSetSize of job (KB)
...
006 (10042360.000.000) 08/09 16:37:46 Image size of job updated: 12788
	9  -  MemoryUsage of job (MB)
	8336  -  ResidentSetSize of job (KB)
...
006 (10042360.000.000) 08/09 17:57:55 Image size of job updated: 12788
	9  -  MemoryUsage of job (MB)
	8364  -  ResidentSetSize of job (KB)
...
005 (10042360.000.000) 08/09 18:16:58 Job terminated.
	(1) Normal termination (return value 0)
		Usr 0 02:02:30, Sys 0 00:00:28  -  Run Remote Usage
		Usr 0 00:00:00, Sys 0 00:00:00  -  Run Local Usage
		Usr 0 02:02:30, Sys 0 00:00:28  -  Total Remote Usage
		Usr 0 00:00:00, Sys 0 00:00:00  -  Total Local Usage
	0  -  Run Bytes Sent By Job
	0  -  Run Bytes Received By Job
	0  -  Total Bytes Sent By Job
	0  -  Total Bytes Received By Job
	Partitionable Resources :    Usage  Request Allocated
	   Cpus                 :                 1         1
	   Disk (KB)            :        5        5   1508651
	   Memory (MB)          :        9        1         1
...
