000 (10042305.000.000) 08/09 16:11:23 Job submitted from host: <10.5.0.46:9618?addrs=10.5.0.46-9618&noUDP&sock=2497_a07a_3>
...
001 (10042305.000.000) 08/09 16:11:38 Job executing on host: <10.5.202.3:9618?addrs=10.5.202.3-9618+[--1]-9618&noUDP&sock=2544_8d06_3>
...
006 (10042305.000.000) 08/09 16:11:46 Image size of job updated: 11764
	8  -  MemoryUsage of job (MB)
	7408  -  ResidentSetSize of job (KB)
...
006 (10042305.000.000) 08/09 16:16:46 Image size of job updated: 12172
	8  -  MemoryUsage of job (MB)
	7704  -  ResidentSetSize of job (KB)
...
006 (10042305.000.000) 08/09 16:21:46 Image size of job updated: 12188
	8  -  MemoryUsage of job (MB)
	7720  -  ResidentSetSize of job (KB)
...
006 (10042305.000.000) 08/09 16:41:48 Image size of job updated: 12344
	8  -  MemoryUsage of job (MB)
	7864  -  ResidentSetSize of job (KB)
...
006 (10042305.000.000) 08/09 17:11:51 Image size of job updated: 12356
	8  -  MemoryUsage of job (MB)
	7876  -  ResidentSetSize of job (KB)
...
006 (10042305.000.000) 08/09 17:16:52 Image size of job updated: 12356
	8  -  MemoryUsage of job (MB)
	8144  -  ResidentSetSize of job (KB)
...
005 (10042305.000.000) 08/09 18:17:29 Job terminated.
	(1) Normal termination (return value 0)
		Usr 0 02:03:48, Sys 0 00:00:30  -  Run Remote Usage
		Usr 0 00:00:00, Sys 0 00:00:00  -  Run Local Usage
		Usr 0 02:03:48, Sys 0 00:00:30  -  Total Remote Usage
		Usr 0 00:00:00, Sys 0 00:00:00  -  Total Local Usage
	0  -  Run Bytes Sent By Job
	0  -  Run Bytes Received By Job
	0  -  Total Bytes Sent By Job
	0  -  Total Bytes Received By Job
	Partitionable Resources :    Usage  Request Allocated
	   Cpus                 :                 1         1
	   Disk (KB)            :        5        5   1508651
	   Memory (MB)          :        8        1         1
...
