000 (10042334.000.000) 08/09 16:11:53 Job submitted from host: <10.5.0.46:9618?addrs=10.5.0.46-9618&noUDP&sock=2497_a07a_3>
...
001 (10042334.000.000) 08/09 16:12:22 Job executing on host: <10.5.199.12:9618?addrs=10.5.199.12-9618+[--1]-9618&noUDP&sock=2559_d6f1_3>
...
006 (10042334.000.000) 08/09 16:12:31 Image size of job updated: 11760
	8  -  MemoryUsage of job (MB)
	7416  -  ResidentSetSize of job (KB)
...
006 (10042334.000.000) 08/09 16:17:32 Image size of job updated: 11920
	8  -  MemoryUsage of job (MB)
	7488  -  ResidentSetSize of job (KB)
...
006 (10042334.000.000) 08/09 16:22:32 Image size of job updated: 11920
	8  -  MemoryUsage of job (MB)
	7796  -  ResidentSetSize of job (KB)
...
006 (10042334.000.000) 08/09 16:32:34 Image size of job updated: 12056
	8  -  MemoryUsage of job (MB)
	7796  -  ResidentSetSize of job (KB)
...
006 (10042334.000.000) 08/09 16:37:34 Image size of job updated: 12132
	8  -  MemoryUsage of job (MB)
	7796  -  ResidentSetSize of job (KB)
...
006 (10042334.000.000) 08/09 16:42:34 Image size of job updated: 12180
	8  -  MemoryUsage of job (MB)
	7796  -  ResidentSetSize of job (KB)
...
006 (10042334.000.000) 08/09 16:47:35 Image size of job updated: 12224
	8  -  MemoryUsage of job (MB)
	7796  -  ResidentSetSize of job (KB)
...
006 (10042334.000.000) 08/09 18:16:02 Image size of job updated: 143600
	8  -  MemoryUsage of job (MB)
	7796  -  ResidentSetSize of job (KB)
...
005 (10042334.000.000) 08/09 18:16:02 Job terminated.
	(1) Normal termination (return value 0)
		Usr 0 02:01:52, Sys 0 00:00:23  -  Run Remote Usage
		Usr 0 00:00:00, Sys 0 00:00:00  -  Run Local Usage
		Usr 0 02:01:52, Sys 0 00:00:23  -  Total Remote Usage
		Usr 0 00:00:00, Sys 0 00:00:00  -  Total Local Usage
	0  -  Run Bytes Sent By Job
	0  -  Run Bytes Received By Job
	0  -  Total Bytes Sent By Job
	0  -  Total Bytes Received By Job
	Partitionable Resources :    Usage  Request Allocated
	   Cpus                 :                 1         1
	   Disk (KB)            :        5        5   1508651
	   Memory (MB)          :        8        1         1
...
