000 (10042867.000.000) 08/09 16:21:41 Job submitted from host: <10.5.0.46:9618?addrs=10.5.0.46-9618&noUDP&sock=2497_a07a_3>
...
001 (10042867.000.000) 08/09 18:18:30 Job executing on host: <10.5.156.5:9618?addrs=10.5.156.5-9618+[--1]-9618&noUDP&sock=2548_4b67_3>
...
006 (10042867.000.000) 08/09 18:18:39 Image size of job updated: 11788
	8  -  MemoryUsage of job (MB)
	7444  -  ResidentSetSize of job (KB)
...
006 (10042867.000.000) 08/09 18:23:40 Image size of job updated: 11836
	8  -  MemoryUsage of job (MB)
	7444  -  ResidentSetSize of job (KB)
...
006 (10042867.000.000) 08/09 18:28:40 Image size of job updated: 11940
	8  -  MemoryUsage of job (MB)
	7476  -  ResidentSetSize of job (KB)
...
006 (10042867.000.000) 08/09 18:38:42 Image size of job updated: 11944
	8  -  MemoryUsage of job (MB)
	7476  -  ResidentSetSize of job (KB)
...
006 (10042867.000.000) 08/09 18:48:42 Image size of job updated: 11944
	8  -  MemoryUsage of job (MB)
	7524  -  ResidentSetSize of job (KB)
...
006 (10042867.000.000) 08/09 18:58:44 Image size of job updated: 11952
	8  -  MemoryUsage of job (MB)
	7524  -  ResidentSetSize of job (KB)
...
006 (10042867.000.000) 08/09 19:13:46 Image size of job updated: 12048
	8  -  MemoryUsage of job (MB)
	7572  -  ResidentSetSize of job (KB)
...
006 (10042867.000.000) 08/09 19:18:46 Image size of job updated: 12048
	8  -  MemoryUsage of job (MB)
	7868  -  ResidentSetSize of job (KB)
...
005 (10042867.000.000) 08/09 20:16:40 Job terminated.
	(1) Normal termination (return value 0)
		Usr 0 01:57:14, Sys 0 00:00:24  -  Run Remote Usage
		Usr 0 00:00:00, Sys 0 00:00:00  -  Run Local Usage
		Usr 0 01:57:14, Sys 0 00:00:24  -  Total Remote Usage
		Usr 0 00:00:00, Sys 0 00:00:00  -  Total Local Usage
	0  -  Run Bytes Sent By Job
	0  -  Run Bytes Received By Job
	0  -  Total Bytes Sent By Job
	0  -  Total Bytes Received By Job
	Partitionable Resources :    Usage  Request Allocated
	   Cpus                 :                 1         1
	   Disk (KB)            :        5        5   1508653
	   Memory (MB)          :        8        1         1
...
