000 (10042709.000.000) 08/09 16:18:38 Job submitted from host: <10.5.0.46:9618?addrs=10.5.0.46-9618&noUDP&sock=2497_a07a_3>
...
001 (10042709.000.000) 08/09 16:19:34 Job executing on host: <10.5.199.70:9618?addrs=10.5.199.70-9618+[--1]-9618&noUDP&sock=2543_dd6d_3>
...
006 (10042709.000.000) 08/09 16:19:42 Image size of job updated: 11712
	8  -  MemoryUsage of job (MB)
	7368  -  ResidentSetSize of job (KB)
...
006 (10042709.000.000) 08/09 16:24:42 Image size of job updated: 11904
	8  -  MemoryUsage of job (MB)
	7472  -  ResidentSetSize of job (KB)
...
006 (10042709.000.000) 08/09 16:29:43 Image size of job updated: 12132
	8  -  MemoryUsage of job (MB)
	7700  -  ResidentSetSize of job (KB)
...
006 (10042709.000.000) 08/09 16:34:44 Image size of job updated: 12132
	8  -  MemoryUsage of job (MB)
	7940  -  ResidentSetSize of job (KB)
...
006 (10042709.000.000) 08/09 18:14:54 Image size of job updated: 12368
	8  -  MemoryUsage of job (MB)
	7940  -  ResidentSetSize of job (KB)
...
006 (10042709.000.000) 08/09 18:24:27 Image size of job updated: 12376
	8  -  MemoryUsage of job (MB)
	7940  -  ResidentSetSize of job (KB)
...
005 (10042709.000.000) 08/09 18:24:27 Job terminated.
	(1) Normal termination (return value 0)
		Usr 0 02:03:34, Sys 0 00:00:27  -  Run Remote Usage
		Usr 0 00:00:00, Sys 0 00:00:00  -  Run Local Usage
		Usr 0 02:03:34, Sys 0 00:00:27  -  Total Remote Usage
		Usr 0 00:00:00, Sys 0 00:00:00  -  Total Local Usage
	0  -  Run Bytes Sent By Job
	0  -  Run Bytes Received By Job
	0  -  Total Bytes Sent By Job
	0  -  Total Bytes Received By Job
	Partitionable Resources :    Usage  Request Allocated
	   Cpus                 :                 1         1
	   Disk (KB)            :        5        5   1508653
	   Memory (MB)          :        8        1         1
...
