000 (10042281.000.000) 08/09 16:10:57 Job submitted from host: <10.5.0.46:9618?addrs=10.5.0.46-9618&noUDP&sock=2497_a07a_3>
...
001 (10042281.000.000) 08/09 16:11:22 Job executing on host: <10.5.205.90:9618?addrs=10.5.205.90-9618+[--1]-9618&noUDP&sock=2562_e5ba_3>
...
006 (10042281.000.000) 08/09 16:11:30 Image size of job updated: 11808
	8  -  MemoryUsage of job (MB)
	7464  -  ResidentSetSize of job (KB)
...
006 (10042281.000.000) 08/09 16:16:30 Image size of job updated: 11912
	8  -  MemoryUsage of job (MB)
	7480  -  ResidentSetSize of job (KB)
...
006 (10042281.000.000) 08/09 16:21:31 Image size of job updated: 11920
	8  -  MemoryUsage of job (MB)
	7480  -  ResidentSetSize of job (KB)
...
006 (10042281.000.000) 08/09 16:26:32 Image size of job updated: 11928
	8  -  MemoryUsage of job (MB)
	7480  -  ResidentSetSize of job (KB)
...
006 (10042281.000.000) 08/09 16:31:32 Image size of job updated: 11948
	8  -  MemoryUsage of job (MB)
	7480  -  ResidentSetSize of job (KB)
...
006 (10042281.000.000) 08/09 16:36:32 Image size of job updated: 11972
	8  -  MemoryUsage of job (MB)
	7496  -  ResidentSetSize of job (KB)
...
006 (10042281.000.000) 08/09 16:41:33 Image size of job updated: 12080
	8  -  MemoryUsage of job (MB)
	7604  -  ResidentSetSize of job (KB)
...
006 (10042281.000.000) 08/09 16:46:33 Image size of job updated: 12280
	8  -  MemoryUsage of job (MB)
	7804  -  ResidentSetSize of job (KB)
...
006 (10042281.000.000) 08/09 17:41:39 Image size of job updated: 12280
	8  -  MemoryUsage of job (MB)
	7888  -  ResidentSetSize of job (KB)
...
006 (10042281.000.000) 08/09 18:16:38 Image size of job updated: 143824
	8  -  MemoryUsage of job (MB)
	7888  -  ResidentSetSize of job (KB)
...
005 (10042281.000.000) 08/09 18:16:38 Job terminated.
	(1) Normal termination (return value 0)
		Usr 0 02:03:14, Sys 0 00:00:27  -  Run Remote Usage
		Usr 0 00:00:00, Sys 0 00:00:00  -  Run Local Usage
		Usr 0 02:03:14, Sys 0 00:00:27  -  Total Remote Usage
		Usr 0 00:00:00, Sys 0 00:00:00  -  Total Local Usage
	0  -  Run Bytes Sent By Job
	0  -  Run Bytes Received By Job
	0  -  Total Bytes Sent By Job
	0  -  Total Bytes Received By Job
	Partitionable Resources :    Usage  Request Allocated
	   Cpus                 :                 1         1
	   Disk (KB)            :        5        5   1508642
	   Memory (MB)          :        8        1         1
...
