000 (10042770.000.000) 08/09 16:19:42 Job submitted from host: <10.5.0.46:9618?addrs=10.5.0.46-9618&noUDP&sock=2497_a07a_3>
...
001 (10042770.000.000) 08/09 16:24:06 Job executing on host: <10.5.238.76:9618?addrs=10.5.238.76-9618+[--1]-9618&noUDP&sock=3127_c124_3>
...
006 (10042770.000.000) 08/09 16:24:15 Image size of job updated: 11844
	8  -  MemoryUsage of job (MB)
	7496  -  ResidentSetSize of job (KB)
...
006 (10042770.000.000) 08/09 16:29:15 Image size of job updated: 11904
	8  -  MemoryUsage of job (MB)
	7496  -  ResidentSetSize of job (KB)
...
006 (10042770.000.000) 08/09 16:34:15 Image size of job updated: 11964
	8  -  MemoryUsage of job (MB)
	7528  -  ResidentSetSize of job (KB)
...
006 (10042770.000.000) 08/09 16:39:16 Image size of job updated: 12352
	8  -  MemoryUsage of job (MB)
	7916  -  ResidentSetSize of job (KB)
...
005 (10042770.000.000) 08/09 18:24:45 Job terminated.
	(1) Normal termination (return value 0)
		Usr 0 01:59:23, Sys 0 00:00:22  -  Run Remote Usage
		Usr 0 00:00:00, Sys 0 00:00:00  -  Run Local Usage
		Usr 0 01:59:23, Sys 0 00:00:22  -  Total Remote Usage
		Usr 0 00:00:00, Sys 0 00:00:00  -  Total Local Usage
	0  -  Run Bytes Sent By Job
	0  -  Run Bytes Received By Job
	0  -  Total Bytes Sent By Job
	0  -  Total Bytes Received By Job
	Partitionable Resources :    Usage  Request Allocated
	   Cpus                 :                 1         1
	   Disk (KB)            :        5        5   1508535
	   Memory (MB)          :        8        1         1
...
