000 (10042633.000.000) 08/09 16:17:17 Job submitted from host: <10.5.0.46:9618?addrs=10.5.0.46-9618&noUDP&sock=2497_a07a_3>
...
001 (10042633.000.000) 08/09 16:17:23 Job executing on host: <10.5.156.64:9618?addrs=10.5.156.64-9618+[--1]-9618&noUDP&sock=2561_868a_3>
...
006 (10042633.000.000) 08/09 16:17:31 Image size of job updated: 11804
	8  -  MemoryUsage of job (MB)
	7448  -  ResidentSetSize of job (KB)
...
006 (10042633.000.000) 08/09 16:22:31 Image size of job updated: 11804
	8  -  MemoryUsage of job (MB)
	7684  -  ResidentSetSize of job (KB)
...
006 (10042633.000.000) 08/09 16:27:32 Image size of job updated: 12184
	8  -  MemoryUsage of job (MB)
	7740  -  ResidentSetSize of job (KB)
...
006 (10042633.000.000) 08/09 17:57:41 Image size of job updated: 12304
	8  -  MemoryUsage of job (MB)
	7824  -  ResidentSetSize of job (KB)
...
006 (10042633.000.000) 08/09 18:22:59 Image size of job updated: 12308
	8  -  MemoryUsage of job (MB)
	7824  -  ResidentSetSize of job (KB)
...
005 (10042633.000.000) 08/09 18:22:59 Job terminated.
	(1) Normal termination (return value 0)
		Usr 0 02:03:23, Sys 0 00:00:25  -  Run Remote Usage
		Usr 0 00:00:00, Sys 0 00:00:00  -  Run Local Usage
		Usr 0 02:03:23, Sys 0 00:00:25  -  Total Remote Usage
		Usr 0 00:00:00, Sys 0 00:00:00  -  Total Local Usage
	0  -  Run Bytes Sent By Job
	0  -  Run Bytes Received By Job
	0  -  Total Bytes Sent By Job
	0  -  Total Bytes Received By Job
	Partitionable Resources :    Usage  Request Allocated
	   Cpus                 :                 1         1
	   Disk (KB)            :        5        5   1508637
	   Memory (MB)          :        8        1         1
...
