000 (10042316.000.000) 08/09 16:11:34 Job submitted from host: <10.5.0.46:9618?addrs=10.5.0.46-9618&noUDP&sock=2497_a07a_3>
...
001 (10042316.000.000) 08/09 16:11:56 Job executing on host: <10.5.156.5:9618?addrs=10.5.156.5-9618+[--1]-9618&noUDP&sock=2548_4b67_3>
...
006 (10042316.000.000) 08/09 16:12:05 Image size of job updated: 11712
	8  -  MemoryUsage of job (MB)
	7368  -  ResidentSetSize of job (KB)
...
006 (10042316.000.000) 08/09 16:17:06 Image size of job updated: 11836
	8  -  MemoryUsage of job (MB)
	7404  -  ResidentSetSize of job (KB)
...
006 (10042316.000.000) 08/09 16:22:06 Image size of job updated: 11920
	8  -  MemoryUsage of job (MB)
	7488  -  ResidentSetSize of job (KB)
...
006 (10042316.000.000) 08/09 16:37:08 Image size of job updated: 11984
	8  -  MemoryUsage of job (MB)
	7540  -  ResidentSetSize of job (KB)
...
006 (10042316.000.000) 08/09 17:22:12 Image size of job updated: 12136
	8  -  MemoryUsage of job (MB)
	7660  -  ResidentSetSize of job (KB)
...
006 (10042316.000.000) 08/09 18:16:42 Image size of job updated: 143584
	8  -  MemoryUsage of job (MB)
	7660  -  ResidentSetSize of job (KB)
...
005 (10042316.000.000) 08/09 18:16:42 Job terminated.
	(1) Normal termination (return value 0)
		Usr 0 02:02:47, Sys 0 00:00:27  -  Run Remote Usage
		Usr 0 00:00:00, Sys 0 00:00:00  -  Run Local Usage
		Usr 0 02:02:47, Sys 0 00:00:27  -  Total Remote Usage
		Usr 0 00:00:00, Sys 0 00:00:00  -  Total Local Usage
	0  -  Run Bytes Sent By Job
	0  -  Run Bytes Received By Job
	0  -  Total Bytes Sent By Job
	0  -  Total Bytes Received By Job
	Partitionable Resources :    Usage  Request Allocated
	   Cpus                 :                 1         1
	   Disk (KB)            :        5        5   1508653
	   Memory (MB)          :        8        1         1
...
