000 (10042559.000.000) 08/09 16:15:51 Job submitted from host: <10.5.0.46:9618?addrs=10.5.0.46-9618&noUDP&sock=2497_a07a_3>
...
001 (10042559.000.000) 08/09 16:15:58 Job executing on host: <10.5.175.78:9618?addrs=10.5.175.78-9618+[--1]-9618&noUDP&sock=2570_627c_3>
...
006 (10042559.000.000) 08/09 16:16:07 Image size of job updated: 11852
	8  -  MemoryUsage of job (MB)
	7496  -  ResidentSetSize of job (KB)
...
006 (10042559.000.000) 08/09 16:21:08 Image size of job updated: 12320
	8  -  MemoryUsage of job (MB)
	7876  -  ResidentSetSize of job (KB)
...
006 (10042559.000.000) 08/09 16:36:10 Image size of job updated: 12320
	8  -  MemoryUsage of job (MB)
	7880  -  ResidentSetSize of job (KB)
...
006 (10042559.000.000) 08/09 18:22:59 Image size of job updated: 12356
	8  -  MemoryUsage of job (MB)
	7880  -  ResidentSetSize of job (KB)
...
005 (10042559.000.000) 08/09 18:22:59 Job terminated.
	(1) Normal termination (return value 0)
		Usr 0 02:04:50, Sys 0 00:00:25  -  Run Remote Usage
		Usr 0 00:00:00, Sys 0 00:00:00  -  Run Local Usage
		Usr 0 02:04:50, Sys 0 00:00:25  -  Total Remote Usage
		Usr 0 00:00:00, Sys 0 00:00:00  -  Total Local Usage
	0  -  Run Bytes Sent By Job
	0  -  Run Bytes Received By Job
	0  -  Total Bytes Sent By Job
	0  -  Total Bytes Received By Job
	Partitionable Resources :    Usage  Request Allocated
	   Cpus                 :                 1         1
	   Disk (KB)            :        5        5   1508649
	   Memory (MB)          :        8        1         1
...
