000 (10042748.000.000) 08/09 16:19:19 Job submitted from host: <10.5.0.46:9618?addrs=10.5.0.46-9618&noUDP&sock=2497_a07a_3>
...
001 (10042748.000.000) 08/09 16:21:23 Job executing on host: <10.5.157.101:9618?addrs=10.5.157.101-9618+[--1]-9618&noUDP&sock=2553_09c8_3>
...
006 (10042748.000.000) 08/09 16:21:32 Image size of job updated: 11728
	8  -  MemoryUsage of job (MB)
	7372  -  ResidentSetSize of job (KB)
...
006 (10042748.000.000) 08/09 16:26:33 Image size of job updated: 12196
	8  -  MemoryUsage of job (MB)
	7752  -  ResidentSetSize of job (KB)
...
006 (10042748.000.000) 08/09 17:51:43 Image size of job updated: 12196
	8  -  MemoryUsage of job (MB)
	7852  -  ResidentSetSize of job (KB)
...
006 (10042748.000.000) 08/09 18:34:03 Image size of job updated: 143652
	8  -  MemoryUsage of job (MB)
	7852  -  ResidentSetSize of job (KB)
...
005 (10042748.000.000) 08/09 18:34:03 Job terminated.
	(1) Normal termination (return value 0)
		Usr 0 02:10:49, Sys 0 00:00:28  -  Run Remote Usage
		Usr 0 00:00:00, Sys 0 00:00:00  -  Run Local Usage
		Usr 0 02:10:49, Sys 0 00:00:28  -  Total Remote Usage
		Usr 0 00:00:00, Sys 0 00:00:00  -  Total Local Usage
	0  -  Run Bytes Sent By Job
	0  -  Run Bytes Received By Job
	0  -  Total Bytes Sent By Job
	0  -  Total Bytes Received By Job
	Partitionable Resources :    Usage  Request Allocated
	   Cpus                 :                 1         1
	   Disk (KB)            :        5        5   1508637
	   Memory (MB)          :        8        1         1
...
