000 (10042410.000.000) 08/09 16:13:13 Job submitted from host: <10.5.0.46:9618?addrs=10.5.0.46-9618&noUDP&sock=2497_a07a_3>
...
001 (10042410.000.000) 08/09 16:13:38 Job executing on host: <10.5.197.36:9618?addrs=10.5.197.36-9618+[--1]-9618&noUDP&sock=2559_d6f1_3>
...
006 (10042410.000.000) 08/09 16:13:47 Image size of job updated: 11772
	8  -  MemoryUsage of job (MB)
	7412  -  ResidentSetSize of job (KB)
...
006 (10042410.000.000) 08/09 16:18:48 Image size of job updated: 11868
	8  -  MemoryUsage of job (MB)
	7420  -  ResidentSetSize of job (KB)
...
006 (10042410.000.000) 08/09 16:23:48 Image size of job updated: 11872
	8  -  MemoryUsage of job (MB)
	7424  -  ResidentSetSize of job (KB)
...
006 (10042410.000.000) 08/09 16:33:49 Image size of job updated: 12060
	8  -  MemoryUsage of job (MB)
	7600  -  ResidentSetSize of job (KB)
...
006 (10042410.000.000) 08/09 17:18:54 Image size of job updated: 12076
	8  -  MemoryUsage of job (MB)
	7600  -  ResidentSetSize of job (KB)
...
006 (10042410.000.000) 08/09 17:53:57 Image size of job updated: 12428
	8  -  MemoryUsage of job (MB)
	7944  -  ResidentSetSize of job (KB)
...
006 (10042410.000.000) 08/09 18:18:39 Image size of job updated: 143904
	8  -  MemoryUsage of job (MB)
	7944  -  ResidentSetSize of job (KB)
...
005 (10042410.000.000) 08/09 18:18:39 Job terminated.
	(1) Normal termination (return value 0)
		Usr 0 02:02:52, Sys 0 00:00:21  -  Run Remote Usage
		Usr 0 00:00:00, Sys 0 00:00:00  -  Run Local Usage
		Usr 0 02:02:52, Sys 0 00:00:21  -  Total Remote Usage
		Usr 0 00:00:00, Sys 0 00:00:00  -  Total Local Usage
	0  -  Run Bytes Sent By Job
	0  -  Run Bytes Received By Job
	0  -  Total Bytes Sent By Job
	0  -  Total Bytes Received By Job
	Partitionable Resources :    Usage  Request Allocated
	   Cpus                 :                 1         1
	   Disk (KB)            :        5        5   1508636
	   Memory (MB)          :        8        1         1
...
