000 (10042190.000.000) 08/09 16:09:21 Job submitted from host: <10.5.0.46:9618?addrs=10.5.0.46-9618&noUDP&sock=2497_a07a_3>
...
001 (10042190.000.000) 08/09 16:09:31 Job executing on host: <10.5.157.60:9618?addrs=10.5.157.60-9618+[--1]-9618&noUDP&sock=2533_017b_3>
...
006 (10042190.000.000) 08/09 16:09:40 Image size of job updated: 12336
	8  -  MemoryUsage of job (MB)
	7456  -  ResidentSetSize of job (KB)
...
006 (10042190.000.000) 08/09 16:14:41 Image size of job updated: 12812
	8  -  MemoryUsage of job (MB)
	7816  -  ResidentSetSize of job (KB)
...
006 (10042190.000.000) 08/09 16:44:44 Image size of job updated: 13092
	8  -  MemoryUsage of job (MB)
	8084  -  ResidentSetSize of job (KB)
...
006 (10042190.000.000) 08/09 17:24:48 Image size of job updated: 13096
	8  -  MemoryUsage of job (MB)
	8088  -  ResidentSetSize of job (KB)
...
005 (10042190.000.000) 08/09 18:13:19 Job terminated.
	(1) Normal termination (return value 0)
		Usr 0 02:01:54, Sys 0 00:00:25  -  Run Remote Usage
		Usr 0 00:00:00, Sys 0 00:00:00  -  Run Local Usage
		Usr 0 02:01:54, Sys 0 00:00:25  -  Total Remote Usage
		Usr 0 00:00:00, Sys 0 00:00:00  -  Total Local Usage
	0  -  Run Bytes Sent By Job
	0  -  Run Bytes Received By Job
	0  -  Total Bytes Sent By Job
	0  -  Total Bytes Received By Job
	Partitionable Resources :    Usage  Request Allocated
	   Cpus                 :                 1         1
	   Disk (KB)            :        5        5   1508650
	   Memory (MB)          :        8        1         1
...
