000 (10042716.000.000) 08/09 16:18:45 Job submitted from host: <10.5.0.46:9618?addrs=10.5.0.46-9618&noUDP&sock=2497_a07a_3>
...
001 (10042716.000.000) 08/09 16:19:49 Job executing on host: <10.5.230.167:9618?addrs=10.5.230.167-9618+[--1]-9618&noUDP&sock=2542_2dd5_3>
...
006 (10042716.000.000) 08/09 16:19:58 Image size of job updated: 11720
	8  -  MemoryUsage of job (MB)
	7364  -  ResidentSetSize of job (KB)
...
006 (10042716.000.000) 08/09 16:24:59 Image size of job updated: 12020
	8  -  MemoryUsage of job (MB)
	7576  -  ResidentSetSize of job (KB)
...
006 (10042716.000.000) 08/09 16:29:59 Image size of job updated: 12064
	8  -  MemoryUsage of job (MB)
	7620  -  ResidentSetSize of job (KB)
...
006 (10042716.000.000) 08/09 16:45:01 Image size of job updated: 12156
	8  -  MemoryUsage of job (MB)
	7700  -  ResidentSetSize of job (KB)
...
006 (10042716.000.000) 08/09 16:50:01 Image size of job updated: 12156
	8  -  MemoryUsage of job (MB)
	7916  -  ResidentSetSize of job (KB)
...
006 (10042716.000.000) 08/09 17:55:08 Image size of job updated: 12244
	8  -  MemoryUsage of job (MB)
	7916  -  ResidentSetSize of job (KB)
...
005 (10042716.000.000) 08/09 18:23:00 Job terminated.
	(1) Normal termination (return value 0)
		Usr 0 02:01:43, Sys 0 00:00:27  -  Run Remote Usage
		Usr 0 00:00:00, Sys 0 00:00:00  -  Run Local Usage
		Usr 0 02:01:43, Sys 0 00:00:27  -  Total Remote Usage
		Usr 0 00:00:00, Sys 0 00:00:00  -  Total Local Usage
	0  -  Run Bytes Sent By Job
	0  -  Run Bytes Received By Job
	0  -  Total Bytes Sent By Job
	0  -  Total Bytes Received By Job
	Partitionable Resources :    Usage  Request Allocated
	   Cpus                 :                 1         1
	   Disk (KB)            :        5        5   1508650
	   Memory (MB)          :        8        1         1
...
