000 (10042298.000.000) 08/09 16:11:15 Job submitted from host: <10.5.0.46:9618?addrs=10.5.0.46-9618&noUDP&sock=2497_a07a_3>
...
001 (10042298.000.000) 08/09 16:11:37 Job executing on host: <10.5.156.5:9618?addrs=10.5.156.5-9618+[--1]-9618&noUDP&sock=2548_4b67_3>
...
006 (10042298.000.000) 08/09 16:11:45 Image size of job updated: 11724
	8  -  MemoryUsage of job (MB)
	7380  -  ResidentSetSize of job (KB)
...
006 (10042298.000.000) 08/09 16:16:45 Image size of job updated: 11916
	8  -  MemoryUsage of job (MB)
	7484  -  ResidentSetSize of job (KB)
...
006 (10042298.000.000) 08/09 16:21:46 Image size of job updated: 11980
	8  -  MemoryUsage of job (MB)
	7548  -  ResidentSetSize of job (KB)
...
006 (10042298.000.000) 08/09 16:26:47 Image size of job updated: 12012
	8  -  MemoryUsage of job (MB)
	7580  -  ResidentSetSize of job (KB)
...
006 (10042298.000.000) 08/09 16:31:47 Image size of job updated: 12024
	8  -  MemoryUsage of job (MB)
	7580  -  ResidentSetSize of job (KB)
...
006 (10042298.000.000) 08/09 16:36:47 Image size of job updated: 12268
	8  -  MemoryUsage of job (MB)
	7824  -  ResidentSetSize of job (KB)
...
006 (10042298.000.000) 08/09 16:41:48 Image size of job updated: 12268
	8  -  MemoryUsage of job (MB)
	8064  -  ResidentSetSize of job (KB)
...
006 (10042298.000.000) 08/09 17:56:56 Image size of job updated: 12592
	8  -  MemoryUsage of job (MB)
	8116  -  ResidentSetSize of job (KB)
...
005 (10042298.000.000) 08/09 18:16:41 Job terminated.
	(1) Normal termination (return value 0)
		Usr 0 02:03:20, Sys 0 00:00:24  -  Run Remote Usage
		Usr 0 00:00:00, Sys 0 00:00:00  -  Run Local Usage
		Usr 0 02:03:20, Sys 0 00:00:24  -  Total Remote Usage
		Usr 0 00:00:00, Sys 0 00:00:00  -  Total Local Usage
	0  -  Run Bytes Sent By Job
	0  -  Run Bytes Received By Job
	0  -  Total Bytes Sent By Job
	0  -  Total Bytes Received By Job
	Partitionable Resources :    Usage  Request Allocated
	   Cpus                 :                 1         1
	   Disk (KB)            :        5        5   1508653
	   Memory (MB)          :        8        1         1
...
