000 (10042247.000.000) 08/09 16:10:22 Job submitted from host: <10.5.0.46:9618?addrs=10.5.0.46-9618&noUDP&sock=2497_a07a_3>
...
001 (10042247.000.000) 08/09 16:10:39 Job executing on host: <10.5.230.127:9618?addrs=10.5.230.127-9618+[--1]-9618&noUDP&sock=2572_1214_3>
...
006 (10042247.000.000) 08/09 16:10:47 Image size of job updated: 11852
	8  -  MemoryUsage of job (MB)
	7508  -  ResidentSetSize of job (KB)
...
006 (10042247.000.000) 08/09 16:15:47 Image size of job updated: 11936
	8  -  MemoryUsage of job (MB)
	7508  -  ResidentSetSize of job (KB)
...
006 (10042247.000.000) 08/09 16:30:48 Image size of job updated: 11964
	8  -  MemoryUsage of job (MB)
	7520  -  ResidentSetSize of job (KB)
...
006 (10042247.000.000) 08/09 17:45:56 Image size of job updated: 12252
	8  -  MemoryUsage of job (MB)
	7776  -  ResidentSetSize of job (KB)
...
006 (10042247.000.000) 08/09 18:17:14 Image size of job updated: 143600
	8  -  MemoryUsage of job (MB)
	7776  -  ResidentSetSize of job (KB)
...
005 (10042247.000.000) 08/09 18:17:14 Job terminated.
	(1) Normal termination (return value 0)
		Usr 0 02:04:35, Sys 0 00:00:28  -  Run Remote Usage
		Usr 0 00:00:00, Sys 0 00:00:00  -  Run Local Usage
		Usr 0 02:04:35, Sys 0 00:00:28  -  Total Remote Usage
		Usr 0 00:00:00, Sys 0 00:00:00  -  Total Local Usage
	0  -  Run Bytes Sent By Job
	0  -  Run Bytes Received By Job
	0  -  Total Bytes Sent By Job
	0  -  Total Bytes Received By Job
	Partitionable Resources :    Usage  Request Allocated
	   Cpus                 :                 1         1
	   Disk (KB)            :        5        5   1504613
	   Memory (MB)          :        8        1         1
...
