000 (10042783.000.000) 08/09 16:19:56 Job submitted from host: <10.5.0.46:9618?addrs=10.5.0.46-9618&noUDP&sock=2497_a07a_3>
...
001 (10042783.000.000) 08/09 16:29:05 Job executing on host: <10.5.155.73:9618?addrs=10.5.155.73-9618+[--1]-9618&noUDP&sock=2544_8d06_3>
...
006 (10042783.000.000) 08/09 16:29:13 Image size of job updated: 11732
	8  -  MemoryUsage of job (MB)
	7380  -  ResidentSetSize of job (KB)
...
006 (10042783.000.000) 08/09 16:34:13 Image size of job updated: 12104
	8  -  MemoryUsage of job (MB)
	7664  -  ResidentSetSize of job (KB)
...
006 (10042783.000.000) 08/09 18:32:48 Image size of job updated: 143624
	8  -  MemoryUsage of job (MB)
	7664  -  ResidentSetSize of job (KB)
...
005 (10042783.000.000) 08/09 18:32:48 Job terminated.
	(1) Normal termination (return value 0)
		Usr 0 02:01:54, Sys 0 00:00:26  -  Run Remote Usage
		Usr 0 00:00:00, Sys 0 00:00:00  -  Run Local Usage
		Usr 0 02:01:54, Sys 0 00:00:26  -  Total Remote Usage
		Usr 0 00:00:00, Sys 0 00:00:00  -  Total Local Usage
	0  -  Run Bytes Sent By Job
	0  -  Run Bytes Received By Job
	0  -  Total Bytes Sent By Job
	0  -  Total Bytes Received By Job
	Partitionable Resources :    Usage  Request Allocated
	   Cpus                 :                 1         1
	   Disk (KB)            :        5        5   1508648
	   Memory (MB)          :        8        1         1
...
