000 (10042355.000.000) 08/09 16:12:15 Job submitted from host: <10.5.0.46:9618?addrs=10.5.0.46-9618&noUDP&sock=2497_a07a_3>
...
001 (10042355.000.000) 08/09 16:12:37 Job executing on host: <10.5.205.90:9618?addrs=10.5.205.90-9618+[--1]-9618&noUDP&sock=2562_e5ba_3>
...
006 (10042355.000.000) 08/09 16:12:45 Image size of job updated: 11772
	8  -  MemoryUsage of job (MB)
	7412  -  ResidentSetSize of job (KB)
...
006 (10042355.000.000) 08/09 16:17:45 Image size of job updated: 11844
	8  -  MemoryUsage of job (MB)
	7412  -  ResidentSetSize of job (KB)
...
006 (10042355.000.000) 08/09 16:22:46 Image size of job updated: 11956
	8  -  MemoryUsage of job (MB)
	7508  -  ResidentSetSize of job (KB)
...
006 (10042355.000.000) 08/09 16:27:47 Image size of job updated: 11956
	8  -  MemoryUsage of job (MB)
	7864  -  ResidentSetSize of job (KB)
...
006 (10042355.000.000) 08/09 16:37:47 Image size of job updated: 12232
	8  -  MemoryUsage of job (MB)
	7864  -  ResidentSetSize of job (KB)
...
006 (10042355.000.000) 08/09 16:42:48 Image size of job updated: 12432
	8  -  MemoryUsage of job (MB)
	7948  -  ResidentSetSize of job (KB)
...
006 (10042355.000.000) 08/09 18:17:39 Image size of job updated: 144208
	8  -  MemoryUsage of job (MB)
	7948  -  ResidentSetSize of job (KB)
...
005 (10042355.000.000) 08/09 18:17:39 Job terminated.
	(1) Normal termination (return value 0)
		Usr 0 02:02:55, Sys 0 00:00:27  -  Run Remote Usage
		Usr 0 00:00:00, Sys 0 00:00:00  -  Run Local Usage
		Usr 0 02:02:55, Sys 0 00:00:27  -  Total Remote Usage
		Usr 0 00:00:00, Sys 0 00:00:00  -  Total Local Usage
	0  -  Run Bytes Sent By Job
	0  -  Run Bytes Received By Job
	0  -  Total Bytes Sent By Job
	0  -  Total Bytes Received By Job
	Partitionable Resources :    Usage  Request Allocated
	   Cpus                 :                 1         1
	   Disk (KB)            :        5        5   1508642
	   Memory (MB)          :        8        1         1
...
