000 (10042406.000.000) 08/09 16:13:09 Job submitted from host: <10.5.0.46:9618?addrs=10.5.0.46-9618&noUDP&sock=2497_a07a_3>
...
001 (10042406.000.000) 08/09 16:13:23 Job executing on host: <10.5.164.155:9618?addrs=10.5.164.155-9618+[--1]-9618&noUDP&sock=2553_b960_3>
...
006 (10042406.000.000) 08/09 16:13:31 Image size of job updated: 13152
	8  -  MemoryUsage of job (MB)
	7444  -  ResidentSetSize of job (KB)
...
006 (10042406.000.000) 08/09 16:18:31 Image size of job updated: 13404
	8  -  MemoryUsage of job (MB)
	7580  -  ResidentSetSize of job (KB)
...
006 (10042406.000.000) 08/09 16:43:34 Image size of job updated: 13672
	8  -  MemoryUsage of job (MB)
	7812  -  ResidentSetSize of job (KB)
...
006 (10042406.000.000) 08/09 16:48:34 Image size of job updated: 13672
	8  -  MemoryUsage of job (MB)
	7944  -  ResidentSetSize of job (KB)
...
006 (10042406.000.000) 08/09 17:23:38 Image size of job updated: 13828
	8  -  MemoryUsage of job (MB)
	7968  -  ResidentSetSize of job (KB)
...
005 (10042406.000.000) 08/09 18:19:17 Job terminated.
	(1) Normal termination (return value 0)
		Usr 0 02:03:45, Sys 0 00:00:28  -  Run Remote Usage
		Usr 0 00:00:00, Sys 0 00:00:00  -  Run Local Usage
		Usr 0 02:03:45, Sys 0 00:00:28  -  Total Remote Usage
		Usr 0 00:00:00, Sys 0 00:00:00  -  Total Local Usage
	0  -  Run Bytes Sent By Job
	0  -  Run Bytes Received By Job
	0  -  Total Bytes Sent By Job
	0  -  Total Bytes Received By Job
	Partitionable Resources :    Usage  Request Allocated
	   Cpus                 :                 1         1
	   Disk (KB)            :        5        5   1508649
	   Memory (MB)          :        8        1         1
...
