000 (10042534.000.000) 08/09 16:15:25 Job submitted from host: <10.5.0.46:9618?addrs=10.5.0.46-9618&noUDP&sock=2497_a07a_3>
...
001 (10042534.000.000) 08/09 16:15:41 Job executing on host: <10.5.214.36:9618?addrs=10.5.214.36-9618+[--1]-9618&noUDP&sock=2546_ec36_3>
...
006 (10042534.000.000) 08/09 16:15:50 Image size of job updated: 11772
	8  -  MemoryUsage of job (MB)
	7416  -  ResidentSetSize of job (KB)
...
006 (10042534.000.000) 08/09 16:20:51 Image size of job updated: 12080
	8  -  MemoryUsage of job (MB)
	7636  -  ResidentSetSize of job (KB)
...
006 (10042534.000.000) 08/09 16:30:51 Image size of job updated: 12092
	8  -  MemoryUsage of job (MB)
	7648  -  ResidentSetSize of job (KB)
...
006 (10042534.000.000) 08/09 16:35:52 Image size of job updated: 12212
	8  -  MemoryUsage of job (MB)
	7756  -  ResidentSetSize of job (KB)
...
006 (10042534.000.000) 08/09 17:55:59 Image size of job updated: 12480
	8  -  MemoryUsage of job (MB)
	8000  -  ResidentSetSize of job (KB)
...
006 (10042534.000.000) 08/09 18:21:24 Image size of job updated: 143772
	8  -  MemoryUsage of job (MB)
	8000  -  ResidentSetSize of job (KB)
...
005 (10042534.000.000) 08/09 18:21:24 Job terminated.
	(1) Normal termination (return value 0)
		Usr 0 02:03:28, Sys 0 00:00:29  -  Run Remote Usage
		Usr 0 00:00:00, Sys 0 00:00:00  -  Run Local Usage
		Usr 0 02:03:28, Sys 0 00:00:29  -  Total Remote Usage
		Usr 0 00:00:00, Sys 0 00:00:00  -  Total Local Usage
	0  -  Run Bytes Sent By Job
	0  -  Run Bytes Received By Job
	0  -  Total Bytes Sent By Job
	0  -  Total Bytes Received By Job
	Partitionable Resources :    Usage  Request Allocated
	   Cpus                 :                 1         1
	   Disk (KB)            :        5        5   1508644
	   Memory (MB)          :        8        1         1
...
