000 (10042571.000.000) 08/09 16:16:05 Job submitted from host: <10.5.0.46:9618?addrs=10.5.0.46-9618&noUDP&sock=2497_a07a_3>
...
001 (10042571.000.000) 08/09 16:16:24 Job executing on host: <10.5.163.227:9618?addrs=10.5.163.227-9618+[--1]-9618&noUDP&sock=2560_d6f1_3>
...
006 (10042571.000.000) 08/09 16:16:32 Image size of job updated: 11748
	8  -  MemoryUsage of job (MB)
	7392  -  ResidentSetSize of job (KB)
...
006 (10042571.000.000) 08/09 16:21:32 Image size of job updated: 11860
	8  -  MemoryUsage of job (MB)
	7416  -  ResidentSetSize of job (KB)
...
006 (10042571.000.000) 08/09 16:26:33 Image size of job updated: 11940
	8  -  MemoryUsage of job (MB)
	7496  -  ResidentSetSize of job (KB)
...
006 (10042571.000.000) 08/09 16:51:36 Image size of job updated: 12024
	8  -  MemoryUsage of job (MB)
	7544  -  ResidentSetSize of job (KB)
...
006 (10042571.000.000) 08/09 17:31:40 Image size of job updated: 12160
	8  -  MemoryUsage of job (MB)
	7680  -  ResidentSetSize of job (KB)
...
006 (10042571.000.000) 08/09 17:36:41 Image size of job updated: 12160
	8  -  MemoryUsage of job (MB)
	7944  -  ResidentSetSize of job (KB)
...
005 (10042571.000.000) 08/09 18:21:51 Job terminated.
	(1) Normal termination (return value 0)
		Usr 0 02:03:25, Sys 0 00:00:25  -  Run Remote Usage
		Usr 0 00:00:00, Sys 0 00:00:00  -  Run Local Usage
		Usr 0 02:03:25, Sys 0 00:00:25  -  Total Remote Usage
		Usr 0 00:00:00, Sys 0 00:00:00  -  Total Local Usage
	0  -  Run Bytes Sent By Job
	0  -  Run Bytes Received By Job
	0  -  Total Bytes Sent By Job
	0  -  Total Bytes Received By Job
	Partitionable Resources :    Usage  Request Allocated
	   Cpus                 :                 1         1
	   Disk (KB)            :        5        5   1508636
	   Memory (MB)          :        8        1         1
...
