000 (10042525.000.000) 08/09 16:15:15 Job submitted from host: <10.5.0.46:9618?addrs=10.5.0.46-9618&noUDP&sock=2497_a07a_3>
...
001 (10042525.000.000) 08/09 16:15:41 Job executing on host: <10.5.166.184:9618?addrs=10.5.166.184-9618+[--1]-9618&noUDP&sock=2306_4d7b_3>
...
006 (10042525.000.000) 08/09 16:15:49 Image size of job updated: 11720
	8  -  MemoryUsage of job (MB)
	7400  -  ResidentSetSize of job (KB)
...
006 (10042525.000.000) 08/09 16:20:49 Image size of job updated: 11960
	8  -  MemoryUsage of job (MB)
	7552  -  ResidentSetSize of job (KB)
...
006 (10042525.000.000) 08/09 16:30:51 Image size of job updated: 12012
	8  -  MemoryUsage of job (MB)
	7604  -  ResidentSetSize of job (KB)
...
006 (10042525.000.000) 08/09 16:35:51 Image size of job updated: 12484
	8  -  MemoryUsage of job (MB)
	8076  -  ResidentSetSize of job (KB)
...
006 (10042525.000.000) 08/09 19:35:00 Image size of job updated: 143824
	8  -  MemoryUsage of job (MB)
	8076  -  ResidentSetSize of job (KB)
...
005 (10042525.000.000) 08/09 19:35:00 Job terminated.
	(1) Normal termination (return value 0)
		Usr 0 03:18:07, Sys 0 00:00:24  -  Run Remote Usage
		Usr 0 00:00:00, Sys 0 00:00:00  -  Run Local Usage
		Usr 0 03:18:07, Sys 0 00:00:24  -  Total Remote Usage
		Usr 0 00:00:00, Sys 0 00:00:00  -  Total Local Usage
	0  -  Run Bytes Sent By Job
	0  -  Run Bytes Received By Job
	0  -  Total Bytes Sent By Job
	0  -  Total Bytes Received By Job
	Partitionable Resources :    Usage  Request Allocated
	   Cpus                 :                 1         1
	   Disk (KB)            :        5        5   1508648
	   Memory (MB)          :        8        1         1
...
