000 (10042399.000.000) 08/09 16:13:02 Job submitted from host: <10.5.0.46:9618?addrs=10.5.0.46-9618&noUDP&sock=2497_a07a_3>
...
001 (10042399.000.000) 08/09 16:13:17 Job executing on host: <10.5.228.89:9618?addrs=10.5.228.89-9618+[--1]-9618&noUDP&sock=2560_d6f1_3>
...
006 (10042399.000.000) 08/09 16:13:25 Image size of job updated: 11776
	8  -  MemoryUsage of job (MB)
	7432  -  ResidentSetSize of job (KB)
...
006 (10042399.000.000) 08/09 16:18:25 Image size of job updated: 12084
	8  -  MemoryUsage of job (MB)
	7628  -  ResidentSetSize of job (KB)
...
006 (10042399.000.000) 08/09 16:23:26 Image size of job updated: 12396
	8  -  MemoryUsage of job (MB)
	7940  -  ResidentSetSize of job (KB)
...
006 (10042399.000.000) 08/09 18:23:38 Image size of job updated: 12436
	8  -  MemoryUsage of job (MB)
	7956  -  ResidentSetSize of job (KB)
...
005 (10042399.000.000) 08/09 18:26:00 Job terminated.
	(1) Normal termination (return value 0)
		Usr 0 02:10:21, Sys 0 00:00:30  -  Run Remote Usage
		Usr 0 00:00:00, Sys 0 00:00:00  -  Run Local Usage
		Usr 0 02:10:21, Sys 0 00:00:30  -  Total Remote Usage
		Usr 0 00:00:00, Sys 0 00:00:00  -  Total Local Usage
	0  -  Run Bytes Sent By Job
	0  -  Run Bytes Received By Job
	0  -  Total Bytes Sent By Job
	0  -  Total Bytes Received By Job
	Partitionable Resources :    Usage  Request Allocated
	   Cpus                 :                 1         1
	   Disk (KB)            :        5        5   1508010
	   Memory (MB)          :        8        1         1
...
