000 (10042262.000.000) 08/09 16:10:37 Job submitted from host: <10.5.0.46:9618?addrs=10.5.0.46-9618&noUDP&sock=2497_a07a_3>
...
001 (10042262.000.000) 08/09 16:10:56 Job executing on host: <10.5.229.57:9618?addrs=10.5.229.57-9618+[--1]-9618&noUDP&sock=2564_9552_3>
...
006 (10042262.000.000) 08/09 16:11:05 Image size of job updated: 11892
	8  -  MemoryUsage of job (MB)
	7536  -  ResidentSetSize of job (KB)
...
006 (10042262.000.000) 08/09 16:16:05 Image size of job updated: 12288
	8  -  MemoryUsage of job (MB)
	7844  -  ResidentSetSize of job (KB)
...
006 (10042262.000.000) 08/09 17:46:13 Image size of job updated: 12380
	8  -  MemoryUsage of job (MB)
	7900  -  ResidentSetSize of job (KB)
...
005 (10042262.000.000) 08/09 18:18:08 Job terminated.
	(1) Normal termination (return value 0)
		Usr 0 02:04:43, Sys 0 00:00:34  -  Run Remote Usage
		Usr 0 00:00:00, Sys 0 00:00:00  -  Run Local Usage
		Usr 0 02:04:43, Sys 0 00:00:34  -  Total Remote Usage
		Usr 0 00:00:00, Sys 0 00:00:00  -  Total Local Usage
	0  -  Run Bytes Sent By Job
	0  -  Run Bytes Received By Job
	0  -  Total Bytes Sent By Job
	0  -  Total Bytes Received By Job
	Partitionable Resources :    Usage  Request Allocated
	   Cpus                 :                 1         1
	   Disk (KB)            :        5        5   1508009
	   Memory (MB)          :        8        1         1
...
