000 (10042838.000.000) 08/09 16:21:11 Job submitted from host: <10.5.0.46:9618?addrs=10.5.0.46-9618&noUDP&sock=2497_a07a_3>
...
001 (10042838.000.000) 08/09 18:17:31 Job executing on host: <10.5.172.143:9618?addrs=10.5.172.143-9618+[--1]-9618&noUDP&sock=2542_2dd5_3>
...
006 (10042838.000.000) 08/09 18:17:40 Image size of job updated: 11772
	8  -  MemoryUsage of job (MB)
	7416  -  ResidentSetSize of job (KB)
...
006 (10042838.000.000) 08/09 18:22:41 Image size of job updated: 12004
	8  -  MemoryUsage of job (MB)
	7536  -  ResidentSetSize of job (KB)
...
006 (10042838.000.000) 08/09 18:37:43 Image size of job updated: 12004
	8  -  MemoryUsage of job (MB)
	7572  -  ResidentSetSize of job (KB)
...
006 (10042838.000.000) 08/09 18:42:43 Image size of job updated: 12128
	8  -  MemoryUsage of job (MB)
	7648  -  ResidentSetSize of job (KB)
...
006 (10042838.000.000) 08/09 18:52:44 Image size of job updated: 12480
	8  -  MemoryUsage of job (MB)
	8000  -  ResidentSetSize of job (KB)
...
006 (10042838.000.000) 08/09 20:15:31 Image size of job updated: 143688
	8  -  MemoryUsage of job (MB)
	8000  -  ResidentSetSize of job (KB)
...
005 (10042838.000.000) 08/09 20:15:31 Job terminated.
	(1) Normal termination (return value 0)
		Usr 0 01:57:01, Sys 0 00:00:29  -  Run Remote Usage
		Usr 0 00:00:00, Sys 0 00:00:00  -  Run Local Usage
		Usr 0 01:57:01, Sys 0 00:00:29  -  Total Remote Usage
		Usr 0 00:00:00, Sys 0 00:00:00  -  Total Local Usage
	0  -  Run Bytes Sent By Job
	0  -  Run Bytes Received By Job
	0  -  Total Bytes Sent By Job
	0  -  Total Bytes Received By Job
	Partitionable Resources :    Usage  Request Allocated
	   Cpus                 :                 1         1
	   Disk (KB)            :        5        5   1508653
	   Memory (MB)          :        8        1         1
...
