000 (10042415.000.000) 08/09 16:13:19 Job submitted from host: <10.5.0.46:9618?addrs=10.5.0.46-9618&noUDP&sock=2497_a07a_3>
...
001 (10042415.000.000) 08/09 16:13:38 Job executing on host: <10.5.228.57:9618?addrs=10.5.228.57-9618+[--1]-9618&noUDP&sock=2558_2759_3>
...
006 (10042415.000.000) 08/09 16:13:47 Image size of job updated: 11920
	8  -  MemoryUsage of job (MB)
	7576  -  ResidentSetSize of job (KB)
...
006 (10042415.000.000) 08/09 16:28:49 Image size of job updated: 12076
	8  -  MemoryUsage of job (MB)
	7644  -  ResidentSetSize of job (KB)
...
006 (10042415.000.000) 08/09 16:33:50 Image size of job updated: 12076
	8  -  MemoryUsage of job (MB)
	7864  -  ResidentSetSize of job (KB)
...
006 (10042415.000.000) 08/09 16:48:52 Image size of job updated: 12208
	8  -  MemoryUsage of job (MB)
	7864  -  ResidentSetSize of job (KB)
...
006 (10042415.000.000) 08/09 18:19:01 Image size of job updated: 12336
	8  -  MemoryUsage of job (MB)
	7864  -  ResidentSetSize of job (KB)
...
006 (10042415.000.000) 08/09 18:19:37 Image size of job updated: 143732
	8  -  MemoryUsage of job (MB)
	7864  -  ResidentSetSize of job (KB)
...
005 (10042415.000.000) 08/09 18:19:37 Job terminated.
	(1) Normal termination (return value 0)
		Usr 0 02:03:38, Sys 0 00:00:26  -  Run Remote Usage
		Usr 0 00:00:00, Sys 0 00:00:00  -  Run Local Usage
		Usr 0 02:03:38, Sys 0 00:00:26  -  Total Remote Usage
		Usr 0 00:00:00, Sys 0 00:00:00  -  Total Local Usage
	0  -  Run Bytes Sent By Job
	0  -  Run Bytes Received By Job
	0  -  Total Bytes Sent By Job
	0  -  Total Bytes Received By Job
	Partitionable Resources :    Usage  Request Allocated
	   Cpus                 :                 1         1
	   Disk (KB)            :        5        5   1508651
	   Memory (MB)          :        8        1         1
...
