000 (10042719.000.000) 08/09 16:18:48 Job submitted from host: <10.5.0.46:9618?addrs=10.5.0.46-9618&noUDP&sock=2497_a07a_3>
...
001 (10042719.000.000) 08/09 16:19:50 Job executing on host: <10.5.155.56:9618?addrs=10.5.155.56-9618+[--1]-9618&noUDP&sock=2548_4b67_3>
...
006 (10042719.000.000) 08/09 16:19:59 Image size of job updated: 11708
	8  -  MemoryUsage of job (MB)
	7364  -  ResidentSetSize of job (KB)
...
006 (10042719.000.000) 08/09 16:24:59 Image size of job updated: 11864
	8  -  MemoryUsage of job (MB)
	7432  -  ResidentSetSize of job (KB)
...
006 (10042719.000.000) 08/09 16:29:59 Image size of job updated: 12108
	8  -  MemoryUsage of job (MB)
	7676  -  ResidentSetSize of job (KB)
...
006 (10042719.000.000) 08/09 16:40:00 Image size of job updated: 12176
	8  -  MemoryUsage of job (MB)
	7732  -  ResidentSetSize of job (KB)
...
006 (10042719.000.000) 08/09 16:50:01 Image size of job updated: 12488
	8  -  MemoryUsage of job (MB)
	8044  -  ResidentSetSize of job (KB)
...
005 (10042719.000.000) 08/09 18:24:13 Job terminated.
	(1) Normal termination (return value 0)
		Usr 0 02:03:03, Sys 0 00:00:26  -  Run Remote Usage
		Usr 0 00:00:00, Sys 0 00:00:00  -  Run Local Usage
		Usr 0 02:03:03, Sys 0 00:00:26  -  Total Remote Usage
		Usr 0 00:00:00, Sys 0 00:00:00  -  Total Local Usage
	0  -  Run Bytes Sent By Job
	0  -  Run Bytes Received By Job
	0  -  Total Bytes Sent By Job
	0  -  Total Bytes Received By Job
	Partitionable Resources :    Usage  Request Allocated
	   Cpus                 :                 1         1
	   Disk (KB)            :        5        5   1508651
	   Memory (MB)          :        8        1         1
...
