000 (10042563.000.000) 08/09 16:15:56 Job submitted from host: <10.5.0.46:9618?addrs=10.5.0.46-9618&noUDP&sock=2497_a07a_3>
...
001 (10042563.000.000) 08/09 16:16:08 Job executing on host: <10.5.228.89:9618?addrs=10.5.228.89-9618+[--1]-9618&noUDP&sock=2560_d6f1_3>
...
006 (10042563.000.000) 08/09 16:16:17 Image size of job updated: 11748
	8  -  MemoryUsage of job (MB)
	7392  -  ResidentSetSize of job (KB)
...
006 (10042563.000.000) 08/09 16:21:18 Image size of job updated: 11908
	8  -  MemoryUsage of job (MB)
	7464  -  ResidentSetSize of job (KB)
...
006 (10042563.000.000) 08/09 16:26:18 Image size of job updated: 11908
	8  -  MemoryUsage of job (MB)
	7548  -  ResidentSetSize of job (KB)
...
006 (10042563.000.000) 08/09 16:41:19 Image size of job updated: 12016
	8  -  MemoryUsage of job (MB)
	7548  -  ResidentSetSize of job (KB)
...
006 (10042563.000.000) 08/09 17:11:23 Image size of job updated: 12088
	8  -  MemoryUsage of job (MB)
	7608  -  ResidentSetSize of job (KB)
...
006 (10042563.000.000) 08/09 17:16:23 Image size of job updated: 12088
	8  -  MemoryUsage of job (MB)
	7720  -  ResidentSetSize of job (KB)
...
006 (10042563.000.000) 08/09 17:21:23 Image size of job updated: 12144
	8  -  MemoryUsage of job (MB)
	7720  -  ResidentSetSize of job (KB)
...
006 (10042563.000.000) 08/09 17:41:25 Image size of job updated: 12176
	8  -  MemoryUsage of job (MB)
	7720  -  ResidentSetSize of job (KB)
...
006 (10042563.000.000) 08/09 17:46:26 Image size of job updated: 12428
	8  -  MemoryUsage of job (MB)
	7948  -  ResidentSetSize of job (KB)
...
005 (10042563.000.000) 08/09 18:28:04 Job terminated.
	(1) Normal termination (return value 0)
		Usr 0 02:10:31, Sys 0 00:00:32  -  Run Remote Usage
		Usr 0 00:00:00, Sys 0 00:00:00  -  Run Local Usage
		Usr 0 02:10:31, Sys 0 00:00:32  -  Total Remote Usage
		Usr 0 00:00:00, Sys 0 00:00:00  -  Total Local Usage
	0  -  Run Bytes Sent By Job
	0  -  Run Bytes Received By Job
	0  -  Total Bytes Sent By Job
	0  -  Total Bytes Received By Job
	Partitionable Resources :    Usage  Request Allocated
	   Cpus                 :                 1         1
	   Disk (KB)            :        5        5   1508010
	   Memory (MB)          :        8        1         1
...
