000 (10042759.000.000) 08/09 16:19:30 Job submitted from host: <10.5.0.46:9618?addrs=10.5.0.46-9618&noUDP&sock=2497_a07a_3>
...
001 (10042759.000.000) 08/09 16:22:07 Job executing on host: <10.5.156.64:9618?addrs=10.5.156.64-9618+[--1]-9618&noUDP&sock=2561_868a_3>
...
006 (10042759.000.000) 08/09 16:22:16 Image size of job updated: 11872
	8  -  MemoryUsage of job (MB)
	7520  -  ResidentSetSize of job (KB)
...
006 (10042759.000.000) 08/09 16:27:17 Image size of job updated: 12232
	8  -  MemoryUsage of job (MB)
	7792  -  ResidentSetSize of job (KB)
...
006 (10042759.000.000) 08/09 16:32:18 Image size of job updated: 12396
	8  -  MemoryUsage of job (MB)
	7956  -  ResidentSetSize of job (KB)
...
006 (10042759.000.000) 08/09 17:42:24 Image size of job updated: 12652
	8  -  MemoryUsage of job (MB)
	8176  -  ResidentSetSize of job (KB)
...
006 (10042759.000.000) 08/09 17:47:24 Image size of job updated: 12652
	9  -  MemoryUsage of job (MB)
	8328  -  ResidentSetSize of job (KB)
...
006 (10042759.000.000) 08/09 18:28:24 Image size of job updated: 143580
	9  -  MemoryUsage of job (MB)
	8328  -  ResidentSetSize of job (KB)
...
005 (10042759.000.000) 08/09 18:28:24 Job terminated.
	(1) Normal termination (return value 0)
		Usr 0 02:04:48, Sys 0 00:00:25  -  Run Remote Usage
		Usr 0 00:00:00, Sys 0 00:00:00  -  Run Local Usage
		Usr 0 02:04:48, Sys 0 00:00:25  -  Total Remote Usage
		Usr 0 00:00:00, Sys 0 00:00:00  -  Total Local Usage
	0  -  Run Bytes Sent By Job
	0  -  Run Bytes Received By Job
	0  -  Total Bytes Sent By Job
	0  -  Total Bytes Received By Job
	Partitionable Resources :    Usage  Request Allocated
	   Cpus                 :                 1         1
	   Disk (KB)            :        5        5   1508637
	   Memory (MB)          :        9        1         1
...
