000 (10042313.000.000) 08/09 16:11:31 Job submitted from host: <10.5.0.46:9618?addrs=10.5.0.46-9618&noUDP&sock=2497_a07a_3>
...
001 (10042313.000.000) 08/09 16:11:37 Job executing on host: <10.5.166.184:9618?addrs=10.5.166.184-9618+[--1]-9618&noUDP&sock=2306_4d7b_3>
...
006 (10042313.000.000) 08/09 16:11:45 Image size of job updated: 11764
	8  -  MemoryUsage of job (MB)
	7444  -  ResidentSetSize of job (KB)
...
006 (10042313.000.000) 08/09 16:16:45 Image size of job updated: 11924
	8  -  MemoryUsage of job (MB)
	7516  -  ResidentSetSize of job (KB)
...
006 (10042313.000.000) 08/09 16:31:46 Image size of job updated: 11952
	8  -  MemoryUsage of job (MB)
	7544  -  ResidentSetSize of job (KB)
...
006 (10042313.000.000) 08/09 17:11:50 Image size of job updated: 12036
	8  -  MemoryUsage of job (MB)
	7592  -  ResidentSetSize of job (KB)
...
006 (10042313.000.000) 08/09 17:46:54 Image size of job updated: 12148
	8  -  MemoryUsage of job (MB)
	7704  -  ResidentSetSize of job (KB)
...
005 (10042313.000.000) 08/09 19:30:10 Job terminated.
	(1) Normal termination (return value 0)
		Usr 0 03:16:43, Sys 0 00:00:20  -  Run Remote Usage
		Usr 0 00:00:00, Sys 0 00:00:00  -  Run Local Usage
		Usr 0 03:16:43, Sys 0 00:00:20  -  Total Remote Usage
		Usr 0 00:00:00, Sys 0 00:00:00  -  Total Local Usage
	0  -  Run Bytes Sent By Job
	0  -  Run Bytes Received By Job
	0  -  Total Bytes Sent By Job
	0  -  Total Bytes Received By Job
	Partitionable Resources :    Usage  Request Allocated
	   Cpus                 :                 1         1
	   Disk (KB)            :        5        5   1508648
	   Memory (MB)          :        8        1         1
...
