000 (10042644.000.000) 08/09 16:17:29 Job submitted from host: <10.5.0.46:9618?addrs=10.5.0.46-9618&noUDP&sock=2497_a07a_3>
...
001 (10042644.000.000) 08/09 16:17:53 Job executing on host: <10.5.160.99:9618?addrs=10.5.160.99-9618+[--1]-9618&noUDP&sock=2557_77c1_3>
...
006 (10042644.000.000) 08/09 16:18:02 Image size of job updated: 11804
	8  -  MemoryUsage of job (MB)
	7464  -  ResidentSetSize of job (KB)
...
006 (10042644.000.000) 08/09 16:23:03 Image size of job updated: 11916
	8  -  MemoryUsage of job (MB)
	7488  -  ResidentSetSize of job (KB)
...
006 (10042644.000.000) 08/09 16:38:04 Image size of job updated: 11964
	8  -  MemoryUsage of job (MB)
	7492  -  ResidentSetSize of job (KB)
...
006 (10042644.000.000) 08/09 17:53:11 Image size of job updated: 12240
	8  -  MemoryUsage of job (MB)
	7768  -  ResidentSetSize of job (KB)
...
006 (10042644.000.000) 08/09 17:58:12 Image size of job updated: 12240
	8  -  MemoryUsage of job (MB)
	7924  -  ResidentSetSize of job (KB)
...
006 (10042644.000.000) 08/09 18:23:34 Image size of job updated: 143564
	8  -  MemoryUsage of job (MB)
	7924  -  ResidentSetSize of job (KB)
...
005 (10042644.000.000) 08/09 18:23:34 Job terminated.
	(1) Normal termination (return value 0)
		Usr 0 02:03:55, Sys 0 00:00:28  -  Run Remote Usage
		Usr 0 00:00:00, Sys 0 00:00:00  -  Run Local Usage
		Usr 0 02:03:55, Sys 0 00:00:28  -  Total Remote Usage
		Usr 0 00:00:00, Sys 0 00:00:00  -  Total Local Usage
	0  -  Run Bytes Sent By Job
	0  -  Run Bytes Received By Job
	0  -  Total Bytes Sent By Job
	0  -  Total Bytes Received By Job
	Partitionable Resources :    Usage  Request Allocated
	   Cpus                 :                 1         1
	   Disk (KB)            :        5        5   1508644
	   Memory (MB)          :        8        1         1
...
