000 (10042187.000.000) 08/09 16:09:18 Job submitted from host: <10.5.0.46:9618?addrs=10.5.0.46-9618&noUDP&sock=2497_a07a_3>
...
001 (10042187.000.000) 08/09 16:09:32 Job executing on host: <10.5.156.5:9618?addrs=10.5.156.5-9618+[--1]-9618&noUDP&sock=2548_4b67_3>
...
006 (10042187.000.000) 08/09 16:09:41 Image size of job updated: 12436
	8  -  MemoryUsage of job (MB)
	7588  -  ResidentSetSize of job (KB)
...
006 (10042187.000.000) 08/09 16:19:42 Image size of job updated: 12784
	8  -  MemoryUsage of job (MB)
	7820  -  ResidentSetSize of job (KB)
...
006 (10042187.000.000) 08/09 16:24:42 Image size of job updated: 12972
	8  -  MemoryUsage of job (MB)
	7976  -  ResidentSetSize of job (KB)
...
006 (10042187.000.000) 08/09 16:29:43 Image size of job updated: 12984
	8  -  MemoryUsage of job (MB)
	7976  -  ResidentSetSize of job (KB)
...
006 (10042187.000.000) 08/09 16:39:44 Image size of job updated: 12984
	8  -  MemoryUsage of job (MB)
	8172  -  ResidentSetSize of job (KB)
...
006 (10042187.000.000) 08/09 16:54:46 Image size of job updated: 13008
	8  -  MemoryUsage of job (MB)
	8172  -  ResidentSetSize of job (KB)
...
006 (10042187.000.000) 08/09 17:19:48 Image size of job updated: 13100
	8  -  MemoryUsage of job (MB)
	8172  -  ResidentSetSize of job (KB)
...
006 (10042187.000.000) 08/09 17:24:49 Image size of job updated: 13100
	9  -  MemoryUsage of job (MB)
	8388  -  ResidentSetSize of job (KB)
...
006 (10042187.000.000) 08/09 17:54:52 Image size of job updated: 13144
	9  -  MemoryUsage of job (MB)
	8388  -  ResidentSetSize of job (KB)
...
005 (10042187.000.000) 08/09 18:14:48 Job terminated.
	(1) Normal termination (return value 0)
		Usr 0 02:03:22, Sys 0 00:00:25  -  Run Remote Usage
		Usr 0 00:00:00, Sys 0 00:00:00  -  Run Local Usage
		Usr 0 02:03:22, Sys 0 00:00:25  -  Total Remote Usage
		Usr 0 00:00:00, Sys 0 00:00:00  -  Total Local Usage
	0  -  Run Bytes Sent By Job
	0  -  Run Bytes Received By Job
	0  -  Total Bytes Sent By Job
	0  -  Total Bytes Received By Job
	Partitionable Resources :    Usage  Request Allocated
	   Cpus                 :                 1         1
	   Disk (KB)            :        5        5   1508653
	   Memory (MB)          :        9        1         1
...
