000 (10042746.000.000) 08/09 16:19:15 Job submitted from host: <10.5.0.46:9618?addrs=10.5.0.46-9618&noUDP&sock=2497_a07a_3>
...
001 (10042746.000.000) 08/09 16:21:11 Job executing on host: <10.5.238.76:9618?addrs=10.5.238.76-9618+[--1]-9618&noUDP&sock=3127_c124_3>
...
006 (10042746.000.000) 08/09 16:21:19 Image size of job updated: 11776
	8  -  MemoryUsage of job (MB)
	7428  -  ResidentSetSize of job (KB)
...
006 (10042746.000.000) 08/09 16:26:19 Image size of job updated: 12040
	8  -  MemoryUsage of job (MB)
	7604  -  ResidentSetSize of job (KB)
...
006 (10042746.000.000) 08/09 17:11:24 Image size of job updated: 12144
	8  -  MemoryUsage of job (MB)
	7664  -  ResidentSetSize of job (KB)
...
006 (10042746.000.000) 08/09 17:16:24 Image size of job updated: 12144
	8  -  MemoryUsage of job (MB)
	7900  -  ResidentSetSize of job (KB)
...
006 (10042746.000.000) 08/09 17:51:28 Image size of job updated: 12176
	8  -  MemoryUsage of job (MB)
	7900  -  ResidentSetSize of job (KB)
...
006 (10042746.000.000) 08/09 18:22:40 Image size of job updated: 143572
	8  -  MemoryUsage of job (MB)
	7900  -  ResidentSetSize of job (KB)
...
005 (10042746.000.000) 08/09 18:22:40 Job terminated.
	(1) Normal termination (return value 0)
		Usr 0 02:00:10, Sys 0 00:00:24  -  Run Remote Usage
		Usr 0 00:00:00, Sys 0 00:00:00  -  Run Local Usage
		Usr 0 02:00:10, Sys 0 00:00:24  -  Total Remote Usage
		Usr 0 00:00:00, Sys 0 00:00:00  -  Total Local Usage
	0  -  Run Bytes Sent By Job
	0  -  Run Bytes Received By Job
	0  -  Total Bytes Sent By Job
	0  -  Total Bytes Received By Job
	Partitionable Resources :    Usage  Request Allocated
	   Cpus                 :                 1         1
	   Disk (KB)            :        5        5   1508535
	   Memory (MB)          :        8        1         1
...
