000 (10042323.000.000) 08/09 16:11:42 Job submitted from host: <10.5.0.46:9618?addrs=10.5.0.46-9618&noUDP&sock=2497_a07a_3>
...
001 (10042323.000.000) 08/09 16:11:56 Job executing on host: <10.5.202.3:9618?addrs=10.5.202.3-9618+[--1]-9618&noUDP&sock=2544_8d06_3>
...
006 (10042323.000.000) 08/09 16:12:05 Image size of job updated: 11716
	8  -  MemoryUsage of job (MB)
	7372  -  ResidentSetSize of job (KB)
...
006 (10042323.000.000) 08/09 16:17:06 Image size of job updated: 11856
	8  -  MemoryUsage of job (MB)
	7392  -  ResidentSetSize of job (KB)
...
006 (10042323.000.000) 08/09 16:22:06 Image size of job updated: 11868
	8  -  MemoryUsage of job (MB)
	7404  -  ResidentSetSize of job (KB)
...
006 (10042323.000.000) 08/09 16:27:07 Image size of job updated: 11880
	8  -  MemoryUsage of job (MB)
	7416  -  ResidentSetSize of job (KB)
...
006 (10042323.000.000) 08/09 16:37:08 Image size of job updated: 11984
	8  -  MemoryUsage of job (MB)
	7508  -  ResidentSetSize of job (KB)
...
006 (10042323.000.000) 08/09 16:42:08 Image size of job updated: 12104
	8  -  MemoryUsage of job (MB)
	7628  -  ResidentSetSize of job (KB)
...
006 (10042323.000.000) 08/09 18:16:29 Image size of job updated: 143580
	8  -  MemoryUsage of job (MB)
	7628  -  ResidentSetSize of job (KB)
...
005 (10042323.000.000) 08/09 18:16:29 Job terminated.
	(1) Normal termination (return value 0)
		Usr 0 02:02:33, Sys 0 00:00:29  -  Run Remote Usage
		Usr 0 00:00:00, Sys 0 00:00:00  -  Run Local Usage
		Usr 0 02:02:33, Sys 0 00:00:29  -  Total Remote Usage
		Usr 0 00:00:00, Sys 0 00:00:00  -  Total Local Usage
	0  -  Run Bytes Sent By Job
	0  -  Run Bytes Received By Job
	0  -  Total Bytes Sent By Job
	0  -  Total Bytes Received By Job
	Partitionable Resources :    Usage  Request Allocated
	   Cpus                 :                 1         1
	   Disk (KB)            :        5        5   1508651
	   Memory (MB)          :        8        1         1
...
