000 (10042729.000.000) 08/09 16:18:58 Job submitted from host: <10.5.0.46:9618?addrs=10.5.0.46-9618&noUDP&sock=2497_a07a_3>
...
001 (10042729.000.000) 08/09 16:20:22 Job executing on host: <10.5.155.73:9618?addrs=10.5.155.73-9618+[--1]-9618&noUDP&sock=2544_8d06_3>
...
006 (10042729.000.000) 08/09 16:20:30 Image size of job updated: 11756
	8  -  MemoryUsage of job (MB)
	7412  -  ResidentSetSize of job (KB)
...
006 (10042729.000.000) 08/09 16:25:30 Image size of job updated: 11880
	8  -  MemoryUsage of job (MB)
	7416  -  ResidentSetSize of job (KB)
...
006 (10042729.000.000) 08/09 16:30:31 Image size of job updated: 12116
	8  -  MemoryUsage of job (MB)
	7652  -  ResidentSetSize of job (KB)
...
006 (10042729.000.000) 08/09 17:25:38 Image size of job updated: 12132
	8  -  MemoryUsage of job (MB)
	7656  -  ResidentSetSize of job (KB)
...
006 (10042729.000.000) 08/09 17:35:38 Image size of job updated: 12156
	8  -  MemoryUsage of job (MB)
	7676  -  ResidentSetSize of job (KB)
...
006 (10042729.000.000) 08/09 17:40:39 Image size of job updated: 12156
	8  -  MemoryUsage of job (MB)
	7944  -  ResidentSetSize of job (KB)
...
006 (10042729.000.000) 08/09 18:10:42 Image size of job updated: 12156
	8  -  MemoryUsage of job (MB)
	7956  -  ResidentSetSize of job (KB)
...
006 (10042729.000.000) 08/09 18:23:03 Image size of job updated: 143696
	8  -  MemoryUsage of job (MB)
	7956  -  ResidentSetSize of job (KB)
...
005 (10042729.000.000) 08/09 18:23:03 Job terminated.
	(1) Normal termination (return value 0)
		Usr 0 02:01:21, Sys 0 00:00:25  -  Run Remote Usage
		Usr 0 00:00:00, Sys 0 00:00:00  -  Run Local Usage
		Usr 0 02:01:21, Sys 0 00:00:25  -  Total Remote Usage
		Usr 0 00:00:00, Sys 0 00:00:00  -  Total Local Usage
	0  -  Run Bytes Sent By Job
	0  -  Run Bytes Received By Job
	0  -  Total Bytes Sent By Job
	0  -  Total Bytes Received By Job
	Partitionable Resources :    Usage  Request Allocated
	   Cpus                 :                 1         1
	   Disk (KB)            :        5        5   1508648
	   Memory (MB)          :        8        1         1
...
