000 (10042584.000.000) 08/09 16:16:24 Job submitted from host: <10.5.0.46:9618?addrs=10.5.0.46-9618&noUDP&sock=2497_a07a_3>
...
001 (10042584.000.000) 08/09 16:16:50 Job executing on host: <10.5.228.89:9618?addrs=10.5.228.89-9618+[--1]-9618&noUDP&sock=2560_d6f1_3>
...
006 (10042584.000.000) 08/09 16:16:58 Image size of job updated: 11732
	8  -  MemoryUsage of job (MB)
	7388  -  ResidentSetSize of job (KB)
...
006 (10042584.000.000) 08/09 16:21:58 Image size of job updated: 11892
	8  -  MemoryUsage of job (MB)
	7460  -  ResidentSetSize of job (KB)
...
006 (10042584.000.000) 08/09 16:26:59 Image size of job updated: 11892
	8  -  MemoryUsage of job (MB)
	7616  -  ResidentSetSize of job (KB)
...
006 (10042584.000.000) 08/09 16:32:00 Image size of job updated: 12316
	8  -  MemoryUsage of job (MB)
	7884  -  ResidentSetSize of job (KB)
...
006 (10042584.000.000) 08/09 16:42:01 Image size of job updated: 12328
	8  -  MemoryUsage of job (MB)
	7884  -  ResidentSetSize of job (KB)
...
005 (10042584.000.000) 08/09 18:28:12 Job terminated.
	(1) Normal termination (return value 0)
		Usr 0 02:09:56, Sys 0 00:00:32  -  Run Remote Usage
		Usr 0 00:00:00, Sys 0 00:00:00  -  Run Local Usage
		Usr 0 02:09:56, Sys 0 00:00:32  -  Total Remote Usage
		Usr 0 00:00:00, Sys 0 00:00:00  -  Total Local Usage
	0  -  Run Bytes Sent By Job
	0  -  Run Bytes Received By Job
	0  -  Total Bytes Sent By Job
	0  -  Total Bytes Received By Job
	Partitionable Resources :    Usage  Request Allocated
	   Cpus                 :                 1         1
	   Disk (KB)            :        5        5   1508010
	   Memory (MB)          :        8        1         1
...
