000 (10042267.000.000) 08/09 16:10:43 Job submitted from host: <10.5.0.46:9618?addrs=10.5.0.46-9618&noUDP&sock=2497_a07a_3>
...
001 (10042267.000.000) 08/09 16:10:57 Job executing on host: <10.5.172.143:9618?addrs=10.5.172.143-9618+[--1]-9618&noUDP&sock=2542_2dd5_3>
...
006 (10042267.000.000) 08/09 16:11:05 Image size of job updated: 11784
	8  -  MemoryUsage of job (MB)
	7428  -  ResidentSetSize of job (KB)
...
006 (10042267.000.000) 08/09 16:16:05 Image size of job updated: 11892
	8  -  MemoryUsage of job (MB)
	7448  -  ResidentSetSize of job (KB)
...
006 (10042267.000.000) 08/09 16:21:05 Image size of job updated: 11984
	8  -  MemoryUsage of job (MB)
	7540  -  ResidentSetSize of job (KB)
...
006 (10042267.000.000) 08/09 16:46:08 Image size of job updated: 11984
	8  -  MemoryUsage of job (MB)
	7604  -  ResidentSetSize of job (KB)
...
006 (10042267.000.000) 08/09 17:01:10 Image size of job updated: 12164
	8  -  MemoryUsage of job (MB)
	7708  -  ResidentSetSize of job (KB)
...
006 (10042267.000.000) 08/09 17:21:11 Image size of job updated: 12208
	8  -  MemoryUsage of job (MB)
	7728  -  ResidentSetSize of job (KB)
...
006 (10042267.000.000) 08/09 17:26:11 Image size of job updated: 12208
	8  -  MemoryUsage of job (MB)
	7892  -  ResidentSetSize of job (KB)
...
006 (10042267.000.000) 08/09 17:51:15 Image size of job updated: 12220
	8  -  MemoryUsage of job (MB)
	7892  -  ResidentSetSize of job (KB)
...
006 (10042267.000.000) 08/09 17:56:15 Image size of job updated: 12220
	8  -  MemoryUsage of job (MB)
	7896  -  ResidentSetSize of job (KB)
...
006 (10042267.000.000) 08/09 18:16:56 Image size of job updated: 12392
	8  -  MemoryUsage of job (MB)
	7896  -  ResidentSetSize of job (KB)
...
005 (10042267.000.000) 08/09 18:16:56 Job terminated.
	(1) Normal termination (return value 0)
		Usr 0 02:04:00, Sys 0 00:00:34  -  Run Remote Usage
		Usr 0 00:00:00, Sys 0 00:00:00  -  Run Local Usage
		Usr 0 02:04:00, Sys 0 00:00:34  -  Total Remote Usage
		Usr 0 00:00:00, Sys 0 00:00:00  -  Total Local Usage
	0  -  Run Bytes Sent By Job
	0  -  Run Bytes Received By Job
	0  -  Total Bytes Sent By Job
	0  -  Total Bytes Received By Job
	Partitionable Resources :    Usage  Request Allocated
	   Cpus                 :                 1         1
	   Disk (KB)            :        5        5   1508653
	   Memory (MB)          :        8        1         1
...
