000 (10042635.000.000) 08/09 16:17:19 Job submitted from host: <10.5.0.46:9618?addrs=10.5.0.46-9618&noUDP&sock=2497_a07a_3>
...
001 (10042635.000.000) 08/09 16:17:50 Job executing on host: <10.5.160.228:9618?addrs=10.5.160.228-9618+[--1]-9618&noUDP&sock=2547_9bce_3>
...
006 (10042635.000.000) 08/09 16:17:59 Image size of job updated: 11884
	8  -  MemoryUsage of job (MB)
	7540  -  ResidentSetSize of job (KB)
...
006 (10042635.000.000) 08/09 16:23:00 Image size of job updated: 11916
	8  -  MemoryUsage of job (MB)
	7540  -  ResidentSetSize of job (KB)
...
006 (10042635.000.000) 08/09 16:28:00 Image size of job updated: 12004
	8  -  MemoryUsage of job (MB)
	7572  -  ResidentSetSize of job (KB)
...
006 (10042635.000.000) 08/09 16:33:00 Image size of job updated: 12108
	8  -  MemoryUsage of job (MB)
	7676  -  ResidentSetSize of job (KB)
...
006 (10042635.000.000) 08/09 16:38:01 Image size of job updated: 12468
	8  -  MemoryUsage of job (MB)
	8024  -  ResidentSetSize of job (KB)
...
005 (10042635.000.000) 08/09 18:25:04 Job terminated.
	(1) Normal termination (return value 0)
		Usr 0 02:06:00, Sys 0 00:00:24  -  Run Remote Usage
		Usr 0 00:00:00, Sys 0 00:00:00  -  Run Local Usage
		Usr 0 02:06:00, Sys 0 00:00:24  -  Total Remote Usage
		Usr 0 00:00:00, Sys 0 00:00:00  -  Total Local Usage
	0  -  Run Bytes Sent By Job
	0  -  Run Bytes Received By Job
	0  -  Total Bytes Sent By Job
	0  -  Total Bytes Received By Job
	Partitionable Resources :    Usage  Request Allocated
	   Cpus                 :                 1         1
	   Disk (KB)            :        5        5   1508653
	   Memory (MB)          :        8        1         1
...
