000 (10042643.000.000) 08/09 16:17:28 Job submitted from host: <10.5.0.46:9618?addrs=10.5.0.46-9618&noUDP&sock=2497_a07a_3>
...
001 (10042643.000.000) 08/09 16:17:51 Job executing on host: <10.5.230.167:9618?addrs=10.5.230.167-9618+[--1]-9618&noUDP&sock=2542_2dd5_3>
...
006 (10042643.000.000) 08/09 16:18:00 Image size of job updated: 11768
	8  -  MemoryUsage of job (MB)
	7424  -  ResidentSetSize of job (KB)
...
006 (10042643.000.000) 08/09 16:23:01 Image size of job updated: 12328
	8  -  MemoryUsage of job (MB)
	7864  -  ResidentSetSize of job (KB)
...
006 (10042643.000.000) 08/09 16:38:02 Image size of job updated: 12336
	8  -  MemoryUsage of job (MB)
	7864  -  ResidentSetSize of job (KB)
...
006 (10042643.000.000) 08/09 16:43:02 Image size of job updated: 12488
	8  -  MemoryUsage of job (MB)
	8012  -  ResidentSetSize of job (KB)
...
006 (10042643.000.000) 08/09 16:48:02 Image size of job updated: 12488
	9  -  MemoryUsage of job (MB)
	8308  -  ResidentSetSize of job (KB)
...
005 (10042643.000.000) 08/09 18:21:34 Job terminated.
	(1) Normal termination (return value 0)
		Usr 0 02:01:20, Sys 0 00:00:27  -  Run Remote Usage
		Usr 0 00:00:00, Sys 0 00:00:00  -  Run Local Usage
		Usr 0 02:01:20, Sys 0 00:00:27  -  Total Remote Usage
		Usr 0 00:00:00, Sys 0 00:00:00  -  Total Local Usage
	0  -  Run Bytes Sent By Job
	0  -  Run Bytes Received By Job
	0  -  Total Bytes Sent By Job
	0  -  Total Bytes Received By Job
	Partitionable Resources :    Usage  Request Allocated
	   Cpus                 :                 1         1
	   Disk (KB)            :        5        5   1508650
	   Memory (MB)          :        9        1         1
...
