000 (10042374.000.000) 08/09 16:12:35 Job submitted from host: <10.5.0.46:9618?addrs=10.5.0.46-9618&noUDP&sock=2497_a07a_3>
...
001 (10042374.000.000) 08/09 16:12:59 Job executing on host: <10.5.155.76:9618?addrs=10.5.155.76-9618+[--1]-9618&noUDP&sock=2550_aa97_3>
...
006 (10042374.000.000) 08/09 16:13:08 Image size of job updated: 12272
	8  -  MemoryUsage of job (MB)
	7928  -  ResidentSetSize of job (KB)
...
006 (10042374.000.000) 08/09 16:33:10 Image size of job updated: 12392
	8  -  MemoryUsage of job (MB)
	7948  -  ResidentSetSize of job (KB)
...
006 (10042374.000.000) 08/09 18:20:31 Image size of job updated: 16752
	8  -  MemoryUsage of job (MB)
	7948  -  ResidentSetSize of job (KB)
...
005 (10042374.000.000) 08/09 18:20:31 Job terminated.
	(1) Normal termination (return value 0)
		Usr 0 02:05:18, Sys 0 00:00:27  -  Run Remote Usage
		Usr 0 00:00:00, Sys 0 00:00:00  -  Run Local Usage
		Usr 0 02:05:18, Sys 0 00:00:27  -  Total Remote Usage
		Usr 0 00:00:00, Sys 0 00:00:00  -  Total Local Usage
	0  -  Run Bytes Sent By Job
	0  -  Run Bytes Received By Job
	0  -  Total Bytes Sent By Job
	0  -  Total Bytes Received By Job
	Partitionable Resources :    Usage  Request Allocated
	   Cpus                 :                 1         1
	   Disk (KB)            :        5        5   1508646
	   Memory (MB)          :        8        1         1
...
