000 (10042466.000.000) 08/09 16:14:13 Job submitted from host: <10.5.0.46:9618?addrs=10.5.0.46-9618&noUDP&sock=2497_a07a_3>
...
001 (10042466.000.000) 08/09 16:14:24 Job executing on host: <10.5.199.70:9618?addrs=10.5.199.70-9618+[--1]-9618&noUDP&sock=2543_dd6d_3>
...
006 (10042466.000.000) 08/09 16:14:33 Image size of job updated: 11748
	8  -  MemoryUsage of job (MB)
	7392  -  ResidentSetSize of job (KB)
...
006 (10042466.000.000) 08/09 16:19:34 Image size of job updated: 12280
	8  -  MemoryUsage of job (MB)
	7812  -  ResidentSetSize of job (KB)
...
006 (10042466.000.000) 08/09 17:19:40 Image size of job updated: 12280
	8  -  MemoryUsage of job (MB)
	7860  -  ResidentSetSize of job (KB)
...
006 (10042466.000.000) 08/09 18:14:46 Image size of job updated: 12284
	8  -  MemoryUsage of job (MB)
	7860  -  ResidentSetSize of job (KB)
...
006 (10042466.000.000) 08/09 18:21:28 Image size of job updated: 143672
	8  -  MemoryUsage of job (MB)
	7860  -  ResidentSetSize of job (KB)
...
005 (10042466.000.000) 08/09 18:21:28 Job terminated.
	(1) Normal termination (return value 0)
		Usr 0 02:04:49, Sys 0 00:00:27  -  Run Remote Usage
		Usr 0 00:00:00, Sys 0 00:00:00  -  Run Local Usage
		Usr 0 02:04:49, Sys 0 00:00:27  -  Total Remote Usage
		Usr 0 00:00:00, Sys 0 00:00:00  -  Total Local Usage
	0  -  Run Bytes Sent By Job
	0  -  Run Bytes Received By Job
	0  -  Total Bytes Sent By Job
	0  -  Total Bytes Received By Job
	Partitionable Resources :    Usage  Request Allocated
	   Cpus                 :                 1         1
	   Disk (KB)            :        5        5   1508653
	   Memory (MB)          :        8        1         1
...
