000 (10042835.000.000) 08/09 16:21:08 Job submitted from host: <10.5.0.46:9618?addrs=10.5.0.46-9618&noUDP&sock=2497_a07a_3>
...
001 (10042835.000.000) 08/09 18:17:31 Job executing on host: <10.5.155.46:9618?addrs=10.5.155.46-9618+[--1]-9618&noUDP&sock=2548_4b67_3>
...
006 (10042835.000.000) 08/09 18:17:40 Image size of job updated: 11720
	8  -  MemoryUsage of job (MB)
	7368  -  ResidentSetSize of job (KB)
...
006 (10042835.000.000) 08/09 18:22:41 Image size of job updated: 12008
	8  -  MemoryUsage of job (MB)
	7568  -  ResidentSetSize of job (KB)
...
006 (10042835.000.000) 08/09 18:27:41 Image size of job updated: 12028
	8  -  MemoryUsage of job (MB)
	7588  -  ResidentSetSize of job (KB)
...
006 (10042835.000.000) 08/09 18:42:42 Image size of job updated: 12176
	8  -  MemoryUsage of job (MB)
	7700  -  ResidentSetSize of job (KB)
...
006 (10042835.000.000) 08/09 18:47:42 Image size of job updated: 12176
	8  -  MemoryUsage of job (MB)
	7940  -  ResidentSetSize of job (KB)
...
005 (10042835.000.000) 08/09 20:14:50 Job terminated.
	(1) Normal termination (return value 0)
		Usr 0 01:56:25, Sys 0 00:00:25  -  Run Remote Usage
		Usr 0 00:00:00, Sys 0 00:00:00  -  Run Local Usage
		Usr 0 01:56:25, Sys 0 00:00:25  -  Total Remote Usage
		Usr 0 00:00:00, Sys 0 00:00:00  -  Total Local Usage
	0  -  Run Bytes Sent By Job
	0  -  Run Bytes Received By Job
	0  -  Total Bytes Sent By Job
	0  -  Total Bytes Received By Job
	Partitionable Resources :    Usage  Request Allocated
	   Cpus                 :                 1         1
	   Disk (KB)            :        5        5   1508643
	   Memory (MB)          :        8        1         1
...
