000 (10042482.000.000) 08/09 16:14:30 Job submitted from host: <10.5.0.46:9618?addrs=10.5.0.46-9618&noUDP&sock=2497_a07a_3>
...
001 (10042482.000.000) 08/09 16:14:41 Job executing on host: <10.5.164.155:9618?addrs=10.5.164.155-9618+[--1]-9618&noUDP&sock=2553_b960_3>
...
006 (10042482.000.000) 08/09 16:14:49 Image size of job updated: 11764
	8  -  MemoryUsage of job (MB)
	7420  -  ResidentSetSize of job (KB)
...
006 (10042482.000.000) 08/09 16:19:49 Image size of job updated: 11920
	8  -  MemoryUsage of job (MB)
	7488  -  ResidentSetSize of job (KB)
...
006 (10042482.000.000) 08/09 16:29:51 Image size of job updated: 12352
	8  -  MemoryUsage of job (MB)
	7888  -  ResidentSetSize of job (KB)
...
006 (10042482.000.000) 08/09 17:14:55 Image size of job updated: 12360
	8  -  MemoryUsage of job (MB)
	7888  -  ResidentSetSize of job (KB)
...
006 (10042482.000.000) 08/09 18:20:02 Image size of job updated: 12364
	8  -  MemoryUsage of job (MB)
	7888  -  ResidentSetSize of job (KB)
...
005 (10042482.000.000) 08/09 18:21:35 Job terminated.
	(1) Normal termination (return value 0)
		Usr 0 02:04:45, Sys 0 00:00:29  -  Run Remote Usage
		Usr 0 00:00:00, Sys 0 00:00:00  -  Run Local Usage
		Usr 0 02:04:45, Sys 0 00:00:29  -  Total Remote Usage
		Usr 0 00:00:00, Sys 0 00:00:00  -  Total Local Usage
	0  -  Run Bytes Sent By Job
	0  -  Run Bytes Received By Job
	0  -  Total Bytes Sent By Job
	0  -  Total Bytes Received By Job
	Partitionable Resources :    Usage  Request Allocated
	   Cpus                 :                 1         1
	   Disk (KB)            :        5        5   1508649
	   Memory (MB)          :        8        1         1
...
