000 (10042512.000.000) 08/09 16:15:01 Job submitted from host: <10.5.0.46:9618?addrs=10.5.0.46-9618&noUDP&sock=2497_a07a_3>
...
001 (10042512.000.000) 08/09 16:15:25 Job executing on host: <10.5.155.70:9618?addrs=10.5.155.70-9618+[--1]-9618&noUDP&sock=2556_c829_3>
...
006 (10042512.000.000) 08/09 16:15:33 Image size of job updated: 11748
	8  -  MemoryUsage of job (MB)
	7392  -  ResidentSetSize of job (KB)
...
006 (10042512.000.000) 08/09 16:20:33 Image size of job updated: 11928
	8  -  MemoryUsage of job (MB)
	7460  -  ResidentSetSize of job (KB)
...
006 (10042512.000.000) 08/09 16:45:36 Image size of job updated: 11940
	8  -  MemoryUsage of job (MB)
	7460  -  ResidentSetSize of job (KB)
...
006 (10042512.000.000) 08/09 17:05:38 Image size of job updated: 12088
	8  -  MemoryUsage of job (MB)
	7608  -  ResidentSetSize of job (KB)
...
006 (10042512.000.000) 08/09 18:21:39 Image size of job updated: 143664
	8  -  MemoryUsage of job (MB)
	7608  -  ResidentSetSize of job (KB)
...
005 (10042512.000.000) 08/09 18:21:39 Job terminated.
	(1) Normal termination (return value 0)
		Usr 0 02:03:57, Sys 0 00:00:24  -  Run Remote Usage
		Usr 0 00:00:00, Sys 0 00:00:00  -  Run Local Usage
		Usr 0 02:03:57, Sys 0 00:00:24  -  Total Remote Usage
		Usr 0 00:00:00, Sys 0 00:00:00  -  Total Local Usage
	0  -  Run Bytes Sent By Job
	0  -  Run Bytes Received By Job
	0  -  Total Bytes Sent By Job
	0  -  Total Bytes Received By Job
	Partitionable Resources :    Usage  Request Allocated
	   Cpus                 :                 1         1
	   Disk (KB)            :        5        5   1508647
	   Memory (MB)          :        8        1         1
...
