000 (10042446.000.000) 08/09 16:13:51 Job submitted from host: <10.5.0.46:9618?addrs=10.5.0.46-9618&noUDP&sock=2497_a07a_3>
...
001 (10042446.000.000) 08/09 16:14:04 Job executing on host: <10.5.160.239:9618?addrs=10.5.160.239-9618+[--1]-9618&noUDP&sock=2556_c829_3>
...
006 (10042446.000.000) 08/09 16:14:13 Image size of job updated: 12276
	8  -  MemoryUsage of job (MB)
	7932  -  ResidentSetSize of job (KB)
...
006 (10042446.000.000) 08/09 18:14:27 Image size of job updated: 12512
	8  -  MemoryUsage of job (MB)
	8036  -  ResidentSetSize of job (KB)
...
006 (10042446.000.000) 08/09 18:19:44 Image size of job updated: 143648
	8  -  MemoryUsage of job (MB)
	8036  -  ResidentSetSize of job (KB)
...
005 (10042446.000.000) 08/09 18:19:45 Job terminated.
	(1) Normal termination (return value 0)
		Usr 0 02:03:11, Sys 0 00:00:31  -  Run Remote Usage
		Usr 0 00:00:00, Sys 0 00:00:00  -  Run Local Usage
		Usr 0 02:03:11, Sys 0 00:00:31  -  Total Remote Usage
		Usr 0 00:00:00, Sys 0 00:00:00  -  Total Local Usage
	0  -  Run Bytes Sent By Job
	0  -  Run Bytes Received By Job
	0  -  Total Bytes Sent By Job
	0  -  Total Bytes Received By Job
	Partitionable Resources :    Usage  Request Allocated
	   Cpus                 :                 1         1
	   Disk (KB)            :        5        5   1508652
	   Memory (MB)          :        8        1         1
...
