000 (10042500.000.000) 08/09 16:14:49 Job submitted from host: <10.5.0.46:9618?addrs=10.5.0.46-9618&noUDP&sock=2497_a07a_3>
...
001 (10042500.000.000) 08/09 16:15:05 Job executing on host: <10.5.160.99:9618?addrs=10.5.160.99-9618+[--1]-9618&noUDP&sock=2557_77c1_3>
...
006 (10042500.000.000) 08/09 16:15:14 Image size of job updated: 11680
	8  -  MemoryUsage of job (MB)
	7336  -  ResidentSetSize of job (KB)
...
006 (10042500.000.000) 08/09 16:20:15 Image size of job updated: 11972
	8  -  MemoryUsage of job (MB)
	7540  -  ResidentSetSize of job (KB)
...
006 (10042500.000.000) 08/09 16:30:16 Image size of job updated: 12100
	8  -  MemoryUsage of job (MB)
	7636  -  ResidentSetSize of job (KB)
...
006 (10042500.000.000) 08/09 16:35:17 Image size of job updated: 12100
	8  -  MemoryUsage of job (MB)
	7904  -  ResidentSetSize of job (KB)
...
006 (10042500.000.000) 08/09 18:21:14 Image size of job updated: 143668
	8  -  MemoryUsage of job (MB)
	7904  -  ResidentSetSize of job (KB)
...
005 (10042500.000.000) 08/09 18:21:14 Job terminated.
	(1) Normal termination (return value 0)
		Usr 0 02:03:53, Sys 0 00:00:28  -  Run Remote Usage
		Usr 0 00:00:00, Sys 0 00:00:00  -  Run Local Usage
		Usr 0 02:03:53, Sys 0 00:00:28  -  Total Remote Usage
		Usr 0 00:00:00, Sys 0 00:00:00  -  Total Local Usage
	0  -  Run Bytes Sent By Job
	0  -  Run Bytes Received By Job
	0  -  Total Bytes Sent By Job
	0  -  Total Bytes Received By Job
	Partitionable Resources :    Usage  Request Allocated
	   Cpus                 :                 1         1
	   Disk (KB)            :        5        5   1508644
	   Memory (MB)          :        8        1         1
...
