000 (10042375.000.000) 08/09 16:12:36 Job submitted from host: <10.5.0.46:9618?addrs=10.5.0.46-9618&noUDP&sock=2497_a07a_3>
...
001 (10042375.000.000) 08/09 16:12:59 Job executing on host: <10.5.155.250:9618?addrs=10.5.155.250-9618+[--1]-9618&noUDP&sock=2560_868a_3>
...
006 (10042375.000.000) 08/09 16:13:08 Image size of job updated: 11704
	8  -  MemoryUsage of job (MB)
	7352  -  ResidentSetSize of job (KB)
...
006 (10042375.000.000) 08/09 16:18:09 Image size of job updated: 11912
	8  -  MemoryUsage of job (MB)
	7472  -  ResidentSetSize of job (KB)
...
006 (10042375.000.000) 08/09 16:28:10 Image size of job updated: 11936
	8  -  MemoryUsage of job (MB)
	7472  -  ResidentSetSize of job (KB)
...
006 (10042375.000.000) 08/09 16:33:10 Image size of job updated: 11952
	8  -  MemoryUsage of job (MB)
	7472  -  ResidentSetSize of job (KB)
...
006 (10042375.000.000) 08/09 17:13:16 Image size of job updated: 12148
	8  -  MemoryUsage of job (MB)
	7668  -  ResidentSetSize of job (KB)
...
006 (10042375.000.000) 08/09 17:18:16 Image size of job updated: 12148
	8  -  MemoryUsage of job (MB)
	7860  -  ResidentSetSize of job (KB)
...
006 (10042375.000.000) 08/09 17:38:17 Image size of job updated: 12340
	8  -  MemoryUsage of job (MB)
	7860  -  ResidentSetSize of job (KB)
...
006 (10042375.000.000) 08/09 18:13:20 Image size of job updated: 12348
	8  -  MemoryUsage of job (MB)
	7864  -  ResidentSetSize of job (KB)
...
005 (10042375.000.000) 08/09 18:18:19 Job terminated.
	(1) Normal termination (return value 0)
		Usr 0 02:02:57, Sys 0 00:00:27  -  Run Remote Usage
		Usr 0 00:00:00, Sys 0 00:00:00  -  Run Local Usage
		Usr 0 02:02:57, Sys 0 00:00:27  -  Total Remote Usage
		Usr 0 00:00:00, Sys 0 00:00:00  -  Total Local Usage
	0  -  Run Bytes Sent By Job
	0  -  Run Bytes Received By Job
	0  -  Total Bytes Sent By Job
	0  -  Total Bytes Received By Job
	Partitionable Resources :    Usage  Request Allocated
	   Cpus                 :                 1         1
	   Disk (KB)            :        5        5   1508654
	   Memory (MB)          :        8        1         1
...
