000 (10042821.000.000) 08/09 16:20:53 Job submitted from host: <10.5.0.46:9618?addrs=10.5.0.46-9618&noUDP&sock=2497_a07a_3>
...
001 (10042821.000.000) 08/09 18:16:30 Job executing on host: <10.5.205.90:9618?addrs=10.5.205.90-9618+[--1]-9618&noUDP&sock=2562_e5ba_3>
...
006 (10042821.000.000) 08/09 18:16:39 Image size of job updated: 12092
	8  -  MemoryUsage of job (MB)
	7744  -  ResidentSetSize of job (KB)
...
006 (10042821.000.000) 08/09 18:21:40 Image size of job updated: 12092
	8  -  MemoryUsage of job (MB)
	7844  -  ResidentSetSize of job (KB)
...
006 (10042821.000.000) 08/09 18:36:42 Image size of job updated: 12112
	8  -  MemoryUsage of job (MB)
	7844  -  ResidentSetSize of job (KB)
...
006 (10042821.000.000) 08/09 19:01:43 Image size of job updated: 12524
	8  -  MemoryUsage of job (MB)
	8044  -  ResidentSetSize of job (KB)
...
006 (10042821.000.000) 08/09 20:16:47 Image size of job updated: 143608
	8  -  MemoryUsage of job (MB)
	8044  -  ResidentSetSize of job (KB)
...
005 (10042821.000.000) 08/09 20:16:47 Job terminated.
	(1) Normal termination (return value 0)
		Usr 0 01:58:39, Sys 0 00:00:43  -  Run Remote Usage
		Usr 0 00:00:00, Sys 0 00:00:00  -  Run Local Usage
		Usr 0 01:58:39, Sys 0 00:00:43  -  Total Remote Usage
		Usr 0 00:00:00, Sys 0 00:00:00  -  Total Local Usage
	0  -  Run Bytes Sent By Job
	0  -  Run Bytes Received By Job
	0  -  Total Bytes Sent By Job
	0  -  Total Bytes Received By Job
	Partitionable Resources :    Usage  Request Allocated
	   Cpus                 :                 1         1
	   Disk (KB)            :        5        5   1508642
	   Memory (MB)          :        8        1         1
...
