000 (10042673.000.000) 08/09 16:18:00 Job submitted from host: <10.5.0.46:9618?addrs=10.5.0.46-9618&noUDP&sock=2497_a07a_3>
...
001 (10042673.000.000) 08/09 16:18:12 Job executing on host: <10.5.238.76:9618?addrs=10.5.238.76-9618+[--1]-9618&noUDP&sock=3127_c124_3>
...
006 (10042673.000.000) 08/09 16:18:20 Image size of job updated: 11824
	8  -  MemoryUsage of job (MB)
	7468  -  ResidentSetSize of job (KB)
...
006 (10042673.000.000) 08/09 16:23:20 Image size of job updated: 12276
	8  -  MemoryUsage of job (MB)
	7832  -  ResidentSetSize of job (KB)
...
006 (10042673.000.000) 08/09 16:33:21 Image size of job updated: 12284
	8  -  MemoryUsage of job (MB)
	7832  -  ResidentSetSize of job (KB)
...
006 (10042673.000.000) 08/09 16:38:21 Image size of job updated: 12436
	8  -  MemoryUsage of job (MB)
	7952  -  ResidentSetSize of job (KB)
...
006 (10042673.000.000) 08/09 16:48:23 Image size of job updated: 12476
	8  -  MemoryUsage of job (MB)
	7992  -  ResidentSetSize of job (KB)
...
005 (10042673.000.000) 08/09 18:18:35 Job terminated.
	(1) Normal termination (return value 0)
		Usr 0 01:58:20, Sys 0 00:00:22  -  Run Remote Usage
		Usr 0 00:00:00, Sys 0 00:00:00  -  Run Local Usage
		Usr 0 01:58:20, Sys 0 00:00:22  -  Total Remote Usage
		Usr 0 00:00:00, Sys 0 00:00:00  -  Total Local Usage
	0  -  Run Bytes Sent By Job
	0  -  Run Bytes Received By Job
	0  -  Total Bytes Sent By Job
	0  -  Total Bytes Received By Job
	Partitionable Resources :    Usage  Request Allocated
	   Cpus                 :                 1         1
	   Disk (KB)            :        5        5   1508535
	   Memory (MB)          :        8        1         1
...
