000 (10042264.000.000) 08/09 16:10:39 Job submitted from host: <10.5.0.46:9618?addrs=10.5.0.46-9618&noUDP&sock=2497_a07a_3>
...
001 (10042264.000.000) 08/09 16:10:56 Job executing on host: <10.5.157.60:9618?addrs=10.5.157.60-9618+[--1]-9618&noUDP&sock=2533_017b_3>
...
006 (10042264.000.000) 08/09 16:11:06 Image size of job updated: 11744
	8  -  MemoryUsage of job (MB)
	7400  -  ResidentSetSize of job (KB)
...
006 (10042264.000.000) 08/09 16:16:06 Image size of job updated: 12012
	8  -  MemoryUsage of job (MB)
	7548  -  ResidentSetSize of job (KB)
...
006 (10042264.000.000) 08/09 17:06:11 Image size of job updated: 12236
	8  -  MemoryUsage of job (MB)
	7760  -  ResidentSetSize of job (KB)
...
006 (10042264.000.000) 08/09 18:15:36 Image size of job updated: 143624
	8  -  MemoryUsage of job (MB)
	7760  -  ResidentSetSize of job (KB)
...
005 (10042264.000.000) 08/09 18:15:36 Job terminated.
	(1) Normal termination (return value 0)
		Usr 0 02:02:51, Sys 0 00:00:26  -  Run Remote Usage
		Usr 0 00:00:00, Sys 0 00:00:00  -  Run Local Usage
		Usr 0 02:02:51, Sys 0 00:00:26  -  Total Remote Usage
		Usr 0 00:00:00, Sys 0 00:00:00  -  Total Local Usage
	0  -  Run Bytes Sent By Job
	0  -  Run Bytes Received By Job
	0  -  Total Bytes Sent By Job
	0  -  Total Bytes Received By Job
	Partitionable Resources :    Usage  Request Allocated
	   Cpus                 :                 1         1
	   Disk (KB)            :        5        5   1508650
	   Memory (MB)          :        8        1         1
...
