000 (10042407.000.000) 08/09 16:13:10 Job submitted from host: <10.5.0.46:9618?addrs=10.5.0.46-9618&noUDP&sock=2497_a07a_3>
...
001 (10042407.000.000) 08/09 16:13:24 Job executing on host: <10.5.155.56:9618?addrs=10.5.155.56-9618+[--1]-9618&noUDP&sock=2548_4b67_3>
...
006 (10042407.000.000) 08/09 16:13:32 Image size of job updated: 13056
	8  -  MemoryUsage of job (MB)
	7352  -  ResidentSetSize of job (KB)
...
006 (10042407.000.000) 08/09 16:18:32 Image size of job updated: 13296
	8  -  MemoryUsage of job (MB)
	7484  -  ResidentSetSize of job (KB)
...
006 (10042407.000.000) 08/09 16:28:34 Image size of job updated: 13692
	8  -  MemoryUsage of job (MB)
	7848  -  ResidentSetSize of job (KB)
...
006 (10042407.000.000) 08/09 16:33:34 Image size of job updated: 13692
	8  -  MemoryUsage of job (MB)
	7916  -  ResidentSetSize of job (KB)
...
006 (10042407.000.000) 08/09 16:38:35 Image size of job updated: 13772
	8  -  MemoryUsage of job (MB)
	7916  -  ResidentSetSize of job (KB)
...
006 (10042407.000.000) 08/09 17:13:38 Image size of job updated: 13772
	8  -  MemoryUsage of job (MB)
	7960  -  ResidentSetSize of job (KB)
...
005 (10042407.000.000) 08/09 18:19:18 Job terminated.
	(1) Normal termination (return value 0)
		Usr 0 02:03:22, Sys 0 00:00:26  -  Run Remote Usage
		Usr 0 00:00:00, Sys 0 00:00:00  -  Run Local Usage
		Usr 0 02:03:22, Sys 0 00:00:26  -  Total Remote Usage
		Usr 0 00:00:00, Sys 0 00:00:00  -  Total Local Usage
	0  -  Run Bytes Sent By Job
	0  -  Run Bytes Received By Job
	0  -  Total Bytes Sent By Job
	0  -  Total Bytes Received By Job
	Partitionable Resources :    Usage  Request Allocated
	   Cpus                 :                 1         1
	   Disk (KB)            :        5        5   1508651
	   Memory (MB)          :        8        1         1
...
