000 (10042764.000.000) 08/09 16:19:36 Job submitted from host: <10.5.0.46:9618?addrs=10.5.0.46-9618&noUDP&sock=2497_a07a_3>
...
001 (10042764.000.000) 08/09 16:23:03 Job executing on host: <10.5.157.67:9618?addrs=10.5.157.67-9618+[--1]-9618&noUDP&sock=2561_868a_3>
...
006 (10042764.000.000) 08/09 16:23:12 Image size of job updated: 11728
	8  -  MemoryUsage of job (MB)
	7376  -  ResidentSetSize of job (KB)
...
006 (10042764.000.000) 08/09 16:28:13 Image size of job updated: 11960
	8  -  MemoryUsage of job (MB)
	7492  -  ResidentSetSize of job (KB)
...
006 (10042764.000.000) 08/09 16:33:13 Image size of job updated: 12000
	8  -  MemoryUsage of job (MB)
	7532  -  ResidentSetSize of job (KB)
...
006 (10042764.000.000) 08/09 16:38:14 Image size of job updated: 12088
	8  -  MemoryUsage of job (MB)
	7620  -  ResidentSetSize of job (KB)
...
006 (10042764.000.000) 08/09 17:33:20 Image size of job updated: 12160
	8  -  MemoryUsage of job (MB)
	7680  -  ResidentSetSize of job (KB)
...
006 (10042764.000.000) 08/09 18:26:57 Image size of job updated: 143704
	8  -  MemoryUsage of job (MB)
	7680  -  ResidentSetSize of job (KB)
...
005 (10042764.000.000) 08/09 18:26:58 Job terminated.
	(1) Normal termination (return value 0)
		Usr 0 02:01:58, Sys 0 00:00:23  -  Run Remote Usage
		Usr 0 00:00:00, Sys 0 00:00:00  -  Run Local Usage
		Usr 0 02:01:58, Sys 0 00:00:23  -  Total Remote Usage
		Usr 0 00:00:00, Sys 0 00:00:00  -  Total Local Usage
	0  -  Run Bytes Sent By Job
	0  -  Run Bytes Received By Job
	0  -  Total Bytes Sent By Job
	0  -  Total Bytes Received By Job
	Partitionable Resources :    Usage  Request Allocated
	   Cpus                 :                 1         1
	   Disk (KB)            :        5        5   1508637
	   Memory (MB)          :        8        1         1
...
