000 (10042566.000.000) 08/09 16:15:59 Job submitted from host: <10.5.0.46:9618?addrs=10.5.0.46-9618&noUDP&sock=2497_a07a_3>
...
001 (10042566.000.000) 08/09 16:16:24 Job executing on host: <10.5.160.228:9618?addrs=10.5.160.228-9618+[--1]-9618&noUDP&sock=2547_9bce_3>
...
006 (10042566.000.000) 08/09 16:16:32 Image size of job updated: 11796
	8  -  MemoryUsage of job (MB)
	7444  -  ResidentSetSize of job (KB)
...
006 (10042566.000.000) 08/09 16:21:32 Image size of job updated: 11920
	8  -  MemoryUsage of job (MB)
	7480  -  ResidentSetSize of job (KB)
...
006 (10042566.000.000) 08/09 16:41:35 Image size of job updated: 11964
	8  -  MemoryUsage of job (MB)
	7512  -  ResidentSetSize of job (KB)
...
006 (10042566.000.000) 08/09 16:46:36 Image size of job updated: 12048
	8  -  MemoryUsage of job (MB)
	7596  -  ResidentSetSize of job (KB)
...
006 (10042566.000.000) 08/09 17:11:37 Image size of job updated: 12180
	8  -  MemoryUsage of job (MB)
	7728  -  ResidentSetSize of job (KB)
...
005 (10042566.000.000) 08/09 18:21:47 Job terminated.
	(1) Normal termination (return value 0)
		Usr 0 02:03:10, Sys 0 00:00:24  -  Run Remote Usage
		Usr 0 00:00:00, Sys 0 00:00:00  -  Run Local Usage
		Usr 0 02:03:10, Sys 0 00:00:24  -  Total Remote Usage
		Usr 0 00:00:00, Sys 0 00:00:00  -  Total Local Usage
	0  -  Run Bytes Sent By Job
	0  -  Run Bytes Received By Job
	0  -  Total Bytes Sent By Job
	0  -  Total Bytes Received By Job
	Partitionable Resources :    Usage  Request Allocated
	   Cpus                 :                 1         1
	   Disk (KB)            :        5        5   1508653
	   Memory (MB)          :        8        1         1
...
