000 (10042636.000.000) 08/09 16:17:20 Job submitted from host: <10.5.0.46:9618?addrs=10.5.0.46-9618&noUDP&sock=2497_a07a_3>
...
001 (10042636.000.000) 08/09 16:17:53 Job executing on host: <10.5.228.57:9618?addrs=10.5.228.57-9618+[--1]-9618&noUDP&sock=2558_2759_3>
...
006 (10042636.000.000) 08/09 16:18:02 Image size of job updated: 11804
	8  -  MemoryUsage of job (MB)
	7448  -  ResidentSetSize of job (KB)
...
006 (10042636.000.000) 08/09 16:23:03 Image size of job updated: 12084
	8  -  MemoryUsage of job (MB)
	7640  -  ResidentSetSize of job (KB)
...
006 (10042636.000.000) 08/09 16:38:05 Image size of job updated: 12108
	8  -  MemoryUsage of job (MB)
	7640  -  ResidentSetSize of job (KB)
...
006 (10042636.000.000) 08/09 17:13:09 Image size of job updated: 12228
	8  -  MemoryUsage of job (MB)
	7748  -  ResidentSetSize of job (KB)
...
005 (10042636.000.000) 08/09 18:24:15 Job terminated.
	(1) Normal termination (return value 0)
		Usr 0 02:04:42, Sys 0 00:00:24  -  Run Remote Usage
		Usr 0 00:00:00, Sys 0 00:00:00  -  Run Local Usage
		Usr 0 02:04:42, Sys 0 00:00:24  -  Total Remote Usage
		Usr 0 00:00:00, Sys 0 00:00:00  -  Total Local Usage
	0  -  Run Bytes Sent By Job
	0  -  Run Bytes Received By Job
	0  -  Total Bytes Sent By Job
	0  -  Total Bytes Received By Job
	Partitionable Resources :    Usage  Request Allocated
	   Cpus                 :                 1         1
	   Disk (KB)            :        5        5   1508651
	   Memory (MB)          :        8        1         1
...
