000 (10042839.000.000) 08/09 16:21:12 Job submitted from host: <10.5.0.46:9618?addrs=10.5.0.46-9618&noUDP&sock=2497_a07a_3>
...
001 (10042839.000.000) 08/09 18:17:31 Job executing on host: <10.5.155.76:9618?addrs=10.5.155.76-9618+[--1]-9618&noUDP&sock=2550_aa97_3>
...
006 (10042839.000.000) 08/09 18:17:40 Image size of job updated: 11820
	8  -  MemoryUsage of job (MB)
	7464  -  ResidentSetSize of job (KB)
...
006 (10042839.000.000) 08/09 18:22:41 Image size of job updated: 12540
	8  -  MemoryUsage of job (MB)
	8096  -  ResidentSetSize of job (KB)
...
006 (10042839.000.000) 08/09 18:32:41 Image size of job updated: 12796
	9  -  MemoryUsage of job (MB)
	8352  -  ResidentSetSize of job (KB)
...
005 (10042839.000.000) 08/09 20:15:09 Job terminated.
	(1) Normal termination (return value 0)
		Usr 0 01:56:44, Sys 0 00:00:25  -  Run Remote Usage
		Usr 0 00:00:00, Sys 0 00:00:00  -  Run Local Usage
		Usr 0 01:56:44, Sys 0 00:00:25  -  Total Remote Usage
		Usr 0 00:00:00, Sys 0 00:00:00  -  Total Local Usage
	0  -  Run Bytes Sent By Job
	0  -  Run Bytes Received By Job
	0  -  Total Bytes Sent By Job
	0  -  Total Bytes Received By Job
	Partitionable Resources :    Usage  Request Allocated
	   Cpus                 :                 1         1
	   Disk (KB)            :        5        5   1508646
	   Memory (MB)          :        9        1         1
...
