000 (10042510.000.000) 08/09 16:14:59 Job submitted from host: <10.5.0.46:9618?addrs=10.5.0.46-9618&noUDP&sock=2497_a07a_3>
...
001 (10042510.000.000) 08/09 16:15:19 Job executing on host: <10.5.234.205:9618?addrs=10.5.234.205-9618+[--1]-9618&noUDP&sock=2565_44eb_3>
...
006 (10042510.000.000) 08/09 16:15:27 Image size of job updated: 12200
	8  -  MemoryUsage of job (MB)
	7856  -  ResidentSetSize of job (KB)
...
006 (10042510.000.000) 08/09 16:20:27 Image size of job updated: 12276
	8  -  MemoryUsage of job (MB)
	7856  -  ResidentSetSize of job (KB)
...
006 (10042510.000.000) 08/09 16:30:29 Image size of job updated: 12380
	8  -  MemoryUsage of job (MB)
	7948  -  ResidentSetSize of job (KB)
...
006 (10042510.000.000) 08/09 17:05:33 Image size of job updated: 12416
	8  -  MemoryUsage of job (MB)
	7948  -  ResidentSetSize of job (KB)
...
006 (10042510.000.000) 08/09 17:35:37 Image size of job updated: 12484
	8  -  MemoryUsage of job (MB)
	8008  -  ResidentSetSize of job (KB)
...
006 (10042510.000.000) 08/09 18:00:39 Image size of job updated: 12836
	9  -  MemoryUsage of job (MB)
	8360  -  ResidentSetSize of job (KB)
...
006 (10042510.000.000) 08/09 18:19:34 Image size of job updated: 143652
	9  -  MemoryUsage of job (MB)
	8360  -  ResidentSetSize of job (KB)
...
005 (10042510.000.000) 08/09 18:19:34 Job terminated.
	(1) Normal termination (return value 0)
		Usr 0 02:01:52, Sys 0 00:00:25  -  Run Remote Usage
		Usr 0 00:00:00, Sys 0 00:00:00  -  Run Local Usage
		Usr 0 02:01:52, Sys 0 00:00:25  -  Total Remote Usage
		Usr 0 00:00:00, Sys 0 00:00:00  -  Total Local Usage
	0  -  Run Bytes Sent By Job
	0  -  Run Bytes Received By Job
	0  -  Total Bytes Sent By Job
	0  -  Total Bytes Received By Job
	Partitionable Resources :    Usage  Request Allocated
	   Cpus                 :                 1         1
	   Disk (KB)            :        5        5   1508057
	   Memory (MB)          :        9        1         1
...
