000 (10042218.000.000) 08/09 16:09:51 Job submitted from host: <10.5.0.46:9618?addrs=10.5.0.46-9618&noUDP&sock=2497_a07a_3>
...
001 (10042218.000.000) 08/09 16:09:56 Job executing on host: <10.5.226.32:9618?addrs=10.5.226.32-9618+[--1]-9618&noUDP&sock=2551_5a2f_3>
...
006 (10042218.000.000) 08/09 16:10:05 Image size of job updated: 11800
	8  -  MemoryUsage of job (MB)
	7444  -  ResidentSetSize of job (KB)
...
006 (10042218.000.000) 08/09 16:15:06 Image size of job updated: 12016
	8  -  MemoryUsage of job (MB)
	7548  -  ResidentSetSize of job (KB)
...
006 (10042218.000.000) 08/09 16:20:06 Image size of job updated: 12016
	8  -  MemoryUsage of job (MB)
	7800  -  ResidentSetSize of job (KB)
...
006 (10042218.000.000) 08/09 17:30:13 Image size of job updated: 12280
	8  -  MemoryUsage of job (MB)
	7800  -  ResidentSetSize of job (KB)
...
005 (10042218.000.000) 08/09 18:17:31 Job terminated.
	(1) Normal termination (return value 0)
		Usr 0 02:05:27, Sys 0 00:00:33  -  Run Remote Usage
		Usr 0 00:00:00, Sys 0 00:00:00  -  Run Local Usage
		Usr 0 02:05:27, Sys 0 00:00:33  -  Total Remote Usage
		Usr 0 00:00:00, Sys 0 00:00:00  -  Total Local Usage
	0  -  Run Bytes Sent By Job
	0  -  Run Bytes Received By Job
	0  -  Total Bytes Sent By Job
	0  -  Total Bytes Received By Job
	Partitionable Resources :    Usage  Request Allocated
	   Cpus                 :                 1         1
	   Disk (KB)            :        5        5   1508650
	   Memory (MB)          :        8        1         1
...
