000 (10042451.000.000) 08/09 16:13:57 Job submitted from host: <10.5.0.46:9618?addrs=10.5.0.46-9618&noUDP&sock=2497_a07a_3>
...
001 (10042451.000.000) 08/09 16:14:27 Job executing on host: <10.5.166.184:9618?addrs=10.5.166.184-9618+[--1]-9618&noUDP&sock=2306_4d7b_3>
...
006 (10042451.000.000) 08/09 16:14:35 Image size of job updated: 11724
	8  -  MemoryUsage of job (MB)
	7392  -  ResidentSetSize of job (KB)
...
006 (10042451.000.000) 08/09 16:19:35 Image size of job updated: 12184
	8  -  MemoryUsage of job (MB)
	7764  -  ResidentSetSize of job (KB)
...
006 (10042451.000.000) 08/09 16:29:37 Image size of job updated: 12240
	8  -  MemoryUsage of job (MB)
	7820  -  ResidentSetSize of job (KB)
...
006 (10042451.000.000) 08/09 16:39:38 Image size of job updated: 12260
	8  -  MemoryUsage of job (MB)
	7828  -  ResidentSetSize of job (KB)
...
006 (10042451.000.000) 08/09 16:44:39 Image size of job updated: 12500
	8  -  MemoryUsage of job (MB)
	8068  -  ResidentSetSize of job (KB)
...
006 (10042451.000.000) 08/09 17:39:44 Image size of job updated: 12656
	9  -  MemoryUsage of job (MB)
	8208  -  ResidentSetSize of job (KB)
...
005 (10042451.000.000) 08/09 19:36:33 Job terminated.
	(1) Normal termination (return value 0)
		Usr 0 03:20:57, Sys 0 00:00:24  -  Run Remote Usage
		Usr 0 00:00:00, Sys 0 00:00:00  -  Run Local Usage
		Usr 0 03:20:57, Sys 0 00:00:24  -  Total Remote Usage
		Usr 0 00:00:00, Sys 0 00:00:00  -  Total Local Usage
	0  -  Run Bytes Sent By Job
	0  -  Run Bytes Received By Job
	0  -  Total Bytes Sent By Job
	0  -  Total Bytes Received By Job
	Partitionable Resources :    Usage  Request Allocated
	   Cpus                 :                 1         1
	   Disk (KB)            :        5        5   1508648
	   Memory (MB)          :        9        1         1
...
