000 (10042679.000.000) 08/09 16:18:06 Job submitted from host: <10.5.0.46:9618?addrs=10.5.0.46-9618&noUDP&sock=2497_a07a_3>
...
001 (10042679.000.000) 08/09 16:18:25 Job executing on host: <10.5.214.36:9618?addrs=10.5.214.36-9618+[--1]-9618&noUDP&sock=2546_ec36_3>
...
006 (10042679.000.000) 08/09 16:18:34 Image size of job updated: 11824
	8  -  MemoryUsage of job (MB)
	7468  -  ResidentSetSize of job (KB)
...
006 (10042679.000.000) 08/09 16:23:34 Image size of job updated: 11896
	8  -  MemoryUsage of job (MB)
	7468  -  ResidentSetSize of job (KB)
...
006 (10042679.000.000) 08/09 16:28:34 Image size of job updated: 11916
	8  -  MemoryUsage of job (MB)
	7472  -  ResidentSetSize of job (KB)
...
006 (10042679.000.000) 08/09 16:38:36 Image size of job updated: 11928
	8  -  MemoryUsage of job (MB)
	7472  -  ResidentSetSize of job (KB)
...
006 (10042679.000.000) 08/09 16:53:38 Image size of job updated: 11968
	8  -  MemoryUsage of job (MB)
	7488  -  ResidentSetSize of job (KB)
...
006 (10042679.000.000) 08/09 17:03:38 Image size of job updated: 11968
	8  -  MemoryUsage of job (MB)
	7580  -  ResidentSetSize of job (KB)
...
006 (10042679.000.000) 08/09 17:13:39 Image size of job updated: 11980
	8  -  MemoryUsage of job (MB)
	7580  -  ResidentSetSize of job (KB)
...
006 (10042679.000.000) 08/09 17:18:39 Image size of job updated: 11980
	8  -  MemoryUsage of job (MB)
	7744  -  ResidentSetSize of job (KB)
...
006 (10042679.000.000) 08/09 17:28:41 Image size of job updated: 12048
	8  -  MemoryUsage of job (MB)
	7744  -  ResidentSetSize of job (KB)
...
006 (10042679.000.000) 08/09 17:43:43 Image size of job updated: 12196
	8  -  MemoryUsage of job (MB)
	7744  -  ResidentSetSize of job (KB)
...
006 (10042679.000.000) 08/09 17:48:43 Image size of job updated: 12196
	8  -  MemoryUsage of job (MB)
	7844  -  ResidentSetSize of job (KB)
...
005 (10042679.000.000) 08/09 18:24:00 Job terminated.
	(1) Normal termination (return value 0)
		Usr 0 02:03:26, Sys 0 00:00:29  -  Run Remote Usage
		Usr 0 00:00:00, Sys 0 00:00:00  -  Run Local Usage
		Usr 0 02:03:26, Sys 0 00:00:29  -  Total Remote Usage
		Usr 0 00:00:00, Sys 0 00:00:00  -  Total Local Usage
	0  -  Run Bytes Sent By Job
	0  -  Run Bytes Received By Job
	0  -  Total Bytes Sent By Job
	0  -  Total Bytes Received By Job
	Partitionable Resources :    Usage  Request Allocated
	   Cpus                 :                 1         1
	   Disk (KB)            :        5        5   1508644
	   Memory (MB)          :        8        1         1
...
