000 (10042823.000.000) 08/09 16:20:55 Job submitted from host: <10.5.0.46:9618?addrs=10.5.0.46-9618&noUDP&sock=2497_a07a_3>
...
001 (10042823.000.000) 08/09 18:16:30 Job executing on host: <10.5.157.60:9618?addrs=10.5.157.60-9618+[--1]-9618&noUDP&sock=2533_017b_3>
...
006 (10042823.000.000) 08/09 18:16:40 Image size of job updated: 11740
	8  -  MemoryUsage of job (MB)
	7396  -  ResidentSetSize of job (KB)
...
006 (10042823.000.000) 08/09 18:21:40 Image size of job updated: 12076
	8  -  MemoryUsage of job (MB)
	7644  -  ResidentSetSize of job (KB)
...
006 (10042823.000.000) 08/09 19:06:45 Image size of job updated: 12236
	8  -  MemoryUsage of job (MB)
	7760  -  ResidentSetSize of job (KB)
...
006 (10042823.000.000) 08/09 19:16:45 Image size of job updated: 12236
	8  -  MemoryUsage of job (MB)
	7796  -  ResidentSetSize of job (KB)
...
006 (10042823.000.000) 08/09 19:41:49 Image size of job updated: 12236
	8  -  MemoryUsage of job (MB)
	7884  -  ResidentSetSize of job (KB)
...
006 (10042823.000.000) 08/09 19:46:49 Image size of job updated: 12376
	8  -  MemoryUsage of job (MB)
	7900  -  ResidentSetSize of job (KB)
...
006 (10042823.000.000) 08/09 20:15:42 Image size of job updated: 12376
	8  -  MemoryUsage of job (MB)
	7936  -  ResidentSetSize of job (KB)
...
005 (10042823.000.000) 08/09 20:15:42 Job terminated.
	(1) Normal termination (return value 0)
		Usr 0 01:57:34, Sys 0 00:00:40  -  Run Remote Usage
		Usr 0 00:00:00, Sys 0 00:00:00  -  Run Local Usage
		Usr 0 01:57:34, Sys 0 00:00:40  -  Total Remote Usage
		Usr 0 00:00:00, Sys 0 00:00:00  -  Total Local Usage
	0  -  Run Bytes Sent By Job
	0  -  Run Bytes Received By Job
	0  -  Total Bytes Sent By Job
	0  -  Total Bytes Received By Job
	Partitionable Resources :    Usage  Request Allocated
	   Cpus                 :                 1         1
	   Disk (KB)            :        5        5   1508650
	   Memory (MB)          :        8        1         1
...
