000 (10042273.000.000) 08/09 16:10:49 Job submitted from host: <10.5.0.46:9618?addrs=10.5.0.46-9618&noUDP&sock=2497_a07a_3>
...
001 (10042273.000.000) 08/09 16:10:57 Job executing on host: <10.5.226.32:9618?addrs=10.5.226.32-9618+[--1]-9618&noUDP&sock=2551_5a2f_3>
...
006 (10042273.000.000) 08/09 16:11:05 Image size of job updated: 11724
	8  -  MemoryUsage of job (MB)
	7380  -  ResidentSetSize of job (KB)
...
006 (10042273.000.000) 08/09 16:16:05 Image size of job updated: 11924
	8  -  MemoryUsage of job (MB)
	7460  -  ResidentSetSize of job (KB)
...
006 (10042273.000.000) 08/09 16:41:07 Image size of job updated: 12000
	8  -  MemoryUsage of job (MB)
	7524  -  ResidentSetSize of job (KB)
...
006 (10042273.000.000) 08/09 16:46:08 Image size of job updated: 12316
	8  -  MemoryUsage of job (MB)
	7840  -  ResidentSetSize of job (KB)
...
006 (10042273.000.000) 08/09 17:01:10 Image size of job updated: 12404
	8  -  MemoryUsage of job (MB)
	7928  -  ResidentSetSize of job (KB)
...
005 (10042273.000.000) 08/09 18:20:09 Job terminated.
	(1) Normal termination (return value 0)
		Usr 0 02:06:49, Sys 0 00:00:30  -  Run Remote Usage
		Usr 0 00:00:00, Sys 0 00:00:00  -  Run Local Usage
		Usr 0 02:06:49, Sys 0 00:00:30  -  Total Remote Usage
		Usr 0 00:00:00, Sys 0 00:00:00  -  Total Local Usage
	0  -  Run Bytes Sent By Job
	0  -  Run Bytes Received By Job
	0  -  Total Bytes Sent By Job
	0  -  Total Bytes Received By Job
	Partitionable Resources :    Usage  Request Allocated
	   Cpus                 :                 1         1
	   Disk (KB)            :        5        5   1508650
	   Memory (MB)          :        8        1         1
...
