000 (10042165.000.000) 08/09 14:14:56 Job submitted from host: <10.5.0.46:9618?addrs=10.5.0.46-9618&noUDP&sock=2497_a07a_3>
...
001 (10042165.000.000) 08/09 14:14:57 Job executing on host: <10.5.218.149:9618?addrs=10.5.218.149-9618+[--1]-9618&noUDP&sock=2001_6980_3>
...
006 (10042165.000.000) 08/09 14:15:05 Image size of job updated: 12332
	8  -  MemoryUsage of job (MB)
	7404  -  ResidentSetSize of job (KB)
...
004 (10042165.000.000) 08/09 14:18:00 Job was evicted.
	(0) Job was not checkpointed.
		Usr 0 00:03:01, Sys 0 00:00:00  -  Run Remote Usage
		Usr 0 00:00:00, Sys 0 00:00:00  -  Run Local Usage
	0  -  Run Bytes Sent By Job
	0  -  Run Bytes Received By Job
	Partitionable Resources :    Usage  Request Allocated
	   Cpus                 :                 1         1
	   Disk (KB)            :        5        5   1506088
	   Memory (MB)          :        8        1         1
...
009 (10042165.000.000) 08/09 14:18:00 Job was aborted by the user.
	via condor_rm (by user elawsonk)
...
000 (10042167.000.000) 08/09 14:22:11 Job submitted from host: <10.5.0.46:9618?addrs=10.5.0.46-9618&noUDP&sock=2497_a07a_3>
...
001 (10042167.000.000) 08/09 14:22:11 Job executing on host: <10.5.218.149:9618?addrs=10.5.218.149-9618+[--1]-9618&noUDP&sock=2001_6980_3>
...
006 (10042167.000.000) 08/09 14:22:20 Image size of job updated: 12504
	8  -  MemoryUsage of job (MB)
	7584  -  ResidentSetSize of job (KB)
...
006 (10042167.000.000) 08/09 14:57:24 Image size of job updated: 12504
	8  -  MemoryUsage of job (MB)
	7652  -  ResidentSetSize of job (KB)
...
004 (10042167.000.000) 08/09 14:58:36 Job was evicted.
	(0) Job was not checkpointed.
		Usr 0 00:35:57, Sys 0 00:00:16  -  Run Remote Usage
		Usr 0 00:00:00, Sys 0 00:00:00  -  Run Local Usage
	0  -  Run Bytes Sent By Job
	0  -  Run Bytes Received By Job
	Partitionable Resources :    Usage  Request Allocated
	   Cpus                 :                 1         1
	   Disk (KB)            :        5        5   1506088
	   Memory (MB)          :        8        1         1
...
009 (10042167.000.000) 08/09 14:58:36 Job was aborted by the user.
	via condor_rm (by user elawsonk)
...
000 (10042173.000.000) 08/09 14:59:22 Job submitted from host: <10.5.0.46:9618?addrs=10.5.0.46-9618&noUDP&sock=2497_a07a_3>
...
001 (10042173.000.000) 08/09 14:59:31 Job executing on host: <10.5.218.149:9618?addrs=10.5.218.149-9618+[--1]-9618&noUDP&sock=2001_6980_3>
...
006 (10042173.000.000) 08/09 14:59:40 Image size of job updated: 12408
	8  -  MemoryUsage of job (MB)
	7492  -  ResidentSetSize of job (KB)
...
006 (10042173.000.000) 08/09 15:04:41 Image size of job updated: 12408
	8  -  MemoryUsage of job (MB)
	7584  -  ResidentSetSize of job (KB)
...
004 (10042173.000.000) 08/09 15:08:26 Job was evicted.
	(0) Job was not checkpointed.
		Usr 0 00:08:21, Sys 0 00:00:25  -  Run Remote Usage
		Usr 0 00:00:00, Sys 0 00:00:00  -  Run Local Usage
	0  -  Run Bytes Sent By Job
	0  -  Run Bytes Received By Job
	Partitionable Resources :    Usage  Request Allocated
	   Cpus                 :                 1         1
	   Disk (KB)            :        5        5   1506088
	   Memory (MB)          :        8        1         1
...
009 (10042173.000.000) 08/09 15:08:26 Job was aborted by the user.
	via condor_rm (by user elawsonk)
...
000 (10042176.000.000) 08/09 15:11:45 Job submitted from host: <10.5.0.46:9618?addrs=10.5.0.46-9618&noUDP&sock=2497_a07a_3>
...
001 (10042176.000.000) 08/09 15:11:52 Job executing on host: <10.5.218.149:9618?addrs=10.5.218.149-9618+[--1]-9618&noUDP&sock=2001_6980_3>
...
006 (10042176.000.000) 08/09 15:12:00 Image size of job updated: 12412
	8  -  MemoryUsage of job (MB)
	7492  -  ResidentSetSize of job (KB)
...
006 (10042176.000.000) 08/09 15:17:00 Image size of job updated: 12852
	8  -  MemoryUsage of job (MB)
	7912  -  ResidentSetSize of job (KB)
...
006 (10042176.000.000) 08/09 15:22:01 Image size of job updated: 13000
	8  -  MemoryUsage of job (MB)
	8060  -  ResidentSetSize of job (KB)
...
006 (10042176.000.000) 08/09 15:27:02 Image size of job updated: 13148
	9  -  MemoryUsage of job (MB)
	8208  -  ResidentSetSize of job (KB)
...
006 (10042176.000.000) 08/09 15:32:02 Image size of job updated: 13148
	9  -  MemoryUsage of job (MB)
	8376  -  ResidentSetSize of job (KB)
...
004 (10042176.000.000) 08/09 16:01:46 Job was evicted.
	(0) Job was not checkpointed.
		Usr 0 00:49:37, Sys 0 00:00:08  -  Run Remote Usage
		Usr 0 00:00:00, Sys 0 00:00:00  -  Run Local Usage
	0  -  Run Bytes Sent By Job
	0  -  Run Bytes Received By Job
	Partitionable Resources :    Usage  Request Allocated
	   Cpus                 :                 1         1
	   Disk (KB)            :        5        5   1506088
	   Memory (MB)          :        9        1         1
...
009 (10042176.000.000) 08/09 16:01:46 Job was aborted by the user.
	via condor_rm (by user elawsonk)
...
