000 (10042382.000.000) 08/09 16:12:44 Job submitted from host: <10.5.0.46:9618?addrs=10.5.0.46-9618&noUDP&sock=2497_a07a_3>
...
001 (10042382.000.000) 08/09 16:12:52 Job executing on host: <10.5.175.78:9618?addrs=10.5.175.78-9618+[--1]-9618&noUDP&sock=2570_627c_3>
...
006 (10042382.000.000) 08/09 16:13:00 Image size of job updated: 11860
	8  -  MemoryUsage of job (MB)
	7516  -  ResidentSetSize of job (KB)
...
006 (10042382.000.000) 08/09 16:18:00 Image size of job updated: 12304
	8  -  MemoryUsage of job (MB)
	7872  -  ResidentSetSize of job (KB)
...
006 (10042382.000.000) 08/09 17:08:05 Image size of job updated: 12308
	8  -  MemoryUsage of job (MB)
	7872  -  ResidentSetSize of job (KB)
...
006 (10042382.000.000) 08/09 17:13:06 Image size of job updated: 12508
	8  -  MemoryUsage of job (MB)
	8064  -  ResidentSetSize of job (KB)
...
006 (10042382.000.000) 08/09 17:58:10 Image size of job updated: 12792
	9  -  MemoryUsage of job (MB)
	8316  -  ResidentSetSize of job (KB)
...
005 (10042382.000.000) 08/09 18:18:59 Job terminated.
	(1) Normal termination (return value 0)
		Usr 0 02:03:55, Sys 0 00:00:25  -  Run Remote Usage
		Usr 0 00:00:00, Sys 0 00:00:00  -  Run Local Usage
		Usr 0 02:03:55, Sys 0 00:00:25  -  Total Remote Usage
		Usr 0 00:00:00, Sys 0 00:00:00  -  Total Local Usage
	0  -  Run Bytes Sent By Job
	0  -  Run Bytes Received By Job
	0  -  Total Bytes Sent By Job
	0  -  Total Bytes Received By Job
	Partitionable Resources :    Usage  Request Allocated
	   Cpus                 :                 1         1
	   Disk (KB)            :        5        5   1508649
	   Memory (MB)          :        9        1         1
...
