000 (10042345.000.000) 08/09 16:12:05 Job submitted from host: <10.5.0.46:9618?addrs=10.5.0.46-9618&noUDP&sock=2497_a07a_3>
...
001 (10042345.000.000) 08/09 16:12:16 Job executing on host: <10.5.155.44:9618?addrs=10.5.155.44-9618+[--1]-9618&noUDP&sock=2546_ec36_3>
...
006 (10042345.000.000) 08/09 16:12:25 Image size of job updated: 11764
	8  -  MemoryUsage of job (MB)
	7412  -  ResidentSetSize of job (KB)
...
006 (10042345.000.000) 08/09 16:17:26 Image size of job updated: 12164
	8  -  MemoryUsage of job (MB)
	7700  -  ResidentSetSize of job (KB)
...
006 (10042345.000.000) 08/09 16:52:29 Image size of job updated: 12236
	8  -  MemoryUsage of job (MB)
	7760  -  ResidentSetSize of job (KB)
...
006 (10042345.000.000) 08/09 17:02:30 Image size of job updated: 12244
	8  -  MemoryUsage of job (MB)
	7768  -  ResidentSetSize of job (KB)
...
006 (10042345.000.000) 08/09 17:17:31 Image size of job updated: 12256
	8  -  MemoryUsage of job (MB)
	7780  -  ResidentSetSize of job (KB)
...
006 (10042345.000.000) 08/09 18:17:37 Image size of job updated: 12336
	8  -  MemoryUsage of job (MB)
	7860  -  ResidentSetSize of job (KB)
...
006 (10042345.000.000) 08/09 18:19:01 Image size of job updated: 143668
	8  -  MemoryUsage of job (MB)
	7988  -  ResidentSetSize of job (KB)
...
005 (10042345.000.000) 08/09 18:19:01 Job terminated.
	(1) Normal termination (return value 0)
		Usr 0 02:04:35, Sys 0 00:00:27  -  Run Remote Usage
		Usr 0 00:00:00, Sys 0 00:00:00  -  Run Local Usage
		Usr 0 02:04:35, Sys 0 00:00:27  -  Total Remote Usage
		Usr 0 00:00:00, Sys 0 00:00:00  -  Total Local Usage
	0  -  Run Bytes Sent By Job
	0  -  Run Bytes Received By Job
	0  -  Total Bytes Sent By Job
	0  -  Total Bytes Received By Job
	Partitionable Resources :    Usage  Request Allocated
	   Cpus                 :                 1         1
	   Disk (KB)            :        5        5   1508647
	   Memory (MB)          :        8        1         1
...
