000 (10042476.000.000) 08/09 16:14:23 Job submitted from host: <10.5.0.46:9618?addrs=10.5.0.46-9618&noUDP&sock=2497_a07a_3>
...
001 (10042476.000.000) 08/09 16:14:41 Job executing on host: <10.5.155.70:9618?addrs=10.5.155.70-9618+[--1]-9618&noUDP&sock=2556_c829_3>
...
006 (10042476.000.000) 08/09 16:14:49 Image size of job updated: 11852
	8  -  MemoryUsage of job (MB)
	7496  -  ResidentSetSize of job (KB)
...
006 (10042476.000.000) 08/09 16:19:49 Image size of job updated: 11920
	8  -  MemoryUsage of job (MB)
	7496  -  ResidentSetSize of job (KB)
...
006 (10042476.000.000) 08/09 16:24:50 Image size of job updated: 12028
	8  -  MemoryUsage of job (MB)
	7584  -  ResidentSetSize of job (KB)
...
006 (10042476.000.000) 08/09 16:29:51 Image size of job updated: 12228
	8  -  MemoryUsage of job (MB)
	7784  -  ResidentSetSize of job (KB)
...
006 (10042476.000.000) 08/09 18:00:00 Image size of job updated: 12284
	8  -  MemoryUsage of job (MB)
	7804  -  ResidentSetSize of job (KB)
...
006 (10042476.000.000) 08/09 18:05:00 Image size of job updated: 12552
	8  -  MemoryUsage of job (MB)
	8072  -  ResidentSetSize of job (KB)
...
005 (10042476.000.000) 08/09 18:21:52 Job terminated.
	(1) Normal termination (return value 0)
		Usr 0 02:04:44, Sys 0 00:00:25  -  Run Remote Usage
		Usr 0 00:00:00, Sys 0 00:00:00  -  Run Local Usage
		Usr 0 02:04:44, Sys 0 00:00:25  -  Total Remote Usage
		Usr 0 00:00:00, Sys 0 00:00:00  -  Total Local Usage
	0  -  Run Bytes Sent By Job
	0  -  Run Bytes Received By Job
	0  -  Total Bytes Sent By Job
	0  -  Total Bytes Received By Job
	Partitionable Resources :    Usage  Request Allocated
	   Cpus                 :                 1         1
	   Disk (KB)            :        5        5   1508647
	   Memory (MB)          :        8        1         1
...
