000 (10042773.000.000) 08/09 16:19:45 Job submitted from host: <10.5.0.46:9618?addrs=10.5.0.46-9618&noUDP&sock=2497_a07a_3>
...
001 (10042773.000.000) 08/09 16:25:06 Job executing on host: <10.5.157.67:9618?addrs=10.5.157.67-9618+[--1]-9618&noUDP&sock=2561_868a_3>
...
006 (10042773.000.000) 08/09 16:25:15 Image size of job updated: 12104
	8  -  MemoryUsage of job (MB)
	7760  -  ResidentSetSize of job (KB)
...
006 (10042773.000.000) 08/09 16:30:16 Image size of job updated: 12172
	8  -  MemoryUsage of job (MB)
	7760  -  ResidentSetSize of job (KB)
...
006 (10042773.000.000) 08/09 16:35:17 Image size of job updated: 12172
	8  -  MemoryUsage of job (MB)
	7952  -  ResidentSetSize of job (KB)
...
006 (10042773.000.000) 08/09 16:40:17 Image size of job updated: 12228
	8  -  MemoryUsage of job (MB)
	7952  -  ResidentSetSize of job (KB)
...
006 (10042773.000.000) 08/09 17:00:19 Image size of job updated: 12324
	8  -  MemoryUsage of job (MB)
	7952  -  ResidentSetSize of job (KB)
...
006 (10042773.000.000) 08/09 17:05:20 Image size of job updated: 12324
	8  -  MemoryUsage of job (MB)
	8016  -  ResidentSetSize of job (KB)
...
006 (10042773.000.000) 08/09 18:00:25 Image size of job updated: 12628
	8  -  MemoryUsage of job (MB)
	8152  -  ResidentSetSize of job (KB)
...
005 (10042773.000.000) 08/09 18:27:58 Job terminated.
	(1) Normal termination (return value 0)
		Usr 0 02:01:39, Sys 0 00:00:23  -  Run Remote Usage
		Usr 0 00:00:00, Sys 0 00:00:00  -  Run Local Usage
		Usr 0 02:01:39, Sys 0 00:00:23  -  Total Remote Usage
		Usr 0 00:00:00, Sys 0 00:00:00  -  Total Local Usage
	0  -  Run Bytes Sent By Job
	0  -  Run Bytes Received By Job
	0  -  Total Bytes Sent By Job
	0  -  Total Bytes Received By Job
	Partitionable Resources :    Usage  Request Allocated
	   Cpus                 :                 1         1
	   Disk (KB)            :        5        5   1508637
	   Memory (MB)          :        8        1         1
...
