000 (10042181.000.000) 08/09 16:09:12 Job submitted from host: <10.5.0.46:9618?addrs=10.5.0.46-9618&noUDP&sock=2497_a07a_3>
...
001 (10042181.000.000) 08/09 16:09:32 Job executing on host: <10.5.207.106:9618?addrs=10.5.207.106-9618+[--1]-9618&noUDP&sock=1976_f33b_3>
...
006 (10042181.000.000) 08/09 16:09:41 Image size of job updated: 12212
	8  -  MemoryUsage of job (MB)
	7368  -  ResidentSetSize of job (KB)
...
006 (10042181.000.000) 08/09 16:14:42 Image size of job updated: 12556
	8  -  MemoryUsage of job (MB)
	7588  -  ResidentSetSize of job (KB)
...
006 (10042181.000.000) 08/09 16:19:43 Image size of job updated: 12912
	8  -  MemoryUsage of job (MB)
	7944  -  ResidentSetSize of job (KB)
...
006 (10042181.000.000) 08/09 16:24:43 Image size of job updated: 12912
	8  -  MemoryUsage of job (MB)
	8132  -  ResidentSetSize of job (KB)
...
005 (10042181.000.000) 08/09 18:55:13 Job terminated.
	(1) Normal termination (return value 0)
		Usr 0 02:43:47, Sys 0 00:00:21  -  Run Remote Usage
		Usr 0 00:00:00, Sys 0 00:00:00  -  Run Local Usage
		Usr 0 02:43:47, Sys 0 00:00:21  -  Total Remote Usage
		Usr 0 00:00:00, Sys 0 00:00:00  -  Total Local Usage
	0  -  Run Bytes Sent By Job
	0  -  Run Bytes Received By Job
	0  -  Total Bytes Sent By Job
	0  -  Total Bytes Received By Job
	Partitionable Resources :    Usage  Request Allocated
	   Cpus                 :                 1         1
	   Disk (KB)            :        5        5   1505161
	   Memory (MB)          :        8        1         1
...
