000 (10042667.000.000) 08/09 16:17:53 Job submitted from host: <10.5.0.46:9618?addrs=10.5.0.46-9618&noUDP&sock=2497_a07a_3>
...
001 (10042667.000.000) 08/09 16:18:05 Job executing on host: <10.5.199.70:9618?addrs=10.5.199.70-9618+[--1]-9618&noUDP&sock=2543_dd6d_3>
...
006 (10042667.000.000) 08/09 16:18:13 Image size of job updated: 11796
	8  -  MemoryUsage of job (MB)
	7452  -  ResidentSetSize of job (KB)
...
006 (10042667.000.000) 08/09 16:23:13 Image size of job updated: 11944
	8  -  MemoryUsage of job (MB)
	7512  -  ResidentSetSize of job (KB)
...
006 (10042667.000.000) 08/09 16:28:14 Image size of job updated: 11964
	8  -  MemoryUsage of job (MB)
	7532  -  ResidentSetSize of job (KB)
...
006 (10042667.000.000) 08/09 16:43:15 Image size of job updated: 12012
	8  -  MemoryUsage of job (MB)
	7568  -  ResidentSetSize of job (KB)
...
006 (10042667.000.000) 08/09 16:58:16 Image size of job updated: 12012
	8  -  MemoryUsage of job (MB)
	7608  -  ResidentSetSize of job (KB)
...
006 (10042667.000.000) 08/09 17:03:17 Image size of job updated: 12104
	8  -  MemoryUsage of job (MB)
	7660  -  ResidentSetSize of job (KB)
...
006 (10042667.000.000) 08/09 18:24:28 Image size of job updated: 143804
	8  -  MemoryUsage of job (MB)
	7660  -  ResidentSetSize of job (KB)
...
005 (10042667.000.000) 08/09 18:24:28 Job terminated.
	(1) Normal termination (return value 0)
		Usr 0 02:05:01, Sys 0 00:00:27  -  Run Remote Usage
		Usr 0 00:00:00, Sys 0 00:00:00  -  Run Local Usage
		Usr 0 02:05:01, Sys 0 00:00:27  -  Total Remote Usage
		Usr 0 00:00:00, Sys 0 00:00:00  -  Total Local Usage
	0  -  Run Bytes Sent By Job
	0  -  Run Bytes Received By Job
	0  -  Total Bytes Sent By Job
	0  -  Total Bytes Received By Job
	Partitionable Resources :    Usage  Request Allocated
	   Cpus                 :                 1         1
	   Disk (KB)            :        5        5   1508653
	   Memory (MB)          :        8        1         1
...
