000 (10042788.000.000) 08/09 16:20:17 Job submitted from host: <10.5.0.46:9618?addrs=10.5.0.46-9618&noUDP&sock=2497_a07a_3>
...
001 (10042788.000.000) 08/09 16:32:03 Job executing on host: <10.5.238.76:9618?addrs=10.5.238.76-9618+[--1]-9618&noUDP&sock=3127_c124_3>
...
006 (10042788.000.000) 08/09 16:32:12 Image size of job updated: 11808
	8  -  MemoryUsage of job (MB)
	7460  -  ResidentSetSize of job (KB)
...
006 (10042788.000.000) 08/09 16:37:13 Image size of job updated: 11892
	8  -  MemoryUsage of job (MB)
	7460  -  ResidentSetSize of job (KB)
...
006 (10042788.000.000) 08/09 16:47:14 Image size of job updated: 11900
	8  -  MemoryUsage of job (MB)
	7464  -  ResidentSetSize of job (KB)
...
006 (10042788.000.000) 08/09 16:52:14 Image size of job updated: 11904
	8  -  MemoryUsage of job (MB)
	7464  -  ResidentSetSize of job (KB)
...
006 (10042788.000.000) 08/09 17:22:17 Image size of job updated: 12156
	8  -  MemoryUsage of job (MB)
	7708  -  ResidentSetSize of job (KB)
...
006 (10042788.000.000) 08/09 17:27:18 Image size of job updated: 12156
	8  -  MemoryUsage of job (MB)
	7892  -  ResidentSetSize of job (KB)
...
006 (10042788.000.000) 08/09 17:42:20 Image size of job updated: 12248
	8  -  MemoryUsage of job (MB)
	7892  -  ResidentSetSize of job (KB)
...
005 (10042788.000.000) 08/09 18:32:53 Job terminated.
	(1) Normal termination (return value 0)
		Usr 0 01:59:06, Sys 0 00:00:21  -  Run Remote Usage
		Usr 0 00:00:00, Sys 0 00:00:00  -  Run Local Usage
		Usr 0 01:59:06, Sys 0 00:00:21  -  Total Remote Usage
		Usr 0 00:00:00, Sys 0 00:00:00  -  Total Local Usage
	0  -  Run Bytes Sent By Job
	0  -  Run Bytes Received By Job
	0  -  Total Bytes Sent By Job
	0  -  Total Bytes Received By Job
	Partitionable Resources :    Usage  Request Allocated
	   Cpus                 :                 1         1
	   Disk (KB)            :        5        5   1508535
	   Memory (MB)          :        8        1         1
...
