000 (10042211.000.000) 08/09 16:09:43 Job submitted from host: <10.5.0.46:9618?addrs=10.5.0.46-9618&noUDP&sock=2497_a07a_3>
...
001 (10042211.000.000) 08/09 16:09:58 Job executing on host: <10.5.230.127:9618?addrs=10.5.230.127-9618+[--1]-9618&noUDP&sock=2572_1214_3>
...
006 (10042211.000.000) 08/09 16:10:07 Image size of job updated: 11708
	8  -  MemoryUsage of job (MB)
	7364  -  ResidentSetSize of job (KB)
...
006 (10042211.000.000) 08/09 16:15:08 Image size of job updated: 11940
	8  -  MemoryUsage of job (MB)
	7508  -  ResidentSetSize of job (KB)
...
006 (10042211.000.000) 08/09 16:35:09 Image size of job updated: 12024
	8  -  MemoryUsage of job (MB)
	7580  -  ResidentSetSize of job (KB)
...
006 (10042211.000.000) 08/09 16:45:10 Image size of job updated: 12256
	8  -  MemoryUsage of job (MB)
	7780  -  ResidentSetSize of job (KB)
...
006 (10042211.000.000) 08/09 16:50:11 Image size of job updated: 12256
	8  -  MemoryUsage of job (MB)
	7876  -  ResidentSetSize of job (KB)
...
006 (10042211.000.000) 08/09 17:25:14 Image size of job updated: 12304
	8  -  MemoryUsage of job (MB)
	7876  -  ResidentSetSize of job (KB)
...
006 (10042211.000.000) 08/09 17:30:14 Image size of job updated: 12304
	8  -  MemoryUsage of job (MB)
	7904  -  ResidentSetSize of job (KB)
...
006 (10042211.000.000) 08/09 17:50:17 Image size of job updated: 12368
	8  -  MemoryUsage of job (MB)
	7904  -  ResidentSetSize of job (KB)
...
005 (10042211.000.000) 08/09 18:16:37 Job terminated.
	(1) Normal termination (return value 0)
		Usr 0 02:04:37, Sys 0 00:00:29  -  Run Remote Usage
		Usr 0 00:00:00, Sys 0 00:00:00  -  Run Local Usage
		Usr 0 02:04:37, Sys 0 00:00:29  -  Total Remote Usage
		Usr 0 00:00:00, Sys 0 00:00:00  -  Total Local Usage
	0  -  Run Bytes Sent By Job
	0  -  Run Bytes Received By Job
	0  -  Total Bytes Sent By Job
	0  -  Total Bytes Received By Job
	Partitionable Resources :    Usage  Request Allocated
	   Cpus                 :                 1         1
	   Disk (KB)            :        5        5   1504613
	   Memory (MB)          :        8        1         1
...
