000 (10042593.000.000) 08/09 16:16:35 Job submitted from host: <10.5.0.46:9618?addrs=10.5.0.46-9618&noUDP&sock=2497_a07a_3>
...
001 (10042593.000.000) 08/09 16:16:49 Job executing on host: <10.5.160.239:9618?addrs=10.5.160.239-9618+[--1]-9618&noUDP&sock=2556_c829_3>
...
006 (10042593.000.000) 08/09 16:16:57 Image size of job updated: 11808
	8  -  MemoryUsage of job (MB)
	7468  -  ResidentSetSize of job (KB)
...
006 (10042593.000.000) 08/09 16:21:57 Image size of job updated: 11864
	8  -  MemoryUsage of job (MB)
	7468  -  ResidentSetSize of job (KB)
...
006 (10042593.000.000) 08/09 16:31:59 Image size of job updated: 11916
	8  -  MemoryUsage of job (MB)
	7468  -  ResidentSetSize of job (KB)
...
006 (10042593.000.000) 08/09 16:36:59 Image size of job updated: 11916
	8  -  MemoryUsage of job (MB)
	7496  -  ResidentSetSize of job (KB)
...
006 (10042593.000.000) 08/09 16:42:00 Image size of job updated: 12012
	8  -  MemoryUsage of job (MB)
	7540  -  ResidentSetSize of job (KB)
...
006 (10042593.000.000) 08/09 16:52:01 Image size of job updated: 12072
	8  -  MemoryUsage of job (MB)
	7600  -  ResidentSetSize of job (KB)
...
006 (10042593.000.000) 08/09 16:57:01 Image size of job updated: 12072
	8  -  MemoryUsage of job (MB)
	7644  -  ResidentSetSize of job (KB)
...
006 (10042593.000.000) 08/09 18:07:09 Image size of job updated: 12100
	8  -  MemoryUsage of job (MB)
	7644  -  ResidentSetSize of job (KB)
...
006 (10042593.000.000) 08/09 18:17:09 Image size of job updated: 12340
	8  -  MemoryUsage of job (MB)
	7868  -  ResidentSetSize of job (KB)
...
006 (10042593.000.000) 08/09 18:22:01 Image size of job updated: 143824
	8  -  MemoryUsage of job (MB)
	7868  -  ResidentSetSize of job (KB)
...
005 (10042593.000.000) 08/09 18:22:01 Job terminated.
	(1) Normal termination (return value 0)
		Usr 0 02:02:53, Sys 0 00:00:30  -  Run Remote Usage
		Usr 0 00:00:00, Sys 0 00:00:00  -  Run Local Usage
		Usr 0 02:02:53, Sys 0 00:00:30  -  Total Remote Usage
		Usr 0 00:00:00, Sys 0 00:00:00  -  Total Local Usage
	0  -  Run Bytes Sent By Job
	0  -  Run Bytes Received By Job
	0  -  Total Bytes Sent By Job
	0  -  Total Bytes Received By Job
	Partitionable Resources :    Usage  Request Allocated
	   Cpus                 :                 1         1
	   Disk (KB)            :        5        5   1508652
	   Memory (MB)          :        8        1         1
...
