000 (10042791.000.000) 08/09 16:20:21 Job submitted from host: <10.5.0.46:9618?addrs=10.5.0.46-9618&noUDP&sock=2497_a07a_3>
...
001 (10042791.000.000) 08/09 17:09:03 Job executing on host: <10.5.157.101:9618?addrs=10.5.157.101-9618+[--1]-9618&noUDP&sock=2553_09c8_3>
...
006 (10042791.000.000) 08/09 17:09:12 Image size of job updated: 11716
	8  -  MemoryUsage of job (MB)
	7372  -  ResidentSetSize of job (KB)
...
006 (10042791.000.000) 08/09 17:14:13 Image size of job updated: 11824
	8  -  MemoryUsage of job (MB)
	7392  -  ResidentSetSize of job (KB)
...
006 (10042791.000.000) 08/09 17:19:14 Image size of job updated: 12296
	8  -  MemoryUsage of job (MB)
	7864  -  ResidentSetSize of job (KB)
...
006 (10042791.000.000) 08/09 18:04:18 Image size of job updated: 12296
	8  -  MemoryUsage of job (MB)
	7904  -  ResidentSetSize of job (KB)
...
006 (10042791.000.000) 08/09 19:09:23 Image size of job updated: 12332
	8  -  MemoryUsage of job (MB)
	7904  -  ResidentSetSize of job (KB)
...
005 (10042791.000.000) 08/09 19:19:01 Job terminated.
	(1) Normal termination (return value 0)
		Usr 0 02:08:56, Sys 0 00:00:25  -  Run Remote Usage
		Usr 0 00:00:00, Sys 0 00:00:00  -  Run Local Usage
		Usr 0 02:08:56, Sys 0 00:00:25  -  Total Remote Usage
		Usr 0 00:00:00, Sys 0 00:00:00  -  Total Local Usage
	0  -  Run Bytes Sent By Job
	0  -  Run Bytes Received By Job
	0  -  Total Bytes Sent By Job
	0  -  Total Bytes Received By Job
	Partitionable Resources :    Usage  Request Allocated
	   Cpus                 :                 1         1
	   Disk (KB)            :        5        5   1508637
	   Memory (MB)          :        8        1         1
...
