000 (10042754.000.000) 08/09 16:19:25 Job submitted from host: <10.5.0.46:9618?addrs=10.5.0.46-9618&noUDP&sock=2497_a07a_3>
...
001 (10042754.000.000) 08/09 16:21:44 Job executing on host: <10.5.156.64:9618?addrs=10.5.156.64-9618+[--1]-9618&noUDP&sock=2561_868a_3>
...
006 (10042754.000.000) 08/09 16:21:53 Image size of job updated: 11776
	8  -  MemoryUsage of job (MB)
	7420  -  ResidentSetSize of job (KB)
...
006 (10042754.000.000) 08/09 16:26:54 Image size of job updated: 11872
	8  -  MemoryUsage of job (MB)
	7428  -  ResidentSetSize of job (KB)
...
006 (10042754.000.000) 08/09 16:31:54 Image size of job updated: 11940
	8  -  MemoryUsage of job (MB)
	7496  -  ResidentSetSize of job (KB)
...
006 (10042754.000.000) 08/09 16:41:55 Image size of job updated: 11956
	8  -  MemoryUsage of job (MB)
	7500  -  ResidentSetSize of job (KB)
...
006 (10042754.000.000) 08/09 17:16:58 Image size of job updated: 12092
	8  -  MemoryUsage of job (MB)
	7612  -  ResidentSetSize of job (KB)
...
006 (10042754.000.000) 08/09 17:57:01 Image size of job updated: 12340
	8  -  MemoryUsage of job (MB)
	7860  -  ResidentSetSize of job (KB)
...
005 (10042754.000.000) 08/09 18:28:21 Job terminated.
	(1) Normal termination (return value 0)
		Usr 0 02:05:25, Sys 0 00:00:25  -  Run Remote Usage
		Usr 0 00:00:00, Sys 0 00:00:00  -  Run Local Usage
		Usr 0 02:05:25, Sys 0 00:00:25  -  Total Remote Usage
		Usr 0 00:00:00, Sys 0 00:00:00  -  Total Local Usage
	0  -  Run Bytes Sent By Job
	0  -  Run Bytes Received By Job
	0  -  Total Bytes Sent By Job
	0  -  Total Bytes Received By Job
	Partitionable Resources :    Usage  Request Allocated
	   Cpus                 :                 1         1
	   Disk (KB)            :        5        5   1508637
	   Memory (MB)          :        8        1         1
...
