000 (10042820.000.000) 08/09 16:20:51 Job submitted from host: <10.5.0.46:9618?addrs=10.5.0.46-9618&noUDP&sock=2497_a07a_3>
...
001 (10042820.000.000) 08/09 18:16:31 Job executing on host: <10.5.189.225:9618?addrs=10.5.189.225-9618+[--1]-9618&noUDP&sock=2555_1890_3>
...
006 (10042820.000.000) 08/09 18:16:39 Image size of job updated: 11832
	8  -  MemoryUsage of job (MB)
	7484  -  ResidentSetSize of job (KB)
...
006 (10042820.000.000) 08/09 18:26:40 Image size of job updated: 11840
	8  -  MemoryUsage of job (MB)
	7484  -  ResidentSetSize of job (KB)
...
006 (10042820.000.000) 08/09 18:36:41 Image size of job updated: 11928
	8  -  MemoryUsage of job (MB)
	7484  -  ResidentSetSize of job (KB)
...
006 (10042820.000.000) 08/09 18:46:42 Image size of job updated: 12028
	8  -  MemoryUsage of job (MB)
	7580  -  ResidentSetSize of job (KB)
...
006 (10042820.000.000) 08/09 18:51:42 Image size of job updated: 12028
	8  -  MemoryUsage of job (MB)
	7856  -  ResidentSetSize of job (KB)
...
006 (10042820.000.000) 08/09 19:46:46 Image size of job updated: 12056
	8  -  MemoryUsage of job (MB)
	7856  -  ResidentSetSize of job (KB)
...
006 (10042820.000.000) 08/09 20:11:50 Image size of job updated: 12388
	8  -  MemoryUsage of job (MB)
	7908  -  ResidentSetSize of job (KB)
...
006 (10042820.000.000) 08/09 20:20:59 Image size of job updated: 143600
	8  -  MemoryUsage of job (MB)
	7908  -  ResidentSetSize of job (KB)
...
005 (10042820.000.000) 08/09 20:20:59 Job terminated.
	(1) Normal termination (return value 0)
		Usr 0 02:02:48, Sys 0 00:00:44  -  Run Remote Usage
		Usr 0 00:00:00, Sys 0 00:00:00  -  Run Local Usage
		Usr 0 02:02:48, Sys 0 00:00:44  -  Total Remote Usage
		Usr 0 00:00:00, Sys 0 00:00:00  -  Total Local Usage
	0  -  Run Bytes Sent By Job
	0  -  Run Bytes Received By Job
	0  -  Total Bytes Sent By Job
	0  -  Total Bytes Received By Job
	Partitionable Resources :    Usage  Request Allocated
	   Cpus                 :                 1         1
	   Disk (KB)            :        5        5   1508654
	   Memory (MB)          :        8        1         1
...
