000 (10042429.000.000) 08/09 16:13:33 Job submitted from host: <10.5.0.46:9618?addrs=10.5.0.46-9618&noUDP&sock=2497_a07a_3>
...
001 (10042429.000.000) 08/09 16:13:41 Job executing on host: <10.5.228.158:9618?addrs=10.5.228.158-9618+[--1]-9618&noUDP&sock=2540_1f0c_3>
...
006 (10042429.000.000) 08/09 16:13:50 Image size of job updated: 13176
	8  -  MemoryUsage of job (MB)
	7476  -  ResidentSetSize of job (KB)
...
006 (10042429.000.000) 08/09 16:18:51 Image size of job updated: 13584
	8  -  MemoryUsage of job (MB)
	7740  -  ResidentSetSize of job (KB)
...
006 (10042429.000.000) 08/09 16:23:51 Image size of job updated: 13652
	8  -  MemoryUsage of job (MB)
	7808  -  ResidentSetSize of job (KB)
...
006 (10042429.000.000) 08/09 16:38:53 Image size of job updated: 13880
	8  -  MemoryUsage of job (MB)
	8024  -  ResidentSetSize of job (KB)
...
005 (10042429.000.000) 08/09 18:04:09 Job terminated.
	(1) Normal termination (return value 0)
		Usr 0 01:48:51, Sys 0 00:00:18  -  Run Remote Usage
		Usr 0 00:00:00, Sys 0 00:00:00  -  Run Local Usage
		Usr 0 01:48:51, Sys 0 00:00:18  -  Total Remote Usage
		Usr 0 00:00:00, Sys 0 00:00:00  -  Total Local Usage
	0  -  Run Bytes Sent By Job
	0  -  Run Bytes Received By Job
	0  -  Total Bytes Sent By Job
	0  -  Total Bytes Received By Job
	Partitionable Resources :    Usage  Request Allocated
	   Cpus                 :                 1         1
	   Disk (KB)            :        5        5   1508013
	   Memory (MB)          :        8        1         1
...
