000 (10042333.000.000) 08/09 16:11:52 Job submitted from host: <10.5.0.46:9618?addrs=10.5.0.46-9618&noUDP&sock=2497_a07a_3>
...
001 (10042333.000.000) 08/09 16:12:23 Job executing on host: <10.5.176.239:9618?addrs=10.5.176.239-9618+[--1]-9618&noUDP&sock=2556_c829_3>
...
006 (10042333.000.000) 08/09 16:12:32 Image size of job updated: 11752
	8  -  MemoryUsage of job (MB)
	7400  -  ResidentSetSize of job (KB)
...
006 (10042333.000.000) 08/09 16:17:33 Image size of job updated: 11924
	8  -  MemoryUsage of job (MB)
	7484  -  ResidentSetSize of job (KB)
...
006 (10042333.000.000) 08/09 16:22:33 Image size of job updated: 12096
	8  -  MemoryUsage of job (MB)
	7656  -  ResidentSetSize of job (KB)
...
006 (10042333.000.000) 08/09 16:27:34 Image size of job updated: 12096
	8  -  MemoryUsage of job (MB)
	7904  -  ResidentSetSize of job (KB)
...
005 (10042333.000.000) 08/09 18:20:18 Job terminated.
	(1) Normal termination (return value 0)
		Usr 0 02:05:45, Sys 0 00:00:27  -  Run Remote Usage
		Usr 0 00:00:00, Sys 0 00:00:00  -  Run Local Usage
		Usr 0 02:05:45, Sys 0 00:00:27  -  Total Remote Usage
		Usr 0 00:00:00, Sys 0 00:00:00  -  Total Local Usage
	0  -  Run Bytes Sent By Job
	0  -  Run Bytes Received By Job
	0  -  Total Bytes Sent By Job
	0  -  Total Bytes Received By Job
	Partitionable Resources :    Usage  Request Allocated
	   Cpus                 :                 1         1
	   Disk (KB)            :        5        5   1508653
	   Memory (MB)          :        8        1         1
...
