000 (10042752.000.000) 08/09 16:19:23 Job submitted from host: <10.5.0.46:9618?addrs=10.5.0.46-9618&noUDP&sock=2497_a07a_3>
...
001 (10042752.000.000) 08/09 16:21:47 Job executing on host: <10.5.228.158:9618?addrs=10.5.228.158-9618+[--1]-9618&noUDP&sock=2540_1f0c_3>
...
006 (10042752.000.000) 08/09 16:21:56 Image size of job updated: 11776
	8  -  MemoryUsage of job (MB)
	7420  -  ResidentSetSize of job (KB)
...
006 (10042752.000.000) 08/09 16:26:56 Image size of job updated: 11892
	8  -  MemoryUsage of job (MB)
	7448  -  ResidentSetSize of job (KB)
...
006 (10042752.000.000) 08/09 16:31:56 Image size of job updated: 11908
	8  -  MemoryUsage of job (MB)
	7448  -  ResidentSetSize of job (KB)
...
006 (10042752.000.000) 08/09 16:36:57 Image size of job updated: 11996
	8  -  MemoryUsage of job (MB)
	7516  -  ResidentSetSize of job (KB)
...
006 (10042752.000.000) 08/09 17:22:01 Image size of job updated: 12116
	8  -  MemoryUsage of job (MB)
	7636  -  ResidentSetSize of job (KB)
...
005 (10042752.000.000) 08/09 18:09:44 Job terminated.
	(1) Normal termination (return value 0)
		Usr 0 01:46:28, Sys 0 00:00:19  -  Run Remote Usage
		Usr 0 00:00:00, Sys 0 00:00:00  -  Run Local Usage
		Usr 0 01:46:28, Sys 0 00:00:19  -  Total Remote Usage
		Usr 0 00:00:00, Sys 0 00:00:00  -  Total Local Usage
	0  -  Run Bytes Sent By Job
	0  -  Run Bytes Received By Job
	0  -  Total Bytes Sent By Job
	0  -  Total Bytes Received By Job
	Partitionable Resources :    Usage  Request Allocated
	   Cpus                 :                 1         1
	   Disk (KB)            :        5        5   1508013
	   Memory (MB)          :        8        1         1
...
