000 (10042548.000.000) 08/09 16:15:40 Job submitted from host: <10.5.0.46:9618?addrs=10.5.0.46-9618&noUDP&sock=2497_a07a_3>
...
001 (10042548.000.000) 08/09 16:16:07 Job executing on host: <10.5.189.225:9618?addrs=10.5.189.225-9618+[--1]-9618&noUDP&sock=2555_1890_3>
...
006 (10042548.000.000) 08/09 16:16:16 Image size of job updated: 11768
	8  -  MemoryUsage of job (MB)
	7424  -  ResidentSetSize of job (KB)
...
006 (10042548.000.000) 08/09 16:21:17 Image size of job updated: 11924
	8  -  MemoryUsage of job (MB)
	7492  -  ResidentSetSize of job (KB)
...
006 (10042548.000.000) 08/09 16:46:20 Image size of job updated: 11996
	8  -  MemoryUsage of job (MB)
	7520  -  ResidentSetSize of job (KB)
...
006 (10042548.000.000) 08/09 17:16:24 Image size of job updated: 12004
	8  -  MemoryUsage of job (MB)
	7528  -  ResidentSetSize of job (KB)
...
006 (10042548.000.000) 08/09 17:21:24 Image size of job updated: 12004
	8  -  MemoryUsage of job (MB)
	7804  -  ResidentSetSize of job (KB)
...
006 (10042548.000.000) 08/09 17:31:26 Image size of job updated: 12076
	8  -  MemoryUsage of job (MB)
	7804  -  ResidentSetSize of job (KB)
...
006 (10042548.000.000) 08/09 17:51:28 Image size of job updated: 12368
	8  -  MemoryUsage of job (MB)
	7892  -  ResidentSetSize of job (KB)
...
005 (10042548.000.000) 08/09 18:19:39 Job terminated.
	(1) Normal termination (return value 0)
		Usr 0 02:01:22, Sys 0 00:00:26  -  Run Remote Usage
		Usr 0 00:00:00, Sys 0 00:00:00  -  Run Local Usage
		Usr 0 02:01:22, Sys 0 00:00:26  -  Total Remote Usage
		Usr 0 00:00:00, Sys 0 00:00:00  -  Total Local Usage
	0  -  Run Bytes Sent By Job
	0  -  Run Bytes Received By Job
	0  -  Total Bytes Sent By Job
	0  -  Total Bytes Received By Job
	Partitionable Resources :    Usage  Request Allocated
	   Cpus                 :                 1         1
	   Disk (KB)            :        5        5   1508654
	   Memory (MB)          :        8        1         1
...
