000 (10042540.000.000) 08/09 16:15:31 Job submitted from host: <10.5.0.46:9618?addrs=10.5.0.46-9618&noUDP&sock=2497_a07a_3>
...
001 (10042540.000.000) 08/09 16:15:41 Job executing on host: <10.5.199.70:9618?addrs=10.5.199.70-9618+[--1]-9618&noUDP&sock=2543_dd6d_3>
...
006 (10042540.000.000) 08/09 16:15:49 Image size of job updated: 11772
	8  -  MemoryUsage of job (MB)
	7416  -  ResidentSetSize of job (KB)
...
006 (10042540.000.000) 08/09 16:20:49 Image size of job updated: 12212
	8  -  MemoryUsage of job (MB)
	7768  -  ResidentSetSize of job (KB)
...
006 (10042540.000.000) 08/09 16:25:49 Image size of job updated: 12212
	8  -  MemoryUsage of job (MB)
	7936  -  ResidentSetSize of job (KB)
...
006 (10042540.000.000) 08/09 16:30:50 Image size of job updated: 12300
	8  -  MemoryUsage of job (MB)
	7936  -  ResidentSetSize of job (KB)
...
006 (10042540.000.000) 08/09 18:23:38 Image size of job updated: 143632
	8  -  MemoryUsage of job (MB)
	7936  -  ResidentSetSize of job (KB)
...
005 (10042540.000.000) 08/09 18:23:38 Job terminated.
	(1) Normal termination (return value 0)
		Usr 0 02:05:47, Sys 0 00:00:27  -  Run Remote Usage
		Usr 0 00:00:00, Sys 0 00:00:00  -  Run Local Usage
		Usr 0 02:05:47, Sys 0 00:00:27  -  Total Remote Usage
		Usr 0 00:00:00, Sys 0 00:00:00  -  Total Local Usage
	0  -  Run Bytes Sent By Job
	0  -  Run Bytes Received By Job
	0  -  Total Bytes Sent By Job
	0  -  Total Bytes Received By Job
	Partitionable Resources :    Usage  Request Allocated
	   Cpus                 :                 1         1
	   Disk (KB)            :        5        5   1508653
	   Memory (MB)          :        8        1         1
...
