000 (10042318.000.000) 08/09 16:11:36 Job submitted from host: <10.5.0.46:9618?addrs=10.5.0.46-9618&noUDP&sock=2497_a07a_3>
...
001 (10042318.000.000) 08/09 16:12:00 Job executing on host: <10.5.205.90:9618?addrs=10.5.205.90-9618+[--1]-9618&noUDP&sock=2562_e5ba_3>
...
006 (10042318.000.000) 08/09 16:12:10 Image size of job updated: 11808
	8  -  MemoryUsage of job (MB)
	7448  -  ResidentSetSize of job (KB)
...
006 (10042318.000.000) 08/09 16:17:10 Image size of job updated: 12364
	8  -  MemoryUsage of job (MB)
	7916  -  ResidentSetSize of job (KB)
...
006 (10042318.000.000) 08/09 16:27:11 Image size of job updated: 12504
	8  -  MemoryUsage of job (MB)
	8056  -  ResidentSetSize of job (KB)
...
006 (10042318.000.000) 08/09 16:37:12 Image size of job updated: 12564
	8  -  MemoryUsage of job (MB)
	8104  -  ResidentSetSize of job (KB)
...
006 (10042318.000.000) 08/09 16:42:13 Image size of job updated: 12564
	9  -  MemoryUsage of job (MB)
	8292  -  ResidentSetSize of job (KB)
...
005 (10042318.000.000) 08/09 18:17:31 Job terminated.
	(1) Normal termination (return value 0)
		Usr 0 02:03:29, Sys 0 00:00:28  -  Run Remote Usage
		Usr 0 00:00:00, Sys 0 00:00:00  -  Run Local Usage
		Usr 0 02:03:29, Sys 0 00:00:28  -  Total Remote Usage
		Usr 0 00:00:00, Sys 0 00:00:00  -  Total Local Usage
	0  -  Run Bytes Sent By Job
	0  -  Run Bytes Received By Job
	0  -  Total Bytes Sent By Job
	0  -  Total Bytes Received By Job
	Partitionable Resources :    Usage  Request Allocated
	   Cpus                 :                 1         1
	   Disk (KB)            :        5        5   1508642
	   Memory (MB)          :        9        1         1
...
