000 (10042852.000.000) 08/09 16:21:26 Job submitted from host: <10.5.0.46:9618?addrs=10.5.0.46-9618&noUDP&sock=2497_a07a_3>
...
001 (10042852.000.000) 08/09 18:18:30 Job executing on host: <10.5.163.227:9618?addrs=10.5.163.227-9618+[--1]-9618&noUDP&sock=2560_d6f1_3>
...
006 (10042852.000.000) 08/09 18:18:39 Image size of job updated: 11716
	8  -  MemoryUsage of job (MB)
	7372  -  ResidentSetSize of job (KB)
...
006 (10042852.000.000) 08/09 18:23:40 Image size of job updated: 11884
	8  -  MemoryUsage of job (MB)
	7452  -  ResidentSetSize of job (KB)
...
006 (10042852.000.000) 08/09 18:28:40 Image size of job updated: 11896
	8  -  MemoryUsage of job (MB)
	7452  -  ResidentSetSize of job (KB)
...
006 (10042852.000.000) 08/09 18:33:41 Image size of job updated: 11952
	8  -  MemoryUsage of job (MB)
	7476  -  ResidentSetSize of job (KB)
...
006 (10042852.000.000) 08/09 18:43:42 Image size of job updated: 11988
	8  -  MemoryUsage of job (MB)
	7512  -  ResidentSetSize of job (KB)
...
006 (10042852.000.000) 08/09 18:53:43 Image size of job updated: 12012
	8  -  MemoryUsage of job (MB)
	7536  -  ResidentSetSize of job (KB)
...
006 (10042852.000.000) 08/09 19:53:48 Image size of job updated: 12016
	8  -  MemoryUsage of job (MB)
	7540  -  ResidentSetSize of job (KB)
...
005 (10042852.000.000) 08/09 20:26:06 Job terminated.
	(1) Normal termination (return value 0)
		Usr 0 02:06:46, Sys 0 00:00:20  -  Run Remote Usage
		Usr 0 00:00:00, Sys 0 00:00:00  -  Run Local Usage
		Usr 0 02:06:46, Sys 0 00:00:20  -  Total Remote Usage
		Usr 0 00:00:00, Sys 0 00:00:00  -  Total Local Usage
	0  -  Run Bytes Sent By Job
	0  -  Run Bytes Received By Job
	0  -  Total Bytes Sent By Job
	0  -  Total Bytes Received By Job
	Partitionable Resources :    Usage  Request Allocated
	   Cpus                 :                 1         1
	   Disk (KB)            :        5        5   1508636
	   Memory (MB)          :        8        1         1
...
