000 (10042224.000.000) 08/09 16:09:57 Job submitted from host: <10.5.0.46:9618?addrs=10.5.0.46-9618&noUDP&sock=2497_a07a_3>
...
001 (10042224.000.000) 08/09 16:10:24 Job executing on host: <10.5.199.12:9618?addrs=10.5.199.12-9618+[--1]-9618&noUDP&sock=2559_d6f1_3>
...
006 (10042224.000.000) 08/09 16:10:32 Image size of job updated: 11720
	8  -  MemoryUsage of job (MB)
	7368  -  ResidentSetSize of job (KB)
...
006 (10042224.000.000) 08/09 16:15:32 Image size of job updated: 12028
	8  -  MemoryUsage of job (MB)
	7588  -  ResidentSetSize of job (KB)
...
006 (10042224.000.000) 08/09 16:30:33 Image size of job updated: 12140
	8  -  MemoryUsage of job (MB)
	7688  -  ResidentSetSize of job (KB)
...
006 (10042224.000.000) 08/09 16:40:34 Image size of job updated: 12204
	8  -  MemoryUsage of job (MB)
	7724  -  ResidentSetSize of job (KB)
...
006 (10042224.000.000) 08/09 17:00:37 Image size of job updated: 12272
	8  -  MemoryUsage of job (MB)
	7792  -  ResidentSetSize of job (KB)
...
006 (10042224.000.000) 08/09 17:05:37 Image size of job updated: 12272
	8  -  MemoryUsage of job (MB)
	8008  -  ResidentSetSize of job (KB)
...
006 (10042224.000.000) 08/09 17:25:38 Image size of job updated: 12376
	8  -  MemoryUsage of job (MB)
	8008  -  ResidentSetSize of job (KB)
...
006 (10042224.000.000) 08/09 17:30:39 Image size of job updated: 12376
	8  -  MemoryUsage of job (MB)
	8116  -  ResidentSetSize of job (KB)
...
006 (10042224.000.000) 08/09 18:10:43 Image size of job updated: 12552
	8  -  MemoryUsage of job (MB)
	8116  -  ResidentSetSize of job (KB)
...
006 (10042224.000.000) 08/09 18:15:20 Image size of job updated: 12552
	8  -  MemoryUsage of job (MB)
	8168  -  ResidentSetSize of job (KB)
...
005 (10042224.000.000) 08/09 18:15:20 Job terminated.
	(1) Normal termination (return value 0)
		Usr 0 02:03:00, Sys 0 00:00:26  -  Run Remote Usage
		Usr 0 00:00:00, Sys 0 00:00:00  -  Run Local Usage
		Usr 0 02:03:00, Sys 0 00:00:26  -  Total Remote Usage
		Usr 0 00:00:00, Sys 0 00:00:00  -  Total Local Usage
	0  -  Run Bytes Sent By Job
	0  -  Run Bytes Received By Job
	0  -  Total Bytes Sent By Job
	0  -  Total Bytes Received By Job
	Partitionable Resources :    Usage  Request Allocated
	   Cpus                 :                 1         1
	   Disk (KB)            :        5        5   1508651
	   Memory (MB)          :        8        1         1
...
