000 (10042245.000.000) 08/09 16:10:19 Job submitted from host: <10.5.0.46:9618?addrs=10.5.0.46-9618&noUDP&sock=2497_a07a_3>
...
001 (10042245.000.000) 08/09 16:10:39 Job executing on host: <10.5.157.60:9618?addrs=10.5.157.60-9618+[--1]-9618&noUDP&sock=2533_017b_3>
...
006 (10042245.000.000) 08/09 16:10:47 Image size of job updated: 11720
	8  -  MemoryUsage of job (MB)
	7376  -  ResidentSetSize of job (KB)
...
006 (10042245.000.000) 08/09 16:15:47 Image size of job updated: 11964
	8  -  MemoryUsage of job (MB)
	7532  -  ResidentSetSize of job (KB)
...
006 (10042245.000.000) 08/09 16:20:47 Image size of job updated: 11964
	8  -  MemoryUsage of job (MB)
	7548  -  ResidentSetSize of job (KB)
...
006 (10042245.000.000) 08/09 16:30:48 Image size of job updated: 11964
	8  -  MemoryUsage of job (MB)
	7628  -  ResidentSetSize of job (KB)
...
006 (10042245.000.000) 08/09 17:05:52 Image size of job updated: 11984
	8  -  MemoryUsage of job (MB)
	7628  -  ResidentSetSize of job (KB)
...
006 (10042245.000.000) 08/09 17:25:53 Image size of job updated: 11996
	8  -  MemoryUsage of job (MB)
	7628  -  ResidentSetSize of job (KB)
...
006 (10042245.000.000) 08/09 17:50:57 Image size of job updated: 11996
	8  -  MemoryUsage of job (MB)
	7644  -  ResidentSetSize of job (KB)
...
006 (10042245.000.000) 08/09 18:10:58 Image size of job updated: 12144
	8  -  MemoryUsage of job (MB)
	7668  -  ResidentSetSize of job (KB)
...
005 (10042245.000.000) 08/09 18:14:59 Job terminated.
	(1) Normal termination (return value 0)
		Usr 0 02:02:30, Sys 0 00:00:26  -  Run Remote Usage
		Usr 0 00:00:00, Sys 0 00:00:00  -  Run Local Usage
		Usr 0 02:02:30, Sys 0 00:00:26  -  Total Remote Usage
		Usr 0 00:00:00, Sys 0 00:00:00  -  Total Local Usage
	0  -  Run Bytes Sent By Job
	0  -  Run Bytes Received By Job
	0  -  Total Bytes Sent By Job
	0  -  Total Bytes Received By Job
	Partitionable Resources :    Usage  Request Allocated
	   Cpus                 :                 1         1
	   Disk (KB)            :        5        5   1508650
	   Memory (MB)          :        8        1         1
...
