000 (10042784.000.000) 08/09 16:19:57 Job submitted from host: <10.5.0.46:9618?addrs=10.5.0.46-9618&noUDP&sock=2497_a07a_3>
...
001 (10042784.000.000) 08/09 16:29:05 Job executing on host: <10.5.238.76:9618?addrs=10.5.238.76-9618+[--1]-9618&noUDP&sock=3127_c124_3>
...
006 (10042784.000.000) 08/09 16:29:14 Image size of job updated: 11748
	8  -  MemoryUsage of job (MB)
	7400  -  ResidentSetSize of job (KB)
...
006 (10042784.000.000) 08/09 16:34:15 Image size of job updated: 11956
	8  -  MemoryUsage of job (MB)
	7520  -  ResidentSetSize of job (KB)
...
006 (10042784.000.000) 08/09 16:39:16 Image size of job updated: 12376
	8  -  MemoryUsage of job (MB)
	7940  -  ResidentSetSize of job (KB)
...
006 (10042784.000.000) 08/09 18:28:57 Image size of job updated: 144280
	8  -  MemoryUsage of job (MB)
	7940  -  ResidentSetSize of job (KB)
...
005 (10042784.000.000) 08/09 18:28:57 Job terminated.
	(1) Normal termination (return value 0)
		Usr 0 01:58:07, Sys 0 00:00:18  -  Run Remote Usage
		Usr 0 00:00:00, Sys 0 00:00:00  -  Run Local Usage
		Usr 0 01:58:07, Sys 0 00:00:18  -  Total Remote Usage
		Usr 0 00:00:00, Sys 0 00:00:00  -  Total Local Usage
	0  -  Run Bytes Sent By Job
	0  -  Run Bytes Received By Job
	0  -  Total Bytes Sent By Job
	0  -  Total Bytes Received By Job
	Partitionable Resources :    Usage  Request Allocated
	   Cpus                 :                 1         1
	   Disk (KB)            :        5        5   1508535
	   Memory (MB)          :        8        1         1
...
