000 (10042844.000.000) 08/09 16:21:17 Job submitted from host: <10.5.0.46:9618?addrs=10.5.0.46-9618&noUDP&sock=2497_a07a_3>
...
001 (10042844.000.000) 08/09 18:17:37 Job executing on host: <10.5.205.90:9618?addrs=10.5.205.90-9618+[--1]-9618&noUDP&sock=2562_e5ba_3>
...
006 (10042844.000.000) 08/09 18:17:46 Image size of job updated: 11816
	8  -  MemoryUsage of job (MB)
	7460  -  ResidentSetSize of job (KB)
...
006 (10042844.000.000) 08/09 18:22:47 Image size of job updated: 11916
	8  -  MemoryUsage of job (MB)
	7808  -  ResidentSetSize of job (KB)
...
006 (10042844.000.000) 08/09 18:32:48 Image size of job updated: 11920
	8  -  MemoryUsage of job (MB)
	7808  -  ResidentSetSize of job (KB)
...
006 (10042844.000.000) 08/09 18:37:49 Image size of job updated: 11932
	8  -  MemoryUsage of job (MB)
	7808  -  ResidentSetSize of job (KB)
...
006 (10042844.000.000) 08/09 18:42:49 Image size of job updated: 11980
	8  -  MemoryUsage of job (MB)
	7808  -  ResidentSetSize of job (KB)
...
006 (10042844.000.000) 08/09 18:57:50 Image size of job updated: 12036
	8  -  MemoryUsage of job (MB)
	7808  -  ResidentSetSize of job (KB)
...
006 (10042844.000.000) 08/09 19:02:50 Image size of job updated: 12068
	8  -  MemoryUsage of job (MB)
	7808  -  ResidentSetSize of job (KB)
...
006 (10042844.000.000) 08/09 19:32:54 Image size of job updated: 12184
	8  -  MemoryUsage of job (MB)
	7808  -  ResidentSetSize of job (KB)
...
006 (10042844.000.000) 08/09 19:37:55 Image size of job updated: 12184
	8  -  MemoryUsage of job (MB)
	7888  -  ResidentSetSize of job (KB)
...
006 (10042844.000.000) 08/09 19:57:57 Image size of job updated: 12360
	8  -  MemoryUsage of job (MB)
	7888  -  ResidentSetSize of job (KB)
...
005 (10042844.000.000) 08/09 20:16:15 Job terminated.
	(1) Normal termination (return value 0)
		Usr 0 01:57:27, Sys 0 00:00:35  -  Run Remote Usage
		Usr 0 00:00:00, Sys 0 00:00:00  -  Run Local Usage
		Usr 0 01:57:27, Sys 0 00:00:35  -  Total Remote Usage
		Usr 0 00:00:00, Sys 0 00:00:00  -  Total Local Usage
	0  -  Run Bytes Sent By Job
	0  -  Run Bytes Received By Job
	0  -  Total Bytes Sent By Job
	0  -  Total Bytes Received By Job
	Partitionable Resources :    Usage  Request Allocated
	   Cpus                 :                 1         1
	   Disk (KB)            :        5        5   1508642
	   Memory (MB)          :        8        1         1
...
