000 (10042361.000.000) 08/09 16:12:21 Job submitted from host: <10.5.0.46:9618?addrs=10.5.0.46-9618&noUDP&sock=2497_a07a_3>
...
001 (10042361.000.000) 08/09 16:12:38 Job executing on host: <10.5.155.76:9618?addrs=10.5.155.76-9618+[--1]-9618&noUDP&sock=2550_aa97_3>
...
006 (10042361.000.000) 08/09 16:12:46 Image size of job updated: 11760
	8  -  MemoryUsage of job (MB)
	7404  -  ResidentSetSize of job (KB)
...
006 (10042361.000.000) 08/09 16:17:46 Image size of job updated: 11888
	8  -  MemoryUsage of job (MB)
	7444  -  ResidentSetSize of job (KB)
...
006 (10042361.000.000) 08/09 16:22:47 Image size of job updated: 11920
	8  -  MemoryUsage of job (MB)
	7452  -  ResidentSetSize of job (KB)
...
006 (10042361.000.000) 08/09 16:47:49 Image size of job updated: 12016
	8  -  MemoryUsage of job (MB)
	7536  -  ResidentSetSize of job (KB)
...
006 (10042361.000.000) 08/09 17:17:53 Image size of job updated: 12076
	8  -  MemoryUsage of job (MB)
	7616  -  ResidentSetSize of job (KB)
...
006 (10042361.000.000) 08/09 17:37:54 Image size of job updated: 12088
	8  -  MemoryUsage of job (MB)
	7616  -  ResidentSetSize of job (KB)
...
005 (10042361.000.000) 08/09 18:20:13 Job terminated.
	(1) Normal termination (return value 0)
		Usr 0 02:05:17, Sys 0 00:00:27  -  Run Remote Usage
		Usr 0 00:00:00, Sys 0 00:00:00  -  Run Local Usage
		Usr 0 02:05:17, Sys 0 00:00:27  -  Total Remote Usage
		Usr 0 00:00:00, Sys 0 00:00:00  -  Total Local Usage
	0  -  Run Bytes Sent By Job
	0  -  Run Bytes Received By Job
	0  -  Total Bytes Sent By Job
	0  -  Total Bytes Received By Job
	Partitionable Resources :    Usage  Request Allocated
	   Cpus                 :                 1         1
	   Disk (KB)            :        5        5   1508646
	   Memory (MB)          :        8        1         1
...
