000 (10042757.000.000) 08/09 16:19:28 Job submitted from host: <10.5.0.46:9618?addrs=10.5.0.46-9618&noUDP&sock=2497_a07a_3>
...
001 (10042757.000.000) 08/09 16:22:07 Job executing on host: <10.5.228.158:9618?addrs=10.5.228.158-9618+[--1]-9618&noUDP&sock=2540_1f0c_3>
...
006 (10042757.000.000) 08/09 16:22:16 Image size of job updated: 11780
	8  -  MemoryUsage of job (MB)
	7436  -  ResidentSetSize of job (KB)
...
006 (10042757.000.000) 08/09 16:27:17 Image size of job updated: 12064
	8  -  MemoryUsage of job (MB)
	7600  -  ResidentSetSize of job (KB)
...
006 (10042757.000.000) 08/09 16:37:18 Image size of job updated: 12064
	8  -  MemoryUsage of job (MB)
	7692  -  ResidentSetSize of job (KB)
...
006 (10042757.000.000) 08/09 16:47:20 Image size of job updated: 12368
	8  -  MemoryUsage of job (MB)
	7892  -  ResidentSetSize of job (KB)
...
006 (10042757.000.000) 08/09 18:10:34 Image size of job updated: 143648
	8  -  MemoryUsage of job (MB)
	7892  -  ResidentSetSize of job (KB)
...
005 (10042757.000.000) 08/09 18:10:34 Job terminated.
	(1) Normal termination (return value 0)
		Usr 0 01:46:46, Sys 0 00:00:21  -  Run Remote Usage
		Usr 0 00:00:00, Sys 0 00:00:00  -  Run Local Usage
		Usr 0 01:46:46, Sys 0 00:00:21  -  Total Remote Usage
		Usr 0 00:00:00, Sys 0 00:00:00  -  Total Local Usage
	0  -  Run Bytes Sent By Job
	0  -  Run Bytes Received By Job
	0  -  Total Bytes Sent By Job
	0  -  Total Bytes Received By Job
	Partitionable Resources :    Usage  Request Allocated
	   Cpus                 :                 1         1
	   Disk (KB)            :        5        5   1508013
	   Memory (MB)          :        8        1         1
...
