000 (10042744.000.000) 08/09 16:19:13 Job submitted from host: <10.5.0.46:9618?addrs=10.5.0.46-9618&noUDP&sock=2497_a07a_3>
...
001 (10042744.000.000) 08/09 16:21:10 Job executing on host: <10.5.156.64:9618?addrs=10.5.156.64-9618+[--1]-9618&noUDP&sock=2561_868a_3>
...
006 (10042744.000.000) 08/09 16:21:18 Image size of job updated: 11720
	8  -  MemoryUsage of job (MB)
	7376  -  ResidentSetSize of job (KB)
...
006 (10042744.000.000) 08/09 16:26:18 Image size of job updated: 11816
	8  -  MemoryUsage of job (MB)
	7384  -  ResidentSetSize of job (KB)
...
006 (10042744.000.000) 08/09 16:36:20 Image size of job updated: 11988
	8  -  MemoryUsage of job (MB)
	7556  -  ResidentSetSize of job (KB)
...
006 (10042744.000.000) 08/09 17:31:25 Image size of job updated: 12216
	8  -  MemoryUsage of job (MB)
	7772  -  ResidentSetSize of job (KB)
...
006 (10042744.000.000) 08/09 17:36:26 Image size of job updated: 12216
	8  -  MemoryUsage of job (MB)
	7884  -  ResidentSetSize of job (KB)
...
006 (10042744.000.000) 08/09 18:16:30 Image size of job updated: 12320
	8  -  MemoryUsage of job (MB)
	7884  -  ResidentSetSize of job (KB)
...
005 (10042744.000.000) 08/09 18:26:11 Job terminated.
	(1) Normal termination (return value 0)
		Usr 0 02:03:42, Sys 0 00:00:24  -  Run Remote Usage
		Usr 0 00:00:00, Sys 0 00:00:00  -  Run Local Usage
		Usr 0 02:03:42, Sys 0 00:00:24  -  Total Remote Usage
		Usr 0 00:00:00, Sys 0 00:00:00  -  Total Local Usage
	0  -  Run Bytes Sent By Job
	0  -  Run Bytes Received By Job
	0  -  Total Bytes Sent By Job
	0  -  Total Bytes Received By Job
	Partitionable Resources :    Usage  Request Allocated
	   Cpus                 :                 1         1
	   Disk (KB)            :        5        5   1508637
	   Memory (MB)          :        8        1         1
...
