000 (10042560.000.000) 08/09 16:15:53 Job submitted from host: <10.5.0.46:9618?addrs=10.5.0.46-9618&noUDP&sock=2497_a07a_3>
...
001 (10042560.000.000) 08/09 16:16:01 Job executing on host: <10.5.160.228:9618?addrs=10.5.160.228-9618+[--1]-9618&noUDP&sock=2547_9bce_3>
...
006 (10042560.000.000) 08/09 16:16:10 Image size of job updated: 11748
	8  -  MemoryUsage of job (MB)
	7392  -  ResidentSetSize of job (KB)
...
006 (10042560.000.000) 08/09 16:21:11 Image size of job updated: 12064
	8  -  MemoryUsage of job (MB)
	7620  -  ResidentSetSize of job (KB)
...
006 (10042560.000.000) 08/09 16:31:11 Image size of job updated: 12096
	8  -  MemoryUsage of job (MB)
	7652  -  ResidentSetSize of job (KB)
...
006 (10042560.000.000) 08/09 16:46:12 Image size of job updated: 12180
	8  -  MemoryUsage of job (MB)
	7700  -  ResidentSetSize of job (KB)
...
006 (10042560.000.000) 08/09 16:51:13 Image size of job updated: 12180
	8  -  MemoryUsage of job (MB)
	8008  -  ResidentSetSize of job (KB)
...
006 (10042560.000.000) 08/09 18:06:21 Image size of job updated: 12252
	8  -  MemoryUsage of job (MB)
	8008  -  ResidentSetSize of job (KB)
...
006 (10042560.000.000) 08/09 18:16:23 Image size of job updated: 12444
	8  -  MemoryUsage of job (MB)
	8008  -  ResidentSetSize of job (KB)
...
006 (10042560.000.000) 08/09 18:23:14 Image size of job updated: 12480
	8  -  MemoryUsage of job (MB)
	8008  -  ResidentSetSize of job (KB)
...
005 (10042560.000.000) 08/09 18:23:14 Job terminated.
	(1) Normal termination (return value 0)
		Usr 0 02:05:02, Sys 0 00:00:27  -  Run Remote Usage
		Usr 0 00:00:00, Sys 0 00:00:00  -  Run Local Usage
		Usr 0 02:05:02, Sys 0 00:00:27  -  Total Remote Usage
		Usr 0 00:00:00, Sys 0 00:00:00  -  Total Local Usage
	0  -  Run Bytes Sent By Job
	0  -  Run Bytes Received By Job
	0  -  Total Bytes Sent By Job
	0  -  Total Bytes Received By Job
	Partitionable Resources :    Usage  Request Allocated
	   Cpus                 :                 1         1
	   Disk (KB)            :        5        5   1508653
	   Memory (MB)          :        8        1         1
...
