000 (10042668.000.000) 08/09 16:17:54 Job submitted from host: <10.5.0.46:9618?addrs=10.5.0.46-9618&noUDP&sock=2497_a07a_3>
...
001 (10042668.000.000) 08/09 16:18:05 Job executing on host: <10.5.155.73:9618?addrs=10.5.155.73-9618+[--1]-9618&noUDP&sock=2544_8d06_3>
...
006 (10042668.000.000) 08/09 16:18:13 Image size of job updated: 11812
	8  -  MemoryUsage of job (MB)
	7468  -  ResidentSetSize of job (KB)
...
006 (10042668.000.000) 08/09 16:23:13 Image size of job updated: 12108
	8  -  MemoryUsage of job (MB)
	7676  -  ResidentSetSize of job (KB)
...
006 (10042668.000.000) 08/09 16:58:16 Image size of job updated: 12172
	8  -  MemoryUsage of job (MB)
	7728  -  ResidentSetSize of job (KB)
...
006 (10042668.000.000) 08/09 17:18:19 Image size of job updated: 12532
	8  -  MemoryUsage of job (MB)
	8056  -  ResidentSetSize of job (KB)
...
006 (10042668.000.000) 08/09 18:22:50 Image size of job updated: 143596
	8  -  MemoryUsage of job (MB)
	8056  -  ResidentSetSize of job (KB)
...
005 (10042668.000.000) 08/09 18:22:50 Job terminated.
	(1) Normal termination (return value 0)
		Usr 0 02:02:26, Sys 0 00:00:25  -  Run Remote Usage
		Usr 0 00:00:00, Sys 0 00:00:00  -  Run Local Usage
		Usr 0 02:02:26, Sys 0 00:00:25  -  Total Remote Usage
		Usr 0 00:00:00, Sys 0 00:00:00  -  Total Local Usage
	0  -  Run Bytes Sent By Job
	0  -  Run Bytes Received By Job
	0  -  Total Bytes Sent By Job
	0  -  Total Bytes Received By Job
	Partitionable Resources :    Usage  Request Allocated
	   Cpus                 :                 1         1
	   Disk (KB)            :        5        5   1508648
	   Memory (MB)          :        8        1         1
...
