000 (10042303.000.000) 08/09 16:11:21 Job submitted from host: <10.5.0.46:9618?addrs=10.5.0.46-9618&noUDP&sock=2497_a07a_3>
...
001 (10042303.000.000) 08/09 16:11:37 Job executing on host: <10.5.230.127:9618?addrs=10.5.230.127-9618+[--1]-9618&noUDP&sock=2572_1214_3>
...
006 (10042303.000.000) 08/09 16:11:45 Image size of job updated: 11724
	8  -  MemoryUsage of job (MB)
	7380  -  ResidentSetSize of job (KB)
...
006 (10042303.000.000) 08/09 16:16:45 Image size of job updated: 11788
	8  -  MemoryUsage of job (MB)
	7380  -  ResidentSetSize of job (KB)
...
006 (10042303.000.000) 08/09 16:21:46 Image size of job updated: 11852
	8  -  MemoryUsage of job (MB)
	7420  -  ResidentSetSize of job (KB)
...
006 (10042303.000.000) 08/09 16:31:47 Image size of job updated: 11852
	8  -  MemoryUsage of job (MB)
	7516  -  ResidentSetSize of job (KB)
...
006 (10042303.000.000) 08/09 16:36:47 Image size of job updated: 12016
	8  -  MemoryUsage of job (MB)
	7572  -  ResidentSetSize of job (KB)
...
006 (10042303.000.000) 08/09 16:51:48 Image size of job updated: 12104
	8  -  MemoryUsage of job (MB)
	7660  -  ResidentSetSize of job (KB)
...
006 (10042303.000.000) 08/09 17:06:50 Image size of job updated: 12108
	8  -  MemoryUsage of job (MB)
	7664  -  ResidentSetSize of job (KB)
...
006 (10042303.000.000) 08/09 17:36:53 Image size of job updated: 12280
	8  -  MemoryUsage of job (MB)
	7836  -  ResidentSetSize of job (KB)
...
006 (10042303.000.000) 08/09 17:41:53 Image size of job updated: 12280
	8  -  MemoryUsage of job (MB)
	8020  -  ResidentSetSize of job (KB)
...
005 (10042303.000.000) 08/09 18:17:09 Job terminated.
	(1) Normal termination (return value 0)
		Usr 0 02:03:35, Sys 0 00:00:29  -  Run Remote Usage
		Usr 0 00:00:00, Sys 0 00:00:00  -  Run Local Usage
		Usr 0 02:03:35, Sys 0 00:00:29  -  Total Remote Usage
		Usr 0 00:00:00, Sys 0 00:00:00  -  Total Local Usage
	0  -  Run Bytes Sent By Job
	0  -  Run Bytes Received By Job
	0  -  Total Bytes Sent By Job
	0  -  Total Bytes Received By Job
	Partitionable Resources :    Usage  Request Allocated
	   Cpus                 :                 1         1
	   Disk (KB)            :        5        5   1504613
	   Memory (MB)          :        8        1         1
...
