000 (10042774.000.000) 08/09 16:19:46 Job submitted from host: <10.5.0.46:9618?addrs=10.5.0.46-9618&noUDP&sock=2497_a07a_3>
...
001 (10042774.000.000) 08/09 16:25:14 Job executing on host: <10.5.238.76:9618?addrs=10.5.238.76-9618+[--1]-9618&noUDP&sock=3127_c124_3>
...
006 (10042774.000.000) 08/09 16:25:23 Image size of job updated: 11832
	8  -  MemoryUsage of job (MB)
	7472  -  ResidentSetSize of job (KB)
...
006 (10042774.000.000) 08/09 16:30:24 Image size of job updated: 11856
	8  -  MemoryUsage of job (MB)
	7472  -  ResidentSetSize of job (KB)
...
006 (10042774.000.000) 08/09 16:35:24 Image size of job updated: 11924
	8  -  MemoryUsage of job (MB)
	7476  -  ResidentSetSize of job (KB)
...
006 (10042774.000.000) 08/09 16:55:26 Image size of job updated: 12212
	8  -  MemoryUsage of job (MB)
	7752  -  ResidentSetSize of job (KB)
...
005 (10042774.000.000) 08/09 18:26:04 Job terminated.
	(1) Normal termination (return value 0)
		Usr 0 01:59:29, Sys 0 00:00:22  -  Run Remote Usage
		Usr 0 00:00:00, Sys 0 00:00:00  -  Run Local Usage
		Usr 0 01:59:29, Sys 0 00:00:22  -  Total Remote Usage
		Usr 0 00:00:00, Sys 0 00:00:00  -  Total Local Usage
	0  -  Run Bytes Sent By Job
	0  -  Run Bytes Received By Job
	0  -  Total Bytes Sent By Job
	0  -  Total Bytes Received By Job
	Partitionable Resources :    Usage  Request Allocated
	   Cpus                 :                 1         1
	   Disk (KB)            :        5        5   1508535
	   Memory (MB)          :        8        1         1
...
