000 (10042434.000.000) 08/09 16:13:39 Job submitted from host: <10.5.0.46:9618?addrs=10.5.0.46-9618&noUDP&sock=2497_a07a_3>
...
001 (10042434.000.000) 08/09 16:14:04 Job executing on host: <10.5.160.228:9618?addrs=10.5.160.228-9618+[--1]-9618&noUDP&sock=2547_9bce_3>
...
006 (10042434.000.000) 08/09 16:14:13 Image size of job updated: 12120
	8  -  MemoryUsage of job (MB)
	7764  -  ResidentSetSize of job (KB)
...
006 (10042434.000.000) 08/09 16:49:17 Image size of job updated: 12276
	8  -  MemoryUsage of job (MB)
	7796  -  ResidentSetSize of job (KB)
...
006 (10042434.000.000) 08/09 17:54:24 Image size of job updated: 12276
	8  -  MemoryUsage of job (MB)
	7816  -  ResidentSetSize of job (KB)
...
006 (10042434.000.000) 08/09 18:21:02 Image size of job updated: 12364
	8  -  MemoryUsage of job (MB)
	7816  -  ResidentSetSize of job (KB)
...
005 (10042434.000.000) 08/09 18:21:02 Job terminated.
	(1) Normal termination (return value 0)
		Usr 0 02:04:40, Sys 0 00:00:28  -  Run Remote Usage
		Usr 0 00:00:00, Sys 0 00:00:00  -  Run Local Usage
		Usr 0 02:04:40, Sys 0 00:00:28  -  Total Remote Usage
		Usr 0 00:00:00, Sys 0 00:00:00  -  Total Local Usage
	0  -  Run Bytes Sent By Job
	0  -  Run Bytes Received By Job
	0  -  Total Bytes Sent By Job
	0  -  Total Bytes Received By Job
	Partitionable Resources :    Usage  Request Allocated
	   Cpus                 :                 1         1
	   Disk (KB)            :        5        5   1508653
	   Memory (MB)          :        8        1         1
...
