000 (10042734.000.000) 08/09 16:19:02 Job submitted from host: <10.5.0.46:9618?addrs=10.5.0.46-9618&noUDP&sock=2497_a07a_3>
...
001 (10042734.000.000) 08/09 16:20:21 Job executing on host: <10.5.157.67:9618?addrs=10.5.157.67-9618+[--1]-9618&noUDP&sock=2561_868a_3>
...
006 (10042734.000.000) 08/09 16:20:30 Image size of job updated: 11744
	8  -  MemoryUsage of job (MB)
	7404  -  ResidentSetSize of job (KB)
...
006 (10042734.000.000) 08/09 16:25:30 Image size of job updated: 11828
	8  -  MemoryUsage of job (MB)
	7404  -  ResidentSetSize of job (KB)
...
006 (10042734.000.000) 08/09 16:30:30 Image size of job updated: 11836
	8  -  MemoryUsage of job (MB)
	7408  -  ResidentSetSize of job (KB)
...
006 (10042734.000.000) 08/09 16:40:32 Image size of job updated: 11872
	8  -  MemoryUsage of job (MB)
	7432  -  ResidentSetSize of job (KB)
...
006 (10042734.000.000) 08/09 16:45:32 Image size of job updated: 11912
	8  -  MemoryUsage of job (MB)
	7472  -  ResidentSetSize of job (KB)
...
006 (10042734.000.000) 08/09 16:50:33 Image size of job updated: 11924
	8  -  MemoryUsage of job (MB)
	7484  -  ResidentSetSize of job (KB)
...
006 (10042734.000.000) 08/09 16:55:34 Image size of job updated: 12012
	8  -  MemoryUsage of job (MB)
	7744  -  ResidentSetSize of job (KB)
...
006 (10042734.000.000) 08/09 17:00:34 Image size of job updated: 12012
	8  -  MemoryUsage of job (MB)
	7840  -  ResidentSetSize of job (KB)
...
006 (10042734.000.000) 08/09 17:20:36 Image size of job updated: 12404
	8  -  MemoryUsage of job (MB)
	7932  -  ResidentSetSize of job (KB)
...
006 (10042734.000.000) 08/09 18:20:43 Image size of job updated: 12416
	8  -  MemoryUsage of job (MB)
	7944  -  ResidentSetSize of job (KB)
...
005 (10042734.000.000) 08/09 18:24:18 Job terminated.
	(1) Normal termination (return value 0)
		Usr 0 02:02:14, Sys 0 00:00:23  -  Run Remote Usage
		Usr 0 00:00:00, Sys 0 00:00:00  -  Run Local Usage
		Usr 0 02:02:14, Sys 0 00:00:23  -  Total Remote Usage
		Usr 0 00:00:00, Sys 0 00:00:00  -  Total Local Usage
	0  -  Run Bytes Sent By Job
	0  -  Run Bytes Received By Job
	0  -  Total Bytes Sent By Job
	0  -  Total Bytes Received By Job
	Partitionable Resources :    Usage  Request Allocated
	   Cpus                 :                 1         1
	   Disk (KB)            :        5        5   1508637
	   Memory (MB)          :        8        1         1
...
