000 (10042795.000.000) 08/09 16:20:25 Job submitted from host: <10.5.0.46:9618?addrs=10.5.0.46-9618&noUDP&sock=2497_a07a_3>
...
001 (10042795.000.000) 08/09 17:09:03 Job executing on host: <10.5.164.155:9618?addrs=10.5.164.155-9618+[--1]-9618&noUDP&sock=2553_b960_3>
...
006 (10042795.000.000) 08/09 17:09:12 Image size of job updated: 11728
	8  -  MemoryUsage of job (MB)
	7384  -  ResidentSetSize of job (KB)
...
006 (10042795.000.000) 08/09 17:14:13 Image size of job updated: 11864
	8  -  MemoryUsage of job (MB)
	7432  -  ResidentSetSize of job (KB)
...
006 (10042795.000.000) 08/09 17:24:14 Image size of job updated: 12176
	8  -  MemoryUsage of job (MB)
	7744  -  ResidentSetSize of job (KB)
...
006 (10042795.000.000) 08/09 17:29:14 Image size of job updated: 12176
	8  -  MemoryUsage of job (MB)
	7876  -  ResidentSetSize of job (KB)
...
006 (10042795.000.000) 08/09 18:09:19 Image size of job updated: 12228
	8  -  MemoryUsage of job (MB)
	7876  -  ResidentSetSize of job (KB)
...
006 (10042795.000.000) 08/09 18:14:19 Image size of job updated: 12228
	8  -  MemoryUsage of job (MB)
	7940  -  ResidentSetSize of job (KB)
...
006 (10042795.000.000) 08/09 18:49:22 Image size of job updated: 12260
	8  -  MemoryUsage of job (MB)
	7940  -  ResidentSetSize of job (KB)
...
005 (10042795.000.000) 08/09 19:11:36 Job terminated.
	(1) Normal termination (return value 0)
		Usr 0 02:01:38, Sys 0 00:00:24  -  Run Remote Usage
		Usr 0 00:00:00, Sys 0 00:00:00  -  Run Local Usage
		Usr 0 02:01:38, Sys 0 00:00:24  -  Total Remote Usage
		Usr 0 00:00:00, Sys 0 00:00:00  -  Total Local Usage
	0  -  Run Bytes Sent By Job
	0  -  Run Bytes Received By Job
	0  -  Total Bytes Sent By Job
	0  -  Total Bytes Received By Job
	Partitionable Resources :    Usage  Request Allocated
	   Cpus                 :                 1         1
	   Disk (KB)            :        5        5   1508649
	   Memory (MB)          :        8        1         1
...
