000 (10042822.000.000) 08/09 16:20:54 Job submitted from host: <10.5.0.46:9618?addrs=10.5.0.46-9618&noUDP&sock=2497_a07a_3>
...
001 (10042822.000.000) 08/09 18:16:30 Job executing on host: <10.5.156.5:9618?addrs=10.5.156.5-9618+[--1]-9618&noUDP&sock=2548_4b67_3>
...
006 (10042822.000.000) 08/09 18:16:39 Image size of job updated: 11744
	8  -  MemoryUsage of job (MB)
	7392  -  ResidentSetSize of job (KB)
...
006 (10042822.000.000) 08/09 18:21:40 Image size of job updated: 12176
	8  -  MemoryUsage of job (MB)
	7736  -  ResidentSetSize of job (KB)
...
006 (10042822.000.000) 08/09 18:26:40 Image size of job updated: 12176
	8  -  MemoryUsage of job (MB)
	7868  -  ResidentSetSize of job (KB)
...
005 (10042822.000.000) 08/09 20:15:11 Job terminated.
	(1) Normal termination (return value 0)
		Usr 0 01:57:30, Sys 0 00:00:22  -  Run Remote Usage
		Usr 0 00:00:00, Sys 0 00:00:00  -  Run Local Usage
		Usr 0 01:57:30, Sys 0 00:00:22  -  Total Remote Usage
		Usr 0 00:00:00, Sys 0 00:00:00  -  Total Local Usage
	0  -  Run Bytes Sent By Job
	0  -  Run Bytes Received By Job
	0  -  Total Bytes Sent By Job
	0  -  Total Bytes Received By Job
	Partitionable Resources :    Usage  Request Allocated
	   Cpus                 :                 1         1
	   Disk (KB)            :        5        5   1508653
	   Memory (MB)          :        8        1         1
...
