000 (10042394.000.000) 08/09 16:12:56 Job submitted from host: <10.5.0.46:9618?addrs=10.5.0.46-9618&noUDP&sock=2497_a07a_3>
...
001 (10042394.000.000) 08/09 16:13:24 Job executing on host: <10.5.166.184:9618?addrs=10.5.166.184-9618+[--1]-9618&noUDP&sock=2306_4d7b_3>
...
006 (10042394.000.000) 08/09 16:13:32 Image size of job updated: 11728
	8  -  MemoryUsage of job (MB)
	7400  -  ResidentSetSize of job (KB)
...
006 (10042394.000.000) 08/09 16:18:32 Image size of job updated: 11832
	8  -  MemoryUsage of job (MB)
	7416  -  ResidentSetSize of job (KB)
...
006 (10042394.000.000) 08/09 16:23:33 Image size of job updated: 11964
	8  -  MemoryUsage of job (MB)
	7548  -  ResidentSetSize of job (KB)
...
006 (10042394.000.000) 08/09 16:33:33 Image size of job updated: 12376
	8  -  MemoryUsage of job (MB)
	7960  -  ResidentSetSize of job (KB)
...
005 (10042394.000.000) 08/09 19:31:43 Job terminated.
	(1) Normal termination (return value 0)
		Usr 0 03:16:43, Sys 0 00:00:22  -  Run Remote Usage
		Usr 0 00:00:00, Sys 0 00:00:00  -  Run Local Usage
		Usr 0 03:16:43, Sys 0 00:00:22  -  Total Remote Usage
		Usr 0 00:00:00, Sys 0 00:00:00  -  Total Local Usage
	0  -  Run Bytes Sent By Job
	0  -  Run Bytes Received By Job
	0  -  Total Bytes Sent By Job
	0  -  Total Bytes Received By Job
	Partitionable Resources :    Usage  Request Allocated
	   Cpus                 :                 1         1
	   Disk (KB)            :        5        5   1508648
	   Memory (MB)          :        8        1         1
...
