000 (10042506.000.000) 08/09 16:14:55 Job submitted from host: <10.5.0.46:9618?addrs=10.5.0.46-9618&noUDP&sock=2497_a07a_3>
...
001 (10042506.000.000) 08/09 16:15:19 Job executing on host: <10.5.166.184:9618?addrs=10.5.166.184-9618+[--1]-9618&noUDP&sock=2306_4d7b_3>
...
006 (10042506.000.000) 08/09 16:15:27 Image size of job updated: 11732
	8  -  MemoryUsage of job (MB)
	7400  -  ResidentSetSize of job (KB)
...
006 (10042506.000.000) 08/09 16:20:27 Image size of job updated: 11896
	8  -  MemoryUsage of job (MB)
	7460  -  ResidentSetSize of job (KB)
...
006 (10042506.000.000) 08/09 17:35:36 Image size of job updated: 11932
	8  -  MemoryUsage of job (MB)
	7484  -  ResidentSetSize of job (KB)
...
006 (10042506.000.000) 08/09 17:45:36 Image size of job updated: 12000
	8  -  MemoryUsage of job (MB)
	7552  -  ResidentSetSize of job (KB)
...
006 (10042506.000.000) 08/09 18:05:39 Image size of job updated: 12064
	8  -  MemoryUsage of job (MB)
	7616  -  ResidentSetSize of job (KB)
...
005 (10042506.000.000) 08/09 19:31:30 Job terminated.
	(1) Normal termination (return value 0)
		Usr 0 03:15:04, Sys 0 00:00:22  -  Run Remote Usage
		Usr 0 00:00:00, Sys 0 00:00:00  -  Run Local Usage
		Usr 0 03:15:04, Sys 0 00:00:22  -  Total Remote Usage
		Usr 0 00:00:00, Sys 0 00:00:00  -  Total Local Usage
	0  -  Run Bytes Sent By Job
	0  -  Run Bytes Received By Job
	0  -  Total Bytes Sent By Job
	0  -  Total Bytes Received By Job
	Partitionable Resources :    Usage  Request Allocated
	   Cpus                 :                 1         1
	   Disk (KB)            :        5        5   1508648
	   Memory (MB)          :        8        1         1
...
