000 (5695050.000.000) 04/21 13:01:58 Job submitted from host: <10.5.0.46:9618?addrs=10.5.0.46-9618&noUDP&sock=2742093_9cf0_3>
...
001 (5695050.000.000) 04/21 13:02:22 Job executing on host: <10.5.195.111:9618?addrs=10.5.195.111-9618+[--1]-9618&noUDP&sock=2170_049a_3>
...
006 (5695050.000.000) 04/21 13:02:26 Image size of job updated: 61632
	0  -  MemoryUsage of job (MB)
	0  -  ResidentSetSize of job (KB)
...
005 (5695050.000.000) 04/21 13:02:26 Job terminated.
	(1) Normal termination (return value 0)
		Usr 0 00:00:00, Sys 0 00:00:00  -  Run Remote Usage
		Usr 0 00:00:00, Sys 0 00:00:00  -  Run Local Usage
		Usr 0 00:00:00, Sys 0 00:00:00  -  Total Remote Usage
		Usr 0 00:00:00, Sys 0 00:00:00  -  Total Local Usage
	0  -  Run Bytes Sent By Job
	0  -  Run Bytes Received By Job
	0  -  Total Bytes Sent By Job
	0  -  Total Bytes Received By Job
	Partitionable Resources :    Usage  Request Allocated
	   Cpus                 :                 1         1
	   Disk (KB)            :        5        5   1506664
	   Memory (MB)          :        0        1         1
...
