[ 28.27453721  28.2755772   28.26705225  28.27933778  28.26568499
  28.27450904  28.27419292  28.26072272  28.2512364   28.24641393
  28.25470331  28.27213738  28.27685098  28.28126204  28.28031767
  28.28408465  28.26560584  28.27285788  28.2825494   28.28334202
  28.25339876  28.22243372  28.25408367  28.27308341  28.27366826
  28.25532622  28.26170992  28.21131125  28.25991664  28.26080133
  28.28090505  28.28334273  28.2771989   28.2810667   28.27360046
  28.28188452  28.27143405  28.2800792   28.27281947  28.238591
  28.26724586  28.27199978  28.27010968  28.2828474   28.2805961
  28.27426535  28.27662487  28.2458001   28.28015093  28.28182836
  28.28016358  28.27371843  28.28240251  28.26861805  28.27770666
  28.26831999  28.23267822  28.22035058  28.28353503  28.26568133
  28.27274163  28.2578085   28.26963993  28.27507058  28.25921686
  28.28046795  28.2802043   28.28020589  28.28003728  28.28081098
  28.26204584  28.2806649   28.27745639  28.27906479  28.23063029
  28.28424954  28.24711967  28.24274177  28.28125146  28.27508533
  28.27011549  28.27676395  28.28240592  28.28203475  28.26554986
  28.28049111  28.28068601  28.26683613  28.26895269  28.28338608
  28.26971196  28.24386393  28.21933971  28.25408926  28.27611242
  28.2547914   28.28065398  28.25578016  28.28189101  28.28228209
  28.27678879  28.27809376  28.28220641  28.28380576  28.28271655
  28.27797257  28.26116293  28.27960872  28.27187734  28.27872933
  28.25341554  28.26631584  28.2737982   28.26862072  28.26575066
  28.2690895   28.24836905  28.27785011  28.25985208  28.23810565
  28.27426222  28.23870944  28.27578497  28.26514082  28.24360178
  28.23166154  28.25849853  28.25189714  28.26346549  28.2541646
  28.2630743   28.25792187  28.27556145  28.27036622  28.27923513
  28.27325554  28.28072239  28.2587007   28.26993574  28.2691651
  28.27770259  28.26104754  28.23245727  28.23748865  28.27896119
  28.2826145   28.23608017  28.27399977  28.2472505   28.27332298
  28.24108771  28.27368289  28.27204797  28.24657578  28.26670706
  28.28335227  28.26497249  28.23424035  28.26911821  28.23893044
  28.27296493  28.27140681  28.28296419  28.24715453  28.27848784
  28.24038373  28.24351238  28.28424664  28.2799265   28.26551432
  28.26347412  28.2270149   28.21277335  28.24428364  28.27858743
  28.2740224   28.2668667   28.27703215  28.27509317  28.25681116
  28.28293391  28.27245652  28.25482397  28.24472607  28.27533269
  28.25885237  28.27463187  28.24376712  28.2793471   28.27256676
  28.27777904  28.2692146   28.27795349  28.25553663  28.28152599
  28.28285108  28.27488781  28.28147972  28.27049723  28.28292638
  28.27894377  28.27776358  28.27730915  28.28275759  28.2721306
  28.2390027   28.27346969  28.28405122  28.28191311  28.2550484
  28.25736488  28.25594561  28.26501561  28.25581613  28.28024308
  28.25849931  28.2760354   28.24875609  28.23618736  28.28356562
  28.25276336  28.24753086  28.27057865  28.26765661  28.26684624
  28.26016022  28.2797063   28.2794331   28.28032189  28.27237711
  28.27627766  28.27138711  28.27336601  28.27852534  28.27616429
  28.27729821  28.2384971   28.28086302  28.22861145  28.25902184
  28.28229559  28.25915036  28.21861293  28.23563869  28.27064454
  28.27611686  28.26062467  28.2678814   28.26883743  28.27094725
  28.25330165  28.27652635  28.28264878  28.2773978   28.26595256
  28.2617935   28.28155157  28.24548779  28.26483735  28.23822485
  28.26885223  28.28260326  28.26104668  28.27227375  28.27808923
  28.27586338  28.27317316  28.2817501   28.26536673  28.25387743
  28.25951115  28.24226315  28.25680552  28.25603505  28.26659853
  28.25371229  28.27631151  28.26848046  28.2661469   28.24816506
  28.26023217  28.277508    28.2624135   28.28148035  28.26467878
  28.27805406  28.27535911  28.25724311  28.25968363  28.27959588
  28.27057232  28.28184562  28.26894796  28.2748419   28.27959265
  28.27364805  28.28263882  28.28293551  28.27793547  28.27202795
  28.27865237  28.26848042  28.27399038  28.24915566  28.28333985
  28.27847892  28.26360571  28.25240833  28.23037964  28.23400039
  28.26430133  28.22908258  28.27103736  28.23245035  28.27341269
  28.25821735  28.27677926  28.2418008   28.25802684  28.25714912
  28.25597856  28.27305655  28.2768945   28.27241296  28.26583905
  28.27171102  28.25925418  28.25873264  28.25217643  28.26596388
  28.26792424  28.26607995  28.27168123  28.27836849  28.28017102
  28.27693453  28.2510376   28.27442454  28.26660461  28.2468978
  28.26096896  28.2836655   28.27718282  28.23069291  28.28351811
  28.28041237  28.26336756  28.27053124  28.28266149  28.24526603
  28.27968035  28.28140985  28.27347658  28.28332735  28.26960185
  28.27498397  28.28282132  28.26730548  28.28420954  28.26678499
  28.27681105  28.25757964  28.28076446  28.25448422  28.27123367
  28.26242525  28.26474463  28.27075913  28.26206117  28.27761695
  28.27425333  28.27216853  28.24968415  28.26788095  28.27445765
  28.23666494  28.28254821  28.28425623  28.27931156  28.28032347  28.27754
  28.28202849  28.27253903  28.27961532  28.24730982  28.28225841
  28.23586098  28.25592234  28.27041821  28.26508304  28.28058414
  28.27090655  28.21891463  28.26491279  28.27417084  28.25017391
  28.26369253  28.28408041  28.28245979  28.27888215  28.28323579
  28.27485221  28.27747052  28.27147042  28.28153039  28.26717828
  28.25947622  28.28271911  28.27177604  28.28177391  28.26716584
  28.2477228   28.26179786  28.26663755  28.25748244  28.2784975
  28.27730351  28.27432778  28.28396509  28.28342182  28.28228981
  28.27819403  28.28323111  28.27182124  28.28366337  28.25946786
  28.27789343  28.27979986  28.27564223  28.27890077  28.26602439
  28.27549261  28.27827742  28.27398228  28.24261987  28.2637754
  28.26058942  28.26222165  28.27687351  28.28396736  28.28315965
  28.26687188  28.26137014  28.27149614  28.26098273  28.27440042
  28.27298433  28.28269809  28.28134607  28.27257588  28.28291638
  28.25838758  28.2801767   28.27882191  28.27423449  28.27460419
  28.27551281  28.2744136   28.25550909  28.27295327  28.26383225
  28.251746    28.23457072  28.26751997  28.2826333   28.26129314
  28.26482622  28.26558395  28.25011397  28.28203432  28.28213438
  28.26579321  28.26239709  28.27734507  28.2840585   28.27175413
  28.26735979  28.27711826  28.27095407  28.23691655  28.2827739
  28.26905526  28.24850854  28.26962067  28.25466391  28.2753554
  28.28194171  28.28222444  28.28040368  28.27155869  28.27185437
  28.26002872  28.26830947  28.28278739  28.26252331  28.27230842
  28.27019311  28.28385167  28.28112526  28.27682855  28.24827721
  28.24086333  28.27745765  28.2834207   28.28029794  28.26987109
  28.26848394  28.25764664  28.27012802  28.26519918  28.26123398
  28.28058404  28.28356174  28.26605464  28.26863485  28.25906644
  28.26799159  28.24084287  28.27521065  28.28296588  28.22060915
  28.25252635  28.23476094  28.28296837  28.26381364  28.24939946
  28.27182354  28.28143152  28.25111293  28.2795444   28.25225039
  28.26360042  28.27095349  28.28016995  28.28341994  28.283385
  28.26664178  28.26362048  28.23392387  28.26873777  28.24834923
  28.25731815  28.27459342  28.25034551  28.2708793   28.28059379
  28.27422643  28.27663466  28.25986274  28.25598537  28.26907267
  28.27534869  28.28304484  28.23994984  28.23770206  28.27793865
  28.25491902  28.26989612  28.25865108  28.25968508  28.27844115
  28.27698782  28.26170877  28.2595023   28.27382407  28.25496613
  28.26116765  28.27422497  28.28416493  28.21944408  28.22369889
  28.22119396  28.24280977  28.26679051  28.27593154  28.27368493
  28.21807366  28.26960519  28.25060996  28.2812264   28.27837262
  28.28060326  28.26919294  28.28355624  28.28287663  28.27006362
  28.27670667  28.28404424  28.28179736  28.28296871  28.28295236
  28.27935377  28.25485761  28.27335294  28.27447891  28.28062735
  28.27263609  28.27001751  28.27909926  28.28096384  28.2663849
  28.26886779  28.27850296  28.27490921  28.26208508  28.28247961
  28.27756254  28.27906266  28.2759012   28.24667094  28.27304802
  28.27812649  28.26619409  28.27488654  28.26706373  28.2714849
  28.28412195  28.27904236  28.27306629  28.28368799  28.26661244
  28.2756693   28.28024047  28.28238587  28.22153334  28.26913998
  28.27227614  28.27296063  28.25105926  28.27211186  28.27538914
  28.28144308  28.26136618  28.24076745  28.27508266  28.25830519
  28.26079389  28.26356157  28.28204571  28.26427486  28.28187823
  28.27341171  28.26374886  28.2396099   28.25297197  28.2674858
  28.27484917  28.27313392  28.26997286  28.26909949  28.24830392
  28.25206992  28.26753471  28.28278181  28.27573365  28.28074466
  28.28204761  28.27771877  28.19746202  28.284049    28.27843006
  28.27355118  28.26888864  28.26684211  28.26745731  28.28326432
  28.27212618  28.27784746  28.28190442  28.27118907  28.24331059
  28.2695792   28.27690198  28.27276005  28.28102805  28.2611174
  28.27850935  28.24933973  28.27863834  28.2682421   28.26467432
  28.26624883  28.21465034  28.27643627  28.26820968  28.25384897
  28.27236104  28.2662876   28.24251284  28.28204212  28.26491745
  28.281037    28.27196606  28.27551816  28.28116139  28.23091178
  28.27207824  28.25263682  28.27195653  28.27718065  28.2776551
  28.24383722  28.23397162  28.26386857  28.27133735  28.28328104
  28.25988711  28.26795694  28.26687446  28.26044908  28.26173789
  28.27699132  28.27122802  28.26017335  28.2638539   28.27339524
  28.2471299   28.2807693   28.24362221  28.24309619  28.27070573
  28.26307319  28.20617301  28.25004387  28.28358581  28.27978406
  28.2452887   28.27024623  28.27860276  28.25311911  28.25187026
  28.2683249   28.28291888  28.27160384  28.27807474  28.28395248
  28.26469287  28.25306203  28.25949821  28.27449375  28.27148022
  28.23341541  28.28384996  28.27841242  28.26512847  28.28170925
  28.25325048  28.27540352  28.28225055  28.27195295  28.2730546
  28.28268346  28.21340589  28.2296624   28.27320615  28.26480864
  28.27086757  28.24843428  28.28398274  28.28326441  28.27841266
  28.2750061   28.27342665  28.26595447  28.28215437  28.28193362
  28.24875724  28.28242283  28.23923738  28.22757154  28.24496578
  28.24902986  28.275966    28.27147257  28.27745112  28.26491268
  28.28222802  28.28016189  28.2695089   28.28031286  28.22030851
  28.26948245  28.27291837  28.25732275  28.25307698  28.28293258
  28.27209367  28.27782658  28.26787597  28.26271443  28.27486558
  28.2657159   28.26341215  28.27145536  28.25943968  28.23472383
  28.26426248  28.26655811  28.25172848  28.28361582  28.27379056
  28.27448034  28.256292    28.26663181  28.24567687  28.28408358
  28.28118445  28.26966951  28.26861242  28.26723537  28.27832696
  28.2465513   28.26837725  28.27794513  28.26620517  28.27661507
  28.26853735  28.2767275   28.28134955  28.27051415  28.27561589
  28.26048955  28.28363881  28.2807548   28.26177073  28.28352101
  28.27972903  28.27379199  28.28166671  28.28240082  28.26810949
  28.28418169  28.2835297   28.26734676  28.28404747  28.26394394
  28.26938094  28.24141921  28.25863202  28.24727715  28.26384216
  28.26144897  28.27394221  28.28280839  28.24799322  28.28014219
  28.25960505  28.2795548   28.2810406   28.27702458  28.27579826
  28.26229212  28.23894795  28.27989081  28.27575683  28.27551093
  28.26831723  28.27627885  28.27179178  28.28339751  28.26476543
  28.2691282   28.26999495  28.27507515  28.26425163  28.27758261
  28.26264526  28.24768883  28.26332819  28.2799821   28.28367096
  28.28245555  28.20627533  28.26466642  28.24071966  28.27380139
  28.22924529  28.28201392  28.26651832  28.28395747  28.2496949
  28.24936158  28.27556353  28.28266799  28.27419947  28.2461218
  28.24865539  28.27928711  28.25279388  28.26671874  28.2203196
  28.23746952  28.26981326  28.28340389  28.26935618  28.23297519
  28.24327514  28.25149368  28.28178752  28.22926018  28.23736094
  28.24843662  28.23482056  28.2821246   28.25009092  28.25218884
  28.26304568  28.2425963   28.24353816  28.26728097  28.26655418
  28.25182237  28.28252558  28.24086613  28.25203273  28.20662267
  28.25372962  28.28248311  28.2836673   28.27592019  28.2654672
  28.23784466  28.26158864  28.24930363  28.2548467   28.27534754
  28.28305661  28.28381449  28.2824881   28.28064154  28.25515616
  28.25583394  28.28255839  28.27582667  28.25993983  28.25629214
  28.25817867  28.25673246  28.26211546  28.27255712  28.27928231
  28.27442155  28.2785578   28.25963879  28.25329451  28.24583108
  28.28152948  28.26654685  28.27018305  28.28412836  28.25211624
  28.25232037  28.2739224   28.27908075  28.28102656  28.2745903
  28.2672576   28.27989169  28.28162067  28.27900229  28.27719716
  28.27847113  28.27301921  28.26912642  28.27760603  28.28378168
  28.2721929   28.26799698  28.25296861  28.26029577  28.26688575
  28.28419129  28.26906651  28.27415017  28.26603514  28.26956751
  28.25635375  28.28406107  28.22261761  28.27133022  28.206791
  28.28063886  28.2374479   28.27481102  28.27775961  28.27293044
  28.25575134  28.27015231  28.26781254  28.27745316  28.27281215
  28.24875429  28.23705332  28.2515047   28.24406215  28.2663      28.26662123
  28.27726008  28.27314754  28.24737627]
3.55138539969 3.79987048772
3.57028721068 3.79862182883
3.6157325674 3.81661744111
3.70354530948 3.87103290068
3.86517460424 3.99210116746
3.8864411408 4.00904279534
3.71551616159 3.87903446833
3.62135163986 3.82458500643
3.57334982639 3.81159386673
3.55227521789 3.80181520471
