000 (5497111.000.000) 03/11 17:18:24 Job submitted from host: <10.5.0.46:9618?addrs=10.5.0.46-9618&noUDP&sock=2742093_9cf0_3>
...
007 (5497111.000.000) 03/11 17:21:52 Shadow exception!
	Error from slot1_1@CRUSH-10-5-206-103: Failed to open '/home2/elawsonk/cellGPU-master/vor39.out' as standard output: No such file or directory (errno 2)
	0  -  Run Bytes Sent By Job
	0  -  Run Bytes Received By Job
...
012 (5497111.000.000) 03/11 17:21:52 Job was held.
	Error from slot1_1@CRUSH-10-5-206-103: Failed to open '/home2/elawsonk/cellGPU-master/vor39.out' as standard output: No such file or directory (errno 2)
	Code 7 Subcode 2
...
009 (5497111.000.000) 03/12 11:50:50 Job was aborted by the user.
	via condor_rm (by user elawsonk)
...
000 (5497119.000.000) 03/12 11:52:54 Job submitted from host: <10.5.0.46:9618?addrs=10.5.0.46-9618&noUDP&sock=2742093_9cf0_3>
...
001 (5497119.000.000) 03/12 11:52:55 Job executing on host: <10.5.214.177:9618?addrs=10.5.214.177-9618+[--1]-9618&noUDP&sock=2191_bc7f_3>
...
006 (5497119.000.000) 03/12 11:53:04 Image size of job updated: 12204
	7  -  MemoryUsage of job (MB)
	6616  -  ResidentSetSize of job (KB)
...
006 (5497119.000.000) 03/12 11:58:05 Image size of job updated: 12312
	7  -  MemoryUsage of job (MB)
	6616  -  ResidentSetSize of job (KB)
...
006 (5497119.000.000) 03/12 13:03:12 Image size of job updated: 12332
	7  -  MemoryUsage of job (MB)
	6616  -  ResidentSetSize of job (KB)
...
006 (5497119.000.000) 03/12 19:53:53 Image size of job updated: 12340
	7  -  MemoryUsage of job (MB)
	6616  -  ResidentSetSize of job (KB)
...
006 (5497119.000.000) 03/12 20:03:55 Image size of job updated: 12344
	7  -  MemoryUsage of job (MB)
	6616  -  ResidentSetSize of job (KB)
...
005 (5497119.000.000) 03/12 23:52:03 Job terminated.
	(1) Normal termination (return value 0)
		Usr 0 11:55:51, Sys 0 00:00:13  -  Run Remote Usage
		Usr 0 00:00:00, Sys 0 00:00:00  -  Run Local Usage
		Usr 0 11:55:51, Sys 0 00:00:13  -  Total Remote Usage
		Usr 0 00:00:00, Sys 0 00:00:00  -  Total Local Usage
	0  -  Run Bytes Sent By Job
	0  -  Run Bytes Received By Job
	0  -  Total Bytes Sent By Job
	0  -  Total Bytes Received By Job
	Partitionable Resources :    Usage  Request Allocated
	   Cpus                 :                 1         1
	   Disk (KB)            :        5        5   1506052
	   Memory (MB)          :        7        1         1
...
000 (5576119.000.000) 04/01 12:02:11 Job submitted from host: <10.5.0.46:9618?addrs=10.5.0.46-9618&noUDP&sock=2742093_9cf0_3>
...
001 (5576119.000.000) 04/01 12:02:24 Job executing on host: <10.5.225.181:9618?addrs=10.5.225.181-9618+[--1]-9618&noUDP&sock=2567_53b3_3>
...
006 (5576119.000.000) 04/01 12:02:33 Image size of job updated: 12864
	8  -  MemoryUsage of job (MB)
	8104  -  ResidentSetSize of job (KB)
...
006 (5576119.000.000) 04/01 12:07:33 Image size of job updated: 12872
	8  -  MemoryUsage of job (MB)
	8104  -  ResidentSetSize of job (KB)
...
006 (5576119.000.000) 04/01 12:32:36 Image size of job updated: 12932
	8  -  MemoryUsage of job (MB)
	8164  -  ResidentSetSize of job (KB)
...
006 (5576119.000.000) 04/01 12:42:37 Image size of job updated: 12956
	8  -  MemoryUsage of job (MB)
	8164  -  ResidentSetSize of job (KB)
...
006 (5576119.000.000) 04/01 13:52:44 Image size of job updated: 13072
	8  -  MemoryUsage of job (MB)
	8172  -  ResidentSetSize of job (KB)
...
006 (5576119.000.000) 04/01 13:57:45 Image size of job updated: 13092
	8  -  MemoryUsage of job (MB)
	8172  -  ResidentSetSize of job (KB)
...
022 (5576119.000.000) 04/02 06:05:45 Job disconnected, attempting to reconnect
    Socket between submit and execute hosts closed unexpectedly
    Trying to reconnect to slot1_18@CRUSH-10-5-225-181 <10.5.225.181:9618?addrs=10.5.225.181-9618+[--1]-9618&noUDP&sock=2567_53b3_3>
...
024 (5576119.000.000) 04/02 06:45:48 Job reconnection failed
    Job disconnected too long: JobLeaseDuration (2400 seconds) expired
    Can not reconnect to slot1_18@CRUSH-10-5-225-181, rescheduling job
...
001 (5576119.000.000) 04/02 06:47:55 Job executing on host: <10.5.216.145:9618?addrs=10.5.216.145-9618+[--1]-9618&noUDP&sock=2153_5b7e_3>
...
005 (5576119.000.000) 04/10 10:46:34 Job terminated.
	(1) Normal termination (return value 0)
		Usr 8 03:47:29, Sys 0 00:02:57  -  Run Remote Usage
		Usr 0 00:00:00, Sys 0 00:00:00  -  Run Local Usage
		Usr 8 03:47:29, Sys 0 00:02:57  -  Total Remote Usage
		Usr 0 00:00:00, Sys 0 00:00:00  -  Total Local Usage
	0  -  Run Bytes Sent By Job
	0  -  Run Bytes Received By Job
	0  -  Total Bytes Sent By Job
	0  -  Total Bytes Received By Job
	Partitionable Resources :    Usage  Request Allocated
	   Cpus                 :                 1         1
	   Disk (KB)            :        5        5   1505170
	   Memory (MB)          :       10       10        10
...
000 (5608911.000.000) 04/12 19:47:32 Job submitted from host: <10.5.0.46:9618?addrs=10.5.0.46-9618&noUDP&sock=2742093_9cf0_3>
...
001 (5608911.000.000) 04/12 19:47:47 Job executing on host: <10.5.183.191:9618?addrs=10.5.183.191-9618+[--1]-9618&noUDP&sock=1897_13a7_3>
...
006 (5608911.000.000) 04/12 19:47:55 Image size of job updated: 11008
	7  -  MemoryUsage of job (MB)
	6272  -  ResidentSetSize of job (KB)
...
006 (5608911.000.000) 04/12 19:52:56 Image size of job updated: 11356
	7  -  MemoryUsage of job (MB)
	6612  -  ResidentSetSize of job (KB)
...
006 (5608911.000.000) 04/12 19:57:57 Image size of job updated: 11380
	7  -  MemoryUsage of job (MB)
	6612  -  ResidentSetSize of job (KB)
...
006 (5608911.000.000) 04/12 20:07:57 Image size of job updated: 11488
	7  -  MemoryUsage of job (MB)
	6616  -  ResidentSetSize of job (KB)
...
006 (5608911.000.000) 04/12 20:12:58 Image size of job updated: 11508
	7  -  MemoryUsage of job (MB)
	6616  -  ResidentSetSize of job (KB)
...
005 (5608911.000.000) 04/14 04:25:58 Job terminated.
	(1) Normal termination (return value 0)
		Usr 1 08:37:20, Sys 0 00:00:02  -  Run Remote Usage
		Usr 0 00:00:00, Sys 0 00:00:00  -  Run Local Usage
		Usr 1 08:37:20, Sys 0 00:00:02  -  Total Remote Usage
		Usr 0 00:00:00, Sys 0 00:00:00  -  Total Local Usage
	0  -  Run Bytes Sent By Job
	0  -  Run Bytes Received By Job
	0  -  Total Bytes Sent By Job
	0  -  Total Bytes Received By Job
	Partitionable Resources :    Usage  Request Allocated
	   Cpus                 :                 1         1
	   Disk (KB)            :        5        5   1506186
	   Memory (MB)          :        7        1         1
...
