000 (4050622.000.000) 06/26 13:41:55 Job submitted from host: <10.5.0.46:9618?addrs=10.5.0.46-9618&noUDP&sock=2468_6bd3_242>
...
001 (4050622.000.000) 06/26 13:43:24 Job executing on host: <10.5.154.112:9618?addrs=10.5.154.112-9618+[--1]-9618&noUDP&sock=2561_3622_3>
...
006 (4050622.000.000) 06/26 13:43:33 Image size of job updated: 12136
	7  -  MemoryUsage of job (MB)
	6488  -  ResidentSetSize of job (KB)
...
006 (4050622.000.000) 06/26 13:48:34 Image size of job updated: 12276
	7  -  MemoryUsage of job (MB)
	6496  -  ResidentSetSize of job (KB)
...
005 (4050622.000.000) 06/26 21:34:05 Job terminated.
	(1) Normal termination (return value 0)
		Usr 0 07:47:38, Sys 0 00:00:11  -  Run Remote Usage
		Usr 0 00:00:00, Sys 0 00:00:00  -  Run Local Usage
		Usr 0 07:47:38, Sys 0 00:00:11  -  Total Remote Usage
		Usr 0 00:00:00, Sys 0 00:00:00  -  Total Local Usage
	0  -  Run Bytes Sent By Job
	0  -  Run Bytes Received By Job
	0  -  Total Bytes Sent By Job
	0  -  Total Bytes Received By Job
	Partitionable Resources :    Usage  Request Allocated
	   Cpus                 :                 1         1
	   Disk (KB)            :        5        5   1505981
	   Memory (MB)          :        7        1         1
...
000 (4050740.000.000) 06/27 11:00:24 Job submitted from host: <10.5.0.46:9618?addrs=10.5.0.46-9618&noUDP&sock=2468_6bd3_242>
...
001 (4050740.000.000) 06/27 11:03:57 Job executing on host: <10.5.141.93:9618?addrs=10.5.141.93-9618+[--1]-9618&noUDP&sock=2163_3770_3>
...
006 (4050740.000.000) 06/27 11:04:06 Image size of job updated: 11816
	7  -  MemoryUsage of job (MB)
	6192  -  ResidentSetSize of job (KB)
...
006 (4050740.000.000) 06/27 11:09:07 Image size of job updated: 12356
	7  -  MemoryUsage of job (MB)
	6612  -  ResidentSetSize of job (KB)
...
006 (4050740.000.000) 06/27 11:14:07 Image size of job updated: 12372
	7  -  MemoryUsage of job (MB)
	6628  -  ResidentSetSize of job (KB)
...
006 (4050740.000.000) 06/27 11:44:11 Image size of job updated: 12400
	7  -  MemoryUsage of job (MB)
	6644  -  ResidentSetSize of job (KB)
...
006 (4050740.000.000) 06/27 12:09:14 Image size of job updated: 12416
	7  -  MemoryUsage of job (MB)
	6644  -  ResidentSetSize of job (KB)
...
006 (4050740.000.000) 06/27 14:29:29 Image size of job updated: 12424
	7  -  MemoryUsage of job (MB)
	6644  -  ResidentSetSize of job (KB)
...
006 (4050740.000.000) 06/27 14:49:31 Image size of job updated: 12440
	7  -  MemoryUsage of job (MB)
	6660  -  ResidentSetSize of job (KB)
...
005 (4050740.000.000) 06/27 15:25:32 Job terminated.
	(1) Normal termination (return value 0)
		Usr 0 04:21:07, Sys 0 00:00:01  -  Run Remote Usage
		Usr 0 00:00:00, Sys 0 00:00:00  -  Run Local Usage
		Usr 0 04:21:07, Sys 0 00:00:01  -  Total Remote Usage
		Usr 0 00:00:00, Sys 0 00:00:00  -  Total Local Usage
	0  -  Run Bytes Sent By Job
	0  -  Run Bytes Received By Job
	0  -  Total Bytes Sent By Job
	0  -  Total Bytes Received By Job
	Partitionable Resources :    Usage  Request Allocated
	   Cpus                 :                 1         1
	   Disk (KB)            :        5        5   1506115
	   Memory (MB)          :        7        1         1
...
000 (4566389.000.000) 08/06 16:27:35 Job submitted from host: <10.5.0.46:9618?addrs=10.5.0.46-9618&noUDP&sock=2468_6bd3_242>
...
022 (4566389.000.000) 08/06 16:27:50 Job disconnected, attempting to reconnect
    Socket between submit and execute hosts closed unexpectedly
    Trying to reconnect to slot1_3@CRUSH-10-5-137-138 <10.5.137.138:9618?addrs=10.5.137.138-9618+[--1]-9618&noUDP&sock=3169_3fb7_3>
...
024 (4566389.000.000) 08/06 16:27:50 Job reconnection failed
    Job not found at execution machine
    Can not reconnect to slot1_3@CRUSH-10-5-137-138, rescheduling job
...
022 (4566389.000.000) 08/06 16:32:19 Job disconnected, attempting to reconnect
    Socket between submit and execute hosts closed unexpectedly
    Trying to reconnect to slot1_3@CRUSH-10-5-137-138 <10.5.137.138:9618?addrs=10.5.137.138-9618+[--1]-9618&noUDP&sock=3169_3fb7_3>
...
024 (4566389.000.000) 08/06 16:32:19 Job reconnection failed
    Job not found at execution machine
    Can not reconnect to slot1_3@CRUSH-10-5-137-138, rescheduling job
...
022 (4566389.000.000) 08/06 16:33:19 Job disconnected, attempting to reconnect
    Socket between submit and execute hosts closed unexpectedly
    Trying to reconnect to slot1_3@CRUSH-10-5-137-138 <10.5.137.138:9618?addrs=10.5.137.138-9618+[--1]-9618&noUDP&sock=3169_3fb7_3>
...
024 (4566389.000.000) 08/06 16:33:19 Job reconnection failed
    Job not found at execution machine
    Can not reconnect to slot1_3@CRUSH-10-5-137-138, rescheduling job
...
022 (4566389.000.000) 08/06 16:34:19 Job disconnected, attempting to reconnect
    Socket between submit and execute hosts closed unexpectedly
    Trying to reconnect to slot1_3@CRUSH-10-5-137-138 <10.5.137.138:9618?addrs=10.5.137.138-9618+[--1]-9618&noUDP&sock=3169_3fb7_3>
...
024 (4566389.000.000) 08/06 16:34:19 Job reconnection failed
    Job not found at execution machine
    Can not reconnect to slot1_3@CRUSH-10-5-137-138, rescheduling job
...
001 (4566389.000.000) 08/06 16:35:19 Job executing on host: <10.5.176.241:9618?addrs=10.5.176.241-9618+[--1]-9618&noUDP&sock=2556_c829_3>
...
006 (4566389.000.000) 08/06 16:35:28 Image size of job updated: 11840
	7  -  MemoryUsage of job (MB)
	6208  -  ResidentSetSize of job (KB)
...
006 (4566389.000.000) 08/06 16:40:29 Image size of job updated: 11924
	7  -  MemoryUsage of job (MB)
	6208  -  ResidentSetSize of job (KB)
...
006 (4566389.000.000) 08/06 16:55:31 Image size of job updated: 11944
	7  -  MemoryUsage of job (MB)
	6208  -  ResidentSetSize of job (KB)
...
006 (4566389.000.000) 08/06 17:00:32 Image size of job updated: 11968
	7  -  MemoryUsage of job (MB)
	6208  -  ResidentSetSize of job (KB)
...
006 (4566389.000.000) 08/06 17:05:32 Image size of job updated: 12032
	7  -  MemoryUsage of job (MB)
	6256  -  ResidentSetSize of job (KB)
...
006 (4566389.000.000) 08/06 17:10:32 Image size of job updated: 12036
	7  -  MemoryUsage of job (MB)
	6256  -  ResidentSetSize of job (KB)
...
005 (4566389.000.000) 08/06 20:11:14 Job terminated.
	(1) Normal termination (return value 0)
		Usr 0 03:32:59, Sys 0 00:00:07  -  Run Remote Usage
		Usr 0 00:00:00, Sys 0 00:00:00  -  Run Local Usage
		Usr 0 03:32:59, Sys 0 00:00:07  -  Total Remote Usage
		Usr 0 00:00:00, Sys 0 00:00:00  -  Total Local Usage
	0  -  Run Bytes Sent By Job
	0  -  Run Bytes Received By Job
	0  -  Total Bytes Sent By Job
	0  -  Total Bytes Received By Job
	Partitionable Resources :    Usage  Request Allocated
	   Cpus                 :                 1         1
	   Disk (KB)            :        5        5   1505837
	   Memory (MB)          :        7        1         1
...
000 (4569504.000.000) 08/09 12:01:57 Job submitted from host: <10.5.0.46:9618?addrs=10.5.0.46-9618&noUDP&sock=2468_6bd3_242>
...
001 (4569504.000.000) 08/09 12:02:16 Job executing on host: <10.5.152.154:9618?addrs=10.5.152.154-9618+[--1]-9618&noUDP&sock=2557_77c1_3>
...
006 (4569504.000.000) 08/09 12:02:25 Image size of job updated: 11004
	7  -  MemoryUsage of job (MB)
	6216  -  ResidentSetSize of job (KB)
...
006 (4569504.000.000) 08/09 12:07:26 Image size of job updated: 11240
	7  -  MemoryUsage of job (MB)
	6324  -  ResidentSetSize of job (KB)
...
004 (4569504.000.000) 08/09 12:50:16 Job was evicted.
	(0) Job was not checkpointed.
		Usr 0 00:47:24, Sys 0 00:00:00  -  Run Remote Usage
		Usr 0 00:00:00, Sys 0 00:00:00  -  Run Local Usage
	0  -  Run Bytes Sent By Job
	0  -  Run Bytes Received By Job
	Partitionable Resources :    Usage  Request Allocated
	   Cpus                 :                 1         1
	   Disk (KB)            :        5        5   1505853
	   Memory (MB)          :        7        1         1
...
009 (4569504.000.000) 08/09 12:50:16 Job was aborted by the user.
	via condor_rm (by user elawsonk)
...
000 (4569550.000.000) 08/09 12:51:17 Job submitted from host: <10.5.0.46:9618?addrs=10.5.0.46-9618&noUDP&sock=2468_6bd3_242>
...
001 (4569550.000.000) 08/09 12:53:23 Job executing on host: <10.5.154.77:9618?addrs=10.5.154.77-9618+[--1]-9618&noUDP&sock=2557_77c1_3>
...
006 (4569550.000.000) 08/09 12:53:31 Image size of job updated: 11308
	7  -  MemoryUsage of job (MB)
	6520  -  ResidentSetSize of job (KB)
...
006 (4569550.000.000) 08/09 12:58:31 Image size of job updated: 11444
	7  -  MemoryUsage of job (MB)
	6528  -  ResidentSetSize of job (KB)
...
004 (4569550.000.000) 08/09 12:59:19 Job was evicted.
	(0) Job was not checkpointed.
		Usr 0 00:05:49, Sys 0 00:00:00  -  Run Remote Usage
		Usr 0 00:00:00, Sys 0 00:00:00  -  Run Local Usage
	0  -  Run Bytes Sent By Job
	0  -  Run Bytes Received By Job
	Partitionable Resources :    Usage  Request Allocated
	   Cpus                 :                 1         1
	   Disk (KB)            :        5        5   1505841
	   Memory (MB)          :        7        1         1
...
009 (4569550.000.000) 08/09 12:59:19 Job was aborted by the user.
	via condor_rm (by user elawsonk)
...
000 (4569553.000.000) 08/09 12:59:59 Job submitted from host: <10.5.0.46:9618?addrs=10.5.0.46-9618&noUDP&sock=2468_6bd3_242>
...
022 (4569553.000.000) 08/09 13:00:22 Job disconnected, attempting to reconnect
    Socket between submit and execute hosts closed unexpectedly
    Trying to reconnect to slot1_4@CRUSH-10-5-137-138 <10.5.137.138:9618?addrs=10.5.137.138-9618+[--1]-9618&noUDP&sock=3169_3fb7_3>
...
024 (4569553.000.000) 08/09 13:00:22 Job reconnection failed
    Job not found at execution machine
    Can not reconnect to slot1_4@CRUSH-10-5-137-138, rescheduling job
...
022 (4569553.000.000) 08/09 13:00:48 Job disconnected, attempting to reconnect
    Socket between submit and execute hosts closed unexpectedly
    Trying to reconnect to slot1_4@CRUSH-10-5-137-138 <10.5.137.138:9618?addrs=10.5.137.138-9618+[--1]-9618&noUDP&sock=3169_3fb7_3>
...
024 (4569553.000.000) 08/09 13:00:48 Job reconnection failed
    Job not found at execution machine
    Can not reconnect to slot1_4@CRUSH-10-5-137-138, rescheduling job
...
022 (4569553.000.000) 08/09 13:01:48 Job disconnected, attempting to reconnect
    Socket between submit and execute hosts closed unexpectedly
    Trying to reconnect to slot1_4@CRUSH-10-5-137-138 <10.5.137.138:9618?addrs=10.5.137.138-9618+[--1]-9618&noUDP&sock=3169_3fb7_3>
...
024 (4569553.000.000) 08/09 13:01:48 Job reconnection failed
    Job not found at execution machine
    Can not reconnect to slot1_4@CRUSH-10-5-137-138, rescheduling job
...
022 (4569553.000.000) 08/09 13:02:48 Job disconnected, attempting to reconnect
    Socket between submit and execute hosts closed unexpectedly
    Trying to reconnect to slot1_4@CRUSH-10-5-137-138 <10.5.137.138:9618?addrs=10.5.137.138-9618+[--1]-9618&noUDP&sock=3169_3fb7_3>
...
024 (4569553.000.000) 08/09 13:02:48 Job reconnection failed
    Job not found at execution machine
    Can not reconnect to slot1_4@CRUSH-10-5-137-138, rescheduling job
...
022 (4569553.000.000) 08/09 13:03:48 Job disconnected, attempting to reconnect
    Socket between submit and execute hosts closed unexpectedly
    Trying to reconnect to slot1_4@CRUSH-10-5-137-138 <10.5.137.138:9618?addrs=10.5.137.138-9618+[--1]-9618&noUDP&sock=3169_3fb7_3>
...
024 (4569553.000.000) 08/09 13:03:48 Job reconnection failed
    Job not found at execution machine
    Can not reconnect to slot1_4@CRUSH-10-5-137-138, rescheduling job
...
022 (4569553.000.000) 08/09 13:04:48 Job disconnected, attempting to reconnect
    Socket between submit and execute hosts closed unexpectedly
    Trying to reconnect to slot1_4@CRUSH-10-5-137-138 <10.5.137.138:9618?addrs=10.5.137.138-9618+[--1]-9618&noUDP&sock=3169_3fb7_3>
...
024 (4569553.000.000) 08/09 13:04:48 Job reconnection failed
    Job not found at execution machine
    Can not reconnect to slot1_4@CRUSH-10-5-137-138, rescheduling job
...
001 (4569553.000.000) 08/09 13:05:48 Job executing on host: <10.5.143.21:9618?addrs=10.5.143.21-9618+[--1]-9618&noUDP&sock=2152_abe6_3>
...
006 (4569553.000.000) 08/09 13:05:57 Image size of job updated: 12764
	8  -  MemoryUsage of job (MB)
	7176  -  ResidentSetSize of job (KB)
...
006 (4569553.000.000) 08/09 13:10:57 Image size of job updated: 12860
	8  -  MemoryUsage of job (MB)
	7176  -  ResidentSetSize of job (KB)
...
006 (4569553.000.000) 08/09 13:15:57 Image size of job updated: 12872
	8  -  MemoryUsage of job (MB)
	7176  -  ResidentSetSize of job (KB)
...
006 (4569553.000.000) 08/09 14:01:02 Image size of job updated: 12888
	8  -  MemoryUsage of job (MB)
	7176  -  ResidentSetSize of job (KB)
...
006 (4569553.000.000) 08/09 15:01:07 Image size of job updated: 12896
	8  -  MemoryUsage of job (MB)
	7176  -  ResidentSetSize of job (KB)
...
006 (4569553.000.000) 08/09 20:06:38 Image size of job updated: 12904
	8  -  MemoryUsage of job (MB)
	7176  -  ResidentSetSize of job (KB)
...
006 (4569553.000.000) 08/09 20:41:42 Image size of job updated: 12912
	8  -  MemoryUsage of job (MB)
	7176  -  ResidentSetSize of job (KB)
...
006 (4569553.000.000) 08/09 22:01:51 Image size of job updated: 12924
	8  -  MemoryUsage of job (MB)
	7180  -  ResidentSetSize of job (KB)
...
006 (4569553.000.000) 08/09 23:37:00 Image size of job updated: 12928
	8  -  MemoryUsage of job (MB)
	7184  -  ResidentSetSize of job (KB)
...
006 (4569553.000.000) 08/10 01:12:12 Image size of job updated: 12936
	8  -  MemoryUsage of job (MB)
	7184  -  ResidentSetSize of job (KB)
...
006 (4569553.000.000) 08/10 01:42:15 Image size of job updated: 12944
	8  -  MemoryUsage of job (MB)
	7192  -  ResidentSetSize of job (KB)
...
006 (4569553.000.000) 08/10 01:47:15 Image size of job updated: 12948
	8  -  MemoryUsage of job (MB)
	7196  -  ResidentSetSize of job (KB)
...
005 (4569553.000.000) 08/10 04:02:15 Job terminated.
	(1) Normal termination (return value 0)
		Usr 0 14:49:44, Sys 0 00:00:12  -  Run Remote Usage
		Usr 0 00:00:00, Sys 0 00:00:00  -  Run Local Usage
		Usr 0 14:49:44, Sys 0 00:00:12  -  Total Remote Usage
		Usr 0 00:00:00, Sys 0 00:00:00  -  Total Local Usage
	0  -  Run Bytes Sent By Job
	0  -  Run Bytes Received By Job
	0  -  Total Bytes Sent By Job
	0  -  Total Bytes Received By Job
	Partitionable Resources :    Usage  Request Allocated
	   Cpus                 :                 1         1
	   Disk (KB)            :        5        5   1506979
	   Memory (MB)          :        8        1         1
...
000 (4572828.000.000) 08/12 14:34:46 Job submitted from host: <10.5.0.46:9618?addrs=10.5.0.46-9618&noUDP&sock=2468_6bd3_242>
...
001 (4572828.000.000) 08/12 14:43:15 Job executing on host: <10.5.152.202:9618?addrs=10.5.152.202-9618+[--1]-9618&noUDP&sock=2559_d6f1_3>
...
006 (4572828.000.000) 08/12 14:43:23 Image size of job updated: 11828
	7  -  MemoryUsage of job (MB)
	6216  -  ResidentSetSize of job (KB)
...
006 (4572828.000.000) 08/12 14:48:23 Image size of job updated: 11984
	7  -  MemoryUsage of job (MB)
	6216  -  ResidentSetSize of job (KB)
...
006 (4572828.000.000) 08/12 15:58:31 Image size of job updated: 11992
	7  -  MemoryUsage of job (MB)
	6216  -  ResidentSetSize of job (KB)
...
005 (4572828.000.000) 08/12 21:27:39 Job terminated.
	(1) Normal termination (return value 0)
		Usr 0 06:31:15, Sys 0 00:00:13  -  Run Remote Usage
		Usr 0 00:00:00, Sys 0 00:00:00  -  Run Local Usage
		Usr 0 06:31:15, Sys 0 00:00:13  -  Total Remote Usage
		Usr 0 00:00:00, Sys 0 00:00:00  -  Total Local Usage
	0  -  Run Bytes Sent By Job
	0  -  Run Bytes Received By Job
	0  -  Total Bytes Sent By Job
	0  -  Total Bytes Received By Job
	Partitionable Resources :    Usage  Request Allocated
	   Cpus                 :                 1         1
	   Disk (KB)            :        5        5   1505841
	   Memory (MB)          :        7        1         1
...
000 (4574863.000.000) 08/13 13:09:34 Job submitted from host: <10.5.0.46:9618?addrs=10.5.0.46-9618&noUDP&sock=2468_6bd3_242>
...
001 (4574863.000.000) 08/13 13:09:35 Job executing on host: <10.5.141.76:9618?addrs=10.5.141.76-9618+[--1]-9618&noUDP&sock=2151_fc4d_3>
...
006 (4574863.000.000) 08/13 13:09:44 Image size of job updated: 12472
	7  -  MemoryUsage of job (MB)
	6884  -  ResidentSetSize of job (KB)
...
006 (4574863.000.000) 08/13 13:14:45 Image size of job updated: 12620
	7  -  MemoryUsage of job (MB)
	6884  -  ResidentSetSize of job (KB)
...
006 (4574863.000.000) 08/13 15:24:58 Image size of job updated: 12624
	7  -  MemoryUsage of job (MB)
	6884  -  ResidentSetSize of job (KB)
...
006 (4574863.000.000) 08/14 02:45:41 Image size of job updated: 139668
	7  -  MemoryUsage of job (MB)
	6884  -  ResidentSetSize of job (KB)
...
005 (4574863.000.000) 08/14 02:45:41 Job terminated.
	(1) Normal termination (return value 0)
		Usr 0 13:29:26, Sys 0 00:00:29  -  Run Remote Usage
		Usr 0 00:00:00, Sys 0 00:00:00  -  Run Local Usage
		Usr 0 13:29:26, Sys 0 00:00:29  -  Total Remote Usage
		Usr 0 00:00:00, Sys 0 00:00:00  -  Total Local Usage
	0  -  Run Bytes Sent By Job
	0  -  Run Bytes Received By Job
	0  -  Total Bytes Sent By Job
	0  -  Total Bytes Received By Job
	Partitionable Resources :    Usage  Request Allocated
	   Cpus                 :                 1         1
	   Disk (KB)            :        5        5   1506120
	   Memory (MB)          :        7        1         1
...
000 (4730338.000.000) 08/21 10:39:22 Job submitted from host: <10.5.0.46:9618?addrs=10.5.0.46-9618&noUDP&sock=2468_6bd3_242>
...
001 (4730338.000.000) 08/21 10:39:24 Job executing on host: <10.5.180.213:9618?addrs=10.5.180.213-9618+[--1]-9618&noUDP&sock=1997_5ab8_3>
...
006 (4730338.000.000) 08/21 10:39:33 Image size of job updated: 11256
	7  -  MemoryUsage of job (MB)
	6512  -  ResidentSetSize of job (KB)
...
006 (4730338.000.000) 08/21 10:44:34 Image size of job updated: 11296
	7  -  MemoryUsage of job (MB)
	6512  -  ResidentSetSize of job (KB)
...
006 (4730338.000.000) 08/21 10:49:35 Image size of job updated: 11308
	7  -  MemoryUsage of job (MB)
	6512  -  ResidentSetSize of job (KB)
...
006 (4730338.000.000) 08/22 01:56:28 Image size of job updated: 142244
	7  -  MemoryUsage of job (MB)
	6512  -  ResidentSetSize of job (KB)
...
005 (4730338.000.000) 08/22 01:56:28 Job terminated.
	(1) Normal termination (return value 0)
		Usr 0 15:13:22, Sys 0 00:00:20  -  Run Remote Usage
		Usr 0 00:00:00, Sys 0 00:00:00  -  Run Local Usage
		Usr 0 15:13:22, Sys 0 00:00:20  -  Total Remote Usage
		Usr 0 00:00:00, Sys 0 00:00:00  -  Total Local Usage
	0  -  Run Bytes Sent By Job
	0  -  Run Bytes Received By Job
	0  -  Total Bytes Sent By Job
	0  -  Total Bytes Received By Job
	Partitionable Resources :    Usage  Request Allocated
	   Cpus                 :                 1         1
	   Disk (KB)            :        5        5   1506594
	   Memory (MB)          :        7        1         1
...
000 (4761669.000.000) 08/23 15:29:58 Job submitted from host: <10.5.0.46:9618?addrs=10.5.0.46-9618&noUDP&sock=2468_6bd3_242>
...
001 (4761669.000.000) 08/23 15:30:09 Job executing on host: <10.5.139.230:9618?addrs=10.5.139.230-9618+[--1]-9618&noUDP&sock=2559_d6f1_3>
...
006 (4761669.000.000) 08/23 15:30:17 Image size of job updated: 11768
	7  -  MemoryUsage of job (MB)
	6160  -  ResidentSetSize of job (KB)
...
006 (4761669.000.000) 08/23 15:35:17 Image size of job updated: 12268
	7  -  MemoryUsage of job (MB)
	6660  -  ResidentSetSize of job (KB)
...
006 (4761669.000.000) 08/23 15:50:18 Image size of job updated: 12392
	7  -  MemoryUsage of job (MB)
	6660  -  ResidentSetSize of job (KB)
...
006 (4761669.000.000) 08/23 16:00:20 Image size of job updated: 12416
	7  -  MemoryUsage of job (MB)
	6668  -  ResidentSetSize of job (KB)
...
006 (4761669.000.000) 08/23 17:05:27 Image size of job updated: 12432
	7  -  MemoryUsage of job (MB)
	6668  -  ResidentSetSize of job (KB)
...
006 (4761669.000.000) 08/23 17:45:31 Image size of job updated: 12444
	7  -  MemoryUsage of job (MB)
	6672  -  ResidentSetSize of job (KB)
...
006 (4761669.000.000) 08/23 18:05:33 Image size of job updated: 12448
	7  -  MemoryUsage of job (MB)
	6676  -  ResidentSetSize of job (KB)
...
006 (4761669.000.000) 08/23 18:20:34 Image size of job updated: 12452
	7  -  MemoryUsage of job (MB)
	6680  -  ResidentSetSize of job (KB)
...
006 (4761669.000.000) 08/23 21:15:53 Image size of job updated: 12464
	7  -  MemoryUsage of job (MB)
	6692  -  ResidentSetSize of job (KB)
...
006 (4761669.000.000) 08/23 21:55:57 Image size of job updated: 12468
	7  -  MemoryUsage of job (MB)
	6696  -  ResidentSetSize of job (KB)
...
006 (4761669.000.000) 08/24 01:06:18 Image size of job updated: 12484
	7  -  MemoryUsage of job (MB)
	6704  -  ResidentSetSize of job (KB)
...
005 (4761669.000.000) 08/24 01:33:03 Job terminated.
	(1) Normal termination (return value 0)
		Usr 0 09:56:14, Sys 0 00:00:18  -  Run Remote Usage
		Usr 0 00:00:00, Sys 0 00:00:00  -  Run Local Usage
		Usr 0 09:56:14, Sys 0 00:00:18  -  Total Remote Usage
		Usr 0 00:00:00, Sys 0 00:00:00  -  Total Local Usage
	0  -  Run Bytes Sent By Job
	0  -  Run Bytes Received By Job
	0  -  Total Bytes Sent By Job
	0  -  Total Bytes Received By Job
	Partitionable Resources :    Usage  Request Allocated
	   Cpus                 :                 1         1
	   Disk (KB)            :        5        5   1505838
	   Memory (MB)          :        7        1         1
...
000 (5497110.000.000) 03/11 17:18:16 Job submitted from host: <10.5.0.46:9618?addrs=10.5.0.46-9618&noUDP&sock=2742093_9cf0_3>
...
007 (5497110.000.000) 03/11 17:21:52 Shadow exception!
	Error from slot1_1@CRUSH-10-5-206-103: Failed to open '/home2/elawsonk/cellGPU-master/vor38.out' as standard output: No such file or directory (errno 2)
	0  -  Run Bytes Sent By Job
	0  -  Run Bytes Received By Job
...
012 (5497110.000.000) 03/11 17:21:52 Job was held.
	Error from slot1_1@CRUSH-10-5-206-103: Failed to open '/home2/elawsonk/cellGPU-master/vor38.out' as standard output: No such file or directory (errno 2)
	Code 7 Subcode 2
...
009 (5497110.000.000) 03/12 11:50:50 Job was aborted by the user.
	via condor_rm (by user elawsonk)
...
000 (5497118.000.000) 03/12 11:52:25 Job submitted from host: <10.5.0.46:9618?addrs=10.5.0.46-9618&noUDP&sock=2742093_9cf0_3>
...
001 (5497118.000.000) 03/12 11:52:26 Job executing on host: <10.5.215.125:9618?addrs=10.5.215.125-9618+[--1]-9618&noUDP&sock=2589_bb30_3>
...
006 (5497118.000.000) 03/12 11:52:35 Image size of job updated: 12076
	7  -  MemoryUsage of job (MB)
	6464  -  ResidentSetSize of job (KB)
...
006 (5497118.000.000) 03/12 11:57:36 Image size of job updated: 12224
	7  -  MemoryUsage of job (MB)
	6472  -  ResidentSetSize of job (KB)
...
005 (5497118.000.000) 03/12 18:43:18 Job terminated.
	(1) Normal termination (return value 0)
		Usr 0 06:46:56, Sys 0 00:00:20  -  Run Remote Usage
		Usr 0 00:00:00, Sys 0 00:00:00  -  Run Local Usage
		Usr 0 06:46:56, Sys 0 00:00:20  -  Total Remote Usage
		Usr 0 00:00:00, Sys 0 00:00:00  -  Total Local Usage
	0  -  Run Bytes Sent By Job
	0  -  Run Bytes Received By Job
	0  -  Total Bytes Sent By Job
	0  -  Total Bytes Received By Job
	Partitionable Resources :    Usage  Request Allocated
	   Cpus                 :                 1         1
	   Disk (KB)            :        5        5   1505874
	   Memory (MB)          :        7        1         1
...
000 (5576118.000.000) 04/01 12:02:02 Job submitted from host: <10.5.0.46:9618?addrs=10.5.0.46-9618&noUDP&sock=2742093_9cf0_3>
...
001 (5576118.000.000) 04/01 12:02:04 Job executing on host: <10.5.225.181:9618?addrs=10.5.225.181-9618+[--1]-9618&noUDP&sock=2567_53b3_3>
...
006 (5576118.000.000) 04/01 12:02:12 Image size of job updated: 13712
	8  -  MemoryUsage of job (MB)
	8104  -  ResidentSetSize of job (KB)
...
006 (5576118.000.000) 04/01 12:07:12 Image size of job updated: 13720
	8  -  MemoryUsage of job (MB)
	8104  -  ResidentSetSize of job (KB)
...
006 (5576118.000.000) 04/01 12:42:15 Image size of job updated: 13744
	8  -  MemoryUsage of job (MB)
	8104  -  ResidentSetSize of job (KB)
...
006 (5576118.000.000) 04/01 13:52:22 Image size of job updated: 13876
	8  -  MemoryUsage of job (MB)
	8112  -  ResidentSetSize of job (KB)
...
006 (5576118.000.000) 04/01 13:57:22 Image size of job updated: 13880
	8  -  MemoryUsage of job (MB)
	8112  -  ResidentSetSize of job (KB)
...
022 (5576118.000.000) 04/02 06:05:25 Job disconnected, attempting to reconnect
    Socket between submit and execute hosts closed unexpectedly
    Trying to reconnect to slot1_17@CRUSH-10-5-225-181 <10.5.225.181:9618?addrs=10.5.225.181-9618+[--1]-9618&noUDP&sock=2567_53b3_3>
...
024 (5576118.000.000) 04/02 06:45:26 Job reconnection failed
    Job disconnected too long: JobLeaseDuration (2400 seconds) expired
    Can not reconnect to slot1_17@CRUSH-10-5-225-181, rescheduling job
...
001 (5576118.000.000) 04/02 06:47:45 Job executing on host: <10.5.216.73:9618?addrs=10.5.216.73-9618+[--1]-9618&noUDP&sock=2171_049a_3>
...
005 (5576118.000.000) 04/11 21:00:26 Job terminated.
	(1) Normal termination (return value 0)
		Usr 9 14:01:41, Sys 0 00:00:28  -  Run Remote Usage
		Usr 0 00:00:00, Sys 0 00:00:00  -  Run Local Usage
		Usr 9 14:01:41, Sys 0 00:00:28  -  Total Remote Usage
		Usr 0 00:00:00, Sys 0 00:00:00  -  Total Local Usage
	0  -  Run Bytes Sent By Job
	0  -  Run Bytes Received By Job
	0  -  Total Bytes Sent By Job
	0  -  Total Bytes Received By Job
	Partitionable Resources :    Usage  Request Allocated
	   Cpus                 :                 1         1
	   Disk (KB)            :        5        5   1506045
	   Memory (MB)          :       10       10        10
...
000 (5608912.000.000) 04/12 19:47:40 Job submitted from host: <10.5.0.46:9618?addrs=10.5.0.46-9618&noUDP&sock=2742093_9cf0_3>
...
001 (5608912.000.000) 04/12 19:47:47 Job executing on host: <10.5.195.126:9618?addrs=10.5.195.126-9618+[--1]-9618&noUDP&sock=1875_ac2a_3>
...
006 (5608912.000.000) 04/12 19:47:56 Image size of job updated: 11856
	7  -  MemoryUsage of job (MB)
	6272  -  ResidentSetSize of job (KB)
...
006 (5608912.000.000) 04/12 19:52:57 Image size of job updated: 11888
	7  -  MemoryUsage of job (MB)
	6272  -  ResidentSetSize of job (KB)
...
006 (5608912.000.000) 04/12 20:07:58 Image size of job updated: 11940
	7  -  MemoryUsage of job (MB)
	6272  -  ResidentSetSize of job (KB)
...
006 (5608912.000.000) 04/12 20:12:59 Image size of job updated: 11960
	7  -  MemoryUsage of job (MB)
	6272  -  ResidentSetSize of job (KB)
...
006 (5608912.000.000) 04/12 20:43:02 Image size of job updated: 11964
	7  -  MemoryUsage of job (MB)
	6272  -  ResidentSetSize of job (KB)
...
006 (5608912.000.000) 04/13 01:43:31 Image size of job updated: 11976
	7  -  MemoryUsage of job (MB)
	6272  -  ResidentSetSize of job (KB)
...
006 (5608912.000.000) 04/14 04:41:32 Image size of job updated: 142272
	7  -  MemoryUsage of job (MB)
	6272  -  ResidentSetSize of job (KB)
...
005 (5608912.000.000) 04/14 04:41:32 Job terminated.
	(1) Normal termination (return value 0)
		Usr 1 08:51:05, Sys 0 00:01:35  -  Run Remote Usage
		Usr 0 00:00:00, Sys 0 00:00:00  -  Run Local Usage
		Usr 1 08:51:05, Sys 0 00:01:35  -  Total Remote Usage
		Usr 0 00:00:00, Sys 0 00:00:00  -  Total Local Usage
	0  -  Run Bytes Sent By Job
	0  -  Run Bytes Received By Job
	0  -  Total Bytes Sent By Job
	0  -  Total Bytes Received By Job
	Partitionable Resources :    Usage  Request Allocated
	   Cpus                 :                 1         1
	   Disk (KB)            :        5        5   1506722
	   Memory (MB)          :        7        1         1
...
