000 (4050621.000.000) 06/26 13:41:49 Job submitted from host: <10.5.0.46:9618?addrs=10.5.0.46-9618&noUDP&sock=2468_6bd3_242>
...
001 (4050621.000.000) 06/26 13:43:24 Job executing on host: <10.5.139.85:9618?addrs=10.5.139.85-9618+[--1]-9618&noUDP&sock=2173_1363_3>
...
006 (4050621.000.000) 06/26 13:43:33 Image size of job updated: 11776
	7  -  MemoryUsage of job (MB)
	6156  -  ResidentSetSize of job (KB)
...
006 (4050621.000.000) 06/26 13:48:34 Image size of job updated: 11920
	7  -  MemoryUsage of job (MB)
	6164  -  ResidentSetSize of job (KB)
...
005 (4050621.000.000) 06/27 11:40:46 Job terminated.
	(1) Normal termination (return value 0)
		Usr 0 21:45:51, Sys 0 00:00:20  -  Run Remote Usage
		Usr 0 00:00:00, Sys 0 00:00:00  -  Run Local Usage
		Usr 0 21:45:51, Sys 0 00:00:20  -  Total Remote Usage
		Usr 0 00:00:00, Sys 0 00:00:00  -  Total Local Usage
	0  -  Run Bytes Sent By Job
	0  -  Run Bytes Received By Job
	0  -  Total Bytes Sent By Job
	0  -  Total Bytes Received By Job
	Partitionable Resources :    Usage  Request Allocated
	   Cpus                 :                 1         1
	   Disk (KB)            :        5        5   1506233
	   Memory (MB)          :        7        1         1
...
000 (4050742.000.000) 06/27 11:45:03 Job submitted from host: <10.5.0.46:9618?addrs=10.5.0.46-9618&noUDP&sock=2468_6bd3_242>
...
001 (4050742.000.000) 06/27 11:45:24 Job executing on host: <10.5.138.198:9618?addrs=10.5.138.198-9618+[--1]-9618&noUDP&sock=2174_c2fb_3>
...
006 (4050742.000.000) 06/27 11:45:33 Image size of job updated: 11772
	7  -  MemoryUsage of job (MB)
	6152  -  ResidentSetSize of job (KB)
...
006 (4050742.000.000) 06/27 11:50:34 Image size of job updated: 11904
	7  -  MemoryUsage of job (MB)
	6160  -  ResidentSetSize of job (KB)
...
006 (4050742.000.000) 06/27 12:55:40 Image size of job updated: 11916
	7  -  MemoryUsage of job (MB)
	6160  -  ResidentSetSize of job (KB)
...
006 (4050742.000.000) 06/27 14:10:47 Image size of job updated: 11932
	7  -  MemoryUsage of job (MB)
	6160  -  ResidentSetSize of job (KB)
...
006 (4050742.000.000) 06/27 17:51:09 Image size of job updated: 11940
	7  -  MemoryUsage of job (MB)
	6160  -  ResidentSetSize of job (KB)
...
006 (4050742.000.000) 06/27 19:06:17 Image size of job updated: 11948
	7  -  MemoryUsage of job (MB)
	6160  -  ResidentSetSize of job (KB)
...
005 (4050742.000.000) 06/27 19:36:00 Job terminated.
	(1) Normal termination (return value 0)
		Usr 0 07:47:34, Sys 0 00:00:02  -  Run Remote Usage
		Usr 0 00:00:00, Sys 0 00:00:00  -  Run Local Usage
		Usr 0 07:47:34, Sys 0 00:00:02  -  Total Remote Usage
		Usr 0 00:00:00, Sys 0 00:00:00  -  Total Local Usage
	0  -  Run Bytes Sent By Job
	0  -  Run Bytes Received By Job
	0  -  Total Bytes Sent By Job
	0  -  Total Bytes Received By Job
	Partitionable Resources :    Usage  Request Allocated
	   Cpus                 :                 1         1
	   Disk (KB)            :        5        5   1506222
	   Memory (MB)          :        7        1         1
...
000 (4566390.000.000) 08/06 16:31:58 Job submitted from host: <10.5.0.46:9618?addrs=10.5.0.46-9618&noUDP&sock=2468_6bd3_242>
...
022 (4566390.000.000) 08/06 16:32:19 Job disconnected, attempting to reconnect
    Socket between submit and execute hosts closed unexpectedly
    Trying to reconnect to slot1_3@CRUSH-10-5-134-35 <10.5.134.35:9618?addrs=10.5.134.35-9618+[--1]-9618&noUDP&sock=3188_4803_3>
...
024 (4566390.000.000) 08/06 16:32:19 Job reconnection failed
    Job not found at execution machine
    Can not reconnect to slot1_3@CRUSH-10-5-134-35, rescheduling job
...
022 (4566390.000.000) 08/06 16:33:19 Job disconnected, attempting to reconnect
    Socket between submit and execute hosts closed unexpectedly
    Trying to reconnect to slot1_3@CRUSH-10-5-134-35 <10.5.134.35:9618?addrs=10.5.134.35-9618+[--1]-9618&noUDP&sock=3188_4803_3>
...
024 (4566390.000.000) 08/06 16:33:19 Job reconnection failed
    Job not found at execution machine
    Can not reconnect to slot1_3@CRUSH-10-5-134-35, rescheduling job
...
022 (4566390.000.000) 08/06 16:34:19 Job disconnected, attempting to reconnect
    Socket between submit and execute hosts closed unexpectedly
    Trying to reconnect to slot1_3@CRUSH-10-5-134-35 <10.5.134.35:9618?addrs=10.5.134.35-9618+[--1]-9618&noUDP&sock=3188_4803_3>
...
024 (4566390.000.000) 08/06 16:34:19 Job reconnection failed
    Job not found at execution machine
    Can not reconnect to slot1_3@CRUSH-10-5-134-35, rescheduling job
...
022 (4566390.000.000) 08/06 16:35:19 Job disconnected, attempting to reconnect
    Socket between submit and execute hosts closed unexpectedly
    Trying to reconnect to slot1_3@CRUSH-10-5-137-138 <10.5.137.138:9618?addrs=10.5.137.138-9618+[--1]-9618&noUDP&sock=3169_3fb7_3>
...
024 (4566390.000.000) 08/06 16:35:19 Job reconnection failed
    Job not found at execution machine
    Can not reconnect to slot1_3@CRUSH-10-5-137-138, rescheduling job
...
022 (4566390.000.000) 08/06 16:36:19 Job disconnected, attempting to reconnect
    Socket between submit and execute hosts closed unexpectedly
    Trying to reconnect to slot1_3@CRUSH-10-5-137-138 <10.5.137.138:9618?addrs=10.5.137.138-9618+[--1]-9618&noUDP&sock=3169_3fb7_3>
...
024 (4566390.000.000) 08/06 16:36:19 Job reconnection failed
    Job not found at execution machine
    Can not reconnect to slot1_3@CRUSH-10-5-137-138, rescheduling job
...
022 (4566390.000.000) 08/06 16:37:19 Job disconnected, attempting to reconnect
    Socket between submit and execute hosts closed unexpectedly
    Trying to reconnect to slot1_3@CRUSH-10-5-137-138 <10.5.137.138:9618?addrs=10.5.137.138-9618+[--1]-9618&noUDP&sock=3169_3fb7_3>
...
024 (4566390.000.000) 08/06 16:37:20 Job reconnection failed
    Job not found at execution machine
    Can not reconnect to slot1_3@CRUSH-10-5-137-138, rescheduling job
...
001 (4566390.000.000) 08/06 16:38:20 Job executing on host: <10.5.155.6:9618?addrs=10.5.155.6-9618+[--1]-9618&noUDP&sock=2558_2759_3>
...
006 (4566390.000.000) 08/06 16:38:29 Image size of job updated: 11836
	7  -  MemoryUsage of job (MB)
	6204  -  ResidentSetSize of job (KB)
...
006 (4566390.000.000) 08/06 16:43:30 Image size of job updated: 12232
	7  -  MemoryUsage of job (MB)
	6480  -  ResidentSetSize of job (KB)
...
006 (4566390.000.000) 08/06 16:58:31 Image size of job updated: 12252
	7  -  MemoryUsage of job (MB)
	6500  -  ResidentSetSize of job (KB)
...
006 (4566390.000.000) 08/06 17:03:32 Image size of job updated: 12276
	7  -  MemoryUsage of job (MB)
	6500  -  ResidentSetSize of job (KB)
...
006 (4566390.000.000) 08/06 17:08:32 Image size of job updated: 12340
	7  -  MemoryUsage of job (MB)
	6564  -  ResidentSetSize of job (KB)
...
006 (4566390.000.000) 08/06 17:13:33 Image size of job updated: 12344
	7  -  MemoryUsage of job (MB)
	6564  -  ResidentSetSize of job (KB)
...
005 (4566390.000.000) 08/06 20:02:45 Job terminated.
	(1) Normal termination (return value 0)
		Usr 0 03:22:58, Sys 0 00:00:01  -  Run Remote Usage
		Usr 0 00:00:00, Sys 0 00:00:00  -  Run Local Usage
		Usr 0 03:22:58, Sys 0 00:00:01  -  Total Remote Usage
		Usr 0 00:00:00, Sys 0 00:00:00  -  Total Local Usage
	0  -  Run Bytes Sent By Job
	0  -  Run Bytes Received By Job
	0  -  Total Bytes Sent By Job
	0  -  Total Bytes Received By Job
	Partitionable Resources :    Usage  Request Allocated
	   Cpus                 :                 1         1
	   Disk (KB)            :        5        5   1505849
	   Memory (MB)          :        7        1         1
...
000 (4569502.000.000) 08/09 12:01:35 Job submitted from host: <10.5.0.46:9618?addrs=10.5.0.46-9618&noUDP&sock=2468_6bd3_242>
...
001 (4569502.000.000) 08/09 12:01:51 Job executing on host: <10.5.153.202:9618?addrs=10.5.153.202-9618+[--1]-9618&noUDP&sock=2566_a41b_3>
...
006 (4569502.000.000) 08/09 12:01:59 Image size of job updated: 12012
	7  -  MemoryUsage of job (MB)
	6380  -  ResidentSetSize of job (KB)
...
006 (4569502.000.000) 08/09 12:06:59 Image size of job updated: 12148
	7  -  MemoryUsage of job (MB)
	6384  -  ResidentSetSize of job (KB)
...
004 (4569502.000.000) 08/09 12:50:11 Job was evicted.
	(0) Job was not checkpointed.
		Usr 0 00:47:46, Sys 0 00:00:01  -  Run Remote Usage
		Usr 0 00:00:00, Sys 0 00:00:00  -  Run Local Usage
	0  -  Run Bytes Sent By Job
	0  -  Run Bytes Received By Job
	Partitionable Resources :    Usage  Request Allocated
	   Cpus                 :                 1         1
	   Disk (KB)            :        5        5   1505842
	   Memory (MB)          :        7        1         1
...
009 (4569502.000.000) 08/09 12:50:11 Job was aborted by the user.
	via condor_rm (by user elawsonk)
...
000 (4569548.000.000) 08/09 12:50:48 Job submitted from host: <10.5.0.46:9618?addrs=10.5.0.46-9618&noUDP&sock=2468_6bd3_242>
...
022 (4569548.000.000) 08/09 12:50:54 Job disconnected, attempting to reconnect
    Socket between submit and execute hosts closed unexpectedly
    Trying to reconnect to slot1_12@CRUSH-10-5-137-138 <10.5.137.138:9618?addrs=10.5.137.138-9618+[--1]-9618&noUDP&sock=3169_3fb7_3>
...
024 (4569548.000.000) 08/09 12:50:54 Job reconnection failed
    Job not found at execution machine
    Can not reconnect to slot1_12@CRUSH-10-5-137-138, rescheduling job
...
022 (4569548.000.000) 08/09 12:51:19 Job disconnected, attempting to reconnect
    Socket between submit and execute hosts closed unexpectedly
    Trying to reconnect to slot1_12@CRUSH-10-5-137-138 <10.5.137.138:9618?addrs=10.5.137.138-9618+[--1]-9618&noUDP&sock=3169_3fb7_3>
...
024 (4569548.000.000) 08/09 12:51:19 Job reconnection failed
    Job not found at execution machine
    Can not reconnect to slot1_12@CRUSH-10-5-137-138, rescheduling job
...
022 (4569548.000.000) 08/09 12:52:20 Job disconnected, attempting to reconnect
    Socket between submit and execute hosts closed unexpectedly
    Trying to reconnect to slot1_12@CRUSH-10-5-137-138 <10.5.137.138:9618?addrs=10.5.137.138-9618+[--1]-9618&noUDP&sock=3169_3fb7_3>
...
024 (4569548.000.000) 08/09 12:52:20 Job reconnection failed
    Job not found at execution machine
    Can not reconnect to slot1_12@CRUSH-10-5-137-138, rescheduling job
...
022 (4569548.000.000) 08/09 12:53:19 Job disconnected, attempting to reconnect
    Socket between submit and execute hosts closed unexpectedly
    Trying to reconnect to slot1_12@CRUSH-10-5-137-138 <10.5.137.138:9618?addrs=10.5.137.138-9618+[--1]-9618&noUDP&sock=3169_3fb7_3>
...
024 (4569548.000.000) 08/09 12:53:19 Job reconnection failed
    Job not found at execution machine
    Can not reconnect to slot1_12@CRUSH-10-5-137-138, rescheduling job
...
022 (4569548.000.000) 08/09 12:54:19 Job disconnected, attempting to reconnect
    Socket between submit and execute hosts closed unexpectedly
    Trying to reconnect to slot1_12@CRUSH-10-5-137-138 <10.5.137.138:9618?addrs=10.5.137.138-9618+[--1]-9618&noUDP&sock=3169_3fb7_3>
...
024 (4569548.000.000) 08/09 12:54:20 Job reconnection failed
    Job not found at execution machine
    Can not reconnect to slot1_12@CRUSH-10-5-137-138, rescheduling job
...
022 (4569548.000.000) 08/09 12:55:19 Job disconnected, attempting to reconnect
    Socket between submit and execute hosts closed unexpectedly
    Trying to reconnect to slot1_12@CRUSH-10-5-137-138 <10.5.137.138:9618?addrs=10.5.137.138-9618+[--1]-9618&noUDP&sock=3169_3fb7_3>
...
024 (4569548.000.000) 08/09 12:55:20 Job reconnection failed
    Job not found at execution machine
    Can not reconnect to slot1_12@CRUSH-10-5-137-138, rescheduling job
...
022 (4569548.000.000) 08/09 12:56:19 Job disconnected, attempting to reconnect
    Socket between submit and execute hosts closed unexpectedly
    Trying to reconnect to slot1_12@CRUSH-10-5-137-138 <10.5.137.138:9618?addrs=10.5.137.138-9618+[--1]-9618&noUDP&sock=3169_3fb7_3>
...
024 (4569548.000.000) 08/09 12:56:20 Job reconnection failed
    Job not found at execution machine
    Can not reconnect to slot1_12@CRUSH-10-5-137-138, rescheduling job
...
022 (4569548.000.000) 08/09 12:56:55 Job disconnected, attempting to reconnect
    Socket between submit and execute hosts closed unexpectedly
    Trying to reconnect to slot1_4@CRUSH-10-5-137-138 <10.5.137.138:9618?addrs=10.5.137.138-9618+[--1]-9618&noUDP&sock=3169_3fb7_3>
...
024 (4569548.000.000) 08/09 12:56:56 Job reconnection failed
    Job not found at execution machine
    Can not reconnect to slot1_4@CRUSH-10-5-137-138, rescheduling job
...
001 (4569548.000.000) 08/09 12:57:56 Job executing on host: <10.5.135.176:9618?addrs=10.5.135.176-9618+[--1]-9618&noUDP&sock=2557_77c1_3>
...
006 (4569548.000.000) 08/09 12:58:05 Image size of job updated: 11812
	7  -  MemoryUsage of job (MB)
	6180  -  ResidentSetSize of job (KB)
...
004 (4569548.000.000) 08/09 12:59:13 Job was evicted.
	(0) Job was not checkpointed.
		Usr 0 00:01:14, Sys 0 00:00:00  -  Run Remote Usage
		Usr 0 00:00:00, Sys 0 00:00:00  -  Run Local Usage
	0  -  Run Bytes Sent By Job
	0  -  Run Bytes Received By Job
	Partitionable Resources :    Usage  Request Allocated
	   Cpus                 :                 1         1
	   Disk (KB)            :        5        5   1505833
	   Memory (MB)          :        7        1         1
...
009 (4569548.000.000) 08/09 12:59:13 Job was aborted by the user.
	via condor_rm (by user elawsonk)
...
000 (4569554.000.000) 08/09 13:00:12 Job submitted from host: <10.5.0.46:9618?addrs=10.5.0.46-9618&noUDP&sock=2468_6bd3_242>
...
022 (4569554.000.000) 08/09 13:05:48 Job disconnected, attempting to reconnect
    Socket between submit and execute hosts closed unexpectedly
    Trying to reconnect to slot1_4@CRUSH-10-5-137-138 <10.5.137.138:9618?addrs=10.5.137.138-9618+[--1]-9618&noUDP&sock=3169_3fb7_3>
...
024 (4569554.000.000) 08/09 13:05:49 Job reconnection failed
    Job not found at execution machine
    Can not reconnect to slot1_4@CRUSH-10-5-137-138, rescheduling job
...
022 (4569554.000.000) 08/09 13:06:49 Job disconnected, attempting to reconnect
    Socket between submit and execute hosts closed unexpectedly
    Trying to reconnect to slot1_4@CRUSH-10-5-137-138 <10.5.137.138:9618?addrs=10.5.137.138-9618+[--1]-9618&noUDP&sock=3169_3fb7_3>
...
024 (4569554.000.000) 08/09 13:06:49 Job reconnection failed
    Job not found at execution machine
    Can not reconnect to slot1_4@CRUSH-10-5-137-138, rescheduling job
...
022 (4569554.000.000) 08/09 13:07:59 Job disconnected, attempting to reconnect
    Socket between submit and execute hosts closed unexpectedly
    Trying to reconnect to slot1_4@CRUSH-10-5-137-138 <10.5.137.138:9618?addrs=10.5.137.138-9618+[--1]-9618&noUDP&sock=3169_3fb7_3>
...
024 (4569554.000.000) 08/09 13:07:59 Job reconnection failed
    Job not found at execution machine
    Can not reconnect to slot1_4@CRUSH-10-5-137-138, rescheduling job
...
001 (4569554.000.000) 08/09 13:08:49 Job executing on host: <10.5.141.167:9618?addrs=10.5.141.167-9618+[--1]-9618&noUDP&sock=2149_9d1d_3>
...
006 (4569554.000.000) 08/09 13:08:57 Image size of job updated: 12672
	7  -  MemoryUsage of job (MB)
	7064  -  ResidentSetSize of job (KB)
...
006 (4569554.000.000) 08/09 13:13:57 Image size of job updated: 12800
	7  -  MemoryUsage of job (MB)
	7072  -  ResidentSetSize of job (KB)
...
006 (4569554.000.000) 08/09 13:18:58 Image size of job updated: 12812
	7  -  MemoryUsage of job (MB)
	7072  -  ResidentSetSize of job (KB)
...
006 (4569554.000.000) 08/09 18:04:28 Image size of job updated: 12828
	7  -  MemoryUsage of job (MB)
	7072  -  ResidentSetSize of job (KB)
...
006 (4569554.000.000) 08/10 00:35:10 Image size of job updated: 12836
	7  -  MemoryUsage of job (MB)
	7072  -  ResidentSetSize of job (KB)
...
005 (4569554.000.000) 08/10 04:16:09 Job terminated.
	(1) Normal termination (return value 0)
		Usr 0 14:59:51, Sys 0 00:00:28  -  Run Remote Usage
		Usr 0 00:00:00, Sys 0 00:00:00  -  Run Local Usage
		Usr 0 14:59:51, Sys 0 00:00:28  -  Total Remote Usage
		Usr 0 00:00:00, Sys 0 00:00:00  -  Total Local Usage
	0  -  Run Bytes Sent By Job
	0  -  Run Bytes Received By Job
	0  -  Total Bytes Sent By Job
	0  -  Total Bytes Received By Job
	Partitionable Resources :    Usage  Request Allocated
	   Cpus                 :                 1         1
	   Disk (KB)            :        5        5   1506001
	   Memory (MB)          :        7        1         1
...
000 (4572827.000.000) 08/12 14:34:38 Job submitted from host: <10.5.0.46:9618?addrs=10.5.0.46-9618&noUDP&sock=2468_6bd3_242>
...
001 (4572827.000.000) 08/12 14:43:15 Job executing on host: <10.5.176.168:9618?addrs=10.5.176.168-9618+[--1]-9618&noUDP&sock=2563_9552_3>
...
006 (4572827.000.000) 08/12 14:43:23 Image size of job updated: 11816
	7  -  MemoryUsage of job (MB)
	6184  -  ResidentSetSize of job (KB)
...
006 (4572827.000.000) 08/12 14:48:23 Image size of job updated: 12972
	8  -  MemoryUsage of job (MB)
	7208  -  ResidentSetSize of job (KB)
...
005 (4572827.000.000) 08/12 21:27:22 Job terminated.
	(1) Normal termination (return value 0)
		Usr 0 06:30:48, Sys 0 00:00:15  -  Run Remote Usage
		Usr 0 00:00:00, Sys 0 00:00:00  -  Run Local Usage
		Usr 0 06:30:48, Sys 0 00:00:15  -  Total Remote Usage
		Usr 0 00:00:00, Sys 0 00:00:00  -  Total Local Usage
	0  -  Run Bytes Sent By Job
	0  -  Run Bytes Received By Job
	0  -  Total Bytes Sent By Job
	0  -  Total Bytes Received By Job
	Partitionable Resources :    Usage  Request Allocated
	   Cpus                 :                 1         1
	   Disk (KB)            :        5        5   1505831
	   Memory (MB)          :        8        1         1
...
000 (4574864.000.000) 08/13 13:09:43 Job submitted from host: <10.5.0.46:9618?addrs=10.5.0.46-9618&noUDP&sock=2468_6bd3_242>
...
001 (4574864.000.000) 08/13 13:10:06 Job executing on host: <10.5.222.22:9618?addrs=10.5.222.22-9618+[--1]-9618&noUDP&sock=1874_fc92_3>
...
006 (4574864.000.000) 08/13 13:10:15 Image size of job updated: 11804
	7  -  MemoryUsage of job (MB)
	6212  -  ResidentSetSize of job (KB)
...
006 (4574864.000.000) 08/13 13:15:16 Image size of job updated: 11940
	7  -  MemoryUsage of job (MB)
	6212  -  ResidentSetSize of job (KB)
...
006 (4574864.000.000) 08/13 13:25:16 Image size of job updated: 11960
	7  -  MemoryUsage of job (MB)
	6232  -  ResidentSetSize of job (KB)
...
006 (4574864.000.000) 08/13 18:20:48 Image size of job updated: 11976
	7  -  MemoryUsage of job (MB)
	6248  -  ResidentSetSize of job (KB)
...
005 (4574864.000.000) 08/14 01:07:12 Job terminated.
	(1) Normal termination (return value 0)
		Usr 0 11:52:25, Sys 0 00:00:11  -  Run Remote Usage
		Usr 0 00:00:00, Sys 0 00:00:00  -  Run Local Usage
		Usr 0 11:52:25, Sys 0 00:00:11  -  Total Remote Usage
		Usr 0 00:00:00, Sys 0 00:00:00  -  Total Local Usage
	0  -  Run Bytes Sent By Job
	0  -  Run Bytes Received By Job
	0  -  Total Bytes Sent By Job
	0  -  Total Bytes Received By Job
	Partitionable Resources :    Usage  Request Allocated
	   Cpus                 :                 1         1
	   Disk (KB)            :        5        5   1507284
	   Memory (MB)          :        7        1         1
...
000 (4580516.000.000) 08/14 16:56:47 Job submitted from host: <10.5.0.46:9618?addrs=10.5.0.46-9618&noUDP&sock=2468_6bd3_242>
...
001 (4580516.000.000) 08/14 16:57:01 Job executing on host: <10.5.222.22:9618?addrs=10.5.222.22-9618+[--1]-9618&noUDP&sock=1874_fc92_3>
...
006 (4580516.000.000) 08/14 16:57:09 Image size of job updated: 11908
	7  -  MemoryUsage of job (MB)
	7164  -  ResidentSetSize of job (KB)
...
006 (4580516.000.000) 08/14 17:02:09 Image size of job updated: 12040
	7  -  MemoryUsage of job (MB)
	7164  -  ResidentSetSize of job (KB)
...
006 (4580516.000.000) 08/14 17:12:11 Image size of job updated: 12060
	8  -  MemoryUsage of job (MB)
	7180  -  ResidentSetSize of job (KB)
...
006 (4580516.000.000) 08/14 22:07:40 Image size of job updated: 12076
	8  -  MemoryUsage of job (MB)
	7196  -  ResidentSetSize of job (KB)
...
006 (4580516.000.000) 08/15 14:54:26 Image size of job updated: 12092
	8  -  MemoryUsage of job (MB)
	7196  -  ResidentSetSize of job (KB)
...
006 (4580516.000.000) 08/16 21:42:36 Image size of job updated: 12100
	8  -  MemoryUsage of job (MB)
	7204  -  ResidentSetSize of job (KB)
...
006 (4580516.000.000) 08/19 15:50:46 Image size of job updated: 142252
	8  -  MemoryUsage of job (MB)
	7204  -  ResidentSetSize of job (KB)
...
005 (4580516.000.000) 08/19 15:50:46 Job terminated.
	(1) Normal termination (return value 0)
		Usr 4 22:22:30, Sys 0 00:02:45  -  Run Remote Usage
		Usr 0 00:00:00, Sys 0 00:00:00  -  Run Local Usage
		Usr 4 22:22:30, Sys 0 00:02:45  -  Total Remote Usage
		Usr 0 00:00:00, Sys 0 00:00:00  -  Total Local Usage
	0  -  Run Bytes Sent By Job
	0  -  Run Bytes Received By Job
	0  -  Total Bytes Sent By Job
	0  -  Total Bytes Received By Job
	Partitionable Resources :    Usage  Request Allocated
	   Cpus                 :                 1         1
	   Disk (KB)            :        5        5   1507284
	   Memory (MB)          :        8        1         1
...
000 (4730337.000.000) 08/21 10:39:12 Job submitted from host: <10.5.0.46:9618?addrs=10.5.0.46-9618&noUDP&sock=2468_6bd3_242>
...
001 (4730337.000.000) 08/21 10:39:24 Job executing on host: <10.5.141.76:9618?addrs=10.5.141.76-9618+[--1]-9618&noUDP&sock=2151_fc4d_3>
...
006 (4730337.000.000) 08/21 10:39:33 Image size of job updated: 11940
	7  -  MemoryUsage of job (MB)
	6348  -  ResidentSetSize of job (KB)
...
006 (4730337.000.000) 08/21 10:44:34 Image size of job updated: 12008
	7  -  MemoryUsage of job (MB)
	6348  -  ResidentSetSize of job (KB)
...
006 (4730337.000.000) 08/21 10:49:35 Image size of job updated: 12052
	7  -  MemoryUsage of job (MB)
	6348  -  ResidentSetSize of job (KB)
...
006 (4730337.000.000) 08/21 11:04:37 Image size of job updated: 12072
	7  -  MemoryUsage of job (MB)
	6348  -  ResidentSetSize of job (KB)
...
006 (4730337.000.000) 08/21 11:59:42 Image size of job updated: 12104
	7  -  MemoryUsage of job (MB)
	6376  -  ResidentSetSize of job (KB)
...
006 (4730337.000.000) 08/21 14:09:57 Image size of job updated: 12136
	7  -  MemoryUsage of job (MB)
	6392  -  ResidentSetSize of job (KB)
...
005 (4730337.000.000) 08/22 03:28:22 Job terminated.
	(1) Normal termination (return value 0)
		Usr 0 16:44:50, Sys 0 00:00:20  -  Run Remote Usage
		Usr 0 00:00:00, Sys 0 00:00:00  -  Run Local Usage
		Usr 0 16:44:50, Sys 0 00:00:20  -  Total Remote Usage
		Usr 0 00:00:00, Sys 0 00:00:00  -  Total Local Usage
	0  -  Run Bytes Sent By Job
	0  -  Run Bytes Received By Job
	0  -  Total Bytes Sent By Job
	0  -  Total Bytes Received By Job
	Partitionable Resources :    Usage  Request Allocated
	   Cpus                 :                 1         1
	   Disk (KB)            :        5        5   1506120
	   Memory (MB)          :        7        1         1
...
000 (4761666.000.000) 08/23 15:29:35 Job submitted from host: <10.5.0.46:9618?addrs=10.5.0.46-9618&noUDP&sock=2468_6bd3_242>
...
001 (4761666.000.000) 08/23 15:29:44 Job executing on host: <10.5.142.30:9618?addrs=10.5.142.30-9618+[--1]-9618&noUDP&sock=2549_faff_3>
...
006 (4761666.000.000) 08/23 15:29:53 Image size of job updated: 11808
	7  -  MemoryUsage of job (MB)
	6196  -  ResidentSetSize of job (KB)
...
006 (4761666.000.000) 08/23 15:34:54 Image size of job updated: 11852
	7  -  MemoryUsage of job (MB)
	6240  -  ResidentSetSize of job (KB)
...
006 (4761666.000.000) 08/23 15:49:56 Image size of job updated: 11964
	7  -  MemoryUsage of job (MB)
	6240  -  ResidentSetSize of job (KB)
...
006 (4761666.000.000) 08/23 16:24:59 Image size of job updated: 11984
	7  -  MemoryUsage of job (MB)
	6240  -  ResidentSetSize of job (KB)
...
006 (4761666.000.000) 08/23 16:40:01 Image size of job updated: 11992
	7  -  MemoryUsage of job (MB)
	6240  -  ResidentSetSize of job (KB)
...
006 (4761666.000.000) 08/23 16:55:02 Image size of job updated: 12028
	7  -  MemoryUsage of job (MB)
	6276  -  ResidentSetSize of job (KB)
...
006 (4761666.000.000) 08/23 18:50:14 Image size of job updated: 12052
	7  -  MemoryUsage of job (MB)
	6276  -  ResidentSetSize of job (KB)
...
006 (4761666.000.000) 08/23 20:50:27 Image size of job updated: 12064
	7  -  MemoryUsage of job (MB)
	6288  -  ResidentSetSize of job (KB)
...
005 (4761666.000.000) 08/23 22:28:47 Job terminated.
	(1) Normal termination (return value 0)
		Usr 0 06:53:10, Sys 0 00:00:24  -  Run Remote Usage
		Usr 0 00:00:00, Sys 0 00:00:00  -  Run Local Usage
		Usr 0 06:53:10, Sys 0 00:00:24  -  Total Remote Usage
		Usr 0 00:00:00, Sys 0 00:00:00  -  Total Local Usage
	0  -  Run Bytes Sent By Job
	0  -  Run Bytes Received By Job
	0  -  Total Bytes Sent By Job
	0  -  Total Bytes Received By Job
	Partitionable Resources :    Usage  Request Allocated
	   Cpus                 :                 1         1
	   Disk (KB)            :        5        5   1506119
	   Memory (MB)          :        7        1         1
...
000 (5497109.000.000) 03/11 17:18:07 Job submitted from host: <10.5.0.46:9618?addrs=10.5.0.46-9618&noUDP&sock=2742093_9cf0_3>
...
007 (5497109.000.000) 03/11 17:21:52 Shadow exception!
	Error from slot1_1@CRUSH-10-5-206-103: Failed to open '/home2/elawsonk/cellGPU-master/vor37.out' as standard output: No such file or directory (errno 2)
	0  -  Run Bytes Sent By Job
	0  -  Run Bytes Received By Job
...
012 (5497109.000.000) 03/11 17:21:52 Job was held.
	Error from slot1_1@CRUSH-10-5-206-103: Failed to open '/home2/elawsonk/cellGPU-master/vor37.out' as standard output: No such file or directory (errno 2)
	Code 7 Subcode 2
...
009 (5497109.000.000) 03/12 11:50:50 Job was aborted by the user.
	via condor_rm (by user elawsonk)
...
000 (5497117.000.000) 03/12 11:52:03 Job submitted from host: <10.5.0.46:9618?addrs=10.5.0.46-9618&noUDP&sock=2742093_9cf0_3>
...
001 (5497117.000.000) 03/12 11:52:04 Job executing on host: <10.5.216.73:9618?addrs=10.5.216.73-9618+[--1]-9618&noUDP&sock=2171_049a_3>
...
006 (5497117.000.000) 03/12 11:52:12 Image size of job updated: 12464
	7  -  MemoryUsage of job (MB)
	6872  -  ResidentSetSize of job (KB)
...
006 (5497117.000.000) 03/12 11:57:13 Image size of job updated: 12608
	7  -  MemoryUsage of job (MB)
	6876  -  ResidentSetSize of job (KB)
...
006 (5497117.000.000) 03/12 23:33:21 Image size of job updated: 12624
	7  -  MemoryUsage of job (MB)
	6876  -  ResidentSetSize of job (KB)
...
005 (5497117.000.000) 03/12 23:55:53 Job terminated.
	(1) Normal termination (return value 0)
		Usr 0 12:00:31, Sys 0 00:00:15  -  Run Remote Usage
		Usr 0 00:00:00, Sys 0 00:00:00  -  Run Local Usage
		Usr 0 12:00:31, Sys 0 00:00:15  -  Total Remote Usage
		Usr 0 00:00:00, Sys 0 00:00:00  -  Total Local Usage
	0  -  Run Bytes Sent By Job
	0  -  Run Bytes Received By Job
	0  -  Total Bytes Sent By Job
	0  -  Total Bytes Received By Job
	Partitionable Resources :    Usage  Request Allocated
	   Cpus                 :                 1         1
	   Disk (KB)            :        5        5   1506045
	   Memory (MB)          :        7        1         1
...
000 (5576117.000.000) 04/01 12:01:55 Job submitted from host: <10.5.0.46:9618?addrs=10.5.0.46-9618&noUDP&sock=2742093_9cf0_3>
...
001 (5576117.000.000) 04/01 12:02:04 Job executing on host: <10.5.215.125:9618?addrs=10.5.215.125-9618+[--1]-9618&noUDP&sock=2589_bb30_3>
...
006 (5576117.000.000) 04/01 12:02:12 Image size of job updated: 12864
	8  -  MemoryUsage of job (MB)
	8104  -  ResidentSetSize of job (KB)
...
006 (5576117.000.000) 04/01 12:07:12 Image size of job updated: 12872
	8  -  MemoryUsage of job (MB)
	8104  -  ResidentSetSize of job (KB)
...
006 (5576117.000.000) 04/01 12:47:17 Image size of job updated: 12896
	8  -  MemoryUsage of job (MB)
	8104  -  ResidentSetSize of job (KB)
...
006 (5576117.000.000) 04/01 13:57:23 Image size of job updated: 13032
	8  -  MemoryUsage of job (MB)
	8112  -  ResidentSetSize of job (KB)
...
006 (5576117.000.000) 04/09 05:06:49 Image size of job updated: 141204
	8  -  MemoryUsage of job (MB)
	8112  -  ResidentSetSize of job (KB)
...
005 (5576117.000.000) 04/09 05:06:49 Job terminated.
	(1) Normal termination (return value 0)
		Usr 7 16:45:04, Sys 0 00:02:24  -  Run Remote Usage
		Usr 0 00:00:00, Sys 0 00:00:00  -  Run Local Usage
		Usr 7 16:45:04, Sys 0 00:02:24  -  Total Remote Usage
		Usr 0 00:00:00, Sys 0 00:00:00  -  Total Local Usage
	0  -  Run Bytes Sent By Job
	0  -  Run Bytes Received By Job
	0  -  Total Bytes Sent By Job
	0  -  Total Bytes Received By Job
	Partitionable Resources :    Usage  Request Allocated
	   Cpus                 :                 1         1
	   Disk (KB)            :        5        5   1505874
	   Memory (MB)          :        8        1         1
...
000 (5608913.000.000) 04/12 19:47:46 Job submitted from host: <10.5.0.46:9618?addrs=10.5.0.46-9618&noUDP&sock=2742093_9cf0_3>
...
001 (5608913.000.000) 04/12 19:47:47 Job executing on host: <10.5.195.122:9618?addrs=10.5.195.122-9618+[--1]-9618&noUDP&sock=1981_6134_3>
...
006 (5608913.000.000) 04/12 19:47:56 Image size of job updated: 12560
	7  -  MemoryUsage of job (MB)
	6976  -  ResidentSetSize of job (KB)
...
006 (5608913.000.000) 04/12 19:52:57 Image size of job updated: 12568
	7  -  MemoryUsage of job (MB)
	6976  -  ResidentSetSize of job (KB)
...
006 (5608913.000.000) 04/12 19:57:58 Image size of job updated: 12576
	7  -  MemoryUsage of job (MB)
	6976  -  ResidentSetSize of job (KB)
...
006 (5608913.000.000) 04/12 20:13:00 Image size of job updated: 12704
	7  -  MemoryUsage of job (MB)
	6976  -  ResidentSetSize of job (KB)
...
006 (5608913.000.000) 04/12 20:18:00 Image size of job updated: 12708
	7  -  MemoryUsage of job (MB)
	6976  -  ResidentSetSize of job (KB)
...
006 (5608913.000.000) 04/13 02:48:42 Image size of job updated: 12720
	7  -  MemoryUsage of job (MB)
	6976  -  ResidentSetSize of job (KB)
...
005 (5608913.000.000) 04/14 09:56:50 Job terminated.
	(1) Normal termination (return value 0)
		Usr 1 14:03:26, Sys 0 00:00:03  -  Run Remote Usage
		Usr 0 00:00:00, Sys 0 00:00:00  -  Run Local Usage
		Usr 1 14:03:26, Sys 0 00:00:03  -  Total Remote Usage
		Usr 0 00:00:00, Sys 0 00:00:00  -  Total Local Usage
	0  -  Run Bytes Sent By Job
	0  -  Run Bytes Received By Job
	0  -  Total Bytes Sent By Job
	0  -  Total Bytes Received By Job
	Partitionable Resources :    Usage  Request Allocated
	   Cpus                 :                 1         1
	   Disk (KB)            :        5        5   1505226
	   Memory (MB)          :        7        1         1
...
