000 (5509048.000.000) 03/13 16:07:02 Job submitted from host: <10.5.0.46:9618?addrs=10.5.0.46-9618&noUDP&sock=2742093_9cf0_3>
...
001 (5509048.000.000) 03/13 16:17:19 Job executing on host: <10.5.206.98:9618?addrs=10.5.206.98-9618+[--1]-9618&noUDP&sock=3084_f22a_3>
...
006 (5509048.000.000) 03/13 16:17:28 Image size of job updated: 12264
	7  -  MemoryUsage of job (MB)
	6648  -  ResidentSetSize of job (KB)
...
006 (5509048.000.000) 03/13 16:22:29 Image size of job updated: 12416
	7  -  MemoryUsage of job (MB)
	6660  -  ResidentSetSize of job (KB)
...
006 (5509048.000.000) 03/13 16:27:29 Image size of job updated: 12440
	7  -  MemoryUsage of job (MB)
	6660  -  ResidentSetSize of job (KB)
...
006 (5509048.000.000) 03/13 16:37:31 Image size of job updated: 12448
	7  -  MemoryUsage of job (MB)
	6660  -  ResidentSetSize of job (KB)
...
005 (5509048.000.000) 03/13 23:27:29 Job terminated.
	(1) Normal termination (return value 0)
		Usr 0 07:07:20, Sys 0 00:00:10  -  Run Remote Usage
		Usr 0 00:00:00, Sys 0 00:00:00  -  Run Local Usage
		Usr 0 07:07:20, Sys 0 00:00:10  -  Total Remote Usage
		Usr 0 00:00:00, Sys 0 00:00:00  -  Total Local Usage
	0  -  Run Bytes Sent By Job
	0  -  Run Bytes Received By Job
	0  -  Total Bytes Sent By Job
	0  -  Total Bytes Received By Job
	Partitionable Resources :    Usage  Request Allocated
	   Cpus                 :                 1         1
	   Disk (KB)            :        5        5   1505154
	   Memory (MB)          :        7        1         1
...
000 (5532475.000.000) 03/23 13:06:08 Job submitted from host: <10.5.0.46:9618?addrs=10.5.0.46-9618&noUDP&sock=2742093_9cf0_3>
...
001 (5532475.000.000) 03/23 13:06:15 Job executing on host: <10.5.217.1:9618?addrs=10.5.217.1-9618+[--1]-9618&noUDP&sock=2175_c2fb_3>
...
006 (5532475.000.000) 03/23 13:06:23 Image size of job updated: 12420
	7  -  MemoryUsage of job (MB)
	6828  -  ResidentSetSize of job (KB)
...
006 (5532475.000.000) 03/23 13:11:23 Image size of job updated: 12864
	7  -  MemoryUsage of job (MB)
	7136  -  ResidentSetSize of job (KB)
...
006 (5532475.000.000) 03/23 18:11:54 Image size of job updated: 12880
	7  -  MemoryUsage of job (MB)
	7136  -  ResidentSetSize of job (KB)
...
006 (5532475.000.000) 03/23 18:56:58 Image size of job updated: 12956
	8  -  MemoryUsage of job (MB)
	7204  -  ResidentSetSize of job (KB)
...
005 (5532475.000.000) 03/24 01:57:57 Job terminated.
	(1) Normal termination (return value 0)
		Usr 0 12:48:20, Sys 0 00:00:13  -  Run Remote Usage
		Usr 0 00:00:00, Sys 0 00:00:00  -  Run Local Usage
		Usr 0 12:48:20, Sys 0 00:00:13  -  Total Remote Usage
		Usr 0 00:00:00, Sys 0 00:00:00  -  Total Local Usage
	0  -  Run Bytes Sent By Job
	0  -  Run Bytes Received By Job
	0  -  Total Bytes Sent By Job
	0  -  Total Bytes Received By Job
	Partitionable Resources :    Usage  Request Allocated
	   Cpus                 :                 1         1
	   Disk (KB)            :        5        5   1506052
	   Memory (MB)          :        8        1         1
...
000 (5533340.000.000) 03/24 15:58:24 Job submitted from host: <10.5.0.46:9618?addrs=10.5.0.46-9618&noUDP&sock=2742093_9cf0_3>
...
001 (5533340.000.000) 03/24 15:58:42 Job executing on host: <10.5.206.91:9618?addrs=10.5.206.91-9618+[--1]-9618&noUDP&sock=2555_1890_3>
...
006 (5533340.000.000) 03/24 15:58:51 Image size of job updated: 12260
	7  -  MemoryUsage of job (MB)
	6644  -  ResidentSetSize of job (KB)
...
006 (5533340.000.000) 03/24 16:03:51 Image size of job updated: 12404
	7  -  MemoryUsage of job (MB)
	6652  -  ResidentSetSize of job (KB)
...
006 (5533340.000.000) 03/24 16:48:55 Image size of job updated: 12428
	7  -  MemoryUsage of job (MB)
	6652  -  ResidentSetSize of job (KB)
...
006 (5533340.000.000) 03/24 23:13:21 Image size of job updated: 12480
	7  -  MemoryUsage of job (MB)
	6652  -  ResidentSetSize of job (KB)
...
005 (5533340.000.000) 03/24 23:13:21 Job terminated.
	(1) Normal termination (return value 0)
		Usr 0 07:07:34, Sys 0 00:00:20  -  Run Remote Usage
		Usr 0 00:00:00, Sys 0 00:00:00  -  Run Local Usage
		Usr 0 07:07:34, Sys 0 00:00:20  -  Total Remote Usage
		Usr 0 00:00:00, Sys 0 00:00:00  -  Total Local Usage
	0  -  Run Bytes Sent By Job
	0  -  Run Bytes Received By Job
	0  -  Total Bytes Sent By Job
	0  -  Total Bytes Received By Job
	Partitionable Resources :    Usage  Request Allocated
	   Cpus                 :                 1         1
	   Disk (KB)            :        5        5   1505056
	   Memory (MB)          :        7        1         1
...
000 (5538343.000.000) 03/25 11:55:01 Job submitted from host: <10.5.0.46:9618?addrs=10.5.0.46-9618&noUDP&sock=2742093_9cf0_3>
...
001 (5538343.000.000) 03/25 11:55:12 Job executing on host: <10.5.183.104:9618?addrs=10.5.183.104-9618+[--1]-9618&noUDP&sock=2165_e709_3>
...
006 (5538343.000.000) 03/25 11:55:20 Image size of job updated: 11396
	7  -  MemoryUsage of job (MB)
	6656  -  ResidentSetSize of job (KB)
...
006 (5538343.000.000) 03/25 12:00:20 Image size of job updated: 11400
	7  -  MemoryUsage of job (MB)
	6656  -  ResidentSetSize of job (KB)
...
006 (5538343.000.000) 03/25 12:05:21 Image size of job updated: 11416
	7  -  MemoryUsage of job (MB)
	6656  -  ResidentSetSize of job (KB)
...
006 (5538343.000.000) 03/25 12:50:25 Image size of job updated: 11560
	7  -  MemoryUsage of job (MB)
	6664  -  ResidentSetSize of job (KB)
...
006 (5538343.000.000) 03/25 18:21:00 Image size of job updated: 11608
	7  -  MemoryUsage of job (MB)
	6712  -  ResidentSetSize of job (KB)
...
006 (5538343.000.000) 03/27 02:09:24 Image size of job updated: 11612
	7  -  MemoryUsage of job (MB)
	6712  -  ResidentSetSize of job (KB)
...
000 (5556553.000.000) 03/27 15:03:27 Job submitted from host: <10.5.0.46:9618?addrs=10.5.0.46-9618&noUDP&sock=2742093_9cf0_3>
...
001 (5556553.000.000) 03/27 15:03:42 Job executing on host: <10.5.201.83:9618?addrs=10.5.201.83-9618+[--1]-9618&noUDP&sock=2154_0b16_3>
...
006 (5556553.000.000) 03/27 15:03:51 Image size of job updated: 12240
	7  -  MemoryUsage of job (MB)
	6652  -  ResidentSetSize of job (KB)
...
006 (5556553.000.000) 03/27 15:08:52 Image size of job updated: 12244
	7  -  MemoryUsage of job (MB)
	6652  -  ResidentSetSize of job (KB)
...
006 (5556553.000.000) 03/27 15:13:52 Image size of job updated: 12260
	7  -  MemoryUsage of job (MB)
	6652  -  ResidentSetSize of job (KB)
...
006 (5556553.000.000) 03/27 15:48:55 Image size of job updated: 12392
	7  -  MemoryUsage of job (MB)
	6660  -  ResidentSetSize of job (KB)
...
006 (5556553.000.000) 03/27 16:13:59 Image size of job updated: 12436
	7  -  MemoryUsage of job (MB)
	6704  -  ResidentSetSize of job (KB)
...
006 (5556553.000.000) 03/27 16:18:59 Image size of job updated: 12440
	7  -  MemoryUsage of job (MB)
	6704  -  ResidentSetSize of job (KB)
...
006 (5556553.000.000) 03/27 17:09:04 Image size of job updated: 12452
	7  -  MemoryUsage of job (MB)
	6704  -  ResidentSetSize of job (KB)
...
006 (5556553.000.000) 03/27 18:14:10 Image size of job updated: 12456
	7  -  MemoryUsage of job (MB)
	6704  -  ResidentSetSize of job (KB)
...
006 (5556553.000.000) 03/27 20:29:23 Image size of job updated: 12460
	7  -  MemoryUsage of job (MB)
	6704  -  ResidentSetSize of job (KB)
...
006 (5556553.000.000) 03/28 01:09:50 Image size of job updated: 12464
	7  -  MemoryUsage of job (MB)
	6708  -  ResidentSetSize of job (KB)
...
006 (5556553.000.000) 03/28 01:29:53 Image size of job updated: 12480
	7  -  MemoryUsage of job (MB)
	6724  -  ResidentSetSize of job (KB)
...
006 (5556553.000.000) 03/28 04:30:10 Image size of job updated: 12520
	7  -  MemoryUsage of job (MB)
	6764  -  ResidentSetSize of job (KB)
...
006 (5556553.000.000) 03/28 05:50:18 Image size of job updated: 12536
	7  -  MemoryUsage of job (MB)
	6780  -  ResidentSetSize of job (KB)
...
006 (5556553.000.000) 03/28 06:25:21 Image size of job updated: 12600
	7  -  MemoryUsage of job (MB)
	6844  -  ResidentSetSize of job (KB)
...
006 (5538343.000.000) 03/28 10:32:42 Image size of job updated: 11616
	7  -  MemoryUsage of job (MB)
	6712  -  ResidentSetSize of job (KB)
...
006 (5556553.000.000) 03/29 12:18:23 Image size of job updated: 12652
	7  -  MemoryUsage of job (MB)
	6896  -  ResidentSetSize of job (KB)
...
004 (5538343.000.000) 03/30 10:05:33 Job was evicted.
	(0) Job was not checkpointed.
		Usr 4 21:39:22, Sys 0 00:01:42  -  Run Remote Usage
		Usr 0 00:00:00, Sys 0 00:00:00  -  Run Local Usage
	0  -  Run Bytes Sent By Job
	0  -  Run Bytes Received By Job
	Partitionable Resources :    Usage  Request Allocated
	   Cpus                 :                 1         1
	   Disk (KB)            :        5        5   1506048
	   Memory (MB)          :        7        1         1
...
009 (5538343.000.000) 03/30 10:05:33 Job was aborted by the user.
	via condor_rm (by user elawsonk)
...
006 (5556553.000.000) 03/30 13:20:57 Image size of job updated: 12672
	7  -  MemoryUsage of job (MB)
	6916  -  ResidentSetSize of job (KB)
...
005 (5556553.000.000) 03/31 05:19:14 Job terminated.
	(1) Normal termination (return value 0)
		Usr 3 14:07:01, Sys 0 00:00:37  -  Run Remote Usage
		Usr 0 00:00:00, Sys 0 00:00:00  -  Run Local Usage
		Usr 3 14:07:01, Sys 0 00:00:37  -  Total Remote Usage
		Usr 0 00:00:00, Sys 0 00:00:00  -  Total Local Usage
	0  -  Run Bytes Sent By Job
	0  -  Run Bytes Received By Job
	0  -  Total Bytes Sent By Job
	0  -  Total Bytes Received By Job
	Partitionable Resources :    Usage  Request Allocated
	   Cpus                 :                 1         1
	   Disk (KB)            :        5        5   1505059
	   Memory (MB)          :        7        1         1
...
000 (5620340.000.000) 04/16 12:58:57 Job submitted from host: <10.5.0.46:9618?addrs=10.5.0.46-9618&noUDP&sock=2742093_9cf0_3>
...
001 (5620340.000.000) 04/16 12:59:22 Job executing on host: <10.5.192.110:9618?addrs=10.5.192.110-9618+[--1]-9618&noUDP&sock=2555_1890_3>
...
006 (5620340.000.000) 04/16 12:59:30 Image size of job updated: 12348
	7  -  MemoryUsage of job (MB)
	6664  -  ResidentSetSize of job (KB)
...
006 (5620340.000.000) 04/16 13:04:30 Image size of job updated: 12372
	7  -  MemoryUsage of job (MB)
	6664  -  ResidentSetSize of job (KB)
...
006 (5620340.000.000) 04/16 13:39:33 Image size of job updated: 12484
	7  -  MemoryUsage of job (MB)
	6672  -  ResidentSetSize of job (KB)
...
006 (5620340.000.000) 04/16 13:44:34 Image size of job updated: 12500
	7  -  MemoryUsage of job (MB)
	6672  -  ResidentSetSize of job (KB)
...
006 (5620340.000.000) 04/16 13:49:35 Image size of job updated: 12504
	7  -  MemoryUsage of job (MB)
	6672  -  ResidentSetSize of job (KB)
...
006 (5620340.000.000) 04/16 14:04:36 Image size of job updated: 12556
	7  -  MemoryUsage of job (MB)
	6720  -  ResidentSetSize of job (KB)
...
004 (5620340.000.000) 04/16 15:03:41 Job was evicted.
	(0) Job was not checkpointed.
		Usr 0 02:04:13, Sys 0 00:00:00  -  Run Remote Usage
		Usr 0 00:00:00, Sys 0 00:00:00  -  Run Local Usage
	0  -  Run Bytes Sent By Job
	0  -  Run Bytes Received By Job
	Partitionable Resources :    Usage  Request Allocated
	   Cpus                 :                 1         1
	   Disk (KB)            :        5        5   1505041
	   Memory (MB)          :        7        1         1
...
009 (5620340.000.000) 04/16 15:03:41 Job was aborted by the user.
	via condor_rm (by user elawsonk)
...
000 (5620780.000.000) 04/16 15:04:35 Job submitted from host: <10.5.0.46:9618?addrs=10.5.0.46-9618&noUDP&sock=2742093_9cf0_3>
...
001 (5620780.000.000) 04/16 15:04:42 Job executing on host: <10.5.183.191:9618?addrs=10.5.183.191-9618+[--1]-9618&noUDP&sock=1897_13a7_3>
...
006 (5620780.000.000) 04/16 15:04:50 Image size of job updated: 11388
	7  -  MemoryUsage of job (MB)
	6656  -  ResidentSetSize of job (KB)
...
006 (5620780.000.000) 04/16 15:09:50 Image size of job updated: 11392
	7  -  MemoryUsage of job (MB)
	6656  -  ResidentSetSize of job (KB)
...
006 (5620780.000.000) 04/16 15:19:51 Image size of job updated: 11408
	7  -  MemoryUsage of job (MB)
	6656  -  ResidentSetSize of job (KB)
...
006 (5620780.000.000) 04/16 15:49:55 Image size of job updated: 11520
	7  -  MemoryUsage of job (MB)
	6660  -  ResidentSetSize of job (KB)
...
006 (5620780.000.000) 04/16 15:54:55 Image size of job updated: 11536
	7  -  MemoryUsage of job (MB)
	6660  -  ResidentSetSize of job (KB)
...
006 (5620780.000.000) 04/16 15:59:55 Image size of job updated: 11540
	7  -  MemoryUsage of job (MB)
	6660  -  ResidentSetSize of job (KB)
...
006 (5620780.000.000) 04/16 16:24:58 Image size of job updated: 11544
	7  -  MemoryUsage of job (MB)
	6660  -  ResidentSetSize of job (KB)
...
006 (5620780.000.000) 04/16 16:29:58 Image size of job updated: 11564
	7  -  MemoryUsage of job (MB)
	6680  -  ResidentSetSize of job (KB)
...
006 (5620780.000.000) 04/16 16:50:00 Image size of job updated: 11588
	7  -  MemoryUsage of job (MB)
	6704  -  ResidentSetSize of job (KB)
...
006 (5620780.000.000) 04/16 17:25:05 Image size of job updated: 11660
	7  -  MemoryUsage of job (MB)
	6776  -  ResidentSetSize of job (KB)
...
006 (5620780.000.000) 04/16 17:55:07 Image size of job updated: 11692
	7  -  MemoryUsage of job (MB)
	6808  -  ResidentSetSize of job (KB)
...
006 (5620780.000.000) 04/16 18:05:09 Image size of job updated: 11740
	7  -  MemoryUsage of job (MB)
	6856  -  ResidentSetSize of job (KB)
...
006 (5620780.000.000) 04/17 16:52:27 Image size of job updated: 11776
	7  -  MemoryUsage of job (MB)
	6872  -  ResidentSetSize of job (KB)
...
006 (5620780.000.000) 04/18 15:34:43 Image size of job updated: 11800
	7  -  MemoryUsage of job (MB)
	6896  -  ResidentSetSize of job (KB)
...
005 (5620780.000.000) 04/19 20:19:35 Job terminated.
	(1) Normal termination (return value 0)
		Usr 3 05:13:21, Sys 0 00:00:17  -  Run Remote Usage
		Usr 0 00:00:00, Sys 0 00:00:00  -  Run Local Usage
		Usr 3 05:13:21, Sys 0 00:00:17  -  Total Remote Usage
		Usr 0 00:00:00, Sys 0 00:00:00  -  Total Local Usage
	0  -  Run Bytes Sent By Job
	0  -  Run Bytes Received By Job
	0  -  Total Bytes Sent By Job
	0  -  Total Bytes Received By Job
	Partitionable Resources :    Usage  Request Allocated
	   Cpus                 :                 1         1
	   Disk (KB)            :        5        5   1506186
	   Memory (MB)          :        7        1         1
...
000 (5719077.000.000) 04/28 16:27:38 Job submitted from host: <10.5.0.46:9618?addrs=10.5.0.46-9618&noUDP&sock=2742093_9cf0_3>
...
001 (5719077.000.000) 04/28 16:27:53 Job executing on host: <10.5.183.191:9618?addrs=10.5.183.191-9618+[--1]-9618&noUDP&sock=1897_13a7_3>
...
006 (5719077.000.000) 04/28 16:28:01 Image size of job updated: 12328
	7  -  MemoryUsage of job (MB)
	6748  -  ResidentSetSize of job (KB)
...
006 (5719077.000.000) 04/28 16:33:01 Image size of job updated: 12372
	7  -  MemoryUsage of job (MB)
	6784  -  ResidentSetSize of job (KB)
...
006 (5719077.000.000) 04/28 16:43:02 Image size of job updated: 12388
	7  -  MemoryUsage of job (MB)
	6784  -  ResidentSetSize of job (KB)
...
006 (5719077.000.000) 04/28 17:18:06 Image size of job updated: 12516
	7  -  MemoryUsage of job (MB)
	6788  -  ResidentSetSize of job (KB)
...
006 (5719077.000.000) 04/28 17:23:06 Image size of job updated: 12520
	7  -  MemoryUsage of job (MB)
	6788  -  ResidentSetSize of job (KB)
...
006 (5719077.000.000) 04/28 19:28:19 Image size of job updated: 12524
	7  -  MemoryUsage of job (MB)
	6788  -  ResidentSetSize of job (KB)
...
006 (5719077.000.000) 04/28 20:53:28 Image size of job updated: 12644
	7  -  MemoryUsage of job (MB)
	6908  -  ResidentSetSize of job (KB)
...
006 (5719077.000.000) 04/28 21:23:30 Image size of job updated: 12648
	7  -  MemoryUsage of job (MB)
	6908  -  ResidentSetSize of job (KB)
...
006 (5719077.000.000) 04/28 23:23:43 Image size of job updated: 12652
	7  -  MemoryUsage of job (MB)
	6912  -  ResidentSetSize of job (KB)
...
006 (5719077.000.000) 04/29 00:38:52 Image size of job updated: 12748
	7  -  MemoryUsage of job (MB)
	7008  -  ResidentSetSize of job (KB)
...
006 (5719077.000.000) 04/29 01:13:56 Image size of job updated: 12756
	7  -  MemoryUsage of job (MB)
	7016  -  ResidentSetSize of job (KB)
...
006 (5719077.000.000) 04/29 05:29:23 Image size of job updated: 12776
	7  -  MemoryUsage of job (MB)
	7036  -  ResidentSetSize of job (KB)
...
006 (5719077.000.000) 04/30 20:03:27 Image size of job updated: 12808
	7  -  MemoryUsage of job (MB)
	7056  -  ResidentSetSize of job (KB)
...
006 (5719077.000.000) 05/01 17:10:38 Image size of job updated: 12816
	7  -  MemoryUsage of job (MB)
	7064  -  ResidentSetSize of job (KB)
...
006 (5719077.000.000) 05/01 17:15:39 Image size of job updated: 12840
	7  -  MemoryUsage of job (MB)
	7088  -  ResidentSetSize of job (KB)
...
005 (5719077.000.000) 05/01 22:42:22 Job terminated.
	(1) Normal termination (return value 0)
		Usr 3 06:13:18, Sys 0 00:00:02  -  Run Remote Usage
		Usr 0 00:00:00, Sys 0 00:00:00  -  Run Local Usage
		Usr 3 06:13:18, Sys 0 00:00:02  -  Total Remote Usage
		Usr 0 00:00:00, Sys 0 00:00:00  -  Total Local Usage
	0  -  Run Bytes Sent By Job
	0  -  Run Bytes Received By Job
	0  -  Total Bytes Sent By Job
	0  -  Total Bytes Received By Job
	Partitionable Resources :    Usage  Request Allocated
	   Cpus                 :                 1         1
	   Disk (KB)            :        5        5   1506186
	   Memory (MB)          :        7        1         1
...
