000 (5509047.000.000) 03/13 16:06:52 Job submitted from host: <10.5.0.46:9618?addrs=10.5.0.46-9618&noUDP&sock=2742093_9cf0_3>
...
022 (5509047.000.000) 03/13 16:06:58 Job disconnected, attempting to reconnect
    Socket between submit and execute hosts closed unexpectedly
    Trying to reconnect to slot1_1@CRUSH-10-5-137-138 <10.5.137.138:9618?addrs=10.5.137.138-9618+[--1]-9618&noUDP&sock=3169_3fb7_3>
...
024 (5509047.000.000) 03/13 16:06:58 Job reconnection failed
    Job not found at execution machine
    Can not reconnect to slot1_1@CRUSH-10-5-137-138, rescheduling job
...
022 (5509047.000.000) 03/13 16:07:20 Job disconnected, attempting to reconnect
    Socket between submit and execute hosts closed unexpectedly
    Trying to reconnect to slot1_1@CRUSH-10-5-137-138 <10.5.137.138:9618?addrs=10.5.137.138-9618+[--1]-9618&noUDP&sock=3169_3fb7_3>
...
024 (5509047.000.000) 03/13 16:07:20 Job reconnection failed
    Job not found at execution machine
    Can not reconnect to slot1_1@CRUSH-10-5-137-138, rescheduling job
...
022 (5509047.000.000) 03/13 16:08:28 Job disconnected, attempting to reconnect
    Socket between submit and execute hosts closed unexpectedly
    Trying to reconnect to slot1_1@CRUSH-10-5-137-138 <10.5.137.138:9618?addrs=10.5.137.138-9618+[--1]-9618&noUDP&sock=3169_3fb7_3>
...
024 (5509047.000.000) 03/13 16:08:28 Job reconnection failed
    Job not found at execution machine
    Can not reconnect to slot1_1@CRUSH-10-5-137-138, rescheduling job
...
022 (5509047.000.000) 03/13 16:09:19 Job disconnected, attempting to reconnect
    Socket between submit and execute hosts closed unexpectedly
    Trying to reconnect to slot1_1@CRUSH-10-5-137-138 <10.5.137.138:9618?addrs=10.5.137.138-9618+[--1]-9618&noUDP&sock=3169_3fb7_3>
...
024 (5509047.000.000) 03/13 16:09:19 Job reconnection failed
    Job not found at execution machine
    Can not reconnect to slot1_1@CRUSH-10-5-137-138, rescheduling job
...
022 (5509047.000.000) 03/13 16:10:20 Job disconnected, attempting to reconnect
    Socket between submit and execute hosts closed unexpectedly
    Trying to reconnect to slot1_1@CRUSH-10-5-137-138 <10.5.137.138:9618?addrs=10.5.137.138-9618+[--1]-9618&noUDP&sock=3169_3fb7_3>
...
024 (5509047.000.000) 03/13 16:10:20 Job reconnection failed
    Job not found at execution machine
    Can not reconnect to slot1_1@CRUSH-10-5-137-138, rescheduling job
...
022 (5509047.000.000) 03/13 16:11:29 Job disconnected, attempting to reconnect
    Socket between submit and execute hosts closed unexpectedly
    Trying to reconnect to slot1_1@CRUSH-10-5-137-138 <10.5.137.138:9618?addrs=10.5.137.138-9618+[--1]-9618&noUDP&sock=3169_3fb7_3>
...
024 (5509047.000.000) 03/13 16:11:29 Job reconnection failed
    Job not found at execution machine
    Can not reconnect to slot1_1@CRUSH-10-5-137-138, rescheduling job
...
022 (5509047.000.000) 03/13 16:12:20 Job disconnected, attempting to reconnect
    Socket between submit and execute hosts closed unexpectedly
    Trying to reconnect to slot1_1@CRUSH-10-5-137-138 <10.5.137.138:9618?addrs=10.5.137.138-9618+[--1]-9618&noUDP&sock=3169_3fb7_3>
...
024 (5509047.000.000) 03/13 16:12:20 Job reconnection failed
    Job not found at execution machine
    Can not reconnect to slot1_1@CRUSH-10-5-137-138, rescheduling job
...
022 (5509047.000.000) 03/13 16:13:19 Job disconnected, attempting to reconnect
    Socket between submit and execute hosts closed unexpectedly
    Trying to reconnect to slot1_1@CRUSH-10-5-137-138 <10.5.137.138:9618?addrs=10.5.137.138-9618+[--1]-9618&noUDP&sock=3169_3fb7_3>
...
024 (5509047.000.000) 03/13 16:13:19 Job reconnection failed
    Job not found at execution machine
    Can not reconnect to slot1_1@CRUSH-10-5-137-138, rescheduling job
...
022 (5509047.000.000) 03/13 16:14:20 Job disconnected, attempting to reconnect
    Socket between submit and execute hosts closed unexpectedly
    Trying to reconnect to slot1_1@CRUSH-10-5-137-138 <10.5.137.138:9618?addrs=10.5.137.138-9618+[--1]-9618&noUDP&sock=3169_3fb7_3>
...
024 (5509047.000.000) 03/13 16:14:20 Job reconnection failed
    Job not found at execution machine
    Can not reconnect to slot1_1@CRUSH-10-5-137-138, rescheduling job
...
022 (5509047.000.000) 03/13 16:15:19 Job disconnected, attempting to reconnect
    Socket between submit and execute hosts closed unexpectedly
    Trying to reconnect to slot1_1@CRUSH-10-5-137-138 <10.5.137.138:9618?addrs=10.5.137.138-9618+[--1]-9618&noUDP&sock=3169_3fb7_3>
...
024 (5509047.000.000) 03/13 16:15:19 Job reconnection failed
    Job not found at execution machine
    Can not reconnect to slot1_1@CRUSH-10-5-137-138, rescheduling job
...
022 (5509047.000.000) 03/13 16:16:20 Job disconnected, attempting to reconnect
    Socket between submit and execute hosts closed unexpectedly
    Trying to reconnect to slot1_1@CRUSH-10-5-137-138 <10.5.137.138:9618?addrs=10.5.137.138-9618+[--1]-9618&noUDP&sock=3169_3fb7_3>
...
024 (5509047.000.000) 03/13 16:16:20 Job reconnection failed
    Job not found at execution machine
    Can not reconnect to slot1_1@CRUSH-10-5-137-138, rescheduling job
...
022 (5509047.000.000) 03/13 16:17:19 Job disconnected, attempting to reconnect
    Socket between submit and execute hosts closed unexpectedly
    Trying to reconnect to slot1_1@CRUSH-10-5-137-138 <10.5.137.138:9618?addrs=10.5.137.138-9618+[--1]-9618&noUDP&sock=3169_3fb7_3>
...
024 (5509047.000.000) 03/13 16:17:19 Job reconnection failed
    Job not found at execution machine
    Can not reconnect to slot1_1@CRUSH-10-5-137-138, rescheduling job
...
022 (5509047.000.000) 03/13 16:18:20 Job disconnected, attempting to reconnect
    Socket between submit and execute hosts closed unexpectedly
    Trying to reconnect to slot1_1@CRUSH-10-5-137-138 <10.5.137.138:9618?addrs=10.5.137.138-9618+[--1]-9618&noUDP&sock=3169_3fb7_3>
...
024 (5509047.000.000) 03/13 16:18:20 Job reconnection failed
    Job not found at execution machine
    Can not reconnect to slot1_1@CRUSH-10-5-137-138, rescheduling job
...
022 (5509047.000.000) 03/13 16:19:19 Job disconnected, attempting to reconnect
    Socket between submit and execute hosts closed unexpectedly
    Trying to reconnect to slot1_1@CRUSH-10-5-137-138 <10.5.137.138:9618?addrs=10.5.137.138-9618+[--1]-9618&noUDP&sock=3169_3fb7_3>
...
024 (5509047.000.000) 03/13 16:19:19 Job reconnection failed
    Job not found at execution machine
    Can not reconnect to slot1_1@CRUSH-10-5-137-138, rescheduling job
...
022 (5509047.000.000) 03/13 16:20:20 Job disconnected, attempting to reconnect
    Socket between submit and execute hosts closed unexpectedly
    Trying to reconnect to slot1_1@CRUSH-10-5-137-138 <10.5.137.138:9618?addrs=10.5.137.138-9618+[--1]-9618&noUDP&sock=3169_3fb7_3>
...
024 (5509047.000.000) 03/13 16:20:20 Job reconnection failed
    Job not found at execution machine
    Can not reconnect to slot1_1@CRUSH-10-5-137-138, rescheduling job
...
022 (5509047.000.000) 03/13 16:21:19 Job disconnected, attempting to reconnect
    Socket between submit and execute hosts closed unexpectedly
    Trying to reconnect to slot1_1@CRUSH-10-5-137-138 <10.5.137.138:9618?addrs=10.5.137.138-9618+[--1]-9618&noUDP&sock=3169_3fb7_3>
...
024 (5509047.000.000) 03/13 16:21:19 Job reconnection failed
    Job not found at execution machine
    Can not reconnect to slot1_1@CRUSH-10-5-137-138, rescheduling job
...
022 (5509047.000.000) 03/13 16:22:20 Job disconnected, attempting to reconnect
    Socket between submit and execute hosts closed unexpectedly
    Trying to reconnect to slot1_1@CRUSH-10-5-137-138 <10.5.137.138:9618?addrs=10.5.137.138-9618+[--1]-9618&noUDP&sock=3169_3fb7_3>
...
024 (5509047.000.000) 03/13 16:22:20 Job reconnection failed
    Job not found at execution machine
    Can not reconnect to slot1_1@CRUSH-10-5-137-138, rescheduling job
...
022 (5509047.000.000) 03/13 16:23:19 Job disconnected, attempting to reconnect
    Socket between submit and execute hosts closed unexpectedly
    Trying to reconnect to slot1_1@CRUSH-10-5-137-138 <10.5.137.138:9618?addrs=10.5.137.138-9618+[--1]-9618&noUDP&sock=3169_3fb7_3>
...
024 (5509047.000.000) 03/13 16:23:19 Job reconnection failed
    Job not found at execution machine
    Can not reconnect to slot1_1@CRUSH-10-5-137-138, rescheduling job
...
022 (5509047.000.000) 03/13 16:24:20 Job disconnected, attempting to reconnect
    Socket between submit and execute hosts closed unexpectedly
    Trying to reconnect to slot1_1@CRUSH-10-5-137-138 <10.5.137.138:9618?addrs=10.5.137.138-9618+[--1]-9618&noUDP&sock=3169_3fb7_3>
...
024 (5509047.000.000) 03/13 16:24:20 Job reconnection failed
    Job not found at execution machine
    Can not reconnect to slot1_1@CRUSH-10-5-137-138, rescheduling job
...
022 (5509047.000.000) 03/13 16:25:19 Job disconnected, attempting to reconnect
    Socket between submit and execute hosts closed unexpectedly
    Trying to reconnect to slot1_1@CRUSH-10-5-137-138 <10.5.137.138:9618?addrs=10.5.137.138-9618+[--1]-9618&noUDP&sock=3169_3fb7_3>
...
024 (5509047.000.000) 03/13 16:25:19 Job reconnection failed
    Job not found at execution machine
    Can not reconnect to slot1_1@CRUSH-10-5-137-138, rescheduling job
...
022 (5509047.000.000) 03/13 16:26:20 Job disconnected, attempting to reconnect
    Socket between submit and execute hosts closed unexpectedly
    Trying to reconnect to slot1_1@CRUSH-10-5-137-138 <10.5.137.138:9618?addrs=10.5.137.138-9618+[--1]-9618&noUDP&sock=3169_3fb7_3>
...
024 (5509047.000.000) 03/13 16:26:20 Job reconnection failed
    Job not found at execution machine
    Can not reconnect to slot1_1@CRUSH-10-5-137-138, rescheduling job
...
001 (5509047.000.000) 03/13 16:27:19 Job executing on host: <10.5.218.174:9618?addrs=10.5.218.174-9618+[--1]-9618&noUDP&sock=2173_63cb_3>
...
006 (5509047.000.000) 03/13 16:27:28 Image size of job updated: 13152
	8  -  MemoryUsage of job (MB)
	7564  -  ResidentSetSize of job (KB)
...
006 (5509047.000.000) 03/13 16:32:29 Image size of job updated: 13588
	8  -  MemoryUsage of job (MB)
	7860  -  ResidentSetSize of job (KB)
...
006 (5509047.000.000) 03/13 19:47:48 Image size of job updated: 13604
	8  -  MemoryUsage of job (MB)
	7860  -  ResidentSetSize of job (KB)
...
005 (5509047.000.000) 03/14 06:30:49 Job terminated.
	(1) Normal termination (return value 0)
		Usr 0 13:59:19, Sys 0 00:00:12  -  Run Remote Usage
		Usr 0 00:00:00, Sys 0 00:00:00  -  Run Local Usage
		Usr 0 13:59:19, Sys 0 00:00:12  -  Total Remote Usage
		Usr 0 00:00:00, Sys 0 00:00:00  -  Total Local Usage
	0  -  Run Bytes Sent By Job
	0  -  Run Bytes Received By Job
	0  -  Total Bytes Sent By Job
	0  -  Total Bytes Received By Job
	Partitionable Resources :    Usage  Request Allocated
	   Cpus                 :                 1         1
	   Disk (KB)            :        5        5   1506047
	   Memory (MB)          :        8        1         1
...
000 (5532474.000.000) 03/23 13:05:51 Job submitted from host: <10.5.0.46:9618?addrs=10.5.0.46-9618&noUDP&sock=2742093_9cf0_3>
...
001 (5532474.000.000) 03/23 13:05:52 Job executing on host: <10.5.214.81:9618?addrs=10.5.214.81-9618+[--1]-9618&noUDP&sock=2173_63cb_3>
...
006 (5532474.000.000) 03/23 13:06:01 Image size of job updated: 13668
	8  -  MemoryUsage of job (MB)
	8080  -  ResidentSetSize of job (KB)
...
006 (5532474.000.000) 03/23 13:11:02 Image size of job updated: 14048
	9  -  MemoryUsage of job (MB)
	8320  -  ResidentSetSize of job (KB)
...
006 (5532474.000.000) 03/23 13:31:05 Image size of job updated: 14128
	9  -  MemoryUsage of job (MB)
	8400  -  ResidentSetSize of job (KB)
...
006 (5532474.000.000) 03/23 13:41:05 Image size of job updated: 14132
	9  -  MemoryUsage of job (MB)
	8404  -  ResidentSetSize of job (KB)
...
006 (5532474.000.000) 03/23 13:56:07 Image size of job updated: 14268
	9  -  MemoryUsage of job (MB)
	8540  -  ResidentSetSize of job (KB)
...
006 (5532474.000.000) 03/23 14:26:10 Image size of job updated: 14388
	9  -  MemoryUsage of job (MB)
	8660  -  ResidentSetSize of job (KB)
...
006 (5532474.000.000) 03/23 16:36:25 Image size of job updated: 14408
	9  -  MemoryUsage of job (MB)
	8668  -  ResidentSetSize of job (KB)
...
006 (5532474.000.000) 03/23 19:41:44 Image size of job updated: 14536
	9  -  MemoryUsage of job (MB)
	8792  -  ResidentSetSize of job (KB)
...
005 (5532474.000.000) 03/24 03:42:36 Job terminated.
	(1) Normal termination (return value 0)
		Usr 0 14:32:14, Sys 0 00:00:18  -  Run Remote Usage
		Usr 0 00:00:00, Sys 0 00:00:00  -  Run Local Usage
		Usr 0 14:32:14, Sys 0 00:00:18  -  Total Remote Usage
		Usr 0 00:00:00, Sys 0 00:00:00  -  Total Local Usage
	0  -  Run Bytes Sent By Job
	0  -  Run Bytes Received By Job
	0  -  Total Bytes Sent By Job
	0  -  Total Bytes Received By Job
	Partitionable Resources :    Usage  Request Allocated
	   Cpus                 :                 1         1
	   Disk (KB)            :        5        5   1506049
	   Memory (MB)          :        9        1         1
...
000 (5533339.000.000) 03/24 15:58:15 Job submitted from host: <10.5.0.46:9618?addrs=10.5.0.46-9618&noUDP&sock=2742093_9cf0_3>
...
001 (5533339.000.000) 03/24 15:58:21 Job executing on host: <10.5.183.104:9618?addrs=10.5.183.104-9618+[--1]-9618&noUDP&sock=2165_e709_3>
...
006 (5533339.000.000) 03/24 15:58:29 Image size of job updated: 13152
	8  -  MemoryUsage of job (MB)
	7568  -  ResidentSetSize of job (KB)
...
006 (5533339.000.000) 03/24 16:03:29 Image size of job updated: 13532
	8  -  MemoryUsage of job (MB)
	7800  -  ResidentSetSize of job (KB)
...
006 (5533339.000.000) 03/24 16:08:30 Image size of job updated: 13592
	8  -  MemoryUsage of job (MB)
	7860  -  ResidentSetSize of job (KB)
...
006 (5533339.000.000) 03/24 17:03:36 Image size of job updated: 13608
	8  -  MemoryUsage of job (MB)
	7860  -  ResidentSetSize of job (KB)
...
006 (5533339.000.000) 03/25 05:49:57 Image size of job updated: 13612
	8  -  MemoryUsage of job (MB)
	7860  -  ResidentSetSize of job (KB)
...
005 (5533339.000.000) 03/25 06:03:35 Job terminated.
	(1) Normal termination (return value 0)
		Usr 0 14:01:02, Sys 0 00:00:12  -  Run Remote Usage
		Usr 0 00:00:00, Sys 0 00:00:00  -  Run Local Usage
		Usr 0 14:01:02, Sys 0 00:00:12  -  Total Remote Usage
		Usr 0 00:00:00, Sys 0 00:00:00  -  Total Local Usage
	0  -  Run Bytes Sent By Job
	0  -  Run Bytes Received By Job
	0  -  Total Bytes Sent By Job
	0  -  Total Bytes Received By Job
	Partitionable Resources :    Usage  Request Allocated
	   Cpus                 :                 1         1
	   Disk (KB)            :        5        5   1506048
	   Memory (MB)          :        8        1         1
...
000 (5538342.000.000) 03/25 11:54:51 Job submitted from host: <10.5.0.46:9618?addrs=10.5.0.46-9618&noUDP&sock=2742093_9cf0_3>
...
001 (5538342.000.000) 03/25 11:54:52 Job executing on host: <10.5.216.236:9618?addrs=10.5.216.236-9618+[--1]-9618&noUDP&sock=2143_7f8b_3>
...
006 (5538342.000.000) 03/25 11:55:00 Image size of job updated: 13148
	8  -  MemoryUsage of job (MB)
	7568  -  ResidentSetSize of job (KB)
...
006 (5538342.000.000) 03/25 12:00:00 Image size of job updated: 13160
	8  -  MemoryUsage of job (MB)
	7568  -  ResidentSetSize of job (KB)
...
006 (5538342.000.000) 03/25 12:10:02 Image size of job updated: 13176
	8  -  MemoryUsage of job (MB)
	7568  -  ResidentSetSize of job (KB)
...
006 (5538342.000.000) 03/25 14:10:15 Image size of job updated: 13536
	8  -  MemoryUsage of job (MB)
	7800  -  ResidentSetSize of job (KB)
...
006 (5538342.000.000) 03/25 14:15:15 Image size of job updated: 13548
	8  -  MemoryUsage of job (MB)
	7800  -  ResidentSetSize of job (KB)
...
000 (5556552.000.000) 03/27 15:03:14 Job submitted from host: <10.5.0.46:9618?addrs=10.5.0.46-9618&noUDP&sock=2742093_9cf0_3>
...
001 (5556552.000.000) 03/27 15:03:17 Job executing on host: <10.5.216.253:9618?addrs=10.5.216.253-9618+[--1]-9618&noUDP&sock=2171_b432_3>
...
006 (5556552.000.000) 03/27 15:03:26 Image size of job updated: 13140
	8  -  MemoryUsage of job (MB)
	7560  -  ResidentSetSize of job (KB)
...
006 (5556552.000.000) 03/27 15:08:27 Image size of job updated: 13152
	8  -  MemoryUsage of job (MB)
	7560  -  ResidentSetSize of job (KB)
...
006 (5556552.000.000) 03/27 15:18:27 Image size of job updated: 13168
	8  -  MemoryUsage of job (MB)
	7560  -  ResidentSetSize of job (KB)
...
006 (5556552.000.000) 03/27 17:08:39 Image size of job updated: 13512
	8  -  MemoryUsage of job (MB)
	7796  -  ResidentSetSize of job (KB)
...
006 (5556552.000.000) 03/27 17:13:39 Image size of job updated: 13532
	8  -  MemoryUsage of job (MB)
	7796  -  ResidentSetSize of job (KB)
...
006 (5556552.000.000) 03/27 20:49:01 Image size of job updated: 13544
	8  -  MemoryUsage of job (MB)
	7796  -  ResidentSetSize of job (KB)
...
006 (5556552.000.000) 03/28 22:06:42 Image size of job updated: 13548
	8  -  MemoryUsage of job (MB)
	7796  -  ResidentSetSize of job (KB)
...
004 (5538342.000.000) 03/30 10:05:19 Job was evicted.
	(0) Job was not checkpointed.
		Usr 4 21:37:29, Sys 0 00:01:54  -  Run Remote Usage
		Usr 0 00:00:00, Sys 0 00:00:00  -  Run Local Usage
	0  -  Run Bytes Sent By Job
	0  -  Run Bytes Received By Job
	Partitionable Resources :    Usage  Request Allocated
	   Cpus                 :                 1         1
	   Disk (KB)            :        5        5   1505169
	   Memory (MB)          :        8        1         1
...
009 (5538342.000.000) 03/30 10:05:19 Job was aborted by the user.
	via condor_rm (by user elawsonk)
...
006 (5556552.000.000) 03/30 20:41:33 Image size of job updated: 13548
	8  -  MemoryUsage of job (MB)
	7920  -  ResidentSetSize of job (KB)
...
022 (5556552.000.000) 04/02 06:06:01 Job disconnected, attempting to reconnect
    Socket between submit and execute hosts closed unexpectedly
    Trying to reconnect to slot1_10@CRUSH-10-5-216-253 <10.5.216.253:9618?addrs=10.5.216.253-9618+[--1]-9618&noUDP&sock=2171_b432_3>
...
024 (5556552.000.000) 04/02 06:46:01 Job reconnection failed
    Job disconnected too long: JobLeaseDuration (2400 seconds) expired
    Can not reconnect to slot1_10@CRUSH-10-5-216-253, rescheduling job
...
001 (5556552.000.000) 04/02 06:47:45 Job executing on host: <10.5.216.146:9618?addrs=10.5.216.146-9618+[--1]-9618&noUDP&sock=1881_c9bb_3>
...
005 (5556552.000.000) 04/11 11:49:41 Job terminated.
	(1) Normal termination (return value 0)
		Usr 9 04:50:44, Sys 0 00:00:44  -  Run Remote Usage
		Usr 0 00:00:00, Sys 0 00:00:00  -  Run Local Usage
		Usr 9 04:50:44, Sys 0 00:00:44  -  Total Remote Usage
		Usr 0 00:00:00, Sys 0 00:00:00  -  Total Local Usage
	0  -  Run Bytes Sent By Job
	0  -  Run Bytes Received By Job
	0  -  Total Bytes Sent By Job
	0  -  Total Bytes Received By Job
	Partitionable Resources :    Usage  Request Allocated
	   Cpus                 :                 1         1
	   Disk (KB)            :        5        5   1506726
	   Memory (MB)          :       10       10        10
...
000 (5620341.000.000) 04/16 12:59:03 Job submitted from host: <10.5.0.46:9618?addrs=10.5.0.46-9618&noUDP&sock=2742093_9cf0_3>
...
001 (5620341.000.000) 04/16 12:59:22 Job executing on host: <10.5.190.198:9618?addrs=10.5.190.198-9618+[--1]-9618&noUDP&sock=2557_77c1_3>
...
006 (5620341.000.000) 04/16 12:59:30 Image size of job updated: 13236
	8  -  MemoryUsage of job (MB)
	7556  -  ResidentSetSize of job (KB)
...
006 (5620341.000.000) 04/16 13:04:30 Image size of job updated: 13608
	8  -  MemoryUsage of job (MB)
	7920  -  ResidentSetSize of job (KB)
...
006 (5620341.000.000) 04/16 13:09:31 Image size of job updated: 13632
	8  -  MemoryUsage of job (MB)
	7920  -  ResidentSetSize of job (KB)
...
006 (5620341.000.000) 04/16 14:39:40 Image size of job updated: 13972
	8  -  MemoryUsage of job (MB)
	8152  -  ResidentSetSize of job (KB)
...
006 (5620341.000.000) 04/16 14:54:42 Image size of job updated: 13988
	8  -  MemoryUsage of job (MB)
	8152  -  ResidentSetSize of job (KB)
...
004 (5620341.000.000) 04/16 15:03:35 Job was evicted.
	(0) Job was not checkpointed.
		Usr 0 02:04:06, Sys 0 00:00:00  -  Run Remote Usage
		Usr 0 00:00:00, Sys 0 00:00:00  -  Run Local Usage
	0  -  Run Bytes Sent By Job
	0  -  Run Bytes Received By Job
	Partitionable Resources :    Usage  Request Allocated
	   Cpus                 :                 1         1
	   Disk (KB)            :        5        5   1505047
	   Memory (MB)          :        8        1         1
...
009 (5620341.000.000) 04/16 15:03:35 Job was aborted by the user.
	via condor_rm (by user elawsonk)
...
000 (5620781.000.000) 04/16 15:04:38 Job submitted from host: <10.5.0.46:9618?addrs=10.5.0.46-9618&noUDP&sock=2742093_9cf0_3>
...
001 (5620781.000.000) 04/16 15:04:42 Job executing on host: <10.5.190.198:9618?addrs=10.5.190.198-9618+[--1]-9618&noUDP&sock=2557_77c1_3>
...
006 (5620781.000.000) 04/16 15:04:51 Image size of job updated: 12308
	8  -  MemoryUsage of job (MB)
	7552  -  ResidentSetSize of job (KB)
...
006 (5620781.000.000) 04/16 15:09:52 Image size of job updated: 12316
	8  -  MemoryUsage of job (MB)
	7552  -  ResidentSetSize of job (KB)
...
006 (5620781.000.000) 04/16 15:59:57 Image size of job updated: 12340
	8  -  MemoryUsage of job (MB)
	7552  -  ResidentSetSize of job (KB)
...
006 (5620781.000.000) 04/16 16:50:02 Image size of job updated: 12832
	8  -  MemoryUsage of job (MB)
	7932  -  ResidentSetSize of job (KB)
...
006 (5620781.000.000) 04/16 17:00:03 Image size of job updated: 12848
	8  -  MemoryUsage of job (MB)
	7932  -  ResidentSetSize of job (KB)
...
006 (5620781.000.000) 04/16 17:10:04 Image size of job updated: 12852
	8  -  MemoryUsage of job (MB)
	7932  -  ResidentSetSize of job (KB)
...
006 (5620781.000.000) 04/16 23:30:43 Image size of job updated: 12976
	8  -  MemoryUsage of job (MB)
	8056  -  ResidentSetSize of job (KB)
...
006 (5620781.000.000) 04/16 23:40:45 Image size of job updated: 12980
	8  -  MemoryUsage of job (MB)
	8056  -  ResidentSetSize of job (KB)
...
006 (5620781.000.000) 04/17 10:11:52 Image size of job updated: 13064
	8  -  MemoryUsage of job (MB)
	8140  -  ResidentSetSize of job (KB)
...
006 (5620781.000.000) 04/17 18:37:47 Image size of job updated: 13200
	9  -  MemoryUsage of job (MB)
	8272  -  ResidentSetSize of job (KB)
...
022 (5620781.000.000) 04/18 22:47:15 Job disconnected, attempting to reconnect
    Socket between submit and execute hosts closed unexpectedly
    Trying to reconnect to slot1_19@CRUSH-10-5-190-198 <10.5.190.198:9618?addrs=10.5.190.198-9618+[--1]-9618&noUDP&sock=2557_77c1_3>
...
024 (5620781.000.000) 04/18 23:27:18 Job reconnection failed
    Job disconnected too long: JobLeaseDuration (2400 seconds) expired
    Can not reconnect to slot1_19@CRUSH-10-5-190-198, rescheduling job
...
001 (5620781.000.000) 04/18 23:28:38 Job executing on host: <10.5.206.36:9618?addrs=10.5.206.36-9618+[--1]-9618&noUDP&sock=2158_c977_3>
...
005 (5620781.000.000) 04/27 14:34:42 Job terminated.
	(1) Normal termination (return value 0)
		Usr 8 15:02:29, Sys 0 00:00:06  -  Run Remote Usage
		Usr 0 00:00:00, Sys 0 00:00:00  -  Run Local Usage
		Usr 8 15:02:29, Sys 0 00:00:06  -  Total Remote Usage
		Usr 0 00:00:00, Sys 0 00:00:00  -  Total Local Usage
	0  -  Run Bytes Sent By Job
	0  -  Run Bytes Received By Job
	0  -  Total Bytes Sent By Job
	0  -  Total Bytes Received By Job
	Partitionable Resources :    Usage  Request Allocated
	   Cpus                 :                 1         1
	   Disk (KB)            :        5        5   1505312
	   Memory (MB)          :       10       10        10
...
000 (5719078.000.000) 04/28 16:27:46 Job submitted from host: <10.5.0.46:9618?addrs=10.5.0.46-9618&noUDP&sock=2742093_9cf0_3>
...
001 (5719078.000.000) 04/28 16:27:53 Job executing on host: <10.5.195.188:9618?addrs=10.5.195.188-9618+[--1]-9618&noUDP&sock=1873_4cf9_3>
...
006 (5719078.000.000) 04/28 16:28:01 Image size of job updated: 13692
	8  -  MemoryUsage of job (MB)
	8116  -  ResidentSetSize of job (KB)
...
006 (5719078.000.000) 04/28 16:33:01 Image size of job updated: 13704
	8  -  MemoryUsage of job (MB)
	8116  -  ResidentSetSize of job (KB)
...
006 (5719078.000.000) 04/28 18:33:13 Image size of job updated: 13840
	8  -  MemoryUsage of job (MB)
	8124  -  ResidentSetSize of job (KB)
...
006 (5719078.000.000) 04/28 18:48:14 Image size of job updated: 13856
	8  -  MemoryUsage of job (MB)
	8124  -  ResidentSetSize of job (KB)
...
006 (5719078.000.000) 04/28 18:58:15 Image size of job updated: 13860
	8  -  MemoryUsage of job (MB)
	8124  -  ResidentSetSize of job (KB)
...
006 (5719078.000.000) 05/03 02:54:03 Image size of job updated: 13920
	8  -  MemoryUsage of job (MB)
	8168  -  ResidentSetSize of job (KB)
...
006 (5719078.000.000) 05/03 07:04:30 Image size of job updated: 13992
	9  -  MemoryUsage of job (MB)
	8240  -  ResidentSetSize of job (KB)
...
006 (5719078.000.000) 05/03 07:14:32 Image size of job updated: 14020
	9  -  MemoryUsage of job (MB)
	8268  -  ResidentSetSize of job (KB)
...
006 (5719078.000.000) 05/07 12:26:46 Image size of job updated: 141276
	9  -  MemoryUsage of job (MB)
	8268  -  ResidentSetSize of job (KB)
...
005 (5719078.000.000) 05/07 12:26:46 Job terminated.
	(1) Normal termination (return value 0)
		Usr 8 19:56:10, Sys 0 00:00:04  -  Run Remote Usage
		Usr 0 00:00:00, Sys 0 00:00:00  -  Run Local Usage
		Usr 8 19:56:10, Sys 0 00:00:04  -  Total Remote Usage
		Usr 0 00:00:00, Sys 0 00:00:00  -  Total Local Usage
	0  -  Run Bytes Sent By Job
	0  -  Run Bytes Received By Job
	0  -  Total Bytes Sent By Job
	0  -  Total Bytes Received By Job
	Partitionable Resources :    Usage  Request Allocated
	   Cpus                 :                 1         1
	   Disk (KB)            :        5        5   1505230
	   Memory (MB)          :        9        1         1
...
